#
# There is insufficient memory for the Java Runtime Environment to continue.
# Native memory allocation (malloc) failed to allocate 48176 bytes for Chunk::new
# Possible reasons:
#   The system is out of physical RAM or swap space
#   The process is running with CompressedOops enabled, and the Java Heap may be blocking the growth of the native heap
# Possible solutions:
#   Reduce memory load on the system
#   Increase physical memory or swap space
#   Check if swap backing store is full
#   Decrease Java heap size (-Xmx/-Xms)
#   Decrease number of Java threads
#   Decrease Java thread stack sizes (-Xss)
#   Set larger code cache with -XX:ReservedCodeCacheSize=
#   JVM is running with Unscaled Compressed Oops mode in which the Java heap is
#     placed in the first 4GB address space. The Java Heap base address is the
#     maximum limit for the native heap growth. Please use -XX:HeapBaseMinAddress
#     to set the Java Heap base and to place the Java Heap above 4GB virtual address.
# This output file may be truncated or incomplete.
#
#  Out of Memory Error (./open/src/hotspot/share/memory/arena.cpp:195), pid=2484, tid=12584
#
# JRE version: Java(TM) SE Runtime Environment (15.0.1+9) (build 15.0.1+9-18)
# Java VM: Java HotSpot(TM) 64-Bit Server VM (15.0.1+9-18, mixed mode, sharing, tiered, compressed oops, parallel gc, windows-amd64)
# No core dump will be written. Minidumps are not enabled by default on client versions of Windows
#

---------------  S U M M A R Y ------------

Command Line: --add-modules=ALL-SYSTEM --add-opens=java.base/java.util=ALL-UNNAMED --add-opens=java.base/java.lang=ALL-UNNAMED -Declipse.application=org.eclipse.jdt.ls.core.id1 -Dosgi.bundles.defaultStartLevel=4 -Declipse.product=org.eclipse.jdt.ls.core.product -Dfile.encoding=utf8 -DwatchParentProcess=false -XX:+UseParallelGC -XX:GCTimeRatio=4 -XX:AdaptiveSizePolicyWeight=90 -Dsun.zip.disableMemoryMapping=true -Xmx1G -Xms100m -javaagent:c:\Users\ADMIN\.vscode\extensions\gabrielbb.vscode-lombok-1.0.1\server\lombok.jar c:\Users\ADMIN\.vscode\extensions\redhat.java-0.80.0\server\plugins\org.eclipse.equinox.launcher_1.6.200.v20210416-2027.jar -configuration c:\Users\ADMIN\AppData\Roaming\Code\User\globalStorage\redhat.java\0.80.0\config_ss_win -data c:\Users\ADMIN\AppData\Roaming\Code\User\workspaceStorage\2096a02ef39fdbcbc7abb9b74ce8bc2e\redhat.java\ss_ws

Host: AMD Ryzen 5 2500U with Radeon Vega Mobile Gfx  , 8 cores, 6G,  Windows 10 , 64 bit Build 19041 (10.0.19041.1023)
Time: Wed Aug  4 20:41:25 2021 SE Asia Standard Time elapsed time: 0.498520 seconds (0d 0h 0m 0s)

---------------  T H R E A D  ---------------

Current thread (0x0000018e26967f10):  JavaThread "C2 CompilerThread0" daemon [_thread_in_native, id=12584, stack(0x000000754aa00000,0x000000754ab00000)]


Current CompileTask:
C2:    498  495       4       lombok.patcher.PatchScript::classMatches (41 bytes)

Stack: [0x000000754aa00000,0x000000754ab00000]
Native frames: (J=compiled Java code, j=interpreted, Vv=VM code, C=native code)
V  [jvm.dll+0x62ae9a]
V  [jvm.dll+0x781389]
V  [jvm.dll+0x782ae3]
V  [jvm.dll+0x783143]
V  [jvm.dll+0x216265]
V  [jvm.dll+0x97efa]
V  [jvm.dll+0x985dc]
V  [jvm.dll+0x524d55]
V  [jvm.dll+0x2f78d9]
V  [jvm.dll+0x2f6c6a]
V  [jvm.dll+0x1ea645]
V  [jvm.dll+0x1e98ae]
V  [jvm.dll+0x1784c7]
V  [jvm.dll+0x1f9165]
V  [jvm.dll+0x1f720c]
V  [jvm.dll+0x74485d]
V  [jvm.dll+0x73d65a]
V  [jvm.dll+0x629c56]
C  [ucrtbase.dll+0x21bb2]
C  [KERNEL32.DLL+0x17034]
C  [ntdll.dll+0x52651]


---------------  P R O C E S S  ---------------

Threads class SMR info:
_java_thread_list=0x0000018e4196b8c0, length=12, elements={
0x0000018e268aa7a0, 0x0000018e404c38b0, 0x0000018e404c8690, 0x0000018e269641f0,
0x0000018e404deaa0, 0x0000018e26966750, 0x0000018e26967f10, 0x0000018e2696c6e0,
0x0000018e2696e940, 0x0000018e41811570, 0x0000018e4197cfe0, 0x0000018e418936c0
}

Java Threads: ( => current thread )
  0x0000018e268aa7a0 JavaThread "main" [_thread_in_Java, id=6212, stack(0x000000754a200000,0x000000754a300000)]
  0x0000018e404c38b0 JavaThread "Reference Handler" daemon [_thread_blocked, id=12024, stack(0x000000754a500000,0x000000754a600000)]
  0x0000018e404c8690 JavaThread "Finalizer" daemon [_thread_blocked, id=13380, stack(0x000000754a600000,0x000000754a700000)]
  0x0000018e269641f0 JavaThread "Signal Dispatcher" daemon [_thread_blocked, id=10936, stack(0x000000754a700000,0x000000754a800000)]
  0x0000018e404deaa0 JavaThread "Attach Listener" daemon [_thread_blocked, id=6972, stack(0x000000754a800000,0x000000754a900000)]
  0x0000018e26966750 JavaThread "Service Thread" daemon [_thread_blocked, id=12652, stack(0x000000754a900000,0x000000754aa00000)]
=>0x0000018e26967f10 JavaThread "C2 CompilerThread0" daemon [_thread_in_native, id=12584, stack(0x000000754aa00000,0x000000754ab00000)]
  0x0000018e2696c6e0 JavaThread "C1 CompilerThread0" daemon [_thread_in_native, id=12728, stack(0x000000754ab00000,0x000000754ac00000)]
  0x0000018e2696e940 JavaThread "Sweeper thread" daemon [_thread_blocked, id=5380, stack(0x000000754ac00000,0x000000754ad00000)]
  0x0000018e41811570 JavaThread "Common-Cleaner" daemon [_thread_blocked, id=12384, stack(0x000000754ad00000,0x000000754ae00000)]
  0x0000018e4197cfe0 JavaThread "Notification Thread" daemon [_thread_blocked, id=8712, stack(0x000000754ae00000,0x000000754af00000)]
  0x0000018e418936c0 JavaThread "C2 CompilerThread1" daemon [_thread_in_native, id=11524, stack(0x000000754b000000,0x000000754b100000)]

Other Threads:
  0x0000018e41721c30 VMThread "VM Thread" [stack: 0x000000754a400000,0x000000754a500000] [id=12284]
  0x0000018e4197d4b0 WatcherThread [stack: 0x000000754af00000,0x000000754b000000] [id=12564]
  0x0000018e268c0670 GCTaskThread "GC Thread#0" [stack: 0x000000754a300000,0x000000754a400000] [id=12572]

Threads with active compile tasks:
C2 CompilerThread0      662  495       4       lombok.patcher.PatchScript::classMatches (41 bytes)
C2 CompilerThread1      662  712       4       sun.security.provider.SHA2::implCompress0 (322 bytes)

VM state: not at safepoint (normal execution)

VM Mutex/Monitor currently owned by a thread: None

Heap address: 0x00000000c0000000, size: 1024 MB, Compressed Oops mode: 32-bit
CDS archive(s) mapped at: [0x0000000800000000-0x0000000800b50000-0x0000000800b50000), size 11862016, SharedBaseAddress: 0x0000000800000000, ArchiveRelocationMode: 0.
Compressed class space mapped at: 0x0000000800b50000-0x0000000840b50000, size: 1073741824
Narrow klass base: 0x0000000800000000, Narrow klass shift: 3, Narrow klass range: 0x100000000

GC Precious Log:
 CPUs: 8 total, 8 available
 Memory: 7116M
 Large Page Support: Disabled
 NUMA Support: Disabled
 Compressed Oops: Enabled (32-bit)
 Heap Min Capacity: 100M
 Heap Initial Capacity: 100M
 Heap Max Capacity: 1G
 Pre-touch: Disabled
 Parallel Workers: 8

Heap:
 PSYoungGen      total 29696K, used 18096K [0x00000000eab00000, 0x00000000ecc00000, 0x0000000100000000)
  eden space 25600K, 70% used [0x00000000eab00000,0x00000000ebcac0c0,0x00000000ec400000)
  from space 4096K, 0% used [0x00000000ec800000,0x00000000ec800000,0x00000000ecc00000)
  to   space 4096K, 0% used [0x00000000ec400000,0x00000000ec400000,0x00000000ec800000)
 ParOldGen       total 68608K, used 0K [0x00000000c0000000, 0x00000000c4300000, 0x00000000eab00000)
  object space 68608K, 0% used [0x00000000c0000000,0x00000000c0000000,0x00000000c4300000)
 Metaspace       used 3242K, capacity 4885K, committed 5120K, reserved 1056768K
  class space    used 299K, capacity 438K, committed 512K, reserved 1048576K

Card table byte_map: [0x0000018e26290000,0x0000018e264a0000] _byte_map_base: 0x0000018e25c90000

Marking Bits: (ParMarkBitMap*) 0x00007ff977afc0f0
 Begin Bits: [0x0000018e3dae0000, 0x0000018e3eae0000)
 End Bits:   [0x0000018e3eae0000, 0x0000018e3fae0000)

Polling page: 0x0000018e26080000

Metaspace:

Usage:
  Non-class:      4.34 MB capacity,     2.87 MB ( 66%) used,     1.47 MB ( 34%) free+waste,     1.38 KB ( <1%) overhead. 
      Class:    438.00 KB capacity,   300.20 KB ( 69%) used,   136.80 KB ( 31%) free+waste,     1.00 KB ( <1%) overhead. 
       Both:      4.77 MB capacity,     3.17 MB ( 66%) used,     1.60 MB ( 34%) free+waste,     2.38 KB ( <1%) overhead. 

Virtual space:
  Non-class space:        8.00 MB reserved,       4.50 MB ( 56%) committed 
      Class space:        1.00 GB reserved,     512.00 KB ( <1%) committed 
             Both:        1.01 GB reserved,       5.00 MB ( <1%) committed 

Chunk freelists:
   Non-Class:  33.00 KB
       Class:  10.00 KB
        Both:  43.00 KB

MaxMetaspaceSize: 17179869184.00 GB
CompressedClassSpaceSize: 1.00 GB

CodeHeap 'non-profiled nmethods': size=120000Kb used=225Kb max_used=225Kb free=119775Kb
 bounds [0x0000018e365b0000, 0x0000018e36820000, 0x0000018e3dae0000]
CodeHeap 'profiled nmethods': size=120000Kb used=1067Kb max_used=1067Kb free=118932Kb
 bounds [0x0000018e2f080000, 0x0000018e2f2f0000, 0x0000018e365b0000]
CodeHeap 'non-nmethods': size=5760Kb used=1135Kb max_used=1152Kb free=4624Kb
 bounds [0x0000018e2eae0000, 0x0000018e2ed50000, 0x0000018e2f080000]
 total_blobs=1102 nmethods=716 adapters=301
 compilation: enabled
              stopped_count=0, restarted_count=0
 full_count=0

Compilation events (20 events):
Event: 0.442 Thread 0x0000018e2696c6e0  501       1       sun.security.util.KnownOIDs::value (5 bytes)
Event: 0.442 Thread 0x0000018e2696c6e0 nmethod 501 0x0000018e365d9f90 code [0x0000018e365da120, 0x0000018e365da1d8]
Event: 0.442 Thread 0x0000018e2696c6e0  502       3       sun.security.util.ObjectIdentifier::checkOtherComponent (41 bytes)
Event: 0.443 Thread 0x0000018e2696c6e0 nmethod 502 0x0000018e2f123a90 code [0x0000018e2f123ce0, 0x0000018e2f1243c8]
Event: 0.444 Thread 0x0000018e2696c6e0  503  s    3       java.io.ByteArrayInputStream::read (36 bytes)
Event: 0.444 Thread 0x0000018e2696c6e0 nmethod 503 0x0000018e2f124690 code [0x0000018e2f124840, 0x0000018e2f124a78]
Event: 0.448 Thread 0x0000018e2696c6e0  504       3       java.lang.invoke.MemberName::initResolved (53 bytes)
Event: 0.448 Thread 0x0000018e2696c6e0 nmethod 504 0x0000018e2f124b90 code [0x0000018e2f124d20, 0x0000018e2f124e98]
Event: 0.453 Thread 0x0000018e2696c6e0  505  s    3       java.io.ByteArrayInputStream::available (10 bytes)
Event: 0.453 Thread 0x0000018e2696c6e0 nmethod 505 0x0000018e2f124f10 code [0x0000018e2f1250a0, 0x0000018e2f125258]
Event: 0.453 Thread 0x0000018e2696c6e0  506       3       java.io.InputStream::<init> (5 bytes)
Event: 0.453 Thread 0x0000018e2696c6e0 nmethod 506 0x0000018e2f125310 code [0x0000018e2f1254a0, 0x0000018e2f1255f8]
Event: 0.453 Thread 0x0000018e2696c6e0  507       3       java.util.Objects::checkFromIndexSize (8 bytes)
Event: 0.454 Thread 0x0000018e2696c6e0 nmethod 507 0x0000018e2f125690 code [0x0000018e2f125840, 0x0000018e2f125a48]
Event: 0.454 Thread 0x0000018e2696c6e0  508       3       jdk.internal.util.Preconditions::checkFromIndexSize (25 bytes)
Event: 0.454 Thread 0x0000018e2696c6e0 nmethod 508 0x0000018e2f125b90 code [0x0000018e2f125d40, 0x0000018e2f125ee8]
Event: 0.455 Thread 0x0000018e2696c6e0  509       3       java.io.ByteArrayInputStream::mark (9 bytes)
Event: 0.455 Thread 0x0000018e2696c6e0 nmethod 509 0x0000018e2f125f90 code [0x0000018e2f126120, 0x0000018e2f126218]
Event: 0.459 Thread 0x0000018e2696c6e0  510       3       java.net.URI::match (56 bytes)
Event: 0.459 Thread 0x0000018e2696c6e0 nmethod 510 0x0000018e2f126290 code [0x0000018e2f126440, 0x0000018e2f1266f8]

GC Heap History (0 events):
No events

Deoptimization events (20 events):
Event: 0.380 Thread 0x0000018e268aa7a0 Uncommon trap: trap_request=0xffffffde fr.pc=0x0000018e365d462c relative=0x000000000000010c
Event: 0.380 Thread 0x0000018e268aa7a0 Uncommon trap: reason=class_check action=maybe_recompile pc=0x0000018e365d462c method=jdk.internal.misc.Unsafe.allocateUninitializedArray(Ljava/lang/Class;I)Ljava/lang/Object; @ 51 c2
Event: 0.380 Thread 0x0000018e268aa7a0 DEOPT PACKING pc=0x0000018e365d462c sp=0x000000754a2fca10
Event: 0.380 Thread 0x0000018e268aa7a0 DEOPT UNPACKING pc=0x0000018e2eb2e42f sp=0x000000754a2fc998 mode 2
Event: 0.380 Thread 0x0000018e268aa7a0 Uncommon trap: trap_request=0xffffffde fr.pc=0x0000018e365d462c relative=0x000000000000010c
Event: 0.380 Thread 0x0000018e268aa7a0 Uncommon trap: reason=class_check action=maybe_recompile pc=0x0000018e365d462c method=jdk.internal.misc.Unsafe.allocateUninitializedArray(Ljava/lang/Class;I)Ljava/lang/Object; @ 51 c2
Event: 0.380 Thread 0x0000018e268aa7a0 DEOPT PACKING pc=0x0000018e365d462c sp=0x000000754a2fca10
Event: 0.380 Thread 0x0000018e268aa7a0 DEOPT UNPACKING pc=0x0000018e2eb2e42f sp=0x000000754a2fc998 mode 2
Event: 0.380 Thread 0x0000018e268aa7a0 Uncommon trap: trap_request=0xffffffde fr.pc=0x0000018e365d462c relative=0x000000000000010c
Event: 0.380 Thread 0x0000018e268aa7a0 Uncommon trap: reason=class_check action=maybe_recompile pc=0x0000018e365d462c method=jdk.internal.misc.Unsafe.allocateUninitializedArray(Ljava/lang/Class;I)Ljava/lang/Object; @ 51 c2
Event: 0.380 Thread 0x0000018e268aa7a0 DEOPT PACKING pc=0x0000018e365d462c sp=0x000000754a2fca10
Event: 0.380 Thread 0x0000018e268aa7a0 DEOPT UNPACKING pc=0x0000018e2eb2e42f sp=0x000000754a2fc998 mode 2
Event: 0.380 Thread 0x0000018e268aa7a0 Uncommon trap: trap_request=0xffffffde fr.pc=0x0000018e365d462c relative=0x000000000000010c
Event: 0.380 Thread 0x0000018e268aa7a0 Uncommon trap: reason=class_check action=maybe_recompile pc=0x0000018e365d462c method=jdk.internal.misc.Unsafe.allocateUninitializedArray(Ljava/lang/Class;I)Ljava/lang/Object; @ 51 c2
Event: 0.380 Thread 0x0000018e268aa7a0 DEOPT PACKING pc=0x0000018e365d462c sp=0x000000754a2fca50
Event: 0.380 Thread 0x0000018e268aa7a0 DEOPT UNPACKING pc=0x0000018e2eb2e42f sp=0x000000754a2fc9d8 mode 2
Event: 0.457 Thread 0x0000018e268aa7a0 Uncommon trap: trap_request=0xffffff45 fr.pc=0x0000018e365c63bc relative=0x00000000000000bc
Event: 0.457 Thread 0x0000018e268aa7a0 Uncommon trap: reason=unstable_if action=reinterpret pc=0x0000018e365c63bc method=java.net.URI.match(CJJ)Z @ 45 c2
Event: 0.457 Thread 0x0000018e268aa7a0 DEOPT PACKING pc=0x0000018e365c63bc sp=0x000000754a2fc920
Event: 0.457 Thread 0x0000018e268aa7a0 DEOPT UNPACKING pc=0x0000018e2eb2e42f sp=0x000000754a2fc8a8 mode 2

Classes unloaded (0 events):
No events

Classes redefined (0 events):
No events

Internal exceptions (4 events):
Event: 0.081 Thread 0x0000018e268aa7a0 Exception <a 'java/lang/NoSuchMethodError'{0x00000000eac3a800}: 'void java.lang.invoke.DirectMethodHandle$Holder.invokeStatic(java.lang.Object, java.lang.Object, java.lang.Object)'> (0x00000000eac3a800) 
thrown [./open/src/hotspot/share/interpreter/linkResolver.cpp, line 782]
Event: 0.226 Thread 0x0000018e268aa7a0 Exception <a 'java/lang/reflect/InvocationTargetException'{0x00000000eaf39738}> (0x00000000eaf39738) 
thrown [./open/src/hotspot/share/runtime/reflection.cpp, line 1157]
Event: 0.366 Thread 0x0000018e268aa7a0 Exception <a 'java/lang/NoSuchMethodError'{0x00000000eb2cbdb0}: 'void java.lang.invoke.DirectMethodHandle$Holder.invokeStatic(java.lang.Object, java.lang.Object)'> (0x00000000eb2cbdb0) 
thrown [./open/src/hotspot/share/interpreter/linkResolver.cpp, line 782]
Event: 0.366 Thread 0x0000018e268aa7a0 Exception <a 'java/lang/NoSuchMethodError'{0x00000000eb2cf898}: 'void java.lang.invoke.DirectMethodHandle$Holder.invokeStaticInit(java.lang.Object, java.lang.Object)'> (0x00000000eb2cf898) 
thrown [./open/src/hotspot/share/interpreter/linkResolver.cpp, line 782]

Events (20 events):
Event: 0.449 loading class java/lang/invoke/VarHandleReferences$FieldStaticReadOnly
Event: 0.449 loading class java/lang/invoke/VarHandleReferences$FieldStaticReadOnly done
Event: 0.449 loading class java/lang/invoke/VarHandleReferences$FieldStaticReadWrite done
Event: 0.451 loading class java/lang/System$Logger$Level
Event: 0.452 loading class java/lang/System$Logger$Level done
Event: 0.454 loading class sun/security/x509/ExtendedKeyUsageExtension
Event: 0.454 loading class sun/security/x509/ExtendedKeyUsageExtension done
Event: 0.455 loading class sun/security/x509/AuthorityInfoAccessExtension
Event: 0.455 loading class sun/security/x509/AuthorityInfoAccessExtension done
Event: 0.456 loading class sun/security/x509/AccessDescription
Event: 0.456 loading class sun/security/x509/AccessDescription done
Event: 0.456 loading class sun/security/x509/GeneralName
Event: 0.456 loading class sun/security/x509/GeneralName done
Event: 0.457 loading class sun/security/x509/URIName
Event: 0.457 loading class sun/security/x509/URIName done
Event: 0.457 loading class sun/security/x509/DNSName
Event: 0.458 loading class sun/security/x509/DNSName done
Event: 0.459 loading class sun/security/x509/CRLDistributionPointsExtension
Event: 0.459 loading class sun/security/x509/CRLDistributionPointsExtension done
Event: 0.460 loading class sun/security/x509/DistributionPoint


Dynamic libraries:
0x00007ff7d8fd0000 - 0x00007ff7d8fdf000 	C:\Program Files\Java\jdk-15.0.1\bin\java.exe
0x00007ff9c3c50000 - 0x00007ff9c3e45000 	C:\WINDOWS\SYSTEM32\ntdll.dll
0x00007ff9c38f0000 - 0x00007ff9c39ad000 	C:\WINDOWS\System32\KERNEL32.DLL
0x00007ff9c14d0000 - 0x00007ff9c1799000 	C:\WINDOWS\System32\KERNELBASE.dll
0x00007ff9c1990000 - 0x00007ff9c1a90000 	C:\WINDOWS\System32\ucrtbase.dll
0x00007ff999560000 - 0x00007ff999578000 	C:\Program Files\Java\jdk-15.0.1\bin\jli.dll
0x00007ff997820000 - 0x00007ff997839000 	C:\Program Files\Java\jdk-15.0.1\bin\VCRUNTIME140.dll
0x00007ff9c2ab0000 - 0x00007ff9c2b5c000 	C:\WINDOWS\System32\ADVAPI32.dll
0x00007ff9c3480000 - 0x00007ff9c351e000 	C:\WINDOWS\System32\msvcrt.dll
0x00007ff9c2f30000 - 0x00007ff9c2fcb000 	C:\WINDOWS\System32\sechost.dll
0x00007ff9c39b0000 - 0x00007ff9c3ada000 	C:\WINDOWS\System32\RPCRT4.dll
0x00007ff9c2fd0000 - 0x00007ff9c3170000 	C:\WINDOWS\System32\USER32.dll
0x00007ff9c1c90000 - 0x00007ff9c1cb2000 	C:\WINDOWS\System32\win32u.dll
0x00007ff9925c0000 - 0x00007ff99285a000 	C:\WINDOWS\WinSxS\amd64_microsoft.windows.common-controls_6595b64144ccf1df_6.0.19041.1110_none_60b5254171f9507e\COMCTL32.dll
0x00007ff9c3240000 - 0x00007ff9c326a000 	C:\WINDOWS\System32\GDI32.dll
0x00007ff9c17a0000 - 0x00007ff9c18ab000 	C:\WINDOWS\System32\gdi32full.dll
0x00007ff9c1a90000 - 0x00007ff9c1b2d000 	C:\WINDOWS\System32\msvcp_win.dll
0x00007ff9bbb10000 - 0x00007ff9bbb1a000 	C:\WINDOWS\SYSTEM32\VERSION.dll
0x00007ff9c2e40000 - 0x00007ff9c2e70000 	C:\WINDOWS\System32\IMM32.DLL
0x00007ff999fc0000 - 0x00007ff999fcc000 	C:\Program Files\Java\jdk-15.0.1\bin\vcruntime140_1.dll
0x00007ff986280000 - 0x00007ff986311000 	C:\Program Files\Java\jdk-15.0.1\bin\msvcp140.dll
0x00007ff977060000 - 0x00007ff977bbe000 	C:\Program Files\Java\jdk-15.0.1\bin\server\jvm.dll
0x00007ff9c2e70000 - 0x00007ff9c2e78000 	C:\WINDOWS\System32\PSAPI.DLL
0x00007ff9aa970000 - 0x00007ff9aa997000 	C:\WINDOWS\SYSTEM32\WINMM.dll
0x00007ff993760000 - 0x00007ff993769000 	C:\WINDOWS\SYSTEM32\WSOCK32.dll
0x00007ff9c3520000 - 0x00007ff9c358b000 	C:\WINDOWS\System32\WS2_32.dll
0x00007ff9bf2c0000 - 0x00007ff9bf2d2000 	C:\WINDOWS\SYSTEM32\kernel.appcore.dll
0x00007ff9974a0000 - 0x00007ff9974aa000 	C:\Program Files\Java\jdk-15.0.1\bin\jimage.dll
0x00007ff9bb130000 - 0x00007ff9bb314000 	C:\WINDOWS\SYSTEM32\DBGHELP.DLL
0x00007ff9bb7e0000 - 0x00007ff9bb80c000 	C:\WINDOWS\SYSTEM32\dbgcore.DLL
0x00007ff9c1900000 - 0x00007ff9c1983000 	C:\WINDOWS\System32\bcryptPrimitives.dll
0x00007ff994200000 - 0x00007ff99420e000 	C:\Program Files\Java\jdk-15.0.1\bin\instrument.dll
0x00007ff9970d0000 - 0x00007ff9970f5000 	C:\Program Files\Java\jdk-15.0.1\bin\java.dll
0x00007ff9c21d0000 - 0x00007ff9c290f000 	C:\WINDOWS\System32\SHELL32.dll
0x00007ff9bf4c0000 - 0x00007ff9bfc51000 	C:\WINDOWS\SYSTEM32\windows.storage.dll
0x00007ff9c3590000 - 0x00007ff9c38e5000 	C:\WINDOWS\System32\combase.dll
0x00007ff9c0d90000 - 0x00007ff9c0dbc000 	C:\WINDOWS\SYSTEM32\Wldp.dll
0x00007ff9c33d0000 - 0x00007ff9c347e000 	C:\WINDOWS\System32\SHCORE.dll
0x00007ff9c2bc0000 - 0x00007ff9c2c15000 	C:\WINDOWS\System32\shlwapi.dll
0x00007ff9c12d0000 - 0x00007ff9c12ef000 	C:\WINDOWS\SYSTEM32\profapi.dll
0x00007ff9944d0000 - 0x00007ff9944e8000 	C:\Program Files\Java\jdk-15.0.1\bin\zip.dll
0x00007ff9970b0000 - 0x00007ff9970c9000 	C:\Program Files\Java\jdk-15.0.1\bin\net.dll
0x00007ff9abb80000 - 0x00007ff9abc8a000 	C:\WINDOWS\SYSTEM32\WINHTTP.dll
0x00007ff9c0af0000 - 0x00007ff9c0b5a000 	C:\WINDOWS\system32\mswsock.dll
0x00007ff996a50000 - 0x00007ff996a62000 	C:\Program Files\Java\jdk-15.0.1\bin\nio.dll
0x00007ff9944c0000 - 0x00007ff9944d0000 	C:\Program Files\Java\jdk-15.0.1\bin\verify.dll

dbghelp: loaded successfully - version: 4.0.5 - missing functions: none
symbol engine: initialized successfully - sym options: 0x614 - pdb path: .;C:\Program Files\Java\jdk-15.0.1\bin;C:\WINDOWS\SYSTEM32;C:\WINDOWS\WinSxS\amd64_microsoft.windows.common-controls_6595b64144ccf1df_6.0.19041.1110_none_60b5254171f9507e;C:\Program Files\Java\jdk-15.0.1\bin\server

VM Arguments:
jvm_args: --add-modules=ALL-SYSTEM --add-opens=java.base/java.util=ALL-UNNAMED --add-opens=java.base/java.lang=ALL-UNNAMED -Declipse.application=org.eclipse.jdt.ls.core.id1 -Dosgi.bundles.defaultStartLevel=4 -Declipse.product=org.eclipse.jdt.ls.core.product -Dfile.encoding=utf8 -DwatchParentProcess=false -XX:+UseParallelGC -XX:GCTimeRatio=4 -XX:AdaptiveSizePolicyWeight=90 -Dsun.zip.disableMemoryMapping=true -Xmx1G -Xms100m -javaagent:c:\Users\ADMIN\.vscode\extensions\gabrielbb.vscode-lombok-1.0.1\server\lombok.jar 
java_command: c:\Users\ADMIN\.vscode\extensions\redhat.java-0.80.0\server\plugins\org.eclipse.equinox.launcher_1.6.200.v20210416-2027.jar -configuration c:\Users\ADMIN\AppData\Roaming\Code\User\globalStorage\redhat.java\0.80.0\config_ss_win -data c:\Users\ADMIN\AppData\Roaming\Code\User\workspaceStorage\2096a02ef39fdbcbc7abb9b74ce8bc2e\redhat.java\ss_ws
java_class_path (initial): c:\Users\ADMIN\.vscode\extensions\redhat.java-0.80.0\server\plugins\org.eclipse.equinox.launcher_1.6.200.v20210416-2027.jar
Launcher Type: SUN_STANDARD

[Global flags]
    uintx AdaptiveSizePolicyWeight                 = 90                                        {product} {command line}
     intx CICompilerCount                          = 4                                         {product} {ergonomic}
    uintx GCTimeRatio                              = 4                                         {product} {command line}
   size_t InitialHeapSize                          = 104857600                                 {product} {command line}
   size_t MaxHeapSize                              = 1073741824                                {product} {command line}
   size_t MaxNewSize                               = 357564416                                 {product} {ergonomic}
   size_t MinHeapDeltaBytes                        = 524288                                    {product} {ergonomic}
   size_t MinHeapSize                              = 104857600                                 {product} {command line}
   size_t NewSize                                  = 34603008                                  {product} {ergonomic}
    uintx NonNMethodCodeHeapSize                   = 5839372                                {pd product} {ergonomic}
    uintx NonProfiledCodeHeapSize                  = 122909434                              {pd product} {ergonomic}
   size_t OldSize                                  = 70254592                                  {product} {ergonomic}
    uintx ProfiledCodeHeapSize                     = 122909434                              {pd product} {ergonomic}
    uintx ReservedCodeCacheSize                    = 251658240                              {pd product} {ergonomic}
     bool SegmentedCodeCache                       = true                                      {product} {ergonomic}
   size_t SoftMaxHeapSize                          = 1073741824                             {manageable} {ergonomic}
     bool UseCompressedClassPointers               = true                                 {lp64_product} {ergonomic}
     bool UseCompressedOops                        = true                                 {lp64_product} {ergonomic}
     bool UseLargePagesIndividualAllocation        = false                                  {pd product} {ergonomic}
     bool UseParallelGC                            = true                                      {product} {command line}

Logging:
Log output configuration:
 #0: stdout all=warning uptime,level,tags
 #1: stderr all=off uptime,level,tags

Environment Variables:
JAVA_HOME=C:\Program Files\Java\jdk-15.0.1
CLASSPATH=.;.;.;%CLASSPATH%;%JUNIT_HOME%\junit-4.jar;D:\junit-4.jar\junit-4.jar;D:\junit-4.jar\junit-4.jar
PATH=C:\Program Files\Java\jdk-15.0.1\bin;C:\Program Files\Common Files\Oracle\Java\javapath;C:\Program Files\Python38\Scripts\;C:\Program Files\Python38\;C:\WINDOWS\system32;C:\WINDOWS;C:\WINDOWS\System32\Wbem;C:\WINDOWS\System32\WindowsPowerShell\v1.0\;C:\WINDOWS\System32\OpenSSH\;C:\Program Files\Intel\WiFi\bin\;C:\Program Files\Common Files\Intel\WirelessCommon\;C:\Program Files\Microsoft SQL Server\Client SDK\ODBC\170\Tools\Binn\;C:\Program Files (x86)\Microsoft SQL Server\150\Tools\Binn\;C:\Program Files\Microsoft SQL Server\150\Tools\Binn\;C:\Program Files\Microsoft SQL Server\150\DTS\Binn\;C:\Program Files (x86)\Microsoft SQL Server\150\DTS\Binn\;C:\Program Files\Azure Data Studio\bin;C:\Program Files\nodejs\;C:\Program Files\Git\cmd;C:\Users\ADMIN\AppData\Local\Programs\Python\Python39\Scripts\;C:\Users\ADMIN\AppData\Local\Programs\Python\Python39\;C:\Users\ADMIN\AppData\Local\Microsoft\WindowsApps;C:\Program Files\JetBrains\IntelliJ IDEA Community Edition 2020.1.1\bin;;C:\Program Files\Azure Data Studio\bin;C:\Users\ADMIN\AppData\Local\Programs\Microsoft VS Code\bin;C:\Users\ADMIN\AppData\Roaming\npm;
USERNAME=AHop
OS=Windows_NT
PROCESSOR_IDENTIFIER=AMD64 Family 23 Model 17 Stepping 0, AuthenticAMD



---------------  S Y S T E M  ---------------

OS:
 Windows 10 , 64 bit Build 19041 (10.0.19041.1023)
OS uptime: 0 days 0:48 hours

CPU: total 8 (initial active 8) (8 cores per cpu, 2 threads per core) family 23 model 17 stepping 0 microcode 0x0, cmov, cx8, fxsr, mmx, sse, sse2, sse3, ssse3, sse4.1, sse4.2, popcnt, vzeroupper, avx, avx2, aes, clmul, 3dnowpref, lzcnt, sse4a, ht, tsc, tscinvbit, tscinv, bmi1, bmi2, adx, sha, fma, clflush, clflushopt

Memory: 4k page, system-wide physical 7116M (495M free)
TotalPageFile size 11212M (AvailPageFile size 33M)
current process WorkingSet (physical memory assigned to process): 60M, peak: 60M
current process commit charge ("private bytes"): 203M, peak: 203M

vm_info: Java HotSpot(TM) 64-Bit Server VM (15.0.1+9-18) for windows-amd64 JRE (15.0.1+9-18), built on Sep 15 2020 14:43:54 by "mach5one" with unknown MS VC++:1925

END.
