#
# There is insufficient memory for the Java Runtime Environment to continue.
# Native memory allocation (malloc) failed to allocate 218416 bytes for Chunk::new
# Possible reasons:
#   The system is out of physical RAM or swap space
#   The process is running with CompressedOops enabled, and the Java Heap may be blocking the growth of the native heap
# Possible solutions:
#   Reduce memory load on the system
#   Increase physical memory or swap space
#   Check if swap backing store is full
#   Decrease Java heap size (-Xmx/-Xms)
#   Decrease number of Java threads
#   Decrease Java thread stack sizes (-Xss)
#   Set larger code cache with -XX:ReservedCodeCacheSize=
#   JVM is running with Unscaled Compressed Oops mode in which the Java heap is
#     placed in the first 4GB address space. The Java Heap base address is the
#     maximum limit for the native heap growth. Please use -XX:HeapBaseMinAddress
#     to set the Java Heap base and to place the Java Heap above 4GB virtual address.
# This output file may be truncated or incomplete.
#
#  Out of Memory Error (./open/src/hotspot/share/memory/arena.cpp:195), pid=248, tid=9128
#
# JRE version: Java(TM) SE Runtime Environment (15.0.1+9) (build 15.0.1+9-18)
# Java VM: Java HotSpot(TM) 64-Bit Server VM (15.0.1+9-18, mixed mode, sharing, tiered, compressed oops, parallel gc, windows-amd64)
# No core dump will be written. Minidumps are not enabled by default on client versions of Windows
#

---------------  S U M M A R Y ------------

Command Line: --add-modules=ALL-SYSTEM --add-opens=java.base/java.util=ALL-UNNAMED --add-opens=java.base/java.lang=ALL-UNNAMED -Declipse.application=org.eclipse.jdt.ls.core.id1 -Dosgi.bundles.defaultStartLevel=4 -Declipse.product=org.eclipse.jdt.ls.core.product -Dfile.encoding=utf8 -DwatchParentProcess=false -XX:+UseParallelGC -XX:GCTimeRatio=4 -XX:AdaptiveSizePolicyWeight=90 -Dsun.zip.disableMemoryMapping=true -Xmx1G -Xms100m -javaagent:c:\Users\ADMIN\.vscode\extensions\gabrielbb.vscode-lombok-1.0.1\server\lombok.jar c:\Users\ADMIN\.vscode\extensions\redhat.java-0.81.0\server\plugins\org.eclipse.equinox.launcher_1.6.200.v20210416-2027.jar -configuration c:\Users\ADMIN\AppData\Roaming\Code\User\globalStorage\redhat.java\0.81.0\config_ss_win -data c:\Users\ADMIN\AppData\Roaming\Code\User\workspaceStorage\2096a02ef39fdbcbc7abb9b74ce8bc2e\redhat.java\ss_ws

Host: AMD Ryzen 5 2500U with Radeon Vega Mobile Gfx  , 8 cores, 6G,  Windows 10 , 64 bit Build 19041 (10.0.19041.1151)
Time: Wed Aug 18 20:08:14 2021 SE Asia Standard Time elapsed time: 2.474810 seconds (0d 0h 0m 2s)

---------------  T H R E A D  ---------------

Current thread (0x000002469f4f8c00):  JavaThread "C2 CompilerThread0" daemon [_thread_in_native, id=9128, stack(0x0000004e03f00000,0x0000004e04000000)]


Current CompileTask:
C2:   2475 1768   !   4       lombok.patcher.ScriptManager$OurClassFileTransformer::transform (243 bytes)

Stack: [0x0000004e03f00000,0x0000004e04000000]
Native frames: (J=compiled Java code, j=interpreted, Vv=VM code, C=native code)
V  [jvm.dll+0x62ae9a]
V  [jvm.dll+0x781389]
V  [jvm.dll+0x782ae3]
V  [jvm.dll+0x783143]
V  [jvm.dll+0x216265]
V  [jvm.dll+0x97efa]
V  [jvm.dll+0x985dc]
V  [jvm.dll+0x27a1bf]
V  [jvm.dll+0x5408d4]
V  [jvm.dll+0x1f3064]
V  [jvm.dll+0x1eca31]
V  [jvm.dll+0x1e97a7]
V  [jvm.dll+0x1784c7]
V  [jvm.dll+0x1f9165]
V  [jvm.dll+0x1f720c]
V  [jvm.dll+0x74485d]
V  [jvm.dll+0x73d65a]
V  [jvm.dll+0x629c56]
C  [ucrtbase.dll+0x21bb2]
C  [KERNEL32.DLL+0x17034]
C  [ntdll.dll+0x52651]


---------------  P R O C E S S  ---------------

Threads class SMR info:
_java_thread_list=0x00000246bd6de770, length=16, elements={
0x000002469f4363f0, 0x000002469f4efc50, 0x000002469f4f1330, 0x00000246bafbe6d0,
0x000002469f4f4070, 0x00000246bafbc490, 0x000002469f4f8c00, 0x000002469f5057e0,
0x00000246bc241fc0, 0x00000246bafbd7d0, 0x00000246bafbc960, 0x00000246bafbce30,
0x00000246bafbd300, 0x00000246bd9191d0, 0x00000246bd918d00, 0x00000246bd915810
}

Java Threads: ( => current thread )
  0x000002469f4363f0 JavaThread "main" [_thread_blocked, id=8980, stack(0x0000004e03700000,0x0000004e03800000)]
  0x000002469f4efc50 JavaThread "Reference Handler" daemon [_thread_blocked, id=9484, stack(0x0000004e03a00000,0x0000004e03b00000)]
  0x000002469f4f1330 JavaThread "Finalizer" daemon [_thread_blocked, id=10096, stack(0x0000004e03b00000,0x0000004e03c00000)]
  0x00000246bafbe6d0 JavaThread "Signal Dispatcher" daemon [_thread_blocked, id=3852, stack(0x0000004e03c00000,0x0000004e03d00000)]
  0x000002469f4f4070 JavaThread "Attach Listener" daemon [_thread_blocked, id=9512, stack(0x0000004e03d00000,0x0000004e03e00000)]
  0x00000246bafbc490 JavaThread "Service Thread" daemon [_thread_blocked, id=12780, stack(0x0000004e03e00000,0x0000004e03f00000)]
=>0x000002469f4f8c00 JavaThread "C2 CompilerThread0" daemon [_thread_in_native, id=9128, stack(0x0000004e03f00000,0x0000004e04000000)]
  0x000002469f5057e0 JavaThread "C1 CompilerThread0" daemon [_thread_blocked, id=6116, stack(0x0000004e04000000,0x0000004e04100000)]
  0x00000246bc241fc0 JavaThread "Sweeper thread" daemon [_thread_blocked, id=12740, stack(0x0000004e04100000,0x0000004e04200000)]
  0x00000246bafbd7d0 JavaThread "Common-Cleaner" daemon [_thread_blocked, id=11872, stack(0x0000004e04200000,0x0000004e04300000)]
  0x00000246bafbc960 JavaThread "Notification Thread" daemon [_thread_blocked, id=7324, stack(0x0000004e04300000,0x0000004e04400000)]
  0x00000246bafbce30 JavaThread "Active Thread: Equinox Container: 13d371f8-bdfe-4e7e-ae51-e4648d579ced" [_thread_blocked, id=8048, stack(0x0000004e04700000,0x0000004e04800000)]
  0x00000246bafbd300 JavaThread "Framework Event Dispatcher: Equinox Container: 13d371f8-bdfe-4e7e-ae51-e4648d579ced" daemon [_thread_blocked, id=12832, stack(0x0000004e04800000,0x0000004e04900000)]
  0x00000246bd9191d0 JavaThread "Start Level: Equinox Container: 13d371f8-bdfe-4e7e-ae51-e4648d579ced" daemon [_thread_in_Java, id=12352, stack(0x0000004e04900000,0x0000004e04a00000)]
  0x00000246bd918d00 JavaThread "SCR Component Actor" daemon [_thread_blocked, id=6872, stack(0x0000004e04c00000,0x0000004e04d00000)]
  0x00000246bd915810 JavaThread "Timer-0" daemon [_thread_blocked, id=11188, stack(0x0000004e04d00000,0x0000004e04e00000)]

Other Threads:
  0x00000246bafa4b00 VMThread "VM Thread" [stack: 0x0000004e03900000,0x0000004e03a00000] [id=11204]
  0x00000246bc450160 WatcherThread [stack: 0x0000004e04400000,0x0000004e04500000] [id=6672]
  0x000002469f44dd30 GCTaskThread "GC Thread#0" [stack: 0x0000004e03800000,0x0000004e03900000] [id=5160]
  0x00000246bc3c6ca0 GCTaskThread "GC Thread#1" [stack: 0x0000004e04600000,0x0000004e04700000] [id=736]
  0x00000246bc3c7300 GCTaskThread "GC Thread#2" [stack: 0x0000004e04a00000,0x0000004e04b00000] [id=11684]
  0x00000246bc3c92e0 GCTaskThread "GC Thread#3" [stack: 0x0000004e04b00000,0x0000004e04c00000] [id=7204]

Threads with active compile tasks:
C2 CompilerThread0     3306 1768   !   4       lombok.patcher.ScriptManager$OurClassFileTransformer::transform (243 bytes)

VM state: not at safepoint (normal execution)

VM Mutex/Monitor currently owned by a thread: None

Heap address: 0x00000000c0000000, size: 1024 MB, Compressed Oops mode: 32-bit
CDS archive(s) mapped at: [0x0000000800000000-0x0000000800b50000-0x0000000800b50000), size 11862016, SharedBaseAddress: 0x0000000800000000, ArchiveRelocationMode: 0.
Compressed class space mapped at: 0x0000000800b50000-0x0000000840b50000, size: 1073741824
Narrow klass base: 0x0000000800000000, Narrow klass shift: 3, Narrow klass range: 0x100000000

GC Precious Log:
 CPUs: 8 total, 8 available
 Memory: 7116M
 Large Page Support: Disabled
 NUMA Support: Disabled
 Compressed Oops: Enabled (32-bit)
 Heap Min Capacity: 100M
 Heap Initial Capacity: 100M
 Heap Max Capacity: 1G
 Pre-touch: Disabled
 Parallel Workers: 8

Heap:
 PSYoungGen      total 29696K, used 17244K [0x00000000eab00000, 0x00000000ecc00000, 0x0000000100000000)
  eden space 25600K, 51% used [0x00000000eab00000,0x00000000eb7d8f10,0x00000000ec400000)
  from space 4096K, 99% used [0x00000000ec800000,0x00000000ecbfe100,0x00000000ecc00000)
  to   space 4096K, 0% used [0x00000000ec400000,0x00000000ec400000,0x00000000ec800000)
 ParOldGen       total 68608K, used 741K [0x00000000c0000000, 0x00000000c4300000, 0x00000000eab00000)
  object space 68608K, 1% used [0x00000000c0000000,0x00000000c00b97c8,0x00000000c4300000)
 Metaspace       used 11498K, capacity 12098K, committed 12160K, reserved 1060864K
  class space    used 1121K, capacity 1363K, committed 1408K, reserved 1048576K

Card table byte_map: [0x00000246b8030000,0x00000246b8240000] _byte_map_base: 0x00000246b7a30000

Marking Bits: (ParMarkBitMap*) 0x00007ffcf05dc0f0
 Begin Bits: [0x00000246b83a0000, 0x00000246b93a0000)
 End Bits:   [0x00000246b93a0000, 0x00000246ba3a0000)

Polling page: 0x00000246a8e20000

Metaspace:

Usage:
  Non-class:     10.48 MB capacity,    10.13 MB ( 97%) used,   341.98 KB (  3%) free+waste,    16.19 KB ( <1%) overhead. 
      Class:      1.33 MB capacity,     1.10 MB ( 82%) used,   233.43 KB ( 17%) free+waste,     8.00 KB ( <1%) overhead. 
       Both:     11.81 MB capacity,    11.23 MB ( 95%) used,   575.41 KB (  5%) free+waste,    24.19 KB ( <1%) overhead. 

Virtual space:
  Non-class space:       12.00 MB reserved,      10.75 MB ( 90%) committed 
      Class space:        1.00 GB reserved,       1.38 MB ( <1%) committed 
             Both:        1.01 GB reserved,      12.12 MB (  1%) committed 

Chunk freelists:
   Non-Class:  17.00 KB
       Class:  13.00 KB
        Both:  30.00 KB

MaxMetaspaceSize: 17179869184.00 GB
CompressedClassSpaceSize: 1.00 GB

CodeHeap 'non-profiled nmethods': size=120000Kb used=672Kb max_used=672Kb free=119327Kb
 bounds [0x00000246b0910000, 0x00000246b0b80000, 0x00000246b7e40000]
CodeHeap 'profiled nmethods': size=120000Kb used=3511Kb max_used=3511Kb free=116488Kb
 bounds [0x00000246a93e0000, 0x00000246a9750000, 0x00000246b0910000]
CodeHeap 'non-nmethods': size=5760Kb used=1177Kb max_used=1191Kb free=4582Kb
 bounds [0x00000246a8e40000, 0x00000246a90b0000, 0x00000246a93e0000]
 total_blobs=2300 nmethods=1862 adapters=352
 compilation: enabled
              stopped_count=0, restarted_count=0
 full_count=0

Compilation events (20 events):
Event: 2.443 Thread 0x000002469f5057e0 nmethod 1760 0x00000246b09b2e10 code [0x00000246b09b2fa0, 0x00000246b09b3058]
Event: 2.444 Thread 0x000002469f5057e0 1761       3       org.eclipse.osgi.internal.framework.FilterImpl$Item::compare (347 bytes)
Event: 2.447 Thread 0x000002469f5057e0 nmethod 1761 0x00000246a9707690 code [0x00000246a9707ce0, 0x00000246a970bc38]
Event: 2.447 Thread 0x000002469f5057e0 1763       3       org.eclipse.osgi.internal.framework.BundleContextImpl::checkValid (44 bytes)
Event: 2.448 Thread 0x000002469f5057e0 nmethod 1763 0x00000246a970c810 code [0x00000246a970ca80, 0x00000246a970d4c8]
Event: 2.448 Thread 0x000002469f5057e0 1762       3       java.util.LinkedList$ListItr::checkForComodification (23 bytes)
Event: 2.448 Thread 0x000002469f5057e0 nmethod 1762 0x00000246a970d890 code [0x00000246a970da40, 0x00000246a970dc68]
Event: 2.448 Thread 0x000002469f5057e0 1764       1       java.lang.ClassLoader::getUnnamedModule (5 bytes)
Event: 2.449 Thread 0x000002469f5057e0 nmethod 1764 0x00000246b09b3110 code [0x00000246b09b32a0, 0x00000246b09b3358]
Event: 2.456 Thread 0x000002469f5057e0 1765       1       lombok.patcher.ScriptManager::access$0 (5 bytes)
Event: 2.456 Thread 0x000002469f5057e0 nmethod 1765 0x00000246b09b3410 code [0x00000246b09b35a0, 0x00000246b09b3638]
Event: 2.456 Thread 0x000002469f5057e0 1766       1       lombok.patcher.ScriptManager::access$1 (5 bytes)
Event: 2.456 Thread 0x000002469f5057e0 nmethod 1766 0x00000246b09b3710 code [0x00000246b09b38a0, 0x00000246b09b3938]
Event: 2.458 Thread 0x000002469f5057e0 1767       3       java.io.FilterInputStream::close (8 bytes)
Event: 2.458 Thread 0x000002469f4f8c00 1768   !   4       lombok.patcher.ScriptManager$OurClassFileTransformer::transform (243 bytes)
Event: 2.458 Thread 0x000002469f5057e0 nmethod 1767 0x00000246a970dd90 code [0x00000246a970df40, 0x00000246a970e108]
Event: 2.461 Thread 0x00000246bc45a7b0 1769       4       java.lang.String::lastIndexOf (12 bytes)
Event: 2.463 Thread 0x000002469f5057e0 1770   !   3       org.eclipse.osgi.internal.loader.ModuleClassLoader::loadClass (135 bytes)
Event: 2.465 Thread 0x000002469f5057e0 nmethod 1770 0x00000246a970e210 code [0x00000246a970e660, 0x00000246a9710218]
Event: 2.466 Thread 0x00000246bc45a7b0 nmethod 1769 0x00000246b09b3a10 code [0x00000246b09b3ba0, 0x00000246b09b3d78]

GC Heap History (4 events):
Event: 1.287 GC heap before
{Heap before GC invocations=1 (full 0):
 PSYoungGen      total 29696K, used 25600K [0x00000000eab00000, 0x00000000ecc00000, 0x0000000100000000)
  eden space 25600K, 100% used [0x00000000eab00000,0x00000000ec400000,0x00000000ec400000)
  from space 4096K, 0% used [0x00000000ec800000,0x00000000ec800000,0x00000000ecc00000)
  to   space 4096K, 0% used [0x00000000ec400000,0x00000000ec400000,0x00000000ec800000)
 ParOldGen       total 68608K, used 0K [0x00000000c0000000, 0x00000000c4300000, 0x00000000eab00000)
  object space 68608K, 0% used [0x00000000c0000000,0x00000000c0000000,0x00000000c4300000)
 Metaspace       used 4154K, capacity 5265K, committed 5376K, reserved 1056768K
  class space    used 383K, capacity 482K, committed 512K, reserved 1048576K
}
Event: 1.298 GC heap after
{Heap after GC invocations=1 (full 0):
 PSYoungGen      total 29696K, used 3371K [0x00000000eab00000, 0x00000000ecc00000, 0x0000000100000000)
  eden space 25600K, 0% used [0x00000000eab00000,0x00000000eab00000,0x00000000ec400000)
  from space 4096K, 82% used [0x00000000ec400000,0x00000000ec74aca8,0x00000000ec800000)
  to   space 4096K, 0% used [0x00000000ec800000,0x00000000ec800000,0x00000000ecc00000)
 ParOldGen       total 68608K, used 8K [0x00000000c0000000, 0x00000000c4300000, 0x00000000eab00000)
  object space 68608K, 0% used [0x00000000c0000000,0x00000000c0002000,0x00000000c4300000)
 Metaspace       used 4154K, capacity 5265K, committed 5376K, reserved 1056768K
  class space    used 383K, capacity 482K, committed 512K, reserved 1048576K
}
Event: 2.191 GC heap before
{Heap before GC invocations=2 (full 0):
 PSYoungGen      total 29696K, used 28971K [0x00000000eab00000, 0x00000000ecc00000, 0x0000000100000000)
  eden space 25600K, 100% used [0x00000000eab00000,0x00000000ec400000,0x00000000ec400000)
  from space 4096K, 82% used [0x00000000ec400000,0x00000000ec74aca8,0x00000000ec800000)
  to   space 4096K, 0% used [0x00000000ec800000,0x00000000ec800000,0x00000000ecc00000)
 ParOldGen       total 68608K, used 8K [0x00000000c0000000, 0x00000000c4300000, 0x00000000eab00000)
  object space 68608K, 0% used [0x00000000c0000000,0x00000000c0002000,0x00000000c4300000)
 Metaspace       used 8303K, capacity 8630K, committed 8960K, reserved 1056768K
  class space    used 787K, capacity 920K, committed 1024K, reserved 1048576K
}
Event: 2.199 GC heap after
{Heap after GC invocations=2 (full 0):
 PSYoungGen      total 29696K, used 4088K [0x00000000eab00000, 0x00000000ecc00000, 0x0000000100000000)
  eden space 25600K, 0% used [0x00000000eab00000,0x00000000eab00000,0x00000000ec400000)
  from space 4096K, 99% used [0x00000000ec800000,0x00000000ecbfe100,0x00000000ecc00000)
  to   space 4096K, 0% used [0x00000000ec400000,0x00000000ec400000,0x00000000ec800000)
 ParOldGen       total 68608K, used 741K [0x00000000c0000000, 0x00000000c4300000, 0x00000000eab00000)
  object space 68608K, 1% used [0x00000000c0000000,0x00000000c00b97c8,0x00000000c4300000)
 Metaspace       used 8303K, capacity 8630K, committed 8960K, reserved 1056768K
  class space    used 787K, capacity 920K, committed 1024K, reserved 1048576K
}

Deoptimization events (20 events):
Event: 2.143 Thread 0x00000246bafbd300 Uncommon trap: trap_request=0xffffff45 fr.pc=0x00000246b0962268 relative=0x0000000000000128
Event: 2.143 Thread 0x00000246bafbd300 Uncommon trap: reason=unstable_if action=reinterpret pc=0x00000246b0962268 method=java.lang.ThreadLocal.get()Ljava/lang/Object; @ 11 c2
Event: 2.143 Thread 0x00000246bafbd300 DEOPT PACKING pc=0x00000246b0962268 sp=0x0000004e048fed70
Event: 2.143 Thread 0x00000246bafbd300 DEOPT UNPACKING pc=0x00000246a8e8e42f sp=0x0000004e048fed10 mode 2
Event: 2.143 Thread 0x00000246bd9191d0 Uncommon trap: trap_request=0xffffffc6 fr.pc=0x00000246b096c7cc relative=0x00000000000004ec
Event: 2.143 Thread 0x00000246bd9191d0 Uncommon trap: reason=bimorphic_or_optimized_type_check action=maybe_recompile pc=0x00000246b096c7cc method=java.util.concurrent.ConcurrentHashMap.get(Ljava/lang/Object;)Ljava/lang/Object; @ 149 c2
Event: 2.143 Thread 0x00000246bd9191d0 DEOPT PACKING pc=0x00000246b096c7cc sp=0x0000004e049fd9a0
Event: 2.145 Thread 0x00000246bd9191d0 DEOPT UNPACKING pc=0x00000246a8e8e42f sp=0x0000004e049fd920 mode 2
Event: 2.246 Thread 0x00000246bd9191d0 DEOPT PACKING pc=0x00000246a95fface sp=0x0000004e049fb9d0
Event: 2.246 Thread 0x00000246bd9191d0 DEOPT UNPACKING pc=0x00000246a8e8e23f sp=0x0000004e049faec0 mode 0
Event: 2.287 Thread 0x00000246bd9191d0 Uncommon trap: trap_request=0xffffff45 fr.pc=0x00000246b0965edc relative=0x00000000000000bc
Event: 2.287 Thread 0x00000246bd9191d0 Uncommon trap: reason=unstable_if action=reinterpret pc=0x00000246b0965edc method=java.lang.ThreadLocal$ThreadLocalMap.getEntry(Ljava/lang/ThreadLocal;)Ljava/lang/ThreadLocal$ThreadLocalMap$Entry; @ 29 c2
Event: 2.287 Thread 0x00000246bd9191d0 DEOPT PACKING pc=0x00000246b0965edc sp=0x0000004e049fd720
Event: 2.287 Thread 0x00000246bd9191d0 DEOPT UNPACKING pc=0x00000246a8e8e42f sp=0x0000004e049fd6a8 mode 2
Event: 2.323 Thread 0x00000246bd9191d0 DEOPT PACKING pc=0x00000246a95fface sp=0x0000004e049fae60
Event: 2.323 Thread 0x00000246bd9191d0 DEOPT UNPACKING pc=0x00000246a8e8e23f sp=0x0000004e049fa350 mode 0
Event: 2.387 Thread 0x00000246bd9191d0 DEOPT PACKING pc=0x00000246a95fface sp=0x0000004e049f7f20
Event: 2.387 Thread 0x00000246bd9191d0 DEOPT UNPACKING pc=0x00000246a8e8e23f sp=0x0000004e049f7410 mode 0
Event: 2.452 Thread 0x00000246bd9191d0 DEOPT PACKING pc=0x00000246a96ee00c sp=0x0000004e049f4a80
Event: 2.452 Thread 0x00000246bd9191d0 DEOPT UNPACKING pc=0x00000246a8e8e23f sp=0x0000004e049f3f88 mode 0

Classes unloaded (0 events):
No events

Classes redefined (0 events):
No events

Internal exceptions (20 events):
Event: 1.358 Thread 0x000002469f4363f0 Exception <a 'java/lang/NoSuchMethodError'{0x00000000eac56e28}: 'int java.lang.invoke.DirectMethodHandle$Holder.invokeStatic(java.lang.Object, java.lang.Object, java.lang.Object, int)'> (0x00000000eac56e28) 
thrown [./open/src/hotspot/share/interpreter/linkResolver.cpp, line 782]
Event: 1.358 Thread 0x000002469f4363f0 Exception <a 'java/lang/NoSuchMethodError'{0x00000000eac5aad8}: 'int java.lang.invoke.DirectMethodHandle$Holder.invokeStaticInit(java.lang.Object, java.lang.Object, java.lang.Object, int)'> (0x00000000eac5aad8) 
thrown [./open/src/hotspot/share/interpreter/linkResolver.cpp, line 782]
Event: 1.386 Thread 0x000002469f4363f0 Implicit null exception at 0x00000246b0968dfb to 0x00000246b0969768
Event: 1.387 Thread 0x000002469f4363f0 Implicit null exception at 0x00000246b096bb8c to 0x00000246b096bdcc
Event: 1.387 Thread 0x000002469f4363f0 Implicit null exception at 0x00000246b095410e to 0x00000246b0954358
Event: 1.387 Thread 0x000002469f4363f0 Implicit null exception at 0x00000246b0952e2f to 0x00000246b0952ea9
Event: 1.464 Thread 0x000002469f4363f0 Exception <a 'java/lang/NoSuchMethodError'{0x00000000eaf04938}: 'int java.lang.invoke.DirectMethodHandle$Holder.invokeStaticInit(java.lang.Object, java.lang.Object, java.lang.Object, java.lang.Object)'> (0x00000000eaf04938) 
thrown [./open/src/hotspot/share/interpreter/linkResolver.cpp, line 782]
Event: 1.468 Thread 0x000002469f4363f0 Exception <a 'java/lang/NoSuchMethodError'{0x00000000eaf0fc18}: 'java.lang.Object java.lang.invoke.DirectMethodHandle$Holder.invokeInterface(java.lang.Object, java.lang.Object)'> (0x00000000eaf0fc18) 
thrown [./open/src/hotspot/share/interpreter/linkResolver.cpp, line 782]
Event: 1.469 Thread 0x000002469f4363f0 Exception <a 'java/lang/IncompatibleClassChangeError'{0x00000000eaf13610}: Found class java.lang.Object, but interface was expected> (0x00000000eaf13610) 
thrown [./open/src/hotspot/share/interpreter/linkResolver.cpp, line 848]
Event: 1.472 Thread 0x000002469f4363f0 Exception <a 'java/lang/NoSuchMethodError'{0x00000000eaf1e9a8}: 'int java.lang.invoke.DirectMethodHandle$Holder.invokeStaticInit(java.lang.Object, java.lang.Object)'> (0x00000000eaf1e9a8) 
thrown [./open/src/hotspot/share/interpreter/linkResolver.cpp, line 782]
Event: 1.505 Thread 0x000002469f4363f0 Exception <a 'java/lang/NoSuchMethodError'{0x00000000eb0028c8}: 'java.lang.Object java.lang.invoke.DirectMethodHandle$Holder.invokeStaticInit(java.lang.Object, int, int, int, int)'> (0x00000000eb0028c8) 
thrown [./open/src/hotspot/share/interpreter/linkResolver.cpp, line 782]
Event: 1.577 Thread 0x000002469f4363f0 Exception <a 'java/lang/NoSuchMethodError'{0x00000000eb1566a0}: 'java.lang.Object java.lang.invoke.DirectMethodHandle$Holder.invokeStaticInit(java.lang.Object, java.lang.Object, int, int, int, int)'> (0x00000000eb1566a0) 
thrown [./open/src/hotspot/share/interpreter/linkResolver.cpp, line 782]
Event: 1.643 Thread 0x000002469f4363f0 Exception <a 'java/lang/NoSuchMethodError'{0x00000000eb2faa20}: 'void java.lang.invoke.DirectMethodHandle$Holder.invokeInterface(java.lang.Object, java.lang.Object)'> (0x00000000eb2faa20) 
thrown [./open/src/hotspot/share/interpreter/linkResolver.cpp, line 782]
Event: 1.654 Thread 0x000002469f4363f0 Exception <a 'java/lang/NoSuchMethodError'{0x00000000eb357cb0}: 'java.lang.Object java.lang.invoke.DirectMethodHandle$Holder.newInvokeSpecial(java.lang.Object, int, java.lang.Object, java.lang.Object)'> (0x00000000eb357cb0) 
thrown [./open/src/hotspot/share/interpreter/linkResolver.cpp, line 782]
Event: 1.840 Thread 0x000002469f4363f0 Exception <a 'java/lang/NoSuchMethodError'{0x00000000eb8fb6f0}: 'void java.lang.invoke.DirectMethodHandle$Holder.invokeStatic(java.lang.Object, java.lang.Object, java.lang.Object, java.lang.Object)'> (0x00000000eb8fb6f0) 
thrown [./open/src/hotspot/share/interpreter/linkResolver.cpp, line 782]
Event: 1.885 Thread 0x000002469f4363f0 Exception <a 'java/lang/NoSuchMethodError'{0x00000000eba28af0}: 'java.lang.Object java.lang.invoke.Invokers$Holder.invokeExact_MT(java.lang.Object, java.lang.Object, java.lang.Object, java.lang.Object, java.lang.Object, java.lang.Object)'> (0x00000000eba28af0) 
thrown [./open/src/hotspot/share/interpreter/linkResolver.cpp, line 782]
Event: 1.974 Thread 0x000002469f4363f0 Exception <a 'java/lang/NoSuchMethodError'{0x00000000ebd65050}: 'java.lang.Object java.lang.invoke.DirectMethodHandle$Holder.newInvokeSpecial(java.lang.Object, int, java.lang.Object)'> (0x00000000ebd65050) 
thrown [./open/src/hotspot/share/interpreter/linkResolver.cpp, line 782]
Event: 2.142 Thread 0x000002469f4363f0 Exception <a 'java/lang/UnsatisfiedLinkError'{0x00000000ec225518}: 'void org.eclipse.equinox.launcher.JNIBridge._update_splash()'> (0x00000000ec225518) 
thrown [./open/src/hotspot/share/prims/nativeLookup.cpp, line 530]
Event: 2.143 Thread 0x00000246bafbd300 Implicit null exception at 0x00000246b096218b to 0x00000246b0962254
Event: 2.150 Thread 0x00000246bd9191d0 Exception <a 'java/lang/NoSuchMethodError'{0x00000000ec2e08c0}: 'java.lang.Object java.lang.invoke.Invokers$Holder.linkToTargetMethod(java.lang.Object, java.lang.Object, java.lang.Object, int, java.lang.Object)'> (0x00000000ec2e08c0) 
thrown [./open/src/hotspot/share/interpreter/linkResolver.cpp, line 782]

Events (20 events):
Event: 2.378 loading class java/util/concurrent/ConcurrentLinkedQueue done
Event: 2.378 loading class java/util/concurrent/ConcurrentLinkedQueue$Node
Event: 2.378 loading class java/util/concurrent/ConcurrentLinkedQueue$Node done
Event: 2.380 loading class java/util/Timer
Event: 2.381 loading class java/util/Timer done
Event: 2.381 loading class java/util/TaskQueue
Event: 2.381 loading class java/util/TaskQueue done
Event: 2.381 loading class java/util/TimerThread
Event: 2.381 loading class java/util/TimerThread done
Event: 2.381 loading class java/util/Timer$1
Event: 2.381 loading class java/util/Timer$1 done
Event: 2.382 Executing VM operation: HandshakeAllThreads
Event: 2.382 Executing VM operation: HandshakeAllThreads done
Event: 2.382 Thread 0x00000246bd915810 Thread added: 0x00000246bd915810
Event: 2.397 loading class java/util/concurrent/locks/ReentrantLock$FairSync
Event: 2.398 loading class java/util/concurrent/locks/ReentrantLock$FairSync done
Event: 2.399 loading class java/util/Collections$ReverseComparator
Event: 2.400 loading class java/util/Collections$ReverseComparator done
Event: 2.452 Executing VM operation: HandshakeAllThreads
Event: 2.452 Executing VM operation: HandshakeAllThreads done


Dynamic libraries:
0x00007ff65bb70000 - 0x00007ff65bb7f000 	C:\Program Files\Java\jdk-15.0.1\bin\java.exe
0x00007ffd38c90000 - 0x00007ffd38e85000 	C:\WINDOWS\SYSTEM32\ntdll.dll
0x00007ffd38af0000 - 0x00007ffd38bad000 	C:\WINDOWS\System32\KERNEL32.DLL
0x00007ffd36740000 - 0x00007ffd36a09000 	C:\WINDOWS\System32\KERNELBASE.dll
0x00007ffd365f0000 - 0x00007ffd366f0000 	C:\WINDOWS\System32\ucrtbase.dll
0x00007ffd31680000 - 0x00007ffd31699000 	C:\Program Files\Java\jdk-15.0.1\bin\VCRUNTIME140.dll
0x00007ffd30c60000 - 0x00007ffd30c78000 	C:\Program Files\Java\jdk-15.0.1\bin\jli.dll
0x00007ffd36e20000 - 0x00007ffd36ecc000 	C:\WINDOWS\System32\ADVAPI32.dll
0x00007ffd37aa0000 - 0x00007ffd37b3e000 	C:\WINDOWS\System32\msvcrt.dll
0x00007ffd38bb0000 - 0x00007ffd38c4b000 	C:\WINDOWS\System32\sechost.dll
0x00007ffd37480000 - 0x00007ffd375aa000 	C:\WINDOWS\System32\RPCRT4.dll
0x00007ffd37b40000 - 0x00007ffd37ce0000 	C:\WINDOWS\System32\USER32.dll
0x00007ffd363c0000 - 0x00007ffd363e2000 	C:\WINDOWS\System32\win32u.dll
0x00007ffd161a0000 - 0x00007ffd1643a000 	C:\WINDOWS\WinSxS\amd64_microsoft.windows.common-controls_6595b64144ccf1df_6.0.19041.1110_none_60b5254171f9507e\COMCTL32.dll
0x00007ffd36d10000 - 0x00007ffd36d3a000 	C:\WINDOWS\System32\GDI32.dll
0x00007ffd36b00000 - 0x00007ffd36c0b000 	C:\WINDOWS\System32\gdi32full.dll
0x00007ffd363f0000 - 0x00007ffd3648d000 	C:\WINDOWS\System32\msvcp_win.dll
0x00007ffd2dca0000 - 0x00007ffd2dcaa000 	C:\WINDOWS\SYSTEM32\VERSION.dll
0x00007ffd38a10000 - 0x00007ffd38a40000 	C:\WINDOWS\System32\IMM32.DLL
0x00007ffd31ab0000 - 0x00007ffd31abc000 	C:\Program Files\Java\jdk-15.0.1\bin\vcruntime140_1.dll
0x00007ffcf19e0000 - 0x00007ffcf1a71000 	C:\Program Files\Java\jdk-15.0.1\bin\msvcp140.dll
0x00007ffcefb40000 - 0x00007ffcf069e000 	C:\Program Files\Java\jdk-15.0.1\bin\server\jvm.dll
0x00007ffd36e10000 - 0x00007ffd36e18000 	C:\WINDOWS\System32\PSAPI.DLL
0x00007ffd2fc60000 - 0x00007ffd2fc69000 	C:\WINDOWS\SYSTEM32\WSOCK32.dll
0x00007ffd37410000 - 0x00007ffd3747b000 	C:\WINDOWS\System32\WS2_32.dll
0x00007ffd2b8c0000 - 0x00007ffd2b8e7000 	C:\WINDOWS\SYSTEM32\WINMM.dll
0x00007ffd34c50000 - 0x00007ffd34c62000 	C:\WINDOWS\SYSTEM32\kernel.appcore.dll
0x00007ffd30c50000 - 0x00007ffd30c5a000 	C:\Program Files\Java\jdk-15.0.1\bin\jimage.dll
0x00007ffd34100000 - 0x00007ffd342e4000 	C:\WINDOWS\SYSTEM32\DBGHELP.DLL
0x00007ffd2dc70000 - 0x00007ffd2dc9c000 	C:\WINDOWS\SYSTEM32\dbgcore.DLL
0x00007ffd36a10000 - 0x00007ffd36a93000 	C:\WINDOWS\System32\bcryptPrimitives.dll
0x00007ffd2fc70000 - 0x00007ffd2fc7e000 	C:\Program Files\Java\jdk-15.0.1\bin\instrument.dll
0x00007ffd30fe0000 - 0x00007ffd31005000 	C:\Program Files\Java\jdk-15.0.1\bin\java.dll
0x00007ffd37dc0000 - 0x00007ffd384ff000 	C:\WINDOWS\System32\SHELL32.dll
0x00007ffd344b0000 - 0x00007ffd34c40000 	C:\WINDOWS\SYSTEM32\windows.storage.dll
0x00007ffd37050000 - 0x00007ffd373a5000 	C:\WINDOWS\System32\combase.dll
0x00007ffd35db0000 - 0x00007ffd35ddc000 	C:\WINDOWS\SYSTEM32\Wldp.dll
0x00007ffd36ed0000 - 0x00007ffd36f7e000 	C:\WINDOWS\System32\SHCORE.dll
0x00007ffd377f0000 - 0x00007ffd37845000 	C:\WINDOWS\System32\shlwapi.dll
0x00007ffd36300000 - 0x00007ffd3631f000 	C:\WINDOWS\SYSTEM32\profapi.dll
0x00007ffd2f820000 - 0x00007ffd2f838000 	C:\Program Files\Java\jdk-15.0.1\bin\zip.dll
0x00007ffd2f8f0000 - 0x00007ffd2f909000 	C:\Program Files\Java\jdk-15.0.1\bin\net.dll
0x00007ffd269a0000 - 0x00007ffd26aa8000 	C:\WINDOWS\SYSTEM32\WINHTTP.dll
0x00007ffd35b10000 - 0x00007ffd35b7a000 	C:\WINDOWS\system32\mswsock.dll
0x00007ffd2f840000 - 0x00007ffd2f852000 	C:\Program Files\Java\jdk-15.0.1\bin\nio.dll
0x00007ffd30c40000 - 0x00007ffd30c50000 	C:\Program Files\Java\jdk-15.0.1\bin\verify.dll
0x00007ffd35d00000 - 0x00007ffd35d18000 	C:\WINDOWS\SYSTEM32\CRYPTSP.dll
0x00007ffd35430000 - 0x00007ffd35464000 	C:\WINDOWS\system32\rsaenh.dll
0x00007ffd36cc0000 - 0x00007ffd36ce7000 	C:\WINDOWS\System32\bcrypt.dll
0x00007ffd36280000 - 0x00007ffd362ae000 	C:\WINDOWS\SYSTEM32\USERENV.dll
0x00007ffd35d20000 - 0x00007ffd35d2c000 	C:\WINDOWS\SYSTEM32\CRYPTBASE.dll
0x00007ffd357a0000 - 0x00007ffd357db000 	C:\WINDOWS\SYSTEM32\IPHLPAPI.DLL
0x00007ffd36d40000 - 0x00007ffd36d48000 	C:\WINDOWS\System32\NSI.dll
0x00007ffd2f030000 - 0x00007ffd2f047000 	C:\WINDOWS\SYSTEM32\dhcpcsvc6.DLL
0x00007ffd2f1d0000 - 0x00007ffd2f1ed000 	C:\WINDOWS\SYSTEM32\dhcpcsvc.DLL
0x00007ffd357e0000 - 0x00007ffd358ac000 	C:\WINDOWS\SYSTEM32\DNSAPI.dll
0x00007ffd2b810000 - 0x00007ffd2b84e000 	C:\Users\ADMIN\AppData\Roaming\Code\User\globalStorage\redhat.java\0.81.0\config_ss_win\org.eclipse.equinox.launcher\org.eclipse.equinox.launcher.win32.win32.x86_64_1.2.300.v20210622-1446\eclipse_11503.dll

dbghelp: loaded successfully - version: 4.0.5 - missing functions: none
symbol engine: initialized successfully - sym options: 0x614 - pdb path: .;C:\Program Files\Java\jdk-15.0.1\bin;C:\WINDOWS\SYSTEM32;C:\WINDOWS\WinSxS\amd64_microsoft.windows.common-controls_6595b64144ccf1df_6.0.19041.1110_none_60b5254171f9507e;C:\Program Files\Java\jdk-15.0.1\bin\server;C:\Users\ADMIN\AppData\Roaming\Code\User\globalStorage\redhat.java\0.81.0\config_ss_win\org.eclipse.equinox.launcher\org.eclipse.equinox.launcher.win32.win32.x86_64_1.2.300.v20210622-1446

VM Arguments:
jvm_args: --add-modules=ALL-SYSTEM --add-opens=java.base/java.util=ALL-UNNAMED --add-opens=java.base/java.lang=ALL-UNNAMED -Declipse.application=org.eclipse.jdt.ls.core.id1 -Dosgi.bundles.defaultStartLevel=4 -Declipse.product=org.eclipse.jdt.ls.core.product -Dfile.encoding=utf8 -DwatchParentProcess=false -XX:+UseParallelGC -XX:GCTimeRatio=4 -XX:AdaptiveSizePolicyWeight=90 -Dsun.zip.disableMemoryMapping=true -Xmx1G -Xms100m -javaagent:c:\Users\ADMIN\.vscode\extensions\gabrielbb.vscode-lombok-1.0.1\server\lombok.jar 
java_command: c:\Users\ADMIN\.vscode\extensions\redhat.java-0.81.0\server\plugins\org.eclipse.equinox.launcher_1.6.200.v20210416-2027.jar -configuration c:\Users\ADMIN\AppData\Roaming\Code\User\globalStorage\redhat.java\0.81.0\config_ss_win -data c:\Users\ADMIN\AppData\Roaming\Code\User\workspaceStorage\2096a02ef39fdbcbc7abb9b74ce8bc2e\redhat.java\ss_ws
java_class_path (initial): c:\Users\ADMIN\.vscode\extensions\redhat.java-0.81.0\server\plugins\org.eclipse.equinox.launcher_1.6.200.v20210416-2027.jar
Launcher Type: SUN_STANDARD

[Global flags]
    uintx AdaptiveSizePolicyWeight                 = 90                                        {product} {command line}
     intx CICompilerCount                          = 4                                         {product} {ergonomic}
    uintx GCTimeRatio                              = 4                                         {product} {command line}
   size_t InitialHeapSize                          = 104857600                                 {product} {command line}
   size_t MaxHeapSize                              = 1073741824                                {product} {command line}
   size_t MaxNewSize                               = 357564416                                 {product} {ergonomic}
   size_t MinHeapDeltaBytes                        = 524288                                    {product} {ergonomic}
   size_t MinHeapSize                              = 104857600                                 {product} {command line}
   size_t NewSize                                  = 34603008                                  {product} {ergonomic}
    uintx NonNMethodCodeHeapSize                   = 5839372                                {pd product} {ergonomic}
    uintx NonProfiledCodeHeapSize                  = 122909434                              {pd product} {ergonomic}
   size_t OldSize                                  = 70254592                                  {product} {ergonomic}
    uintx ProfiledCodeHeapSize                     = 122909434                              {pd product} {ergonomic}
    uintx ReservedCodeCacheSize                    = 251658240                              {pd product} {ergonomic}
     bool SegmentedCodeCache                       = true                                      {product} {ergonomic}
   size_t SoftMaxHeapSize                          = 1073741824                             {manageable} {ergonomic}
     bool UseCompressedClassPointers               = true                                 {lp64_product} {ergonomic}
     bool UseCompressedOops                        = true                                 {lp64_product} {ergonomic}
     bool UseLargePagesIndividualAllocation        = false                                  {pd product} {ergonomic}
     bool UseParallelGC                            = true                                      {product} {command line}

Logging:
Log output configuration:
 #0: stdout all=warning uptime,level,tags
 #1: stderr all=off uptime,level,tags

Environment Variables:
JAVA_HOME=C:\Program Files\Java\jdk-15.0.1
CLASSPATH=.;.;.;%CLASSPATH%;%JUNIT_HOME%\junit-4.jar;D:\junit-4.jar\junit-4.jar;D:\junit-4.jar\junit-4.jar
PATH=C:\Program Files\Java\jdk-15.0.1\bin;C:\Program Files\Common Files\Oracle\Java\javapath;C:\Program Files\Python38\Scripts\;C:\Program Files\Python38\;C:\WINDOWS\system32;C:\WINDOWS;C:\WINDOWS\System32\Wbem;C:\WINDOWS\System32\WindowsPowerShell\v1.0\;C:\WINDOWS\System32\OpenSSH\;C:\Program Files\Intel\WiFi\bin\;C:\Program Files\Common Files\Intel\WirelessCommon\;C:\Program Files\Microsoft SQL Server\Client SDK\ODBC\170\Tools\Binn\;C:\Program Files (x86)\Microsoft SQL Server\150\Tools\Binn\;C:\Program Files\Microsoft SQL Server\150\Tools\Binn\;C:\Program Files\Microsoft SQL Server\150\DTS\Binn\;C:\Program Files (x86)\Microsoft SQL Server\150\DTS\Binn\;C:\Program Files\Azure Data Studio\bin;C:\Program Files\nodejs\;C:\Program Files\Git\cmd;C:\Users\ADMIN\AppData\Local\Programs\Python\Python39\Scripts\;C:\Users\ADMIN\AppData\Local\Programs\Python\Python39\;C:\Users\ADMIN\AppData\Local\Microsoft\WindowsApps;C:\Program Files\JetBrains\IntelliJ IDEA Community Edition 2020.1.1\bin;;C:\Program Files\Azure Data Studio\bin;C:\Users\ADMIN\AppData\Local\Programs\Microsoft VS Code\bin;C:\Users\ADMIN\AppData\Roaming\npm;
USERNAME=AHop
OS=Windows_NT
PROCESSOR_IDENTIFIER=AMD64 Family 23 Model 17 Stepping 0, AuthenticAMD



---------------  S Y S T E M  ---------------

OS:
 Windows 10 , 64 bit Build 19041 (10.0.19041.1151)
OS uptime: 0 days 8:41 hours

CPU: total 8 (initial active 8) (8 cores per cpu, 2 threads per core) family 23 model 17 stepping 0 microcode 0x0, cmov, cx8, fxsr, mmx, sse, sse2, sse3, ssse3, sse4.1, sse4.2, popcnt, vzeroupper, avx, avx2, aes, clmul, 3dnowpref, lzcnt, sse4a, ht, tsc, tscinvbit, tscinv, bmi1, bmi2, adx, sha, fma, clflush, clflushopt

Memory: 4k page, system-wide physical 7116M (471M free)
TotalPageFile size 11212M (AvailPageFile size 572M)
current process WorkingSet (physical memory assigned to process): 94M, peak: 94M
current process commit charge ("private bytes"): 215M, peak: 215M

vm_info: Java HotSpot(TM) 64-Bit Server VM (15.0.1+9-18) for windows-amd64 JRE (15.0.1+9-18), built on Sep 15 2020 14:43:54 by "mach5one" with unknown MS VC++:1925

END.
