#
# There is insufficient memory for the Java Runtime Environment to continue.
# Native memory allocation (malloc) failed to allocate 660096 bytes for Chunk::new
# Possible reasons:
#   The system is out of physical RAM or swap space
#   The process is running with CompressedOops enabled, and the Java Heap may be blocking the growth of the native heap
# Possible solutions:
#   Reduce memory load on the system
#   Increase physical memory or swap space
#   Check if swap backing store is full
#   Decrease Java heap size (-Xmx/-Xms)
#   Decrease number of Java threads
#   Decrease Java thread stack sizes (-Xss)
#   Set larger code cache with -XX:ReservedCodeCacheSize=
#   JVM is running with Unscaled Compressed Oops mode in which the Java heap is
#     placed in the first 4GB address space. The Java Heap base address is the
#     maximum limit for the native heap growth. Please use -XX:HeapBaseMinAddress
#     to set the Java Heap base and to place the Java Heap above 4GB virtual address.
# This output file may be truncated or incomplete.
#
#  Out of Memory Error (./open/src/hotspot/share/memory/arena.cpp:195), pid=13324, tid=11196
#
# JRE version: Java(TM) SE Runtime Environment (15.0.1+9) (build 15.0.1+9-18)
# Java VM: Java HotSpot(TM) 64-Bit Server VM (15.0.1+9-18, mixed mode, sharing, tiered, compressed oops, parallel gc, windows-amd64)
# No core dump will be written. Minidumps are not enabled by default on client versions of Windows
#

---------------  S U M M A R Y ------------

Command Line: --add-modules=ALL-SYSTEM --add-opens=java.base/java.util=ALL-UNNAMED --add-opens=java.base/java.lang=ALL-UNNAMED -Declipse.application=org.eclipse.jdt.ls.core.id1 -Dosgi.bundles.defaultStartLevel=4 -Declipse.product=org.eclipse.jdt.ls.core.product -Dfile.encoding=utf8 -DwatchParentProcess=false -XX:+UseParallelGC -XX:GCTimeRatio=4 -XX:AdaptiveSizePolicyWeight=90 -Dsun.zip.disableMemoryMapping=true -Xmx1G -Xms100m -javaagent:c:\Users\ADMIN\.vscode\extensions\gabrielbb.vscode-lombok-1.0.1\server\lombok.jar c:\Users\ADMIN\.vscode\extensions\redhat.java-0.81.0\server\plugins\org.eclipse.equinox.launcher_1.6.200.v20210416-2027.jar -configuration c:\Users\ADMIN\AppData\Roaming\Code\User\globalStorage\redhat.java\0.81.0\config_ss_win -data c:\Users\ADMIN\AppData\Roaming\Code\User\workspaceStorage\2096a02ef39fdbcbc7abb9b74ce8bc2e\redhat.java\ss_ws

Host: AMD Ryzen 5 2500U with Radeon Vega Mobile Gfx  , 8 cores, 6G,  Windows 10 , 64 bit Build 19041 (10.0.19041.1151)
Time: Fri Aug 20 21:30:40 2021 SE Asia Standard Time elapsed time: 1.628272 seconds (0d 0h 0m 1s)

---------------  T H R E A D  ---------------

Current thread (0x00000218878f5e80):  JavaThread "C2 CompilerThread0" daemon [_thread_in_native, id=11196, stack(0x000000f70be00000,0x000000f70bf00000)]


Current CompileTask:
C2:   1628  795   !   4       java.util.jar.Attributes::read (530 bytes)

Stack: [0x000000f70be00000,0x000000f70bf00000]
Native frames: (J=compiled Java code, j=interpreted, Vv=VM code, C=native code)
V  [jvm.dll+0x62ae9a]
V  [jvm.dll+0x781389]
V  [jvm.dll+0x782ae3]
V  [jvm.dll+0x783143]
V  [jvm.dll+0x216265]
V  [jvm.dll+0x97efa]
V  [jvm.dll+0x985dc]
V  [jvm.dll+0x32e525]
V  [jvm.dll+0x2f78aa]
V  [jvm.dll+0x2f6c6a]
V  [jvm.dll+0x1ea645]
V  [jvm.dll+0x1e98ae]
V  [jvm.dll+0x1784c7]
V  [jvm.dll+0x1f9165]
V  [jvm.dll+0x1f720c]
V  [jvm.dll+0x74485d]
V  [jvm.dll+0x73d65a]
V  [jvm.dll+0x629c56]
C  [ucrtbase.dll+0x21bb2]
C  [KERNEL32.DLL+0x17034]
C  [ntdll.dll+0x52651]


---------------  P R O C E S S  ---------------

Threads class SMR info:
_java_thread_list=0x00000218a291fad0, length=11, elements={
0x0000021887839920, 0x00000218a1455f30, 0x00000218a14590c0, 0x00000218878f1ff0,
0x00000218878f28b0, 0x00000218878f5190, 0x00000218878f5e80, 0x00000218878f7210,
0x00000218878f7c10, 0x00000218878d6530, 0x00000218a28575a0
}

Java Threads: ( => current thread )
  0x0000021887839920 JavaThread "main" [_thread_in_vm, id=6780, stack(0x000000f70b600000,0x000000f70b700000)]
  0x00000218a1455f30 JavaThread "Reference Handler" daemon [_thread_blocked, id=8600, stack(0x000000f70b900000,0x000000f70ba00000)]
  0x00000218a14590c0 JavaThread "Finalizer" daemon [_thread_blocked, id=13852, stack(0x000000f70ba00000,0x000000f70bb00000)]
  0x00000218878f1ff0 JavaThread "Signal Dispatcher" daemon [_thread_blocked, id=11316, stack(0x000000f70bb00000,0x000000f70bc00000)]
  0x00000218878f28b0 JavaThread "Attach Listener" daemon [_thread_blocked, id=496, stack(0x000000f70bc00000,0x000000f70bd00000)]
  0x00000218878f5190 JavaThread "Service Thread" daemon [_thread_blocked, id=14188, stack(0x000000f70bd00000,0x000000f70be00000)]
=>0x00000218878f5e80 JavaThread "C2 CompilerThread0" daemon [_thread_in_native, id=11196, stack(0x000000f70be00000,0x000000f70bf00000)]
  0x00000218878f7210 JavaThread "C1 CompilerThread0" daemon [_thread_blocked, id=5084, stack(0x000000f70bf00000,0x000000f70c000000)]
  0x00000218878f7c10 JavaThread "Sweeper thread" daemon [_thread_blocked, id=14000, stack(0x000000f70c000000,0x000000f70c100000)]
  0x00000218878d6530 JavaThread "Common-Cleaner" daemon [_thread_blocked, id=9412, stack(0x000000f70c100000,0x000000f70c200000)]
  0x00000218a28575a0 JavaThread "Notification Thread" daemon [_thread_blocked, id=8412, stack(0x000000f70c200000,0x000000f70c300000)]

Other Threads:
  0x00000218878ee9b0 VMThread "VM Thread" [stack: 0x000000f70b800000,0x000000f70b900000] [id=9840]
  0x00000218a2915390 WatcherThread [stack: 0x000000f70c300000,0x000000f70c400000] [id=3544]
  0x00000218878525e0 GCTaskThread "GC Thread#0" [stack: 0x000000f70b700000,0x000000f70b800000] [id=14080]
  0x00000218a28905c0 GCTaskThread "GC Thread#1" [stack: 0x000000f70c400000,0x000000f70c500000] [id=6928]

Threads with active compile tasks:
C2 CompilerThread0     1861  795   !   4       java.util.jar.Attributes::read (530 bytes)

VM state: not at safepoint (normal execution)

VM Mutex/Monitor currently owned by a thread: None

Heap address: 0x00000000c0000000, size: 1024 MB, Compressed Oops mode: 32-bit
CDS archive(s) mapped at: [0x0000000800000000-0x0000000800b50000-0x0000000800b50000), size 11862016, SharedBaseAddress: 0x0000000800000000, ArchiveRelocationMode: 0.
Compressed class space mapped at: 0x0000000800b50000-0x0000000840b50000, size: 1073741824
Narrow klass base: 0x0000000800000000, Narrow klass shift: 3, Narrow klass range: 0x100000000

GC Precious Log:
 CPUs: 8 total, 8 available
 Memory: 7116M
 Large Page Support: Disabled
 NUMA Support: Disabled
 Compressed Oops: Enabled (32-bit)
 Heap Min Capacity: 100M
 Heap Initial Capacity: 100M
 Heap Max Capacity: 1G
 Pre-touch: Disabled
 Parallel Workers: 8

Heap:
 PSYoungGen      total 29696K, used 5788K [0x00000000eab00000, 0x00000000ecc00000, 0x0000000100000000)
  eden space 25600K, 10% used [0x00000000eab00000,0x00000000eadbe070,0x00000000ec400000)
  from space 4096K, 72% used [0x00000000ec400000,0x00000000ec6e9110,0x00000000ec800000)
  to   space 4096K, 0% used [0x00000000ec800000,0x00000000ec800000,0x00000000ecc00000)
 ParOldGen       total 68608K, used 8K [0x00000000c0000000, 0x00000000c4300000, 0x00000000eab00000)
  object space 68608K, 0% used [0x00000000c0000000,0x00000000c0002000,0x00000000c4300000)
 Metaspace       used 5031K, capacity 5858K, committed 6016K, reserved 1060864K
  class space    used 472K, capacity 551K, committed 640K, reserved 1048576K

Card table byte_map: [0x0000021887200000,0x0000021887410000] _byte_map_base: 0x0000021886c00000

Marking Bits: (ParMarkBitMap*) 0x00007ffaaf4dc0f0
 Begin Bits: [0x000002189ea70000, 0x000002189fa70000)
 End Bits:   [0x000002189fa70000, 0x00000218a0a70000)

Polling page: 0x0000021885840000

Metaspace:

Usage:
  Non-class:      5.18 MB capacity,     4.45 MB ( 86%) used,   742.95 KB ( 14%) free+waste,     3.56 KB ( <1%) overhead. 
      Class:    551.00 KB capacity,   472.69 KB ( 86%) used,    76.31 KB ( 14%) free+waste,     2.00 KB ( <1%) overhead. 
       Both:      5.72 MB capacity,     4.92 MB ( 86%) used,   819.26 KB ( 14%) free+waste,     5.56 KB ( <1%) overhead. 

Virtual space:
  Non-class space:       12.00 MB reserved,       5.25 MB ( 44%) committed 
      Class space:        1.00 GB reserved,     640.00 KB ( <1%) committed 
             Both:        1.01 GB reserved,       5.88 MB ( <1%) committed 

Chunk freelists:
   Non-Class:  4.00 KB
       Class:  24.00 KB
        Both:  27.00 KB

MaxMetaspaceSize: 17179869184.00 GB
CompressedClassSpaceSize: 1.00 GB

CodeHeap 'non-profiled nmethods': size=120000Kb used=294Kb max_used=294Kb free=119705Kb
 bounds [0x0000021897540000, 0x00000218977b0000, 0x000002189ea70000]
CodeHeap 'profiled nmethods': size=120000Kb used=1607Kb max_used=1607Kb free=118393Kb
 bounds [0x0000021890010000, 0x0000021890280000, 0x0000021897540000]
CodeHeap 'non-nmethods': size=5760Kb used=1143Kb max_used=1151Kb free=4616Kb
 bounds [0x000002188fa70000, 0x000002188fce0000, 0x0000021890010000]
 total_blobs=1370 nmethods=973 adapters=312
 compilation: enabled
              stopped_count=0, restarted_count=0
 full_count=0

Compilation events (20 events):
Event: 1.562 Thread 0x00000218878f7210 nmethod 832 0x000002189014fd90 code [0x000002189014ff80, 0x00000218901505f8]
Event: 1.569 Thread 0x00000218878f7210  833       3       java.util.Arrays::copyOf (10 bytes)
Event: 1.569 Thread 0x00000218878f7210 nmethod 833 0x0000021890150790 code [0x0000021890150940, 0x0000021890150a88]
Event: 1.572 Thread 0x00000218878f7210  834       1       java.security.CodeSource::getLocationNoFragString (5 bytes)
Event: 1.572 Thread 0x00000218878f7210 nmethod 834 0x0000021897583210 code [0x00000218975833a0, 0x0000021897583458]
Event: 1.585 Thread 0x00000218878f7210  835       3       java.lang.ref.Reference::<init> (7 bytes)
Event: 1.585 Thread 0x00000218878f7210 nmethod 835 0x0000021890150b90 code [0x0000021890150d40, 0x0000021890150f58]
Event: 1.585 Thread 0x00000218878f7210  836       3       java.lang.reflect.AccessibleObject::<init> (5 bytes)
Event: 1.586 Thread 0x00000218878f7210 nmethod 836 0x0000021890151090 code [0x0000021890151220, 0x0000021890151378]
Event: 1.586 Thread 0x00000218878f7210  837       3       java.lang.reflect.Executable::<init> (5 bytes)
Event: 1.586 Thread 0x00000218878f7210 nmethod 837 0x0000021890151410 code [0x00000218901515c0, 0x0000021890151778]
Event: 1.594 Thread 0x00000218878f7210  838       3       java.io.WinNTFileSystem::prefixLength (91 bytes)
Event: 1.596 Thread 0x00000218878f7210 nmethod 838 0x0000021890151890 code [0x0000021890151ba0, 0x0000021890152e98]
Event: 1.614 Thread 0x00000218878f7210  839       3       java.util.Properties$LineReader::readLine (584 bytes)
Event: 1.620 Thread 0x00000218878f7210 nmethod 839 0x0000021890153590 code [0x0000021890153960, 0x0000021890156598]
Event: 1.621 Thread 0x00000218878f7210  841       1       java.util.zip.ZipEntry::getSize (5 bytes)
Event: 1.621 Thread 0x00000218878f7210 nmethod 841 0x0000021897583910 code [0x0000021897583aa0, 0x0000021897583b58]
Event: 1.624 Thread 0x00000218878f7210  842       3       java.lang.StringConcatHelper::prepend (37 bytes)
Event: 1.625 Thread 0x00000218878f7210 nmethod 842 0x0000021890157310 code [0x00000218901574e0, 0x0000021890157798]
Event: 1.625 Thread 0x00000218878f7210  843       3       java.util.ArrayDeque::elementAt (4 bytes)

GC Heap History (0 events):
No events

Deoptimization events (20 events):
Event: 1.362 Thread 0x0000021887839920 DEOPT PACKING pc=0x00000218900ecb88 sp=0x000000f70b6fe3f0
Event: 1.362 Thread 0x0000021887839920 DEOPT UNPACKING pc=0x000002188fabe23f sp=0x000000f70b6fd8a8 mode 0
Event: 1.370 Thread 0x0000021887839920 DEOPT PACKING pc=0x00000218900ecb88 sp=0x000000f70b6fe720
Event: 1.370 Thread 0x0000021887839920 DEOPT UNPACKING pc=0x000002188fabe23f sp=0x000000f70b6fdbd8 mode 0
Event: 1.370 Thread 0x0000021887839920 DEOPT PACKING pc=0x00000218900ecb88 sp=0x000000f70b6fe720
Event: 1.370 Thread 0x0000021887839920 DEOPT UNPACKING pc=0x000002188fabe23f sp=0x000000f70b6fdbd8 mode 0
Event: 1.371 Thread 0x0000021887839920 DEOPT PACKING pc=0x00000218900ecb88 sp=0x000000f70b6fe720
Event: 1.371 Thread 0x0000021887839920 DEOPT UNPACKING pc=0x000002188fabe23f sp=0x000000f70b6fdbd8 mode 0
Event: 1.617 Thread 0x0000021887839920 Uncommon trap: trap_request=0xffffffde fr.pc=0x0000021897575d0c relative=0x00000000000004ac
Event: 1.617 Thread 0x0000021887839920 Uncommon trap: reason=class_check action=maybe_recompile pc=0x0000021897575d0c method=java.util.Collections$UnmodifiableCollection$1.<init>(Ljava/util/Collections$UnmodifiableCollection;)V @ 17 c2
Event: 1.617 Thread 0x0000021887839920 DEOPT PACKING pc=0x0000021897575d0c sp=0x000000f70b6fe330
Event: 1.617 Thread 0x0000021887839920 DEOPT UNPACKING pc=0x000002188fabe42f sp=0x000000f70b6fe278 mode 2
Event: 1.617 Thread 0x0000021887839920 Uncommon trap: trap_request=0xffffffde fr.pc=0x0000021897568208 relative=0x00000000000001e8
Event: 1.617 Thread 0x0000021887839920 Uncommon trap: reason=class_check action=maybe_recompile pc=0x0000021897568208 method=java.util.Collections$UnmodifiableCollection$1.next()Ljava/lang/Object; @ 4 c2
Event: 1.618 Thread 0x0000021887839920 DEOPT PACKING pc=0x0000021897568208 sp=0x000000f70b6fe340
Event: 1.618 Thread 0x0000021887839920 DEOPT UNPACKING pc=0x000002188fabe42f sp=0x000000f70b6fe2f0 mode 2
Event: 1.618 Thread 0x0000021887839920 Uncommon trap: trap_request=0xffffffde fr.pc=0x0000021897568208 relative=0x00000000000001e8
Event: 1.618 Thread 0x0000021887839920 Uncommon trap: reason=class_check action=maybe_recompile pc=0x0000021897568208 method=java.util.Collections$UnmodifiableCollection$1.next()Ljava/lang/Object; @ 4 c2
Event: 1.618 Thread 0x0000021887839920 DEOPT PACKING pc=0x0000021897568208 sp=0x000000f70b6fe340
Event: 1.618 Thread 0x0000021887839920 DEOPT UNPACKING pc=0x000002188fabe42f sp=0x000000f70b6fe2f0 mode 2

Classes unloaded (0 events):
No events

Classes redefined (0 events):
No events

Internal exceptions (17 events):
Event: 0.194 Thread 0x0000021887839920 Exception <a 'java/lang/NoSuchMethodError'{0x00000000eac3aad0}: 'void java.lang.invoke.DirectMethodHandle$Holder.invokeStatic(java.lang.Object, java.lang.Object, java.lang.Object)'> (0x00000000eac3aad0) 
thrown [./open/src/hotspot/share/interpreter/linkResolver.cpp, line 782]
Event: 0.615 Thread 0x0000021887839920 Exception <a 'java/lang/reflect/InvocationTargetException'{0x00000000eaf39d88}> (0x00000000eaf39d88) 
thrown [./open/src/hotspot/share/runtime/reflection.cpp, line 1157]
Event: 0.838 Thread 0x0000021887839920 Exception <a 'java/lang/NoSuchMethodError'{0x00000000eb2cbd60}: 'void java.lang.invoke.DirectMethodHandle$Holder.invokeStatic(java.lang.Object, java.lang.Object)'> (0x00000000eb2cbd60) 
thrown [./open/src/hotspot/share/interpreter/linkResolver.cpp, line 782]
Event: 0.839 Thread 0x0000021887839920 Exception <a 'java/lang/NoSuchMethodError'{0x00000000eb2cf848}: 'void java.lang.invoke.DirectMethodHandle$Holder.invokeStaticInit(java.lang.Object, java.lang.Object)'> (0x00000000eb2cf848) 
thrown [./open/src/hotspot/share/interpreter/linkResolver.cpp, line 782]
Event: 1.183 Thread 0x0000021887839920 Exception <a 'java/lang/NoSuchMethodError'{0x00000000eb86e8d8}: 'void java.lang.invoke.DirectMethodHandle$Holder.invokeSpecial(java.lang.Object, java.lang.Object, java.lang.Object)'> (0x00000000eb86e8d8) 
thrown [./open/src/hotspot/share/interpreter/linkResolver.cpp, line 782]
Event: 1.190 Thread 0x0000021887839920 Exception <a 'java/lang/ClassNotFoundException'{0x00000000eb895ca0}: sun/net/www/protocol/c/Handler> (0x00000000eb895ca0) 
thrown [./open/src/hotspot/share/classfile/systemDictionary.cpp, line 295]
Event: 1.200 Thread 0x0000021887839920 Exception <a 'java/io/FileNotFoundException'{0x00000000eb8ae218}> (0x00000000eb8ae218) 
thrown [./open/src/hotspot/share/prims/jni.cpp, line 578]
Event: 1.201 Thread 0x0000021887839920 Exception <a 'java/io/FileNotFoundException'{0x00000000eb8aeeb8}> (0x00000000eb8aeeb8) 
thrown [./open/src/hotspot/share/prims/jni.cpp, line 578]
Event: 1.201 Thread 0x0000021887839920 Exception <a 'java/io/FileNotFoundException'{0x00000000eb8afb38}> (0x00000000eb8afb38) 
thrown [./open/src/hotspot/share/prims/jni.cpp, line 578]
Event: 1.202 Thread 0x0000021887839920 Exception <a 'java/io/FileNotFoundException'{0x00000000eb8b0790}> (0x00000000eb8b0790) 
thrown [./open/src/hotspot/share/prims/jni.cpp, line 578]
Event: 1.218 Thread 0x0000021887839920 Exception <a 'java/io/FileNotFoundException'{0x00000000eb8fdfc8}> (0x00000000eb8fdfc8) 
thrown [./open/src/hotspot/share/prims/jni.cpp, line 578]
Event: 1.435 Thread 0x0000021887839920 Exception <a 'java/lang/NoSuchMethodError'{0x00000000ebd0ca38}: 'java.lang.Object java.lang.invoke.DirectMethodHandle$Holder.invokeStatic(java.lang.Object)'> (0x00000000ebd0ca38) 
thrown [./open/src/hotspot/share/interpreter/linkResolver.cpp, line 782]
Event: 1.436 Thread 0x0000021887839920 Exception <a 'java/lang/NoSuchMethodError'{0x00000000ebd100a8}: 'java.lang.Object java.lang.invoke.DirectMethodHandle$Holder.invokeStaticInit(java.lang.Object)'> (0x00000000ebd100a8) 
thrown [./open/src/hotspot/share/interpreter/linkResolver.cpp, line 782]
Event: 1.594 Thread 0x0000021887839920 Exception <a 'java/lang/ClassNotFoundException'{0x00000000ec1d2150}: sun/net/www/protocol/c/Handler> (0x00000000ec1d2150) 
thrown [./open/src/hotspot/share/classfile/systemDictionary.cpp, line 295]
Event: 1.596 Thread 0x0000021887839920 Exception <a 'java/lang/ClassNotFoundException'{0x00000000ec1d3458}: sun/net/www/protocol/d/Handler> (0x00000000ec1d3458) 
thrown [./open/src/hotspot/share/classfile/systemDictionary.cpp, line 295]
Event: 1.597 Thread 0x0000021887839920 Exception <a 'java/lang/ClassNotFoundException'{0x00000000ec1d45a0}: sun/net/www/protocol/c/Handler> (0x00000000ec1d45a0) 
thrown [./open/src/hotspot/share/classfile/systemDictionary.cpp, line 295]
Event: 1.617 Thread 0x0000021887839920 Exception <a 'java/io/FileNotFoundException'{0x00000000ec1f2ce8}> (0x00000000ec1f2ce8) 
thrown [./open/src/hotspot/share/prims/jni.cpp, line 578]

Events (20 events):
Event: 1.461 loading class java/lang/reflect/Proxy$ProxyBuilder$1 done
Event: 1.463 loading class java/lang/annotation/Target
Event: 1.463 loading class java/lang/annotation/Target done
Event: 1.470 loading class java/lang/ClassFormatError
Event: 1.471 loading class java/lang/ClassFormatError done
Event: 1.481 loading class java/util/NoSuchElementException
Event: 1.481 loading class java/util/NoSuchElementException done
Event: 1.493 Loaded shared library C:\Program Files\Java\jdk-15.0.1\bin\java.dll
Event: 1.505 loading class java/net/URLClassLoader$2
Event: 1.505 loading class java/net/URLClassLoader$2 done
Event: 1.552 loading class java/io/BufferedReader
Event: 1.553 loading class java/io/BufferedReader done
Event: 1.553 loading class sun/nio/cs/StreamDecoder
Event: 1.553 loading class sun/nio/cs/StreamDecoder done
Event: 1.553 loading class sun/nio/cs/UTF_8$Decoder
Event: 1.554 loading class sun/nio/cs/UTF_8$Decoder done
Event: 1.583 loading class java/util/UUID
Event: 1.583 loading class java/util/UUID done
Event: 1.583 loading class java/util/concurrent/atomic/AtomicBoolean
Event: 1.584 loading class java/util/concurrent/atomic/AtomicBoolean done


Dynamic libraries:
0x00007ff7a1eb0000 - 0x00007ff7a1ebf000 	C:\Program Files\Java\jdk-15.0.1\bin\java.exe
0x00007ffafb0b0000 - 0x00007ffafb2a5000 	C:\WINDOWS\SYSTEM32\ntdll.dll
0x00007ffafaca0000 - 0x00007ffafad5d000 	C:\WINDOWS\System32\KERNEL32.DLL
0x00007ffaf8890000 - 0x00007ffaf8b59000 	C:\WINDOWS\System32\KERNELBASE.dll
0x00007ffaf9010000 - 0x00007ffaf9110000 	C:\WINDOWS\System32\ucrtbase.dll
0x00007ffaed1c0000 - 0x00007ffaed1d8000 	C:\Program Files\Java\jdk-15.0.1\bin\jli.dll
0x00007ffae7160000 - 0x00007ffae7179000 	C:\Program Files\Java\jdk-15.0.1\bin\VCRUNTIME140.dll
0x00007ffafa300000 - 0x00007ffafa3ac000 	C:\WINDOWS\System32\ADVAPI32.dll
0x00007ffaf9190000 - 0x00007ffaf922e000 	C:\WINDOWS\System32\msvcrt.dll
0x00007ffafa3c0000 - 0x00007ffafa45b000 	C:\WINDOWS\System32\sechost.dll
0x00007ffaf9bb0000 - 0x00007ffaf9cda000 	C:\WINDOWS\System32\RPCRT4.dll
0x00007ffafa160000 - 0x00007ffafa300000 	C:\WINDOWS\System32\USER32.dll
0x00007ffaf8d20000 - 0x00007ffaf8d42000 	C:\WINDOWS\System32\win32u.dll
0x00007ffafa500000 - 0x00007ffafa52a000 	C:\WINDOWS\System32\GDI32.dll
0x00007ffaf8c10000 - 0x00007ffaf8d1b000 	C:\WINDOWS\System32\gdi32full.dll
0x00007ffaf8d50000 - 0x00007ffaf8ded000 	C:\WINDOWS\System32\msvcp_win.dll
0x00007ffadce70000 - 0x00007ffadd10a000 	C:\WINDOWS\WinSxS\amd64_microsoft.windows.common-controls_6595b64144ccf1df_6.0.19041.1110_none_60b5254171f9507e\COMCTL32.dll
0x00007ffaf20c0000 - 0x00007ffaf20ca000 	C:\WINDOWS\SYSTEM32\VERSION.dll
0x00007ffafadc0000 - 0x00007ffafadf0000 	C:\WINDOWS\System32\IMM32.DLL
0x00007ffaed6b0000 - 0x00007ffaed6bc000 	C:\Program Files\Java\jdk-15.0.1\bin\vcruntime140_1.dll
0x00007ffab5080000 - 0x00007ffab5111000 	C:\Program Files\Java\jdk-15.0.1\bin\msvcp140.dll
0x00007ffaaea40000 - 0x00007ffaaf59e000 	C:\Program Files\Java\jdk-15.0.1\bin\server\jvm.dll
0x00007ffafadf0000 - 0x00007ffafadf8000 	C:\WINDOWS\System32\PSAPI.DLL
0x00007ffaf3f40000 - 0x00007ffaf3f49000 	C:\WINDOWS\SYSTEM32\WSOCK32.dll
0x00007ffaef660000 - 0x00007ffaef687000 	C:\WINDOWS\SYSTEM32\WINMM.dll
0x00007ffafae00000 - 0x00007ffafae6b000 	C:\WINDOWS\System32\WS2_32.dll
0x00007ffaf66f0000 - 0x00007ffaf6702000 	C:\WINDOWS\SYSTEM32\kernel.appcore.dll
0x00007ffaed620000 - 0x00007ffaed62a000 	C:\Program Files\Java\jdk-15.0.1\bin\jimage.dll
0x00007ffaf1a70000 - 0x00007ffaf1c54000 	C:\WINDOWS\SYSTEM32\DBGHELP.DLL
0x00007ffaf1df0000 - 0x00007ffaf1e1c000 	C:\WINDOWS\SYSTEM32\dbgcore.DLL
0x00007ffaf8f80000 - 0x00007ffaf9003000 	C:\WINDOWS\System32\bcryptPrimitives.dll
0x00007ffaed1b0000 - 0x00007ffaed1be000 	C:\Program Files\Java\jdk-15.0.1\bin\instrument.dll
0x00007ffae6d10000 - 0x00007ffae6d35000 	C:\Program Files\Java\jdk-15.0.1\bin\java.dll
0x00007ffaf9470000 - 0x00007ffaf9baf000 	C:\WINDOWS\System32\SHELL32.dll
0x00007ffaf68f0000 - 0x00007ffaf7080000 	C:\WINDOWS\SYSTEM32\windows.storage.dll
0x00007ffafa6c0000 - 0x00007ffafaa15000 	C:\WINDOWS\System32\combase.dll
0x00007ffaf81d0000 - 0x00007ffaf81fc000 	C:\WINDOWS\SYSTEM32\Wldp.dll
0x00007ffafaa20000 - 0x00007ffafaace000 	C:\WINDOWS\System32\SHCORE.dll
0x00007ffafa660000 - 0x00007ffafa6b5000 	C:\WINDOWS\System32\shlwapi.dll
0x00007ffaf8720000 - 0x00007ffaf873f000 	C:\WINDOWS\SYSTEM32\profapi.dll
0x00007ffadc090000 - 0x00007ffadc0a8000 	C:\Program Files\Java\jdk-15.0.1\bin\zip.dll
0x00007ffadd120000 - 0x00007ffadd139000 	C:\Program Files\Java\jdk-15.0.1\bin\net.dll
0x00007ffaeb0d0000 - 0x00007ffaeb1d8000 	C:\WINDOWS\SYSTEM32\WINHTTP.dll
0x00007ffaf7f30000 - 0x00007ffaf7f9a000 	C:\WINDOWS\system32\mswsock.dll
0x00007ffadc0d0000 - 0x00007ffadc0e2000 	C:\Program Files\Java\jdk-15.0.1\bin\nio.dll
0x00007ffaed530000 - 0x00007ffaed540000 	C:\Program Files\Java\jdk-15.0.1\bin\verify.dll

dbghelp: loaded successfully - version: 4.0.5 - missing functions: none
symbol engine: initialized successfully - sym options: 0x614 - pdb path: .;C:\Program Files\Java\jdk-15.0.1\bin;C:\WINDOWS\SYSTEM32;C:\WINDOWS\WinSxS\amd64_microsoft.windows.common-controls_6595b64144ccf1df_6.0.19041.1110_none_60b5254171f9507e;C:\Program Files\Java\jdk-15.0.1\bin\server

VM Arguments:
jvm_args: --add-modules=ALL-SYSTEM --add-opens=java.base/java.util=ALL-UNNAMED --add-opens=java.base/java.lang=ALL-UNNAMED -Declipse.application=org.eclipse.jdt.ls.core.id1 -Dosgi.bundles.defaultStartLevel=4 -Declipse.product=org.eclipse.jdt.ls.core.product -Dfile.encoding=utf8 -DwatchParentProcess=false -XX:+UseParallelGC -XX:GCTimeRatio=4 -XX:AdaptiveSizePolicyWeight=90 -Dsun.zip.disableMemoryMapping=true -Xmx1G -Xms100m -javaagent:c:\Users\ADMIN\.vscode\extensions\gabrielbb.vscode-lombok-1.0.1\server\lombok.jar 
java_command: c:\Users\ADMIN\.vscode\extensions\redhat.java-0.81.0\server\plugins\org.eclipse.equinox.launcher_1.6.200.v20210416-2027.jar -configuration c:\Users\ADMIN\AppData\Roaming\Code\User\globalStorage\redhat.java\0.81.0\config_ss_win -data c:\Users\ADMIN\AppData\Roaming\Code\User\workspaceStorage\2096a02ef39fdbcbc7abb9b74ce8bc2e\redhat.java\ss_ws
java_class_path (initial): c:\Users\ADMIN\.vscode\extensions\redhat.java-0.81.0\server\plugins\org.eclipse.equinox.launcher_1.6.200.v20210416-2027.jar
Launcher Type: SUN_STANDARD

[Global flags]
    uintx AdaptiveSizePolicyWeight                 = 90                                        {product} {command line}
     intx CICompilerCount                          = 4                                         {product} {ergonomic}
    uintx GCTimeRatio                              = 4                                         {product} {command line}
   size_t InitialHeapSize                          = 104857600                                 {product} {command line}
   size_t MaxHeapSize                              = 1073741824                                {product} {command line}
   size_t MaxNewSize                               = 357564416                                 {product} {ergonomic}
   size_t MinHeapDeltaBytes                        = 524288                                    {product} {ergonomic}
   size_t MinHeapSize                              = 104857600                                 {product} {command line}
   size_t NewSize                                  = 34603008                                  {product} {ergonomic}
    uintx NonNMethodCodeHeapSize                   = 5839372                                {pd product} {ergonomic}
    uintx NonProfiledCodeHeapSize                  = 122909434                              {pd product} {ergonomic}
   size_t OldSize                                  = 70254592                                  {product} {ergonomic}
    uintx ProfiledCodeHeapSize                     = 122909434                              {pd product} {ergonomic}
    uintx ReservedCodeCacheSize                    = 251658240                              {pd product} {ergonomic}
     bool SegmentedCodeCache                       = true                                      {product} {ergonomic}
   size_t SoftMaxHeapSize                          = 1073741824                             {manageable} {ergonomic}
     bool UseCompressedClassPointers               = true                                 {lp64_product} {ergonomic}
     bool UseCompressedOops                        = true                                 {lp64_product} {ergonomic}
     bool UseLargePagesIndividualAllocation        = false                                  {pd product} {ergonomic}
     bool UseParallelGC                            = true                                      {product} {command line}

Logging:
Log output configuration:
 #0: stdout all=warning uptime,level,tags
 #1: stderr all=off uptime,level,tags

Environment Variables:
JAVA_HOME=C:\Program Files\Java\jdk-15.0.1
CLASSPATH=.;.;.;%CLASSPATH%;%JUNIT_HOME%\junit-4.jar;D:\junit-4.jar\junit-4.jar;D:\junit-4.jar\junit-4.jar
PATH=C:\Program Files\Java\jdk-15.0.1\bin;C:\Program Files\Common Files\Oracle\Java\javapath;C:\Program Files\Python38\Scripts\;C:\Program Files\Python38\;C:\WINDOWS\system32;C:\WINDOWS;C:\WINDOWS\System32\Wbem;C:\WINDOWS\System32\WindowsPowerShell\v1.0\;C:\WINDOWS\System32\OpenSSH\;C:\Program Files\Intel\WiFi\bin\;C:\Program Files\Common Files\Intel\WirelessCommon\;C:\Program Files\Microsoft SQL Server\Client SDK\ODBC\170\Tools\Binn\;C:\Program Files (x86)\Microsoft SQL Server\150\Tools\Binn\;C:\Program Files\Microsoft SQL Server\150\Tools\Binn\;C:\Program Files\Microsoft SQL Server\150\DTS\Binn\;C:\Program Files (x86)\Microsoft SQL Server\150\DTS\Binn\;C:\Program Files\Azure Data Studio\bin;C:\Program Files\nodejs\;C:\Program Files\Git\cmd;C:\Users\ADMIN\AppData\Local\Programs\Python\Python39\Scripts\;C:\Users\ADMIN\AppData\Local\Programs\Python\Python39\;C:\Users\ADMIN\AppData\Local\Microsoft\WindowsApps;C:\Program Files\JetBrains\IntelliJ IDEA Community Edition 2020.1.1\bin;;C:\Program Files\Azure Data Studio\bin;C:\Users\ADMIN\AppData\Local\Programs\Microsoft VS Code\bin;C:\Users\ADMIN\AppData\Roaming\npm;
USERNAME=AHop
OS=Windows_NT
PROCESSOR_IDENTIFIER=AMD64 Family 23 Model 17 Stepping 0, AuthenticAMD



---------------  S Y S T E M  ---------------

OS:
 Windows 10 , 64 bit Build 19041 (10.0.19041.1151)
OS uptime: 1 days 6:11 hours

CPU: total 8 (initial active 8) (8 cores per cpu, 2 threads per core) family 23 model 17 stepping 0 microcode 0x0, cmov, cx8, fxsr, mmx, sse, sse2, sse3, ssse3, sse4.1, sse4.2, popcnt, vzeroupper, avx, avx2, aes, clmul, 3dnowpref, lzcnt, sse4a, ht, tsc, tscinvbit, tscinv, bmi1, bmi2, adx, sha, fma, clflush, clflushopt

Memory: 4k page, system-wide physical 7116M (357M free)
TotalPageFile size 11212M (AvailPageFile size 5M)
current process WorkingSet (physical memory assigned to process): 73M, peak: 73M
current process commit charge ("private bytes"): 203M, peak: 203M

vm_info: Java HotSpot(TM) 64-Bit Server VM (15.0.1+9-18) for windows-amd64 JRE (15.0.1+9-18), built on Sep 15 2020 14:43:54 by "mach5one" with unknown MS VC++:1925

END.
