#
# There is insufficient memory for the Java Runtime Environment to continue.
# Native memory allocation (malloc) failed to allocate 1048576 bytes for AllocateHeap
# Possible reasons:
#   The system is out of physical RAM or swap space
#   The process is running with CompressedOops enabled, and the Java Heap may be blocking the growth of the native heap
# Possible solutions:
#   Reduce memory load on the system
#   Increase physical memory or swap space
#   Check if swap backing store is full
#   Decrease Java heap size (-Xmx/-Xms)
#   Decrease number of Java threads
#   Decrease Java thread stack sizes (-Xss)
#   Set larger code cache with -XX:ReservedCodeCacheSize=
#   JVM is running with Unscaled Compressed Oops mode in which the Java heap is
#     placed in the first 4GB address space. The Java Heap base address is the
#     maximum limit for the native heap growth. Please use -XX:HeapBaseMinAddress
#     to set the Java Heap base and to place the Java Heap above 4GB virtual address.
# This output file may be truncated or incomplete.
#
#  Out of Memory Error (./open/src/hotspot/share/memory/allocation.cpp:44), pid=2948, tid=3448
#
# JRE version:  (15.0.1+9) (build )
# Java VM: Java HotSpot(TM) 64-Bit Server VM (15.0.1+9-18, mixed mode, sharing, tiered, compressed oops, parallel gc, windows-amd64)
# No core dump will be written. Minidumps are not enabled by default on client versions of Windows
#

---------------  S U M M A R Y ------------

Command Line: --add-modules=ALL-SYSTEM --add-opens=java.base/java.util=ALL-UNNAMED --add-opens=java.base/java.lang=ALL-UNNAMED -Declipse.application=org.eclipse.jdt.ls.core.id1 -Dosgi.bundles.defaultStartLevel=4 -Declipse.product=org.eclipse.jdt.ls.core.product -Dfile.encoding=utf8 -DwatchParentProcess=false -XX:+UseParallelGC -XX:GCTimeRatio=4 -XX:AdaptiveSizePolicyWeight=90 -Dsun.zip.disableMemoryMapping=true -Xmx1G -Xms100m -javaagent:c:\Users\ADMIN\.vscode\extensions\gabrielbb.vscode-lombok-1.0.1\server\lombok.jar c:\Users\ADMIN\.vscode\extensions\redhat.java-0.81.0\server\plugins\org.eclipse.equinox.launcher_1.6.200.v20210416-2027.jar -configuration c:\Users\ADMIN\AppData\Roaming\Code\User\globalStorage\redhat.java\0.81.0\config_win -data c:\Users\ADMIN\AppData\Roaming\Code\User\workspaceStorage\2096a02ef39fdbcbc7abb9b74ce8bc2e\redhat.java\jdt_ws

Host: AMD Ryzen 5 2500U with Radeon Vega Mobile Gfx  , 8 cores, 6G,  Windows 10 , 64 bit Build 19041 (10.0.19041.1151)
Time: Fri Aug 20 21:30:40 2021 SE Asia Standard Time elapsed time: 0.051603 seconds (0d 0h 0m 0s)

---------------  T H R E A D  ---------------

Current thread (0x000001f7c2f564f0):  JavaThread "Unknown thread" [_thread_in_vm, id=3448, stack(0x000000035ef00000,0x000000035f000000)]

Stack: [0x000000035ef00000,0x000000035f000000]
Native frames: (J=compiled Java code, j=interpreted, Vv=VM code, C=native code)
V  [jvm.dll+0x62ae9a]
V  [jvm.dll+0x781389]
V  [jvm.dll+0x782ae3]
V  [jvm.dll+0x783143]
V  [jvm.dll+0x216265]
V  [jvm.dll+0x8eb72]
V  [jvm.dll+0x669318]
V  [jvm.dll+0x669f44]
V  [jvm.dll+0x637128]
V  [jvm.dll+0x75eae3]
V  [jvm.dll+0x334471]
V  [jvm.dll+0x73e826]
V  [jvm.dll+0x3b7777]
V  [jvm.dll+0x3b9201]
C  [jli.dll+0x52fb]
C  [ucrtbase.dll+0x21bb2]
C  [KERNEL32.DLL+0x17034]
C  [ntdll.dll+0x52651]


---------------  P R O C E S S  ---------------

Threads class SMR info:
_java_thread_list=0x00007ffaaf504ff0, length=0, elements={
}

Java Threads: ( => current thread )

Other Threads:
  0x000001f7c2f6eb20 GCTaskThread "GC Thread#0" [stack: 0x000000035f000000,0x000000035f100000] [id=6576]

=>0x000001f7c2f564f0 (exited) JavaThread "Unknown thread" [_thread_in_vm, id=3448, stack(0x000000035ef00000,0x000000035f000000)]

Threads with active compile tasks:

VM state: not at safepoint (normal execution)

VM Mutex/Monitor currently owned by a thread: None

Heap address: 0x00000000c0000000, size: 1024 MB, Compressed Oops mode: 32-bit
CDS archive(s) mapped at: [0x0000000800000000-0x0000000800b50000-0x0000000800b50000), size 11862016, SharedBaseAddress: 0x0000000800000000, ArchiveRelocationMode: 0.
Compressed class space mapped at: 0x0000000800b50000-0x0000000840b50000, size: 1073741824
Narrow klass base: 0x0000000800000000, Narrow klass shift: 3, Narrow klass range: 0x100000000

GC Precious Log:
 CPUs: 8 total, 8 available
 Memory: 7116M
 Large Page Support: Disabled
 NUMA Support: Disabled
 Compressed Oops: Enabled (32-bit)
 Heap Min Capacity: 100M
 Heap Initial Capacity: 100M
 Heap Max Capacity: 1G
 Pre-touch: Disabled
 Parallel Workers: 8

Heap:
 PSYoungGen      total 29696K, used 512K [0x00000000eab00000, 0x00000000ecc00000, 0x0000000100000000)
  eden space 25600K, 2% used [0x00000000eab00000,0x00000000eab80010,0x00000000ec400000)
  from space 4096K, 0% used [0x00000000ec800000,0x00000000ec800000,0x00000000ecc00000)
  to   space 4096K, 0% used [0x00000000ec400000,0x00000000ec400000,0x00000000ec800000)
 ParOldGen       total 68608K, used 0K [0x00000000c0000000, 0x00000000c4300000, 0x00000000eab00000)
  object space 68608K, 0% used [0x00000000c0000000,0x00000000c0000000,0x00000000c4300000)
 Metaspace       used 0K, capacity 0K, committed 0K, reserved 1056768K
  class space    used 0K, capacity 0K, committed 0K, reserved 1048576K

Card table byte_map: [0x000001f7dbb50000,0x000001f7dbd60000] _byte_map_base: 0x000001f7db550000

Marking Bits: (ParMarkBitMap*) 0x00007ffaaf4dc0f0
 Begin Bits: [0x000001f7dbec0000, 0x000001f7dcec0000)
 End Bits:   [0x000001f7dcec0000, 0x000001f7ddec0000)

Polling page: 0x000001f7c2e20000

Metaspace:

Usage:
  Non-class:      0 bytes capacity,     0 bytes (  ?%) used,     0 bytes (  ?%) free+waste,     0 bytes (  ?%) overhead. 
      Class:      0 bytes capacity,     0 bytes (  ?%) used,     0 bytes (  ?%) free+waste,     0 bytes (  ?%) overhead. 
       Both:      0 bytes capacity,     0 bytes (  ?%) used,     0 bytes (  ?%) free+waste,     0 bytes (  ?%) overhead. 

Virtual space:
  Non-class space:        8.00 MB reserved,       0 bytes (  0%) committed 
      Class space:        1.00 GB reserved,       0 bytes (  0%) committed 
             Both:        1.01 GB reserved,       0 bytes (  0%) committed 

Chunk freelists:
   Non-Class:  0 bytes
       Class:  0 bytes
        Both:  0 bytes

MaxMetaspaceSize: 17179869184.00 GB
CompressedClassSpaceSize: 1.00 GB

CodeHeap 'non-profiled nmethods': size=120000Kb used=0Kb max_used=0Kb free=120000Kb
 bounds [0x000001f7d4440000, 0x000001f7d46b0000, 0x000001f7db970000]
CodeHeap 'profiled nmethods': size=120000Kb used=0Kb max_used=0Kb free=120000Kb
 bounds [0x000001f7ccf10000, 0x000001f7cd180000, 0x000001f7d4440000]
CodeHeap 'non-nmethods': size=5760Kb used=269Kb max_used=415Kb free=5490Kb
 bounds [0x000001f7cc970000, 0x000001f7ccbe0000, 0x000001f7ccf10000]
 total_blobs=135 nmethods=0 adapters=116
 compilation: enabled
              stopped_count=0, restarted_count=0
 full_count=0

Compilation events (0 events):
No events

GC Heap History (0 events):
No events

Deoptimization events (0 events):
No events

Classes unloaded (0 events):
No events

Classes redefined (0 events):
No events

Internal exceptions (0 events):
No events

Events (1 events):
Event: 0.017 Loaded shared library C:\Program Files\Java\jdk-15.0.1\bin\java.dll


Dynamic libraries:
0x00007ff7a1eb0000 - 0x00007ff7a1ebf000 	C:\Program Files\Java\jdk-15.0.1\bin\java.exe
0x00007ffafb0b0000 - 0x00007ffafb2a5000 	C:\WINDOWS\SYSTEM32\ntdll.dll
0x00007ffafaca0000 - 0x00007ffafad5d000 	C:\WINDOWS\System32\KERNEL32.DLL
0x00007ffaf8890000 - 0x00007ffaf8b59000 	C:\WINDOWS\System32\KERNELBASE.dll
0x00007ffaf9010000 - 0x00007ffaf9110000 	C:\WINDOWS\System32\ucrtbase.dll
0x00007ffaed1c0000 - 0x00007ffaed1d8000 	C:\Program Files\Java\jdk-15.0.1\bin\jli.dll
0x00007ffafa300000 - 0x00007ffafa3ac000 	C:\WINDOWS\System32\ADVAPI32.dll
0x00007ffaf9190000 - 0x00007ffaf922e000 	C:\WINDOWS\System32\msvcrt.dll
0x00007ffafa3c0000 - 0x00007ffafa45b000 	C:\WINDOWS\System32\sechost.dll
0x00007ffaf9bb0000 - 0x00007ffaf9cda000 	C:\WINDOWS\System32\RPCRT4.dll
0x00007ffafa160000 - 0x00007ffafa300000 	C:\WINDOWS\System32\USER32.dll
0x00007ffaf8d20000 - 0x00007ffaf8d42000 	C:\WINDOWS\System32\win32u.dll
0x00007ffafa500000 - 0x00007ffafa52a000 	C:\WINDOWS\System32\GDI32.dll
0x00007ffadce70000 - 0x00007ffadd10a000 	C:\WINDOWS\WinSxS\amd64_microsoft.windows.common-controls_6595b64144ccf1df_6.0.19041.1110_none_60b5254171f9507e\COMCTL32.dll
0x00007ffae7160000 - 0x00007ffae7179000 	C:\Program Files\Java\jdk-15.0.1\bin\VCRUNTIME140.dll
0x00007ffaf8c10000 - 0x00007ffaf8d1b000 	C:\WINDOWS\System32\gdi32full.dll
0x00007ffaf8d50000 - 0x00007ffaf8ded000 	C:\WINDOWS\System32\msvcp_win.dll
0x00007ffaf20c0000 - 0x00007ffaf20ca000 	C:\WINDOWS\SYSTEM32\VERSION.dll
0x00007ffafadc0000 - 0x00007ffafadf0000 	C:\WINDOWS\System32\IMM32.DLL
0x00007ffaed6b0000 - 0x00007ffaed6bc000 	C:\Program Files\Java\jdk-15.0.1\bin\vcruntime140_1.dll
0x00007ffab5080000 - 0x00007ffab5111000 	C:\Program Files\Java\jdk-15.0.1\bin\msvcp140.dll
0x00007ffaaea40000 - 0x00007ffaaf59e000 	C:\Program Files\Java\jdk-15.0.1\bin\server\jvm.dll
0x00007ffafadf0000 - 0x00007ffafadf8000 	C:\WINDOWS\System32\PSAPI.DLL
0x00007ffaf3f40000 - 0x00007ffaf3f49000 	C:\WINDOWS\SYSTEM32\WSOCK32.dll
0x00007ffaef660000 - 0x00007ffaef687000 	C:\WINDOWS\SYSTEM32\WINMM.dll
0x00007ffafae00000 - 0x00007ffafae6b000 	C:\WINDOWS\System32\WS2_32.dll
0x00007ffaf66f0000 - 0x00007ffaf6702000 	C:\WINDOWS\SYSTEM32\kernel.appcore.dll
0x00007ffaed620000 - 0x00007ffaed62a000 	C:\Program Files\Java\jdk-15.0.1\bin\jimage.dll
0x00007ffaf1a70000 - 0x00007ffaf1c54000 	C:\WINDOWS\SYSTEM32\DBGHELP.DLL
0x00007ffaf1df0000 - 0x00007ffaf1e1c000 	C:\WINDOWS\SYSTEM32\dbgcore.DLL
0x00007ffaf8f80000 - 0x00007ffaf9003000 	C:\WINDOWS\System32\bcryptPrimitives.dll
0x00007ffaed1b0000 - 0x00007ffaed1be000 	C:\Program Files\Java\jdk-15.0.1\bin\instrument.dll
0x00007ffae6d10000 - 0x00007ffae6d35000 	C:\Program Files\Java\jdk-15.0.1\bin\java.dll

dbghelp: loaded successfully - version: 4.0.5 - missing functions: none
symbol engine: initialized successfully - sym options: 0x614 - pdb path: .;C:\Program Files\Java\jdk-15.0.1\bin;C:\WINDOWS\SYSTEM32;C:\WINDOWS\WinSxS\amd64_microsoft.windows.common-controls_6595b64144ccf1df_6.0.19041.1110_none_60b5254171f9507e;C:\Program Files\Java\jdk-15.0.1\bin\server

VM Arguments:
jvm_args: --add-modules=ALL-SYSTEM --add-opens=java.base/java.util=ALL-UNNAMED --add-opens=java.base/java.lang=ALL-UNNAMED -Declipse.application=org.eclipse.jdt.ls.core.id1 -Dosgi.bundles.defaultStartLevel=4 -Declipse.product=org.eclipse.jdt.ls.core.product -Dfile.encoding=utf8 -DwatchParentProcess=false -XX:+UseParallelGC -XX:GCTimeRatio=4 -XX:AdaptiveSizePolicyWeight=90 -Dsun.zip.disableMemoryMapping=true -Xmx1G -Xms100m -javaagent:c:\Users\ADMIN\.vscode\extensions\gabrielbb.vscode-lombok-1.0.1\server\lombok.jar 
java_command: c:\Users\ADMIN\.vscode\extensions\redhat.java-0.81.0\server\plugins\org.eclipse.equinox.launcher_1.6.200.v20210416-2027.jar -configuration c:\Users\ADMIN\AppData\Roaming\Code\User\globalStorage\redhat.java\0.81.0\config_win -data c:\Users\ADMIN\AppData\Roaming\Code\User\workspaceStorage\2096a02ef39fdbcbc7abb9b74ce8bc2e\redhat.java\jdt_ws
java_class_path (initial): c:\Users\ADMIN\.vscode\extensions\redhat.java-0.81.0\server\plugins\org.eclipse.equinox.launcher_1.6.200.v20210416-2027.jar
Launcher Type: SUN_STANDARD

[Global flags]
    uintx AdaptiveSizePolicyWeight                 = 90                                        {product} {command line}
     intx CICompilerCount                          = 4                                         {product} {ergonomic}
    uintx GCTimeRatio                              = 4                                         {product} {command line}
   size_t InitialHeapSize                          = 104857600                                 {product} {command line}
   size_t MaxHeapSize                              = 1073741824                                {product} {command line}
   size_t MaxNewSize                               = 357564416                                 {product} {ergonomic}
   size_t MinHeapDeltaBytes                        = 524288                                    {product} {ergonomic}
   size_t MinHeapSize                              = 104857600                                 {product} {command line}
   size_t NewSize                                  = 34603008                                  {product} {ergonomic}
    uintx NonNMethodCodeHeapSize                   = 5839372                                {pd product} {ergonomic}
    uintx NonProfiledCodeHeapSize                  = 122909434                              {pd product} {ergonomic}
   size_t OldSize                                  = 70254592                                  {product} {ergonomic}
    uintx ProfiledCodeHeapSize                     = 122909434                              {pd product} {ergonomic}
    uintx ReservedCodeCacheSize                    = 251658240                              {pd product} {ergonomic}
     bool SegmentedCodeCache                       = true                                      {product} {ergonomic}
   size_t SoftMaxHeapSize                          = 1073741824                             {manageable} {ergonomic}
     bool UseCompressedClassPointers               = true                                 {lp64_product} {ergonomic}
     bool UseCompressedOops                        = true                                 {lp64_product} {ergonomic}
     bool UseLargePagesIndividualAllocation        = false                                  {pd product} {ergonomic}
     bool UseParallelGC                            = true                                      {product} {command line}

Logging:
Log output configuration:
 #0: stdout all=warning uptime,level,tags
 #1: stderr all=off uptime,level,tags

Environment Variables:
JAVA_HOME=C:\Program Files\Java\jdk-15.0.1
CLASSPATH=.;.;.;%CLASSPATH%;%JUNIT_HOME%\junit-4.jar;D:\junit-4.jar\junit-4.jar;D:\junit-4.jar\junit-4.jar
PATH=C:\Program Files\Java\jdk-15.0.1\bin;C:\Program Files\Common Files\Oracle\Java\javapath;C:\Program Files\Python38\Scripts\;C:\Program Files\Python38\;C:\WINDOWS\system32;C:\WINDOWS;C:\WINDOWS\System32\Wbem;C:\WINDOWS\System32\WindowsPowerShell\v1.0\;C:\WINDOWS\System32\OpenSSH\;C:\Program Files\Intel\WiFi\bin\;C:\Program Files\Common Files\Intel\WirelessCommon\;C:\Program Files\Microsoft SQL Server\Client SDK\ODBC\170\Tools\Binn\;C:\Program Files (x86)\Microsoft SQL Server\150\Tools\Binn\;C:\Program Files\Microsoft SQL Server\150\Tools\Binn\;C:\Program Files\Microsoft SQL Server\150\DTS\Binn\;C:\Program Files (x86)\Microsoft SQL Server\150\DTS\Binn\;C:\Program Files\Azure Data Studio\bin;C:\Program Files\nodejs\;C:\Program Files\Git\cmd;C:\Users\ADMIN\AppData\Local\Programs\Python\Python39\Scripts\;C:\Users\ADMIN\AppData\Local\Programs\Python\Python39\;C:\Users\ADMIN\AppData\Local\Microsoft\WindowsApps;C:\Program Files\JetBrains\IntelliJ IDEA Community Edition 2020.1.1\bin;;C:\Program Files\Azure Data Studio\bin;C:\Users\ADMIN\AppData\Local\Programs\Microsoft VS Code\bin;C:\Users\ADMIN\AppData\Roaming\npm;
USERNAME=AHop
OS=Windows_NT
PROCESSOR_IDENTIFIER=AMD64 Family 23 Model 17 Stepping 0, AuthenticAMD



---------------  S Y S T E M  ---------------

OS:
 Windows 10 , 64 bit Build 19041 (10.0.19041.1151)
OS uptime: 1 days 6:11 hours

CPU: total 8 (initial active 8) (8 cores per cpu, 2 threads per core) family 23 model 17 stepping 0 microcode 0x0, cmov, cx8, fxsr, mmx, sse, sse2, sse3, ssse3, sse4.1, sse4.2, popcnt, vzeroupper, avx, avx2, aes, clmul, 3dnowpref, lzcnt, sse4a, ht, tsc, tscinvbit, tscinv, bmi1, bmi2, adx, sha, fma, clflush, clflushopt

Memory: 4k page, system-wide physical 7116M (370M free)
TotalPageFile size 11212M (AvailPageFile size 1M)
current process WorkingSet (physical memory assigned to process): 14M, peak: 14M
current process commit charge ("private bytes"): 180M, peak: 181M

vm_info: Java HotSpot(TM) 64-Bit Server VM (15.0.1+9-18) for windows-amd64 JRE (15.0.1+9-18), built on Sep 15 2020 14:43:54 by "mach5one" with unknown MS VC++:1925

END.
