#
# There is insufficient memory for the Java Runtime Environment to continue.
# Native memory allocation (malloc) failed to allocate 220816 bytes for Chunk::new
# Possible reasons:
#   The system is out of physical RAM or swap space
#   The process is running with CompressedOops enabled, and the Java Heap may be blocking the growth of the native heap
# Possible solutions:
#   Reduce memory load on the system
#   Increase physical memory or swap space
#   Check if swap backing store is full
#   Decrease Java heap size (-Xmx/-Xms)
#   Decrease number of Java threads
#   Decrease Java thread stack sizes (-Xss)
#   Set larger code cache with -XX:ReservedCodeCacheSize=
#   JVM is running with Unscaled Compressed Oops mode in which the Java heap is
#     placed in the first 4GB address space. The Java Heap base address is the
#     maximum limit for the native heap growth. Please use -XX:HeapBaseMinAddress
#     to set the Java Heap base and to place the Java Heap above 4GB virtual address.
# This output file may be truncated or incomplete.
#
#  Out of Memory Error (./open/src/hotspot/share/memory/arena.cpp:195), pid=13172, tid=10380
#
# JRE version: Java(TM) SE Runtime Environment (15.0.1+9) (build 15.0.1+9-18)
# Java VM: Java HotSpot(TM) 64-Bit Server VM (15.0.1+9-18, mixed mode, sharing, tiered, compressed oops, parallel gc, windows-amd64)
# No core dump will be written. Minidumps are not enabled by default on client versions of Windows
#

---------------  S U M M A R Y ------------

Command Line: --add-modules=ALL-SYSTEM --add-opens=java.base/java.util=ALL-UNNAMED --add-opens=java.base/java.lang=ALL-UNNAMED -Declipse.application=org.eclipse.jdt.ls.core.id1 -Dosgi.bundles.defaultStartLevel=4 -Declipse.product=org.eclipse.jdt.ls.core.product -Dfile.encoding=utf8 -DwatchParentProcess=false -XX:+UseParallelGC -XX:GCTimeRatio=4 -XX:AdaptiveSizePolicyWeight=90 -Dsun.zip.disableMemoryMapping=true -Xmx1G -Xms100m -javaagent:c:\Users\ADMIN\.vscode\extensions\gabrielbb.vscode-lombok-1.0.1\server\lombok.jar c:\Users\ADMIN\.vscode\extensions\redhat.java-0.81.0\server\plugins\org.eclipse.equinox.launcher_1.6.200.v20210416-2027.jar -configuration c:\Users\ADMIN\AppData\Roaming\Code\User\globalStorage\redhat.java\0.81.0\config_win -data c:\Users\ADMIN\AppData\Roaming\Code\User\workspaceStorage\2096a02ef39fdbcbc7abb9b74ce8bc2e\redhat.java\jdt_ws

Host: AMD Ryzen 5 2500U with Radeon Vega Mobile Gfx  , 8 cores, 6G,  Windows 10 , 64 bit Build 19041 (10.0.19041.1151)
Time: Sat Aug 21 09:44:59 2021 SE Asia Standard Time elapsed time: 2.485482 seconds (0d 0h 0m 2s)

---------------  T H R E A D  ---------------

Current thread (0x0000024a5581f2b0):  JavaThread "C2 CompilerThread1" daemon [_thread_in_native, id=10380, stack(0x000000b011f00000,0x000000b012000000)]


Current CompileTask:
C2:   2485 2130       4       java.util.Properties::loadConvert (544 bytes)

Stack: [0x000000b011f00000,0x000000b012000000]
Native frames: (J=compiled Java code, j=interpreted, Vv=VM code, C=native code)
V  [jvm.dll+0x62ae9a]
V  [jvm.dll+0x781389]
V  [jvm.dll+0x782ae3]
V  [jvm.dll+0x783143]
V  [jvm.dll+0x216265]
V  [jvm.dll+0x97efa]
V  [jvm.dll+0x985dc]
V  [jvm.dll+0x27a1bf]
V  [jvm.dll+0x5408d4]
V  [jvm.dll+0x1f3064]
V  [jvm.dll+0x1eca31]
V  [jvm.dll+0x1e97a7]
V  [jvm.dll+0x1784c7]
V  [jvm.dll+0x1f9165]
V  [jvm.dll+0x1f720c]
V  [jvm.dll+0x74485d]
V  [jvm.dll+0x73d65a]
V  [jvm.dll+0x629c56]
C  [ucrtbase.dll+0x21bb2]
C  [KERNEL32.DLL+0x17034]
C  [ntdll.dll+0x52651]


---------------  P R O C E S S  ---------------

Threads class SMR info:
_java_thread_list=0x0000024a5710ef00, length=18, elements={
0x0000024a3a6db490, 0x0000024a3a794f40, 0x0000024a3a7961c0, 0x0000024a3a7ae790,
0x0000024a542f5330, 0x0000024a542f73a0, 0x0000024a542f8730, 0x0000024a542f9030,
0x0000024a54307df0, 0x0000024a55654f20, 0x0000024a55809f50, 0x0000024a5581f2b0,
0x0000024a5688db90, 0x0000024a56a88230, 0x0000024a56a75b80, 0x0000024a56c59cb0,
0x0000024a56a859e0, 0x0000024a571f8200
}

Java Threads: ( => current thread )
  0x0000024a3a6db490 JavaThread "main" [_thread_blocked, id=9844, stack(0x000000b011100000,0x000000b011200000)]
  0x0000024a3a794f40 JavaThread "Reference Handler" daemon [_thread_blocked, id=9140, stack(0x000000b011400000,0x000000b011500000)]
  0x0000024a3a7961c0 JavaThread "Finalizer" daemon [_thread_blocked, id=8272, stack(0x000000b011500000,0x000000b011600000)]
  0x0000024a3a7ae790 JavaThread "Signal Dispatcher" daemon [_thread_blocked, id=7820, stack(0x000000b011600000,0x000000b011700000)]
  0x0000024a542f5330 JavaThread "Attach Listener" daemon [_thread_blocked, id=8412, stack(0x000000b011700000,0x000000b011800000)]
  0x0000024a542f73a0 JavaThread "Service Thread" daemon [_thread_blocked, id=7392, stack(0x000000b011800000,0x000000b011900000)]
  0x0000024a542f8730 JavaThread "C2 CompilerThread0" daemon [_thread_in_native, id=11372, stack(0x000000b011900000,0x000000b011a00000)]
  0x0000024a542f9030 JavaThread "C1 CompilerThread0" daemon [_thread_in_native, id=13256, stack(0x000000b011a00000,0x000000b011b00000)]
  0x0000024a54307df0 JavaThread "Sweeper thread" daemon [_thread_blocked, id=7232, stack(0x000000b011b00000,0x000000b011c00000)]
  0x0000024a55654f20 JavaThread "Common-Cleaner" daemon [_thread_blocked, id=3320, stack(0x000000b011c00000,0x000000b011d00000)]
  0x0000024a55809f50 JavaThread "Notification Thread" daemon [_thread_blocked, id=9872, stack(0x000000b011d00000,0x000000b011e00000)]
=>0x0000024a5581f2b0 JavaThread "C2 CompilerThread1" daemon [_thread_in_native, id=10380, stack(0x000000b011f00000,0x000000b012000000)]
  0x0000024a5688db90 JavaThread "Active Thread: Equinox Container: 34ad7cdf-cadd-4d25-adf1-94553670634f" [_thread_blocked, id=6076, stack(0x000000b012100000,0x000000b012200000)]
  0x0000024a56a88230 JavaThread "Framework Event Dispatcher: Equinox Container: 34ad7cdf-cadd-4d25-adf1-94553670634f" daemon [_thread_blocked, id=9324, stack(0x000000b012400000,0x000000b012500000)]
  0x0000024a56a75b80 JavaThread "Start Level: Equinox Container: 34ad7cdf-cadd-4d25-adf1-94553670634f" daemon [_thread_in_native, id=8672, stack(0x000000b012500000,0x000000b012600000)]
  0x0000024a56c59cb0 JavaThread "SCR Component Actor" daemon [_thread_blocked, id=10096, stack(0x000000b012600000,0x000000b012700000)]
  0x0000024a56a859e0 JavaThread "Timer-0" daemon [_thread_blocked, id=5732, stack(0x000000b012700000,0x000000b012800000)]
  0x0000024a571f8200 JavaThread "Worker-JM" [_thread_blocked, id=3604, stack(0x000000b012800000,0x000000b012900000)]

Other Threads:
  0x0000024a55560dc0 VMThread "VM Thread" [stack: 0x000000b011300000,0x000000b011400000] [id=4540]
  0x0000024a5581b9f0 WatcherThread [stack: 0x000000b011e00000,0x000000b011f00000] [id=3908]
  0x0000024a3a6f1cd0 GCTaskThread "GC Thread#0" [stack: 0x000000b011200000,0x000000b011300000] [id=4604]
  0x0000024a5573ab00 GCTaskThread "GC Thread#1" [stack: 0x000000b012000000,0x000000b012100000] [id=8904]
  0x0000024a5573b160 GCTaskThread "GC Thread#2" [stack: 0x000000b012200000,0x000000b012300000] [id=7356]
  0x0000024a56c4cf50 GCTaskThread "GC Thread#3" [stack: 0x000000b012300000,0x000000b012400000] [id=6384]

Threads with active compile tasks:
C2 CompilerThread0     2552 2152 %     4       java.util.Properties$LineReader::readLine @ 53 (584 bytes)
C2 CompilerThread1     2552 2130       4       java.util.Properties::loadConvert (544 bytes)

VM state: not at safepoint (normal execution)

VM Mutex/Monitor currently owned by a thread: None

Heap address: 0x00000000c0000000, size: 1024 MB, Compressed Oops mode: 32-bit
CDS archive(s) mapped at: [0x0000000800000000-0x0000000800b50000-0x0000000800b50000), size 11862016, SharedBaseAddress: 0x0000000800000000, ArchiveRelocationMode: 0.
Compressed class space mapped at: 0x0000000800b50000-0x0000000840b50000, size: 1073741824
Narrow klass base: 0x0000000800000000, Narrow klass shift: 3, Narrow klass range: 0x100000000

GC Precious Log:
 CPUs: 8 total, 8 available
 Memory: 7116M
 Large Page Support: Disabled
 NUMA Support: Disabled
 Compressed Oops: Enabled (32-bit)
 Heap Min Capacity: 100M
 Heap Initial Capacity: 100M
 Heap Max Capacity: 1G
 Pre-touch: Disabled
 Parallel Workers: 8

Heap:
 PSYoungGen      total 29696K, used 29275K [0x00000000eab00000, 0x00000000ecc00000, 0x0000000100000000)
  eden space 25600K, 98% used [0x00000000eab00000,0x00000000ec3982c8,0x00000000ec400000)
  from space 4096K, 99% used [0x00000000ec800000,0x00000000ecbfec98,0x00000000ecc00000)
  to   space 4096K, 0% used [0x00000000ec400000,0x00000000ec400000,0x00000000ec800000)
 ParOldGen       total 68608K, used 1546K [0x00000000c0000000, 0x00000000c4300000, 0x00000000eab00000)
  object space 68608K, 2% used [0x00000000c0000000,0x00000000c0182ab8,0x00000000c4300000)
 Metaspace       used 13467K, capacity 14413K, committed 14464K, reserved 1062912K
  class space    used 1308K, capacity 1629K, committed 1664K, reserved 1048576K

Card table byte_map: [0x0000024a3a090000,0x0000024a3a2a0000] _byte_map_base: 0x0000024a39a90000

Marking Bits: (ParMarkBitMap*) 0x00007ffd73cec0f0
 Begin Bits: [0x0000024a51910000, 0x0000024a52910000)
 End Bits:   [0x0000024a52910000, 0x0000024a53910000)

Polling page: 0x0000024a38560000

Metaspace:

Usage:
  Non-class:     12.48 MB capacity,    11.87 MB ( 95%) used,   605.55 KB (  5%) free+waste,    19.19 KB ( <1%) overhead. 
      Class:      1.59 MB capacity,     1.28 MB ( 80%) used,   310.79 KB ( 19%) free+waste,     9.75 KB ( <1%) overhead. 
       Both:     14.08 MB capacity,    13.15 MB ( 93%) used,   916.34 KB (  6%) free+waste,    28.94 KB ( <1%) overhead. 

Virtual space:
  Non-class space:       14.00 MB reserved,      12.50 MB ( 89%) committed 
      Class space:        1.00 GB reserved,       1.62 MB ( <1%) committed 
             Both:        1.01 GB reserved,      14.12 MB (  1%) committed 

Chunk freelists:
   Non-Class:  16.00 KB
       Class:  3.00 KB
        Both:  19.00 KB

MaxMetaspaceSize: 17179869184.00 GB
CompressedClassSpaceSize: 1.00 GB

CodeHeap 'non-profiled nmethods': size=120000Kb used=834Kb max_used=834Kb free=119165Kb
 bounds [0x0000024a4a3e0000, 0x0000024a4a650000, 0x0000024a51910000]
CodeHeap 'profiled nmethods': size=120000Kb used=4197Kb max_used=4197Kb free=115802Kb
 bounds [0x0000024a42eb0000, 0x0000024a432d0000, 0x0000024a4a3e0000]
CodeHeap 'non-nmethods': size=5760Kb used=1189Kb max_used=1204Kb free=4570Kb
 bounds [0x0000024a42910000, 0x0000024a42b80000, 0x0000024a42eb0000]
 total_blobs=2605 nmethods=2151 adapters=368
 compilation: enabled
              stopped_count=0, restarted_count=0
 full_count=0

Compilation events (20 events):
Event: 2.472 Thread 0x0000024a542f9030 2125       3       jdk.internal.misc.Unsafe::ensureClassInitialized (18 bytes)
Event: 2.472 Thread 0x0000024a542f9030 nmethod 2125 0x0000024a432afe10 code [0x0000024a432affc0, 0x0000024a432b01f8]
Event: 2.472 Thread 0x0000024a542f9030 2127       3       java.lang.reflect.Field::getFieldAccessor (35 bytes)
Event: 2.472 Thread 0x0000024a542f9030 nmethod 2127 0x0000024a432b0310 code [0x0000024a432b04c0, 0x0000024a432b06a8]
Event: 2.472 Thread 0x0000024a542f9030 2128       3       java.lang.reflect.Field::acquireFieldAccessor (59 bytes)
Event: 2.473 Thread 0x0000024a542f9030 nmethod 2128 0x0000024a432b0790 code [0x0000024a432b0960, 0x0000024a432b0e38]
Event: 2.473 Thread 0x0000024a542f9030 2129       3       java.lang.reflect.Field::getFieldAccessor (16 bytes)
Event: 2.473 Thread 0x0000024a542f9030 nmethod 2129 0x0000024a432b1010 code [0x0000024a432b11a0, 0x0000024a432b12f8]
Event: 2.473 Thread 0x0000024a5581f2b0 2130       4       java.util.Properties::loadConvert (544 bytes)
Event: 2.474 Thread 0x0000024a542f8730 nmethod 2122 0x0000024a4a4ac890 code [0x0000024a4a4aca20, 0x0000024a4a4ace98]
Event: 2.477 Thread 0x0000024a542f9030 2131   !   3       java.util.Collections$SynchronizedMap::get (25 bytes)
Event: 2.477 Thread 0x0000024a542f9030 nmethod 2131 0x0000024a432b1390 code [0x0000024a432b1540, 0x0000024a432b17e8]
Event: 2.477 Thread 0x0000024a542f9030 2132       1       org.eclipse.core.internal.registry.Handle::getId (5 bytes)
Event: 2.477 Thread 0x0000024a542f9030 nmethod 2132 0x0000024a4a4ad110 code [0x0000024a4a4ad2a0, 0x0000024a4a4ad358]
Event: 2.477 Thread 0x0000024a542f9030 2133       1       org.eclipse.core.internal.registry.ReferenceMap$SoftRef::getKey (5 bytes)
Event: 2.478 Thread 0x0000024a542f9030 nmethod 2133 0x0000024a4a4ad410 code [0x0000024a4a4ad5a0, 0x0000024a4a4ad658]
Event: 2.478 Thread 0x0000024a542f9030 2134       3       java.lang.invoke.TypeConvertingMethodAdapter::convertType (299 bytes)
Event: 2.481 Thread 0x0000024a542f9030 nmethod 2134 0x0000024a432b1910 code [0x0000024a432b1ee0, 0x0000024a432b5088]
Event: 2.482 Thread 0x0000024a542f9030 2135       3       org.objectweb.asm.SymbolTable$Entry::<init> (18 bytes)
Event: 2.482 Thread 0x0000024a542f9030 nmethod 2135 0x0000024a432b6110 code [0x0000024a432b62c0, 0x0000024a432b6428]

GC Heap History (4 events):
Event: 1.068 GC heap before
{Heap before GC invocations=1 (full 0):
 PSYoungGen      total 29696K, used 25600K [0x00000000eab00000, 0x00000000ecc00000, 0x0000000100000000)
  eden space 25600K, 100% used [0x00000000eab00000,0x00000000ec400000,0x00000000ec400000)
  from space 4096K, 0% used [0x00000000ec800000,0x00000000ec800000,0x00000000ecc00000)
  to   space 4096K, 0% used [0x00000000ec400000,0x00000000ec400000,0x00000000ec800000)
 ParOldGen       total 68608K, used 0K [0x00000000c0000000, 0x00000000c4300000, 0x00000000eab00000)
  object space 68608K, 0% used [0x00000000c0000000,0x00000000c0000000,0x00000000c4300000)
 Metaspace       used 4391K, capacity 5613K, committed 5760K, reserved 1056768K
  class space    used 414K, capacity 514K, committed 640K, reserved 1048576K
}
Event: 1.076 GC heap after
{Heap after GC invocations=1 (full 0):
 PSYoungGen      total 29696K, used 2916K [0x00000000eab00000, 0x00000000ecc00000, 0x0000000100000000)
  eden space 25600K, 0% used [0x00000000eab00000,0x00000000eab00000,0x00000000ec400000)
  from space 4096K, 71% used [0x00000000ec400000,0x00000000ec6d9130,0x00000000ec800000)
  to   space 4096K, 0% used [0x00000000ec800000,0x00000000ec800000,0x00000000ecc00000)
 ParOldGen       total 68608K, used 8K [0x00000000c0000000, 0x00000000c4300000, 0x00000000eab00000)
  object space 68608K, 0% used [0x00000000c0000000,0x00000000c0002000,0x00000000c4300000)
 Metaspace       used 4391K, capacity 5613K, committed 5760K, reserved 1056768K
  class space    used 414K, capacity 514K, committed 640K, reserved 1048576K
}
Event: 1.854 GC heap before
{Heap before GC invocations=2 (full 0):
 PSYoungGen      total 29696K, used 28516K [0x00000000eab00000, 0x00000000ecc00000, 0x0000000100000000)
  eden space 25600K, 100% used [0x00000000eab00000,0x00000000ec400000,0x00000000ec400000)
  from space 4096K, 71% used [0x00000000ec400000,0x00000000ec6d9130,0x00000000ec800000)
  to   space 4096K, 0% used [0x00000000ec800000,0x00000000ec800000,0x00000000ecc00000)
 ParOldGen       total 68608K, used 8K [0x00000000c0000000, 0x00000000c4300000, 0x00000000eab00000)
  object space 68608K, 0% used [0x00000000c0000000,0x00000000c0002000,0x00000000c4300000)
 Metaspace       used 8061K, capacity 8341K, committed 8576K, reserved 1056768K
  class space    used 750K, capacity 841K, committed 896K, reserved 1048576K
}
Event: 1.866 GC heap after
{Heap after GC invocations=2 (full 0):
 PSYoungGen      total 29696K, used 4091K [0x00000000eab00000, 0x00000000ecc00000, 0x0000000100000000)
  eden space 25600K, 0% used [0x00000000eab00000,0x00000000eab00000,0x00000000ec400000)
  from space 4096K, 99% used [0x00000000ec800000,0x00000000ecbfec98,0x00000000ecc00000)
  to   space 4096K, 0% used [0x00000000ec400000,0x00000000ec400000,0x00000000ec800000)
 ParOldGen       total 68608K, used 1546K [0x00000000c0000000, 0x00000000c4300000, 0x00000000eab00000)
  object space 68608K, 2% used [0x00000000c0000000,0x00000000c0182ab8,0x00000000c4300000)
 Metaspace       used 8061K, capacity 8341K, committed 8576K, reserved 1056768K
  class space    used 750K, capacity 841K, committed 896K, reserved 1048576K
}

Deoptimization events (20 events):
Event: 2.381 Thread 0x0000024a56a75b80 DEOPT PACKING pc=0x0000024a4a3f8074 sp=0x000000b0125f8340
Event: 2.381 Thread 0x0000024a56a75b80 DEOPT UNPACKING pc=0x0000024a4295e42f sp=0x000000b0125f8268 mode 2
Event: 2.381 Thread 0x0000024a56a75b80 Uncommon trap: trap_request=0xffffff45 fr.pc=0x0000024a4a3fc25c relative=0x000000000000033c
Event: 2.381 Thread 0x0000024a56a75b80 Uncommon trap: reason=unstable_if action=reinterpret pc=0x0000024a4a3fc25c method=java.lang.AbstractStringBuilder.isLatin1()Z @ 10 c2
Event: 2.381 Thread 0x0000024a56a75b80 DEOPT PACKING pc=0x0000024a4a3fc25c sp=0x000000b0125f8360
Event: 2.381 Thread 0x0000024a56a75b80 DEOPT UNPACKING pc=0x0000024a4295e42f sp=0x000000b0125f82e0 mode 2
Event: 2.390 Thread 0x0000024a56a75b80 Uncommon trap: trap_request=0xffffff45 fr.pc=0x0000024a4a40e544 relative=0x0000000000000044
Event: 2.390 Thread 0x0000024a56a75b80 Uncommon trap: reason=unstable_if action=reinterpret pc=0x0000024a4a40e544 method=java.lang.CharacterData.of(I)Ljava/lang/CharacterData; @ 4 c2
Event: 2.390 Thread 0x0000024a56a75b80 DEOPT PACKING pc=0x0000024a4a40e544 sp=0x000000b0125f7b10
Event: 2.390 Thread 0x0000024a56a75b80 DEOPT UNPACKING pc=0x0000024a4295e42f sp=0x000000b0125f7aa8 mode 2
Event: 2.449 Thread 0x0000024a56a75b80 DEOPT PACKING pc=0x0000024a42f95636 sp=0x000000b0125f77c0
Event: 2.449 Thread 0x0000024a56a75b80 DEOPT UNPACKING pc=0x0000024a4295e23f sp=0x000000b0125f6cb8 mode 0
Event: 2.470 Thread 0x0000024a56a75b80 DEOPT PACKING pc=0x0000024a42f95636 sp=0x000000b0125f8970
Event: 2.470 Thread 0x0000024a56a75b80 DEOPT UNPACKING pc=0x0000024a4295e23f sp=0x000000b0125f7e68 mode 0
Event: 2.472 Thread 0x0000024a56a75b80 DEOPT PACKING pc=0x0000024a42f95636 sp=0x000000b0125f8970
Event: 2.472 Thread 0x0000024a56a75b80 DEOPT UNPACKING pc=0x0000024a4295e23f sp=0x000000b0125f7e68 mode 0
Event: 2.482 Thread 0x0000024a56a75b80 Uncommon trap: trap_request=0xffffff45 fr.pc=0x0000024a4a4169d4 relative=0x0000000000000bb4
Event: 2.482 Thread 0x0000024a56a75b80 Uncommon trap: reason=unstable_if action=reinterpret pc=0x0000024a4a4169d4 method=lombok.patcher.PatchScript.classMatches(Ljava/lang/String;Ljava/util/Collection;)Z @ 25 c2
Event: 2.482 Thread 0x0000024a56a75b80 DEOPT PACKING pc=0x0000024a4a4169d4 sp=0x000000b0125f6990
Event: 2.482 Thread 0x0000024a56a75b80 DEOPT UNPACKING pc=0x0000024a4295e42f sp=0x000000b0125f6950 mode 2

Classes unloaded (0 events):
No events

Classes redefined (0 events):
No events

Internal exceptions (20 events):
Event: 1.050 Thread 0x0000024a3a6db490 Implicit null exception at 0x0000024a4a43415b to 0x0000024a4a434ac4
Event: 1.051 Thread 0x0000024a3a6db490 Implicit null exception at 0x0000024a4a43908c to 0x0000024a4a4392c0
Event: 1.051 Thread 0x0000024a3a6db490 Implicit null exception at 0x0000024a4a42148e to 0x0000024a4a4216d0
Event: 1.051 Thread 0x0000024a3a6db490 Implicit null exception at 0x0000024a4a431c2f to 0x0000024a4a431ca9
Event: 1.117 Thread 0x0000024a3a6db490 Exception <a 'java/lang/NoSuchMethodError'{0x00000000eacb2a48}: 'int java.lang.invoke.DirectMethodHandle$Holder.invokeStaticInit(java.lang.Object, java.lang.Object, java.lang.Object, java.lang.Object)'> (0x00000000eacb2a48) 
thrown [./open/src/hotspot/share/interpreter/linkResolver.cpp, line 782]
Event: 1.119 Thread 0x0000024a3a6db490 Exception <a 'java/lang/NoSuchMethodError'{0x00000000eacbdd08}: 'java.lang.Object java.lang.invoke.DirectMethodHandle$Holder.invokeInterface(java.lang.Object, java.lang.Object)'> (0x00000000eacbdd08) 
thrown [./open/src/hotspot/share/interpreter/linkResolver.cpp, line 782]
Event: 1.120 Thread 0x0000024a3a6db490 Exception <a 'java/lang/IncompatibleClassChangeError'{0x00000000eacc1700}: Found class java.lang.Object, but interface was expected> (0x00000000eacc1700) 
thrown [./open/src/hotspot/share/interpreter/linkResolver.cpp, line 848]
Event: 1.122 Thread 0x0000024a3a6db490 Exception <a 'java/lang/NoSuchMethodError'{0x00000000eaccd2f0}: 'int java.lang.invoke.DirectMethodHandle$Holder.invokeStaticInit(java.lang.Object, java.lang.Object)'> (0x00000000eaccd2f0) 
thrown [./open/src/hotspot/share/interpreter/linkResolver.cpp, line 782]
Event: 1.161 Thread 0x0000024a3a6db490 Exception <a 'java/lang/NoSuchMethodError'{0x00000000eadb40c0}: 'java.lang.Object java.lang.invoke.DirectMethodHandle$Holder.invokeStaticInit(java.lang.Object, int, int, int, int)'> (0x00000000eadb40c0) 
thrown [./open/src/hotspot/share/interpreter/linkResolver.cpp, line 782]
Event: 1.227 Thread 0x0000024a3a6db490 Exception <a 'java/lang/NoSuchMethodError'{0x00000000eaf0b568}: 'java.lang.Object java.lang.invoke.DirectMethodHandle$Holder.invokeStaticInit(java.lang.Object, java.lang.Object, int, int, int, int)'> (0x00000000eaf0b568) 
thrown [./open/src/hotspot/share/interpreter/linkResolver.cpp, line 782]
Event: 1.278 Thread 0x0000024a3a6db490 Exception <a 'java/lang/NoSuchMethodError'{0x00000000eb0db690}: 'void java.lang.invoke.DirectMethodHandle$Holder.invokeInterface(java.lang.Object, java.lang.Object)'> (0x00000000eb0db690) 
thrown [./open/src/hotspot/share/interpreter/linkResolver.cpp, line 782]
Event: 1.288 Thread 0x0000024a3a6db490 Exception <a 'java/lang/NoSuchMethodError'{0x00000000eb138b00}: 'java.lang.Object java.lang.invoke.DirectMethodHandle$Holder.newInvokeSpecial(java.lang.Object, int, java.lang.Object, java.lang.Object)'> (0x00000000eb138b00) 
thrown [./open/src/hotspot/share/interpreter/linkResolver.cpp, line 782]
Event: 1.466 Thread 0x0000024a3a6db490 Exception <a 'java/lang/NoSuchMethodError'{0x00000000eb75def0}: 'void java.lang.invoke.DirectMethodHandle$Holder.invokeStatic(java.lang.Object, java.lang.Object, java.lang.Object, java.lang.Object)'> (0x00000000eb75def0) 
thrown [./open/src/hotspot/share/interpreter/linkResolver.cpp, line 782]
Event: 1.525 Thread 0x0000024a3a6db490 Exception <a 'java/lang/NoSuchMethodError'{0x00000000eb962328}: 'java.lang.Object java.lang.invoke.Invokers$Holder.invokeExact_MT(java.lang.Object, java.lang.Object, java.lang.Object, java.lang.Object, java.lang.Object, java.lang.Object)'> (0x00000000eb962328) 
thrown [./open/src/hotspot/share/interpreter/linkResolver.cpp, line 782]
Event: 1.634 Thread 0x0000024a3a6db490 Exception <a 'java/lang/NoSuchMethodError'{0x00000000ebcab498}: 'java.lang.Object java.lang.invoke.DirectMethodHandle$Holder.newInvokeSpecial(java.lang.Object, int, java.lang.Object)'> (0x00000000ebcab498) 
thrown [./open/src/hotspot/share/interpreter/linkResolver.cpp, line 782]
Event: 1.870 Thread 0x0000024a3a6db490 Exception <a 'java/lang/NoSuchMethodError'{0x00000000eab09a78}: 'java.lang.Object java.lang.invoke.Invokers$Holder.linkToTargetMethod(java.lang.Object, java.lang.Object, java.lang.Object, int, java.lang.Object)'> (0x00000000eab09a78) 
thrown [./open/src/hotspot/share/interpreter/linkResolver.cpp, line 782]
Event: 1.884 Thread 0x0000024a56a88230 Implicit null exception at 0x0000024a4a42228b to 0x0000024a4a422354
Event: 1.888 Thread 0x0000024a3a6db490 Exception <a 'java/lang/UnsatisfiedLinkError'{0x00000000eab5da18}: 'void org.eclipse.equinox.launcher.JNIBridge._update_splash()'> (0x00000000eab5da18) 
thrown [./open/src/hotspot/share/prims/nativeLookup.cpp, line 530]
Event: 2.147 Thread 0x0000024a56a75b80 Exception <a 'java/io/FileNotFoundException'{0x00000000eb5c45b8}> (0x00000000eb5c45b8) 
thrown [./open/src/hotspot/share/prims/jni.cpp, line 578]
Event: 2.416 Thread 0x0000024a56a75b80 Exception <a 'java/lang/NoSuchMethodError'{0x00000000ebdf4c10}: 'void java.lang.invoke.DirectMethodHandle$Holder.invokeInterface(java.lang.Object, java.lang.Object, java.lang.Object)'> (0x00000000ebdf4c10) 
thrown [./open/src/hotspot/share/interpreter/linkResolver.cpp, line 782]

Events (20 events):
Event: 2.376 loading class sun/util/resources/LocaleData$LocaleDataResourceBundleProvider
Event: 2.376 loading class java/util/spi/ResourceBundleProvider
Event: 2.376 loading class java/util/spi/ResourceBundleProvider done
Event: 2.376 loading class sun/util/resources/LocaleData$LocaleDataResourceBundleProvider done
Event: 2.376 loading class sun/util/resources/LocaleData$CommonResourceBundleProvider done
Event: 2.377 loading class sun/util/resources/Bundles$2
Event: 2.377 loading class sun/util/resources/Bundles$2 done
Event: 2.391 Executing VM operation: HandshakeAllThreads
Event: 2.391 Executing VM operation: HandshakeAllThreads done
Event: 2.424 Thread 0x0000024a571f8200 Thread added: 0x0000024a571f8200
Event: 2.427 loading class java/net/URISyntaxException
Event: 2.427 loading class java/net/URISyntaxException done
Event: 2.448 loading class jdk/internal/reflect/UnsafeStaticObjectFieldAccessorImpl
Event: 2.448 loading class jdk/internal/reflect/UnsafeStaticObjectFieldAccessorImpl done
Event: 2.465 loading class java/lang/AbstractMethodError
Event: 2.465 loading class java/lang/AbstractMethodError done
Event: 2.478 loading class java/util/Comparators$NaturalOrderComparator
Event: 2.478 loading class java/util/Comparators$NaturalOrderComparator done
Event: 2.478 loading class java/util/Collections$ReverseComparator2
Event: 2.479 loading class java/util/Collections$ReverseComparator2 done


Dynamic libraries:
0x00007ff641cf0000 - 0x00007ff641cff000 	C:\Program Files\Java\jdk-15.0.1\bin\java.exe
0x00007ffdc4830000 - 0x00007ffdc4a25000 	C:\WINDOWS\SYSTEM32\ntdll.dll
0x00007ffdc4590000 - 0x00007ffdc464d000 	C:\WINDOWS\System32\KERNEL32.DLL
0x00007ffdc2180000 - 0x00007ffdc2449000 	C:\WINDOWS\System32\KERNELBASE.dll
0x00007ffdc2530000 - 0x00007ffdc2630000 	C:\WINDOWS\System32\ucrtbase.dll
0x00007ffdb4d90000 - 0x00007ffdb4da9000 	C:\Program Files\Java\jdk-15.0.1\bin\VCRUNTIME140.dll
0x00007ffdb5070000 - 0x00007ffdb5088000 	C:\Program Files\Java\jdk-15.0.1\bin\jli.dll
0x00007ffdc3430000 - 0x00007ffdc34dc000 	C:\WINDOWS\System32\ADVAPI32.dll
0x00007ffdc3710000 - 0x00007ffdc37ae000 	C:\WINDOWS\System32\msvcrt.dll
0x00007ffdc2f40000 - 0x00007ffdc2fdb000 	C:\WINDOWS\System32\sechost.dll
0x00007ffdc35e0000 - 0x00007ffdc370a000 	C:\WINDOWS\System32\RPCRT4.dll
0x00007ffdc4650000 - 0x00007ffdc47f0000 	C:\WINDOWS\System32\USER32.dll
0x00007ffda4ec0000 - 0x00007ffda515a000 	C:\WINDOWS\WinSxS\amd64_microsoft.windows.common-controls_6595b64144ccf1df_6.0.19041.1110_none_60b5254171f9507e\COMCTL32.dll
0x00007ffdc2500000 - 0x00007ffdc2522000 	C:\WINDOWS\System32\win32u.dll
0x00007ffdc37b0000 - 0x00007ffdc37da000 	C:\WINDOWS\System32\GDI32.dll
0x00007ffdc26d0000 - 0x00007ffdc27db000 	C:\WINDOWS\System32\gdi32full.dll
0x00007ffdc2630000 - 0x00007ffdc26cd000 	C:\WINDOWS\System32\msvcp_win.dll
0x00007ffdb9520000 - 0x00007ffdb952a000 	C:\WINDOWS\SYSTEM32\VERSION.dll
0x00007ffdc2fe0000 - 0x00007ffdc3010000 	C:\WINDOWS\System32\IMM32.DLL
0x00007ffdbae50000 - 0x00007ffdbae5c000 	C:\Program Files\Java\jdk-15.0.1\bin\vcruntime140_1.dll
0x00007ffd84d90000 - 0x00007ffd84e21000 	C:\Program Files\Java\jdk-15.0.1\bin\msvcp140.dll
0x00007ffd73250000 - 0x00007ffd73dae000 	C:\Program Files\Java\jdk-15.0.1\bin\server\jvm.dll
0x00007ffdc3420000 - 0x00007ffdc3428000 	C:\WINDOWS\System32\PSAPI.DLL
0x00007ffdbd9e0000 - 0x00007ffdbd9e9000 	C:\WINDOWS\SYSTEM32\WSOCK32.dll
0x00007ffdc2e70000 - 0x00007ffdc2edb000 	C:\WINDOWS\System32\WS2_32.dll
0x00007ffdb7060000 - 0x00007ffdb7087000 	C:\WINDOWS\SYSTEM32\WINMM.dll
0x00007ffdc0840000 - 0x00007ffdc0852000 	C:\WINDOWS\SYSTEM32\kernel.appcore.dll
0x00007ffdbaa30000 - 0x00007ffdbaa3a000 	C:\Program Files\Java\jdk-15.0.1\bin\jimage.dll
0x00007ffdbfca0000 - 0x00007ffdbfe84000 	C:\WINDOWS\SYSTEM32\DBGHELP.DLL
0x00007ffdb94d0000 - 0x00007ffdb94fc000 	C:\WINDOWS\SYSTEM32\dbgcore.DLL
0x00007ffdc20f0000 - 0x00007ffdc2173000 	C:\WINDOWS\System32\bcryptPrimitives.dll
0x00007ffdb5060000 - 0x00007ffdb506e000 	C:\Program Files\Java\jdk-15.0.1\bin\instrument.dll
0x00007ffdb1bb0000 - 0x00007ffdb1bd5000 	C:\Program Files\Java\jdk-15.0.1\bin\java.dll
0x00007ffdc3d30000 - 0x00007ffdc446f000 	C:\WINDOWS\System32\SHELL32.dll
0x00007ffdbfe90000 - 0x00007ffdc0620000 	C:\WINDOWS\SYSTEM32\windows.storage.dll
0x00007ffdc38e0000 - 0x00007ffdc3c35000 	C:\WINDOWS\System32\combase.dll
0x00007ffdc1950000 - 0x00007ffdc197c000 	C:\WINDOWS\SYSTEM32\Wldp.dll
0x00007ffdc2890000 - 0x00007ffdc293e000 	C:\WINDOWS\System32\SHCORE.dll
0x00007ffdc3c40000 - 0x00007ffdc3c95000 	C:\WINDOWS\System32\shlwapi.dll
0x00007ffdc1ea0000 - 0x00007ffdc1ebf000 	C:\WINDOWS\SYSTEM32\profapi.dll
0x00007ffdb19b0000 - 0x00007ffdb19c8000 	C:\Program Files\Java\jdk-15.0.1\bin\zip.dll
0x00007ffdb4cd0000 - 0x00007ffdb4ce9000 	C:\Program Files\Java\jdk-15.0.1\bin\net.dll
0x00007ffdbbf80000 - 0x00007ffdbc088000 	C:\WINDOWS\SYSTEM32\WINHTTP.dll
0x00007ffdc16b0000 - 0x00007ffdc171a000 	C:\WINDOWS\system32\mswsock.dll
0x00007ffdb2a00000 - 0x00007ffdb2a12000 	C:\Program Files\Java\jdk-15.0.1\bin\nio.dll
0x00007ffdba7c0000 - 0x00007ffdba7d0000 	C:\Program Files\Java\jdk-15.0.1\bin\verify.dll
0x00007ffdc18b0000 - 0x00007ffdc18c8000 	C:\WINDOWS\SYSTEM32\CRYPTSP.dll
0x00007ffdc0fd0000 - 0x00007ffdc1004000 	C:\WINDOWS\system32\rsaenh.dll
0x00007ffdc20c0000 - 0x00007ffdc20e7000 	C:\WINDOWS\System32\bcrypt.dll
0x00007ffdc1e20000 - 0x00007ffdc1e4e000 	C:\WINDOWS\SYSTEM32\USERENV.dll
0x00007ffdc18a0000 - 0x00007ffdc18ac000 	C:\WINDOWS\SYSTEM32\CRYPTBASE.dll
0x00007ffdc13a0000 - 0x00007ffdc13db000 	C:\WINDOWS\SYSTEM32\IPHLPAPI.DLL
0x00007ffdc35d0000 - 0x00007ffdc35d8000 	C:\WINDOWS\System32\NSI.dll
0x00007ffdba740000 - 0x00007ffdba757000 	C:\WINDOWS\SYSTEM32\dhcpcsvc6.DLL
0x00007ffdbb160000 - 0x00007ffdbb17d000 	C:\WINDOWS\SYSTEM32\dhcpcsvc.DLL
0x00007ffdc13e0000 - 0x00007ffdc14ac000 	C:\WINDOWS\SYSTEM32\DNSAPI.dll
0x00007ffda09c0000 - 0x00007ffda09fe000 	C:\Users\ADMIN\AppData\Roaming\Code\User\globalStorage\redhat.java\0.81.0\config_win\org.eclipse.equinox.launcher\org.eclipse.equinox.launcher.win32.win32.x86_64_1.2.300.v20210622-1446\eclipse_11503.dll

dbghelp: loaded successfully - version: 4.0.5 - missing functions: none
symbol engine: initialized successfully - sym options: 0x614 - pdb path: .;C:\Program Files\Java\jdk-15.0.1\bin;C:\WINDOWS\SYSTEM32;C:\WINDOWS\WinSxS\amd64_microsoft.windows.common-controls_6595b64144ccf1df_6.0.19041.1110_none_60b5254171f9507e;C:\Program Files\Java\jdk-15.0.1\bin\server;C:\Users\ADMIN\AppData\Roaming\Code\User\globalStorage\redhat.java\0.81.0\config_win\org.eclipse.equinox.launcher\org.eclipse.equinox.launcher.win32.win32.x86_64_1.2.300.v20210622-1446

VM Arguments:
jvm_args: --add-modules=ALL-SYSTEM --add-opens=java.base/java.util=ALL-UNNAMED --add-opens=java.base/java.lang=ALL-UNNAMED -Declipse.application=org.eclipse.jdt.ls.core.id1 -Dosgi.bundles.defaultStartLevel=4 -Declipse.product=org.eclipse.jdt.ls.core.product -Dfile.encoding=utf8 -DwatchParentProcess=false -XX:+UseParallelGC -XX:GCTimeRatio=4 -XX:AdaptiveSizePolicyWeight=90 -Dsun.zip.disableMemoryMapping=true -Xmx1G -Xms100m -javaagent:c:\Users\ADMIN\.vscode\extensions\gabrielbb.vscode-lombok-1.0.1\server\lombok.jar 
java_command: c:\Users\ADMIN\.vscode\extensions\redhat.java-0.81.0\server\plugins\org.eclipse.equinox.launcher_1.6.200.v20210416-2027.jar -configuration c:\Users\ADMIN\AppData\Roaming\Code\User\globalStorage\redhat.java\0.81.0\config_win -data c:\Users\ADMIN\AppData\Roaming\Code\User\workspaceStorage\2096a02ef39fdbcbc7abb9b74ce8bc2e\redhat.java\jdt_ws
java_class_path (initial): c:\Users\ADMIN\.vscode\extensions\redhat.java-0.81.0\server\plugins\org.eclipse.equinox.launcher_1.6.200.v20210416-2027.jar
Launcher Type: SUN_STANDARD

[Global flags]
    uintx AdaptiveSizePolicyWeight                 = 90                                        {product} {command line}
     intx CICompilerCount                          = 4                                         {product} {ergonomic}
    uintx GCTimeRatio                              = 4                                         {product} {command line}
   size_t InitialHeapSize                          = 104857600                                 {product} {command line}
   size_t MaxHeapSize                              = 1073741824                                {product} {command line}
   size_t MaxNewSize                               = 357564416                                 {product} {ergonomic}
   size_t MinHeapDeltaBytes                        = 524288                                    {product} {ergonomic}
   size_t MinHeapSize                              = 104857600                                 {product} {command line}
   size_t NewSize                                  = 34603008                                  {product} {ergonomic}
    uintx NonNMethodCodeHeapSize                   = 5839372                                {pd product} {ergonomic}
    uintx NonProfiledCodeHeapSize                  = 122909434                              {pd product} {ergonomic}
   size_t OldSize                                  = 70254592                                  {product} {ergonomic}
    uintx ProfiledCodeHeapSize                     = 122909434                              {pd product} {ergonomic}
    uintx ReservedCodeCacheSize                    = 251658240                              {pd product} {ergonomic}
     bool SegmentedCodeCache                       = true                                      {product} {ergonomic}
   size_t SoftMaxHeapSize                          = 1073741824                             {manageable} {ergonomic}
     bool UseCompressedClassPointers               = true                                 {lp64_product} {ergonomic}
     bool UseCompressedOops                        = true                                 {lp64_product} {ergonomic}
     bool UseLargePagesIndividualAllocation        = false                                  {pd product} {ergonomic}
     bool UseParallelGC                            = true                                      {product} {command line}

Logging:
Log output configuration:
 #0: stdout all=warning uptime,level,tags
 #1: stderr all=off uptime,level,tags

Environment Variables:
JAVA_HOME=C:\Program Files\Java\jdk-15.0.1
CLASSPATH=.;.;.;%CLASSPATH%;%JUNIT_HOME%\junit-4.jar;D:\junit-4.jar\junit-4.jar;D:\junit-4.jar\junit-4.jar
PATH=C:\Program Files\Java\jdk-15.0.1\bin;C:\Program Files\Common Files\Oracle\Java\javapath;C:\Program Files\Python38\Scripts\;C:\Program Files\Python38\;C:\WINDOWS\system32;C:\WINDOWS;C:\WINDOWS\System32\Wbem;C:\WINDOWS\System32\WindowsPowerShell\v1.0\;C:\WINDOWS\System32\OpenSSH\;C:\Program Files\Intel\WiFi\bin\;C:\Program Files\Common Files\Intel\WirelessCommon\;C:\Program Files\Microsoft SQL Server\Client SDK\ODBC\170\Tools\Binn\;C:\Program Files (x86)\Microsoft SQL Server\150\Tools\Binn\;C:\Program Files\Microsoft SQL Server\150\Tools\Binn\;C:\Program Files\Microsoft SQL Server\150\DTS\Binn\;C:\Program Files (x86)\Microsoft SQL Server\150\DTS\Binn\;C:\Program Files\Azure Data Studio\bin;C:\Program Files\nodejs\;C:\Program Files\Git\cmd;C:\Users\ADMIN\AppData\Local\Programs\Python\Python39\Scripts\;C:\Users\ADMIN\AppData\Local\Programs\Python\Python39\;C:\Users\ADMIN\AppData\Local\Microsoft\WindowsApps;C:\Program Files\JetBrains\IntelliJ IDEA Community Edition 2020.1.1\bin;;C:\Program Files\Azure Data Studio\bin;C:\Users\ADMIN\AppData\Local\Programs\Microsoft VS Code\bin;C:\Users\ADMIN\AppData\Roaming\npm;
USERNAME=AHop
OS=Windows_NT
PROCESSOR_IDENTIFIER=AMD64 Family 23 Model 17 Stepping 0, AuthenticAMD



---------------  S Y S T E M  ---------------

OS:
 Windows 10 , 64 bit Build 19041 (10.0.19041.1151)
OS uptime: 0 days 11:35 hours

CPU: total 8 (initial active 8) (8 cores per cpu, 2 threads per core) family 23 model 17 stepping 0 microcode 0x0, cmov, cx8, fxsr, mmx, sse, sse2, sse3, ssse3, sse4.1, sse4.2, popcnt, vzeroupper, avx, avx2, aes, clmul, 3dnowpref, lzcnt, sse4a, ht, tsc, tscinvbit, tscinv, bmi1, bmi2, adx, sha, fma, clflush, clflushopt

Memory: 4k page, system-wide physical 7116M (473M free)
TotalPageFile size 11212M (AvailPageFile size 5M)
current process WorkingSet (physical memory assigned to process): 100M, peak: 100M
current process commit charge ("private bytes"): 221M, peak: 221M

vm_info: Java HotSpot(TM) 64-Bit Server VM (15.0.1+9-18) for windows-amd64 JRE (15.0.1+9-18), built on Sep 15 2020 14:43:54 by "mach5one" with unknown MS VC++:1925

END.
