#
# A fatal error has been detected by the Java Runtime Environment:
#
#  EXCEPTION_ACCESS_VIOLATION (0xc0000005) at pc=0x00007ffaed531c1d, pid=10332, tid=3012
#
# JRE version:  (15.0.1+9) (build )
# Java VM: Java HotSpot(TM) 64-Bit Server VM (15.0.1+9-18, mixed mode, sharing, tiered, unknown gc, windows-amd64)
# Problematic frame:
# C  [jimage.dll+0x1c1d]
#
# No core dump will be written. Minidumps are not enabled by default on client versions of Windows
#
#

---------------  S U M M A R Y ------------

Command Line: 

Host: AMD Ryzen 5 2500U with Radeon Vega Mobile Gfx  , 8 cores, 6G,  Windows 10 , 64 bit Build 19041 (10.0.19041.1151)
Time: Fri Aug 20 19:48:39 2021 SE Asia Standard Time elapsed time: 0.046946 seconds (0d 0h 0m 0s)

---------------  T H R E A D  ---------------

Current thread is native thread

Stack: [0x000000662df00000,0x000000662e000000],  sp=0x000000662dffdaa0,  free space=1014k
Native frames: (J=compiled Java code, j=interpreted, Vv=VM code, C=native code)
C  [jimage.dll+0x1c1d]
C  [jimage.dll+0x1dab]
C  [jimage.dll+0x2689]
V  [jvm.dll+0x1c5de7]
V  [jvm.dll+0x9c858]
V  [jvm.dll+0x73e39d]
V  [jvm.dll+0x3b7777]
V  [jvm.dll+0x3b9201]
C  [jli.dll+0x52fb]
C  [ucrtbase.dll+0x21bb2]
C  [KERNEL32.DLL+0x17034]
C  [ntdll.dll+0x52651]


siginfo: EXCEPTION_ACCESS_VIOLATION (0xc0000005), reading address 0x000000000001c55c


Registers:
RAX=0x0000000000007150, RBX=0x000000662dffdb91, RCX=0x00007ffaed536000, RDX=0x0000000000007150
RSP=0x000000662dffdaa0, RBP=0x000000662dffdb90, RSI=0x0000000000007e57, RDI=0x000000662dffdb90
R8 =0x00007ffaed534298, R9 =0x000000000000001c, R10=0x00007ffab1bec600, R11=0x00007ffaed536000
R12=0x0000000000000000, R13=0x00000255210abfa0, R14=0x000000662dffec00, R15=0x00007ffab1bec600
RIP=0x00007ffaed531c1d, EFLAGS=0x0000000000010212

Top of Stack: (sp=0x000000662dffdaa0)
0x000000662dffdaa0:   0000000000000000 0000000000000000
0x000000662dffdab0:   0000000000000000 0000000000000000
0x000000662dffdac0:   000002552119caf0 00007ffaed531dab
0x000000662dffdad0:   000000000000000b 000002552119caf0
0x000000662dffdae0:   0000000000000000 0000000000000000
0x000000662dffdaf0:   0000000000000000 0000000000000000
0x000000662dffdb00:   0000000000000000 0000000000000000
0x000000662dffdb10:   0000000000000000 0000000000000000
0x000000662dffdb20:   0000000000000000 0000000000000000
0x000000662dffdb30:   00003e03d2488c18 0000000000000000
0x000000662dffdb40:   00007ffab1bc9198 0000000000000017
0x000000662dffdb50:   000002552119caf0 000000662dffec00
0x000000662dffdb60:   000000000000000b 00007ffaed532689
0x000000662dffdb70:   0000000000000000 0000000000000000
0x000000662dffdb80:   0000000000000000 0000000000000000
0x000000662dffdb90:   61622e6176616a2f 692f6b646a2f6573 

Instructions: (pc=0x00007ffaed531c1d)
0x00007ffaed531b1d:   d2 44 8d 42 40 e9 35 20 00 00 cc 40 53 48 83 ec
0x00007ffaed531b2d:   20 48 8b d9 48 8b 49 48 48 85 c9 74 1d 80 3d cf
0x00007ffaed531b3d:   44 00 00 00 74 06 48 8b 53 18 eb 04 48 8b 53 40
0x00007ffaed531b4d:   e8 96 0e 00 00 48 83 63 48 00 8b 4b 0c 83 f9 ff
0x00007ffaed531b5d:   74 09 e8 cc 0c 00 00 83 4b 0c ff 48 83 c4 20 5b
0x00007ffaed531b6d:   c3 cc cc 40 53 48 83 ec 20 48 8b d9 48 8d 0d b0
0x00007ffaed531b7d:   46 00 00 e8 b3 0c 00 00 83 6b 08 01 75 24 48 8b
0x00007ffaed531b8d:   d3 48 8d 0d 83 44 00 00 e8 22 08 00 00 48 8b cb
0x00007ffaed531b9d:   e8 aa fe ff ff ba 78 00 00 00 48 8b cb e8 b1 0e
0x00007ffaed531bad:   00 00 48 8d 0d 7a 46 00 00 48 83 c4 20 5b e9 80
0x00007ffaed531bbd:   0c 00 00 48 89 5c 24 08 48 89 74 24 10 57 48 83
0x00007ffaed531bcd:   ec 20 41 8b f1 4d 8b c8 48 8b fa 4c 8b d9 4d 85
0x00007ffaed531bdd:   c0 74 78 85 f6 74 74 44 8a 12 48 8d 5a 01 48 8b
0x00007ffaed531bed:   d3 b8 93 01 00 01 eb 12 69 c0 93 01 00 01 41 0f
0x00007ffaed531bfd:   b6 ca 44 8a 12 33 c1 48 ff c2 45 84 d2 75 e9 4d
0x00007ffaed531c0d:   8b 03 0f ba f0 1f 33 d2 49 8b cb f7 f6 48 63 c2
0x00007ffaed531c1d:   41 8b 14 81 41 ff 50 08 85 c0 7e 24 8a 0f eb 10
0x00007ffaed531c2d:   69 c0 93 01 00 01 0f b6 c9 33 c1 8a 0b 48 ff c3
0x00007ffaed531c3d:   84 c9 75 ec 0f ba f0 1f 33 d2 f7 f6 8b c2 eb 0e
0x00007ffaed531c4d:   79 09 83 c9 ff 2b c8 8b c1 eb 03 83 c8 ff 48 8b
0x00007ffaed531c5d:   5c 24 30 48 8b 74 24 38 48 83 c4 20 5f c3 cc 48
0x00007ffaed531c6d:   89 5c 24 08 48 89 74 24 10 57 48 83 ec 20 48 8b
0x00007ffaed531c7d:   f1 48 8d 0d ab 45 00 00 e8 ae 0b 00 00 33 ff 39
0x00007ffaed531c8d:   3d 86 43 00 00 76 24 48 8b 05 85 43 00 00 48 8b
0x00007ffaed531c9d:   d6 48 8b 1c f8 48 8b 0b e8 d6 1e 00 00 85 c0 74
0x00007ffaed531cad:   2b ff c7 3b 3d 62 43 00 00 72 dc 33 db 48 8d 0d
0x00007ffaed531cbd:   6f 45 00 00 e8 7a 0b 00 00 48 8b 74 24 38 48 8b
0x00007ffaed531ccd:   c3 48 8b 5c 24 30 48 83 c4 20 5f c3 ff 43 08 eb
0x00007ffaed531cdd:   dc cc cc 48 89 5c 24 08 48 89 74 24 10 57 48 83
0x00007ffaed531ced:   ec 20 48 8b d9 48 8b f2 48 8b 49 10 49 8b f8 8b
0x00007ffaed531cfd:   53 30 48 8b 01 ff 50 20 4c 8b 43 50 48 8b d6 48
0x00007ffaed531d0d:   8b 4b 10 44 8b c8 e8 a8 fe ff ff 83 f8 ff 74 38 



---------------  P R O C E S S  ---------------

VM state: not at safepoint (not fully initialized)

VM Mutex/Monitor currently owned by a thread: None


Dynamic libraries:
0x00007ff7150c0000 - 0x00007ff7150cf000 	C:\Program Files\Java\jdk-15.0.1\bin\java.exe
0x00007ffafb0b0000 - 0x00007ffafb2a5000 	C:\WINDOWS\SYSTEM32\ntdll.dll
0x00007ffafaca0000 - 0x00007ffafad5d000 	C:\WINDOWS\System32\KERNEL32.DLL
0x00007ffaf8890000 - 0x00007ffaf8b59000 	C:\WINDOWS\System32\KERNELBASE.dll
0x00007ffaf9010000 - 0x00007ffaf9110000 	C:\WINDOWS\System32\ucrtbase.dll
0x00007ffaed1c0000 - 0x00007ffaed1d9000 	C:\Program Files\Java\jdk-15.0.1\bin\VCRUNTIME140.dll
0x00007ffae9a50000 - 0x00007ffae9a68000 	C:\Program Files\Java\jdk-15.0.1\bin\jli.dll
0x00007ffafa300000 - 0x00007ffafa3ac000 	C:\WINDOWS\System32\ADVAPI32.dll
0x00007ffaf9190000 - 0x00007ffaf922e000 	C:\WINDOWS\System32\msvcrt.dll
0x00007ffafa3c0000 - 0x00007ffafa45b000 	C:\WINDOWS\System32\sechost.dll
0x00007ffaf9bb0000 - 0x00007ffaf9cda000 	C:\WINDOWS\System32\RPCRT4.dll
0x00007ffafa160000 - 0x00007ffafa300000 	C:\WINDOWS\System32\USER32.dll
0x00007ffadce70000 - 0x00007ffadd10a000 	C:\WINDOWS\WinSxS\amd64_microsoft.windows.common-controls_6595b64144ccf1df_6.0.19041.1110_none_60b5254171f9507e\COMCTL32.dll
0x00007ffaf8d20000 - 0x00007ffaf8d42000 	C:\WINDOWS\System32\win32u.dll
0x00007ffafa500000 - 0x00007ffafa52a000 	C:\WINDOWS\System32\GDI32.dll
0x00007ffaf8c10000 - 0x00007ffaf8d1b000 	C:\WINDOWS\System32\gdi32full.dll
0x00007ffaf8d50000 - 0x00007ffaf8ded000 	C:\WINDOWS\System32\msvcp_win.dll
0x00007ffaf20c0000 - 0x00007ffaf20ca000 	C:\WINDOWS\SYSTEM32\VERSION.dll
0x00007ffafadc0000 - 0x00007ffafadf0000 	C:\WINDOWS\System32\IMM32.DLL
0x00007ffaed620000 - 0x00007ffaed62c000 	C:\Program Files\Java\jdk-15.0.1\bin\vcruntime140_1.dll
0x00007ffac96f0000 - 0x00007ffac9781000 	C:\Program Files\Java\jdk-15.0.1\bin\msvcp140.dll
0x00007ffab1380000 - 0x00007ffab1ede000 	C:\Program Files\Java\jdk-15.0.1\bin\server\jvm.dll
0x00007ffafadf0000 - 0x00007ffafadf8000 	C:\WINDOWS\System32\PSAPI.DLL
0x00007ffaef660000 - 0x00007ffaef687000 	C:\WINDOWS\SYSTEM32\WINMM.dll
0x00007ffaf3f40000 - 0x00007ffaf3f49000 	C:\WINDOWS\SYSTEM32\WSOCK32.dll
0x00007ffafae00000 - 0x00007ffafae6b000 	C:\WINDOWS\System32\WS2_32.dll
0x00007ffaf66f0000 - 0x00007ffaf6702000 	C:\WINDOWS\SYSTEM32\kernel.appcore.dll
0x00007ffaed530000 - 0x00007ffaed53a000 	C:\Program Files\Java\jdk-15.0.1\bin\jimage.dll
0x00007ffaf1a70000 - 0x00007ffaf1c54000 	C:\WINDOWS\SYSTEM32\DBGHELP.DLL
0x00007ffaf1df0000 - 0x00007ffaf1e1c000 	C:\WINDOWS\SYSTEM32\dbgcore.DLL
0x00007ffaf8f80000 - 0x00007ffaf9003000 	C:\WINDOWS\System32\bcryptPrimitives.dll

dbghelp: loaded successfully - version: 4.0.5 - missing functions: none
symbol engine: initialized successfully - sym options: 0x614 - pdb path: .;C:\Program Files\Java\jdk-15.0.1\bin;C:\WINDOWS\SYSTEM32;C:\WINDOWS\WinSxS\amd64_microsoft.windows.common-controls_6595b64144ccf1df_6.0.19041.1110_none_60b5254171f9507e;C:\Program Files\Java\jdk-15.0.1\bin\server

VM Arguments:
java_command: <unknown>
java_class_path (initial): <not set>
Launcher Type: SUN_STANDARD

[Global flags]
     bool UseLargePagesIndividualAllocation        = false                                  {pd product} {ergonomic}

Logging:
Log output configuration:
 #0: stdout all=warning uptime,level,tags
 #1: stderr all=off uptime,level,tags

Environment Variables:
JAVA_HOME=C:\Program Files\Java\jdk-15.0.1
CLASSPATH=.;.;.;%CLASSPATH%;%JUNIT_HOME%\junit-4.jar;D:\junit-4.jar\junit-4.jar;D:\junit-4.jar\junit-4.jar
PATH=C:\Program Files\Java\jdk-15.0.1\bin;C:\Program Files\Common Files\Oracle\Java\javapath;C:\Program Files\Python38\Scripts\;C:\Program Files\Python38\;C:\WINDOWS\system32;C:\WINDOWS;C:\WINDOWS\System32\Wbem;C:\WINDOWS\System32\WindowsPowerShell\v1.0\;C:\WINDOWS\System32\OpenSSH\;C:\Program Files\Intel\WiFi\bin\;C:\Program Files\Common Files\Intel\WirelessCommon\;C:\Program Files\Microsoft SQL Server\Client SDK\ODBC\170\Tools\Binn\;C:\Program Files (x86)\Microsoft SQL Server\150\Tools\Binn\;C:\Program Files\Microsoft SQL Server\150\Tools\Binn\;C:\Program Files\Microsoft SQL Server\150\DTS\Binn\;C:\Program Files (x86)\Microsoft SQL Server\150\DTS\Binn\;C:\Program Files\Azure Data Studio\bin;C:\Program Files\nodejs\;C:\Program Files\Git\cmd;C:\Users\ADMIN\AppData\Local\Programs\Python\Python39\Scripts\;C:\Users\ADMIN\AppData\Local\Programs\Python\Python39\;C:\Users\ADMIN\AppData\Local\Microsoft\WindowsApps;C:\Program Files\JetBrains\IntelliJ IDEA Community Edition 2020.1.1\bin;;C:\Program Files\Azure Data Studio\bin;C:\Users\ADMIN\AppData\Local\Programs\Microsoft VS Code\bin;C:\Users\ADMIN\AppData\Roaming\npm;
USERNAME=AHop
OS=Windows_NT
PROCESSOR_IDENTIFIER=AMD64 Family 23 Model 17 Stepping 0, AuthenticAMD



---------------  S Y S T E M  ---------------

OS:
 Windows 10 , 64 bit Build 19041 (10.0.19041.1151)
OS uptime: 1 days 4:29 hours

CPU: total 8 (initial active 0) 

Memory: 4k page, system-wide physical 7116M (478M free)
TotalPageFile size 11212M (AvailPageFile size 4M)
current process WorkingSet (physical memory assigned to process): 7M, peak: 7M
current process commit charge ("private bytes"): 3M, peak: 3M

vm_info: Java HotSpot(TM) 64-Bit Server VM (15.0.1+9-18) for windows-amd64 JRE (15.0.1+9-18), built on Sep 15 2020 14:43:54 by "mach5one" with unknown MS VC++:1925

END.
