#
# There is insufficient memory for the Java Runtime Environment to continue.
# Native memory allocation (malloc) failed to allocate 65552 bytes for Chunk::new
# Possible reasons:
#   The system is out of physical RAM or swap space
#   The process is running with CompressedOops enabled, and the Java Heap may be blocking the growth of the native heap
# Possible solutions:
#   Reduce memory load on the system
#   Increase physical memory or swap space
#   Check if swap backing store is full
#   Decrease Java heap size (-Xmx/-Xms)
#   Decrease number of Java threads
#   Decrease Java thread stack sizes (-Xss)
#   Set larger code cache with -XX:ReservedCodeCacheSize=
#   JVM is running with Unscaled Compressed Oops mode in which the Java heap is
#     placed in the first 4GB address space. The Java Heap base address is the
#     maximum limit for the native heap growth. Please use -XX:HeapBaseMinAddress
#     to set the Java Heap base and to place the Java Heap above 4GB virtual address.
# This output file may be truncated or incomplete.
#
#  Out of Memory Error (./open/src/hotspot/share/memory/arena.cpp:195), pid=9572, tid=11772
#
# JRE version: Java(TM) SE Runtime Environment (15.0.1+9) (build 15.0.1+9-18)
# Java VM: Java HotSpot(TM) 64-Bit Server VM (15.0.1+9-18, mixed mode, sharing, tiered, compressed oops, parallel gc, windows-amd64)
# No core dump will be written. Minidumps are not enabled by default on client versions of Windows
#

---------------  S U M M A R Y ------------

Command Line: --add-modules=ALL-SYSTEM --add-opens=java.base/java.util=ALL-UNNAMED --add-opens=java.base/java.lang=ALL-UNNAMED -Declipse.application=org.eclipse.jdt.ls.core.id1 -Dosgi.bundles.defaultStartLevel=4 -Declipse.product=org.eclipse.jdt.ls.core.product -Dfile.encoding=utf8 -DwatchParentProcess=false -XX:+UseParallelGC -XX:GCTimeRatio=4 -XX:AdaptiveSizePolicyWeight=90 -Dsun.zip.disableMemoryMapping=true -Xmx1G -Xms100m -javaagent:c:\Users\ADMIN\.vscode\extensions\gabrielbb.vscode-lombok-1.0.1\server\lombok.jar c:\Users\ADMIN\.vscode\extensions\redhat.java-0.81.0\server\plugins\org.eclipse.equinox.launcher_1.6.200.v20210416-2027.jar -configuration c:\Users\ADMIN\AppData\Roaming\Code\User\globalStorage\redhat.java\0.81.0\config_win -data c:\Users\ADMIN\AppData\Roaming\Code\User\workspaceStorage\2096a02ef39fdbcbc7abb9b74ce8bc2e\redhat.java\jdt_ws

Host: AMD Ryzen 5 2500U with Radeon Vega Mobile Gfx  , 8 cores, 6G,  Windows 10 , 64 bit Build 19041 (10.0.19041.1151)
Time: Sat Aug 21 14:43:47 2021 SE Asia Standard Time elapsed time: 5.961984 seconds (0d 0h 0m 5s)

---------------  T H R E A D  ---------------

Current thread (0x000001d4e2415010):  JavaThread "C2 CompilerThread1" daemon [_thread_in_native, id=11772, stack(0x0000001bcf900000,0x0000001bcfa00000)]


Current CompileTask:
C2:   5962 3164       4       org.eclipse.osgi.internal.loader.BundleLoader::addExportedProvidersFor (167 bytes)

Stack: [0x0000001bcf900000,0x0000001bcfa00000]
Native frames: (J=compiled Java code, j=interpreted, Vv=VM code, C=native code)
V  [jvm.dll+0x62ae9a]
V  [jvm.dll+0x781389]
V  [jvm.dll+0x782ae3]
V  [jvm.dll+0x783143]
V  [jvm.dll+0x216265]
V  [jvm.dll+0x97efa]
V  [jvm.dll+0x9806d]
V  [jvm.dll+0x609ad4]
V  [jvm.dll+0x1f17e9]
V  [jvm.dll+0x64f17a]
V  [jvm.dll+0x1e96a2]
V  [jvm.dll+0x1784c7]
V  [jvm.dll+0x1f9165]
V  [jvm.dll+0x1f720c]
V  [jvm.dll+0x74485d]
V  [jvm.dll+0x73d65a]
V  [jvm.dll+0x629c56]
C  [ucrtbase.dll+0x21bb2]
C  [KERNEL32.DLL+0x17034]
C  [ntdll.dll+0x52651]


---------------  P R O C E S S  ---------------

Threads class SMR info:
_java_thread_list=0x000001d4e1c46600, length=24, elements={
0x000001d4c33f73b0, 0x000001d4def73d30, 0x000001d4def74eb0, 0x000001d4c34b2fa0,
0x000001d4c34b4d80, 0x000001d4c34b6ef0, 0x000001d4c34b8600, 0x000001d4c34bece0,
0x000001d4c34bc500, 0x000001d4e02e1170, 0x000001d4e04929f0, 0x000001d4e195b330,
0x000001d4e1c30820, 0x000001d4e1b29370, 0x000001d4e1cb1420, 0x000001d4e1752450,
0x000001d4e1996000, 0x000001d4e1dc7870, 0x000001d4e1ae2750, 0x000001d4e1ae0a70,
0x000001d4e1ae00d0, 0x000001d4e1ae05a0, 0x000001d4e2415010, 0x000001d4e1ae3a90
}

Java Threads: ( => current thread )
  0x000001d4c33f73b0 JavaThread "main" [_thread_blocked, id=10996, stack(0x0000001bcd900000,0x0000001bcda00000)]
  0x000001d4def73d30 JavaThread "Reference Handler" daemon [_thread_blocked, id=10524, stack(0x0000001bcdc00000,0x0000001bcdd00000)]
  0x000001d4def74eb0 JavaThread "Finalizer" daemon [_thread_blocked, id=10576, stack(0x0000001bcdd00000,0x0000001bcde00000)]
  0x000001d4c34b2fa0 JavaThread "Signal Dispatcher" daemon [_thread_blocked, id=10504, stack(0x0000001bcde00000,0x0000001bcdf00000)]
  0x000001d4c34b4d80 JavaThread "Attach Listener" daemon [_thread_blocked, id=7156, stack(0x0000001bcdf00000,0x0000001bce000000)]
  0x000001d4c34b6ef0 JavaThread "Service Thread" daemon [_thread_blocked, id=12856, stack(0x0000001bce000000,0x0000001bce100000)]
  0x000001d4c34b8600 JavaThread "C2 CompilerThread0" daemon [_thread_in_native, id=10184, stack(0x0000001bce100000,0x0000001bce200000)]
  0x000001d4c34bece0 JavaThread "C1 CompilerThread0" daemon [_thread_in_native, id=6340, stack(0x0000001bce200000,0x0000001bce300000)]
  0x000001d4c34bc500 JavaThread "Sweeper thread" daemon [_thread_blocked, id=7356, stack(0x0000001bce300000,0x0000001bce400000)]
  0x000001d4e02e1170 JavaThread "Common-Cleaner" daemon [_thread_blocked, id=7384, stack(0x0000001bce400000,0x0000001bce500000)]
  0x000001d4e04929f0 JavaThread "Notification Thread" daemon [_thread_blocked, id=5904, stack(0x0000001bce500000,0x0000001bce600000)]
  0x000001d4e195b330 JavaThread "Active Thread: Equinox Container: 6638b888-4856-4768-b145-afd4d325992a" [_thread_blocked, id=12456, stack(0x0000001bce900000,0x0000001bcea00000)]
  0x000001d4e1c30820 JavaThread "Framework Event Dispatcher: Equinox Container: 6638b888-4856-4768-b145-afd4d325992a" daemon [_thread_blocked, id=13168, stack(0x0000001bce800000,0x0000001bce900000)]
  0x000001d4e1b29370 JavaThread "Start Level: Equinox Container: 6638b888-4856-4768-b145-afd4d325992a" daemon [_thread_blocked, id=12800, stack(0x0000001bcea00000,0x0000001bceb00000)]
  0x000001d4e1cb1420 JavaThread "SCR Component Actor" daemon [_thread_blocked, id=10412, stack(0x0000001bceb00000,0x0000001bcec00000)]
  0x000001d4e1752450 JavaThread "Timer-0" daemon [_thread_blocked, id=12248, stack(0x0000001bcee00000,0x0000001bcef00000)]
  0x000001d4e1996000 JavaThread "Worker-JM" [_thread_blocked, id=12320, stack(0x0000001bcf000000,0x0000001bcf100000)]
  0x000001d4e1dc7870 JavaThread "Worker-0: Loading available Gradle versions" [_thread_blocked, id=1636, stack(0x0000001bcf300000,0x0000001bcf400000)]
  0x000001d4e1ae2750 JavaThread "Worker-1" [_thread_blocked, id=6404, stack(0x0000001bcf400000,0x0000001bcf500000)]
  0x000001d4e1ae0a70 JavaThread "Java indexing" daemon [_thread_blocked, id=11088, stack(0x0000001bcef00000,0x0000001bcf000000)]
  0x000001d4e1ae00d0 JavaThread "logback configurator timer" daemon [_thread_blocked, id=8664, stack(0x0000001bcf700000,0x0000001bcf800000)]
  0x000001d4e1ae05a0 JavaThread "pool-2-thread-1" [_thread_blocked, id=6112, stack(0x0000001bcf800000,0x0000001bcf900000)]
=>0x000001d4e2415010 JavaThread "C2 CompilerThread1" daemon [_thread_in_native, id=11772, stack(0x0000001bcf900000,0x0000001bcfa00000)]
  0x000001d4e1ae3a90 JavaThread "Worker-2" [_thread_blocked, id=8976, stack(0x0000001bcfa00000,0x0000001bcfb00000)]

Other Threads:
  0x000001d4c34b1a30 VMThread "VM Thread" [stack: 0x0000001bcdb00000,0x0000001bcdc00000] [id=3340]
  0x000001d4e0492ec0 WatcherThread [stack: 0x0000001bce600000,0x0000001bce700000] [id=5720]
  0x000001d4c34105f0 GCTaskThread "GC Thread#0" [stack: 0x0000001bcda00000,0x0000001bcdb00000] [id=6472]
  0x000001d4e037a9e0 GCTaskThread "GC Thread#1" [stack: 0x0000001bce700000,0x0000001bce800000] [id=3844]
  0x000001d4e037b040 GCTaskThread "GC Thread#2" [stack: 0x0000001bcec00000,0x0000001bced00000] [id=3056]
  0x000001d4e03799f0 GCTaskThread "GC Thread#3" [stack: 0x0000001bced00000,0x0000001bcee00000] [id=9776]
  0x000001d4e1dc8730 GCTaskThread "GC Thread#4" [stack: 0x0000001bcf100000,0x0000001bcf200000] [id=936]
  0x000001d4e1dc9a50 GCTaskThread "GC Thread#5" [stack: 0x0000001bcf200000,0x0000001bcf300000] [id=10220]
  0x000001d4e1dc8a60 GCTaskThread "GC Thread#6" [stack: 0x0000001bcf500000,0x0000001bcf600000] [id=11824]
  0x000001d4e1dcba30 GCTaskThread "GC Thread#7" [stack: 0x0000001bcf600000,0x0000001bcf700000] [id=2476]

Threads with active compile tasks:
C2 CompilerThread0     6021 3108 %     4       java.io.WinNTFileSystem::normalize @ 22 (143 bytes)
C1 CompilerThread0     6021 3169   !   3       org.eclipse.osgi.storage.bundlefile.CloseableBundleFile::lockOpen (82 bytes)
C2 CompilerThread1     6021 3164       4       org.eclipse.osgi.internal.loader.BundleLoader::addExportedProvidersFor (167 bytes)

VM state: at safepoint (normal execution)

VM Mutex/Monitor currently owned by a thread:  ([mutex/lock_event])
[0x000001d4c33f1f60] Threads_lock - owner thread: 0x000001d4c34b1a30
[0x000001d4c33f1c00] Heap_lock - owner thread: 0x000001d4e1ae05a0

Heap address: 0x00000000c0000000, size: 1024 MB, Compressed Oops mode: 32-bit
CDS archive(s) mapped at: [0x0000000800000000-0x0000000800b50000-0x0000000800b50000), size 11862016, SharedBaseAddress: 0x0000000800000000, ArchiveRelocationMode: 0.
Compressed class space mapped at: 0x0000000800b50000-0x0000000840b50000, size: 1073741824
Narrow klass base: 0x0000000800000000, Narrow klass shift: 3, Narrow klass range: 0x100000000

GC Precious Log:
 CPUs: 8 total, 8 available
 Memory: 7116M
 Large Page Support: Disabled
 NUMA Support: Disabled
 Compressed Oops: Enabled (32-bit)
 Heap Min Capacity: 100M
 Heap Initial Capacity: 100M
 Heap Max Capacity: 1G
 Pre-touch: Disabled
 Parallel Workers: 8

Heap:
 PSYoungGen      total 25088K, used 0K [0x00000000eab00000, 0x00000000ec900000, 0x0000000100000000)
  eden space 24576K, 0% used [0x00000000eab00000,0x00000000eab00000,0x00000000ec300000)
  from space 512K, 0% used [0x00000000ec500000,0x00000000ec500000,0x00000000ec580000)
  to   space 2048K, 0% used [0x00000000ec700000,0x00000000ec700000,0x00000000ec900000)
 ParOldGen       total 68608K, used 14126K [0x00000000c0000000, 0x00000000c4300000, 0x00000000eab00000)
  object space 68608K, 20% used [0x00000000c0000000,0x00000000c0dcbba0,0x00000000c4300000)
 Metaspace       used 30428K, capacity 32469K, committed 32512K, reserved 1091584K
  class space    used 3058K, capacity 3836K, committed 3840K, reserved 1048576K

Card table byte_map: [0x000001d4dc020000,0x000001d4dc230000] _byte_map_base: 0x000001d4dba20000

Marking Bits: (ParMarkBitMap*) 0x00007ffd6540c0f0
 Begin Bits: [0x000001d4dc390000, 0x000001d4dd390000)
 End Bits:   [0x000001d4dd390000, 0x000001d4de390000)

Polling page: 0x000001d4c34d0000

Metaspace:

Usage:
  Non-class:     27.96 MB capacity,    26.73 MB ( 96%) used,     1.19 MB (  4%) free+waste,    46.00 KB ( <1%) overhead. 
      Class:      3.75 MB capacity,     2.99 MB ( 80%) used,   755.54 KB ( 20%) free+waste,    22.44 KB ( <1%) overhead. 
       Both:     31.71 MB capacity,    29.72 MB ( 94%) used,     1.93 MB (  6%) free+waste,    68.44 KB ( <1%) overhead. 

Virtual space:
  Non-class space:       42.00 MB reserved,      28.00 MB ( 67%) committed 
      Class space:        1.00 GB reserved,       3.75 MB ( <1%) committed 
             Both:        1.04 GB reserved,      31.75 MB (  3%) committed 

Chunk freelists:
   Non-Class:  39.00 KB
       Class:  4.00 KB
        Both:  43.00 KB

MaxMetaspaceSize: 17179869184.00 GB
CompressedClassSpaceSize: 1.00 GB

CodeHeap 'non-profiled nmethods': size=120000Kb used=1244Kb max_used=1244Kb free=118755Kb
 bounds [0x000001d4d4910000, 0x000001d4d4b80000, 0x000001d4dbe40000]
CodeHeap 'profiled nmethods': size=120000Kb used=6476Kb max_used=6476Kb free=113524Kb
 bounds [0x000001d4cd3e0000, 0x000001d4cda40000, 0x000001d4d4910000]
CodeHeap 'non-nmethods': size=5760Kb used=1264Kb max_used=1292Kb free=4496Kb
 bounds [0x000001d4cce40000, 0x000001d4cd0b0000, 0x000001d4cd3e0000]
 total_blobs=3709 nmethods=3158 adapters=465
 compilation: enabled
              stopped_count=0, restarted_count=0
 full_count=0

Compilation events (20 events):
Event: 5.885 Thread 0x000001d4c34bece0 3158       3       org.eclipse.osgi.internal.log.EquinoxLogWriter::isLoggable (65 bytes)
Event: 5.885 Thread 0x000001d4c34bece0 nmethod 3158 0x000001d4cda2f010 code [0x000001d4cda2f200, 0x000001d4cda2f698]
Event: 5.885 Thread 0x000001d4c34bece0 3159       3       org.eclipse.osgi.internal.log.ExtendedLogReaderServiceFactory::getCount (29 bytes)
Event: 5.885 Thread 0x000001d4c34bece0 nmethod 3159 0x000001d4cda2f810 code [0x000001d4cda2f9e0, 0x000001d4cda2fe58]
Event: 5.890 Thread 0x000001d4c34bece0 3160       3       org.eclipse.osgi.framework.eventmgr.CopyOnWriteIdentityMap::<init> (12 bytes)
Event: 5.890 Thread 0x000001d4c34bece0 nmethod 3160 0x000001d4cda2ff90 code [0x000001d4cda30140, 0x000001d4cda30318]
Event: 5.890 Thread 0x000001d4c34bece0 3162       3       java.util.concurrent.locks.ReentrantLock$NonfairSync::initialTryLock (58 bytes)
Event: 5.891 Thread 0x000001d4c34bece0 nmethod 3162 0x000001d4cda30410 code [0x000001d4cda305e0, 0x000001d4cda30978]
Event: 5.891 Thread 0x000001d4c34bece0 3161       3       org.eclipse.osgi.framework.eventmgr.CopyOnWriteIdentityMap::empty (4 bytes)
Event: 5.891 Thread 0x000001d4c34bece0 nmethod 3161 0x000001d4cda30a90 code [0x000001d4cda30c20, 0x000001d4cda30d18]
Event: 5.894 Thread 0x000001d4e2415010 nmethod 3151 0x000001d4d4a45690 code [0x000001d4d4a458c0, 0x000001d4d4a46410]
Event: 5.897 Thread 0x000001d4c34bece0 3163       3       org.eclipse.osgi.internal.serviceregistry.ServiceRegistrationImpl::compareTo (27 bytes)
Event: 5.898 Thread 0x000001d4c34bece0 nmethod 3163 0x000001d4cda30d90 code [0x000001d4cda30f60, 0x000001d4cda31558]
Event: 5.899 Thread 0x000001d4e2415010 3164       4       org.eclipse.osgi.internal.loader.BundleLoader::addExportedProvidersFor (167 bytes)
Event: 5.899 Thread 0x000001d4c34bece0 3165       3       org.eclipse.osgi.internal.serviceregistry.ServiceRegistrationImpl::compareTo (9 bytes)
Event: 5.900 Thread 0x000001d4c34bece0 nmethod 3165 0x000001d4cda31710 code [0x000001d4cda318e0, 0x000001d4cda31f08]
Event: 5.900 Thread 0x000001d4c34bece0 3166       3       org.eclipse.osgi.internal.serviceregistry.ServiceRegistrationImpl::compareTo (13 bytes)
Event: 5.900 Thread 0x000001d4c34bece0 nmethod 3166 0x000001d4cda32090 code [0x000001d4cda32240, 0x000001d4cda32668]
Event: 5.907 Thread 0x000001d4c34bece0 3168       3       java.util.HashMap::keysToArray (81 bytes)
Event: 5.908 Thread 0x000001d4c34bece0 nmethod 3168 0x000001d4cda32810 code [0x000001d4cda329e0, 0x000001d4cda32e58]

GC Heap History (16 events):
Event: 1.181 GC heap before
{Heap before GC invocations=1 (full 0):
 PSYoungGen      total 29696K, used 25600K [0x00000000eab00000, 0x00000000ecc00000, 0x0000000100000000)
  eden space 25600K, 100% used [0x00000000eab00000,0x00000000ec400000,0x00000000ec400000)
  from space 4096K, 0% used [0x00000000ec800000,0x00000000ec800000,0x00000000ecc00000)
  to   space 4096K, 0% used [0x00000000ec400000,0x00000000ec400000,0x00000000ec800000)
 ParOldGen       total 68608K, used 0K [0x00000000c0000000, 0x00000000c4300000, 0x00000000eab00000)
  object space 68608K, 0% used [0x00000000c0000000,0x00000000c0000000,0x00000000c4300000)
 Metaspace       used 4401K, capacity 5613K, committed 5760K, reserved 1056768K
  class space    used 415K, capacity 514K, committed 640K, reserved 1048576K
}
Event: 1.188 GC heap after
{Heap after GC invocations=1 (full 0):
 PSYoungGen      total 29696K, used 2980K [0x00000000eab00000, 0x00000000ecc00000, 0x0000000100000000)
  eden space 25600K, 0% used [0x00000000eab00000,0x00000000eab00000,0x00000000ec400000)
  from space 4096K, 72% used [0x00000000ec400000,0x00000000ec6e9110,0x00000000ec800000)
  to   space 4096K, 0% used [0x00000000ec800000,0x00000000ec800000,0x00000000ecc00000)
 ParOldGen       total 68608K, used 16K [0x00000000c0000000, 0x00000000c4300000, 0x00000000eab00000)
  object space 68608K, 0% used [0x00000000c0000000,0x00000000c0004000,0x00000000c4300000)
 Metaspace       used 4401K, capacity 5613K, committed 5760K, reserved 1056768K
  class space    used 415K, capacity 514K, committed 640K, reserved 1048576K
}
Event: 2.079 GC heap before
{Heap before GC invocations=2 (full 0):
 PSYoungGen      total 29696K, used 28580K [0x00000000eab00000, 0x00000000ecc00000, 0x0000000100000000)
  eden space 25600K, 100% used [0x00000000eab00000,0x00000000ec400000,0x00000000ec400000)
  from space 4096K, 72% used [0x00000000ec400000,0x00000000ec6e9110,0x00000000ec800000)
  to   space 4096K, 0% used [0x00000000ec800000,0x00000000ec800000,0x00000000ecc00000)
 ParOldGen       total 68608K, used 16K [0x00000000c0000000, 0x00000000c4300000, 0x00000000eab00000)
  object space 68608K, 0% used [0x00000000c0000000,0x00000000c0004000,0x00000000c4300000)
 Metaspace       used 8271K, capacity 8653K, committed 8832K, reserved 1056768K
  class space    used 782K, capacity 886K, committed 896K, reserved 1048576K
}
Event: 2.093 GC heap after
{Heap after GC invocations=2 (full 0):
 PSYoungGen      total 29696K, used 4081K [0x00000000eab00000, 0x00000000ecc00000, 0x0000000100000000)
  eden space 25600K, 0% used [0x00000000eab00000,0x00000000eab00000,0x00000000ec400000)
  from space 4096K, 99% used [0x00000000ec800000,0x00000000ecbfc728,0x00000000ecc00000)
  to   space 4096K, 0% used [0x00000000ec400000,0x00000000ec400000,0x00000000ec800000)
 ParOldGen       total 68608K, used 1228K [0x00000000c0000000, 0x00000000c4300000, 0x00000000eab00000)
  object space 68608K, 1% used [0x00000000c0000000,0x00000000c0133098,0x00000000c4300000)
 Metaspace       used 8271K, capacity 8653K, committed 8832K, reserved 1056768K
  class space    used 782K, capacity 886K, committed 896K, reserved 1048576K
}
Event: 2.916 GC heap before
{Heap before GC invocations=3 (full 0):
 PSYoungGen      total 29696K, used 29681K [0x00000000eab00000, 0x00000000ecc00000, 0x0000000100000000)
  eden space 25600K, 100% used [0x00000000eab00000,0x00000000ec400000,0x00000000ec400000)
  from space 4096K, 99% used [0x00000000ec800000,0x00000000ecbfc728,0x00000000ecc00000)
  to   space 4096K, 0% used [0x00000000ec400000,0x00000000ec400000,0x00000000ec800000)
 ParOldGen       total 68608K, used 1228K [0x00000000c0000000, 0x00000000c4300000, 0x00000000eab00000)
  object space 68608K, 1% used [0x00000000c0000000,0x00000000c0133098,0x00000000c4300000)
 Metaspace       used 13504K, capacity 14484K, committed 14720K, reserved 1062912K
  class space    used 1310K, capacity 1630K, committed 1664K, reserved 1048576K
}
Event: 2.925 GC heap after
{Heap after GC invocations=3 (full 0):
 PSYoungGen      total 29696K, used 4085K [0x00000000eab00000, 0x00000000ecc00000, 0x0000000100000000)
  eden space 25600K, 0% used [0x00000000eab00000,0x00000000eab00000,0x00000000ec400000)
  from space 4096K, 99% used [0x00000000ec400000,0x00000000ec7fd730,0x00000000ec800000)
  to   space 4096K, 0% used [0x00000000ec800000,0x00000000ec800000,0x00000000ecc00000)
 ParOldGen       total 68608K, used 3542K [0x00000000c0000000, 0x00000000c4300000, 0x00000000eab00000)
  object space 68608K, 5% used [0x00000000c0000000,0x00000000c0375b18,0x00000000c4300000)
 Metaspace       used 13504K, capacity 14484K, committed 14720K, reserved 1062912K
  class space    used 1310K, capacity 1630K, committed 1664K, reserved 1048576K
}
Event: 3.458 GC heap before
{Heap before GC invocations=4 (full 0):
 PSYoungGen      total 29696K, used 29685K [0x00000000eab00000, 0x00000000ecc00000, 0x0000000100000000)
  eden space 25600K, 100% used [0x00000000eab00000,0x00000000ec400000,0x00000000ec400000)
  from space 4096K, 99% used [0x00000000ec400000,0x00000000ec7fd730,0x00000000ec800000)
  to   space 4096K, 0% used [0x00000000ec800000,0x00000000ec800000,0x00000000ecc00000)
 ParOldGen       total 68608K, used 3542K [0x00000000c0000000, 0x00000000c4300000, 0x00000000eab00000)
  object space 68608K, 5% used [0x00000000c0000000,0x00000000c0375b18,0x00000000c4300000)
 Metaspace       used 17563K, capacity 18709K, committed 18944K, reserved 1067008K
  class space    used 1627K, capacity 2037K, committed 2048K, reserved 1048576K
}
Event: 3.465 GC heap after
{Heap after GC invocations=4 (full 0):
 PSYoungGen      total 29696K, used 4088K [0x00000000eab00000, 0x00000000ecc00000, 0x0000000100000000)
  eden space 25600K, 0% used [0x00000000eab00000,0x00000000eab00000,0x00000000ec400000)
  from space 4096K, 99% used [0x00000000ec800000,0x00000000ecbfe1b8,0x00000000ecc00000)
  to   space 4096K, 0% used [0x00000000ec400000,0x00000000ec400000,0x00000000ec800000)
 ParOldGen       total 68608K, used 4658K [0x00000000c0000000, 0x00000000c4300000, 0x00000000eab00000)
  object space 68608K, 6% used [0x00000000c0000000,0x00000000c048c938,0x00000000c4300000)
 Metaspace       used 17563K, capacity 18709K, committed 18944K, reserved 1067008K
  class space    used 1627K, capacity 2037K, committed 2048K, reserved 1048576K
}
Event: 3.743 GC heap before
{Heap before GC invocations=5 (full 0):
 PSYoungGen      total 29696K, used 17534K [0x00000000eab00000, 0x00000000ecc00000, 0x0000000100000000)
  eden space 25600K, 52% used [0x00000000eab00000,0x00000000eb8216d8,0x00000000ec400000)
  from space 4096K, 99% used [0x00000000ec800000,0x00000000ecbfe1b8,0x00000000ecc00000)
  to   space 4096K, 0% used [0x00000000ec400000,0x00000000ec400000,0x00000000ec800000)
 ParOldGen       total 68608K, used 4658K [0x00000000c0000000, 0x00000000c4300000, 0x00000000eab00000)
  object space 68608K, 6% used [0x00000000c0000000,0x00000000c048c938,0x00000000c4300000)
 Metaspace       used 19962K, capacity 21161K, committed 21248K, reserved 1069056K
  class space    used 1826K, capacity 2233K, committed 2304K, reserved 1048576K
}
Event: 3.748 GC heap after
{Heap after GC invocations=5 (full 0):
 PSYoungGen      total 29696K, used 4070K [0x00000000eab00000, 0x00000000ece00000, 0x0000000100000000)
  eden space 25600K, 0% used [0x00000000eab00000,0x00000000eab00000,0x00000000ec400000)
  from space 4096K, 99% used [0x00000000ec400000,0x00000000ec7f9a60,0x00000000ec800000)
  to   space 5120K, 0% used [0x00000000ec900000,0x00000000ec900000,0x00000000ece00000)
 ParOldGen       total 68608K, used 4852K [0x00000000c0000000, 0x00000000c4300000, 0x00000000eab00000)
  object space 68608K, 7% used [0x00000000c0000000,0x00000000c04bd120,0x00000000c4300000)
 Metaspace       used 19962K, capacity 21161K, committed 21248K, reserved 1069056K
  class space    used 1826K, capacity 2233K, committed 2304K, reserved 1048576K
}
Event: 3.748 GC heap before
{Heap before GC invocations=6 (full 1):
 PSYoungGen      total 29696K, used 4070K [0x00000000eab00000, 0x00000000ece00000, 0x0000000100000000)
  eden space 25600K, 0% used [0x00000000eab00000,0x00000000eab00000,0x00000000ec400000)
  from space 4096K, 99% used [0x00000000ec400000,0x00000000ec7f9a60,0x00000000ec800000)
  to   space 5120K, 0% used [0x00000000ec900000,0x00000000ec900000,0x00000000ece00000)
 ParOldGen       total 68608K, used 4852K [0x00000000c0000000, 0x00000000c4300000, 0x00000000eab00000)
  object space 68608K, 7% used [0x00000000c0000000,0x00000000c04bd120,0x00000000c4300000)
 Metaspace       used 19962K, capacity 21161K, committed 21248K, reserved 1069056K
  class space    used 1826K, capacity 2233K, committed 2304K, reserved 1048576K
}
Event: 3.783 GC heap after
{Heap after GC invocations=6 (full 1):
 PSYoungGen      total 29696K, used 0K [0x00000000eab00000, 0x00000000ece00000, 0x0000000100000000)
  eden space 25600K, 0% used [0x00000000eab00000,0x00000000eab00000,0x00000000ec400000)
  from space 4096K, 0% used [0x00000000ec400000,0x00000000ec400000,0x00000000ec800000)
  to   space 5120K, 0% used [0x00000000ec900000,0x00000000ec900000,0x00000000ece00000)
 ParOldGen       total 68608K, used 8633K [0x00000000c0000000, 0x00000000c4300000, 0x00000000eab00000)
  object space 68608K, 12% used [0x00000000c0000000,0x00000000c086e710,0x00000000c4300000)
 Metaspace       used 19962K, capacity 21161K, committed 21248K, reserved 1069056K
  class space    used 1826K, capacity 2233K, committed 2304K, reserved 1048576K
}
Event: 4.660 GC heap before
{Heap before GC invocations=7 (full 1):
 PSYoungGen      total 29696K, used 25600K [0x00000000eab00000, 0x00000000ece00000, 0x0000000100000000)
  eden space 25600K, 100% used [0x00000000eab00000,0x00000000ec400000,0x00000000ec400000)
  from space 4096K, 0% used [0x00000000ec400000,0x00000000ec400000,0x00000000ec800000)
  to   space 5120K, 0% used [0x00000000ec900000,0x00000000ec900000,0x00000000ece00000)
 ParOldGen       total 68608K, used 8633K [0x00000000c0000000, 0x00000000c4300000, 0x00000000eab00000)
  object space 68608K, 12% used [0x00000000c0000000,0x00000000c086e710,0x00000000c4300000)
 Metaspace       used 22945K, capacity 24202K, committed 24448K, reserved 1071104K
  class space    used 2100K, capacity 2569K, committed 2688K, reserved 1048576K
}
Event: 4.663 GC heap after
{Heap after GC invocations=7 (full 1):
 PSYoungGen      total 28160K, used 2686K [0x00000000eab00000, 0x00000000ecc00000, 0x0000000100000000)
  eden space 25088K, 0% used [0x00000000eab00000,0x00000000eab00000,0x00000000ec380000)
  from space 3072K, 87% used [0x00000000ec900000,0x00000000ecb9fa68,0x00000000ecc00000)
  to   space 3584K, 0% used [0x00000000ec500000,0x00000000ec500000,0x00000000ec880000)
 ParOldGen       total 68608K, used 8641K [0x00000000c0000000, 0x00000000c4300000, 0x00000000eab00000)
  object space 68608K, 12% used [0x00000000c0000000,0x00000000c0870710,0x00000000c4300000)
 Metaspace       used 22945K, capacity 24202K, committed 24448K, reserved 1071104K
  class space    used 2100K, capacity 2569K, committed 2688K, reserved 1048576K
}
Event: 5.507 GC heap before
{Heap before GC invocations=8 (full 1):
 PSYoungGen      total 28160K, used 27774K [0x00000000eab00000, 0x00000000ecc00000, 0x0000000100000000)
  eden space 25088K, 100% used [0x00000000eab00000,0x00000000ec380000,0x00000000ec380000)
  from space 3072K, 87% used [0x00000000ec900000,0x00000000ecb9fa68,0x00000000ecc00000)
  to   space 3584K, 0% used [0x00000000ec500000,0x00000000ec500000,0x00000000ec880000)
 ParOldGen       total 68608K, used 8641K [0x00000000c0000000, 0x00000000c4300000, 0x00000000eab00000)
  object space 68608K, 12% used [0x00000000c0000000,0x00000000c0870710,0x00000000c4300000)
 Metaspace       used 27154K, capacity 28983K, committed 29312K, reserved 1075200K
  class space    used 2641K, capacity 3332K, committed 3456K, reserved 1048576K
}
Event: 5.512 GC heap after
{Heap after GC invocations=8 (full 1):
 PSYoungGen      total 28160K, used 3557K [0x00000000eab00000, 0x00000000ecc00000, 0x0000000100000000)
  eden space 24576K, 0% used [0x00000000eab00000,0x00000000eab00000,0x00000000ec300000)
  from space 3584K, 99% used [0x00000000ec500000,0x00000000ec8797d0,0x00000000ec880000)
  to   space 3584K, 0% used [0x00000000ec880000,0x00000000ec880000,0x00000000ecc00000)
 ParOldGen       total 68608K, used 9338K [0x00000000c0000000, 0x00000000c4300000, 0x00000000eab00000)
  object space 68608K, 13% used [0x00000000c0000000,0x00000000c091eb70,0x00000000c4300000)
 Metaspace       used 27154K, capacity 28983K, committed 29312K, reserved 1075200K
  class space    used 2641K, capacity 3332K, committed 3456K, reserved 1048576K
}

Deoptimization events (20 events):
Event: 5.326 Thread 0x000001d4c33f73b0 DEOPT PACKING pc=0x000001d4d49fb5b4 sp=0x0000001bcd9fddc0
Event: 5.326 Thread 0x000001d4c33f73b0 DEOPT UNPACKING pc=0x000001d4cce8e42f sp=0x0000001bcd9fdd70 mode 2
Event: 5.348 Thread 0x000001d4c33f73b0 DEOPT PACKING pc=0x000001d4cd9976d6 sp=0x0000001bcd9f75e0
Event: 5.348 Thread 0x000001d4c33f73b0 DEOPT UNPACKING pc=0x000001d4cce8e23f sp=0x0000001bcd9f6ad8 mode 0
Event: 5.366 Thread 0x000001d4c33f73b0 Uncommon trap: trap_request=0xffffff45 fr.pc=0x000001d4d49f7c4c relative=0x000000000000126c
Event: 5.366 Thread 0x000001d4c33f73b0 Uncommon trap: reason=unstable_if action=reinterpret pc=0x000001d4d49f7c4c method=java.util.Properties.loadConvert([CIILjava/lang/StringBuilder;)Ljava/lang/String; @ 481 c2
Event: 5.366 Thread 0x000001d4c33f73b0 DEOPT PACKING pc=0x000001d4d49f7c4c sp=0x0000001bcd9f8f50
Event: 5.366 Thread 0x000001d4c33f73b0 DEOPT UNPACKING pc=0x000001d4cce8e42f sp=0x0000001bcd9f8f40 mode 2
Event: 5.735 Thread 0x000001d4c33f73b0 Uncommon trap: trap_request=0xffffff45 fr.pc=0x000001d4d49e282c relative=0x000000000000010c
Event: 5.735 Thread 0x000001d4c33f73b0 Uncommon trap: reason=unstable_if action=reinterpret pc=0x000001d4d49e282c method=jdk.internal.org.objectweb.asm.SymbolTable.put(Ljdk/internal/org/objectweb/asm/SymbolTable$Entry;)Ljdk/internal/org/objectweb/asm/SymbolTable$Entry; @ 13 c2
Event: 5.735 Thread 0x000001d4c33f73b0 DEOPT PACKING pc=0x000001d4d49e282c sp=0x0000001bcd9fd570
Event: 5.735 Thread 0x000001d4c33f73b0 DEOPT UNPACKING pc=0x000001d4cce8e42f sp=0x0000001bcd9fd4d0 mode 2
Event: 5.888 Thread 0x000001d4e1ae05a0 Uncommon trap: trap_request=0xffffff45 fr.pc=0x000001d4d4a301f8 relative=0x0000000000000458
Event: 5.888 Thread 0x000001d4e1ae05a0 Uncommon trap: reason=unstable_if action=reinterpret pc=0x000001d4d4a301f8 method=java.util.concurrent.locks.ReentrantLock$NonfairSync.initialTryLock()Z @ 25 c2
Event: 5.888 Thread 0x000001d4e1ae05a0 DEOPT PACKING pc=0x000001d4d4a301f8 sp=0x0000001bcf8f4880
Event: 5.888 Thread 0x000001d4e1ae05a0 DEOPT UNPACKING pc=0x000001d4cce8e42f sp=0x0000001bcf8f4688 mode 2
Event: 5.888 Thread 0x000001d4e1dc7870 Uncommon trap: trap_request=0xffffff45 fr.pc=0x000001d4d4a1d834 relative=0x00000000000000b4
Event: 5.888 Thread 0x000001d4e1dc7870 Uncommon trap: reason=unstable_if action=reinterpret pc=0x000001d4d4a1d834 method=java.util.concurrent.locks.ReentrantLock$NonfairSync.initialTryLock()Z @ 25 c2
Event: 5.888 Thread 0x000001d4e1dc7870 DEOPT PACKING pc=0x000001d4d4a1d834 sp=0x0000001bcf3fddf0
Event: 5.889 Thread 0x000001d4e1dc7870 DEOPT UNPACKING pc=0x000001d4cce8e42f sp=0x0000001bcf3fdd70 mode 2

Classes unloaded (0 events):
No events

Classes redefined (0 events):
No events

Internal exceptions (20 events):
Event: 2.008 Thread 0x000001d4e1c30820 Implicit null exception at 0x000001d4d495fe8b to 0x000001d4d495ff54
Event: 2.014 Thread 0x000001d4c33f73b0 Exception <a 'java/lang/UnsatisfiedLinkError'{0x00000000ec1ca120}: 'void org.eclipse.equinox.launcher.JNIBridge._update_splash()'> (0x00000000ec1ca120) 
thrown [./open/src/hotspot/share/prims/nativeLookup.cpp, line 530]
Event: 2.422 Thread 0x000001d4e1b29370 Exception <a 'java/io/FileNotFoundException'{0x00000000eb652a10}> (0x00000000eb652a10) 
thrown [./open/src/hotspot/share/prims/jni.cpp, line 578]
Event: 2.745 Thread 0x000001d4e1b29370 Exception <a 'java/lang/NoSuchMethodError'{0x00000000ebe86ab0}: 'void java.lang.invoke.DirectMethodHandle$Holder.invokeInterface(java.lang.Object, java.lang.Object, java.lang.Object)'> (0x00000000ebe86ab0) 
thrown [./open/src/hotspot/share/interpreter/linkResolver.cpp, line 782]
Event: 2.890 Thread 0x000001d4e1b29370 Exception <a 'java/io/FileNotFoundException'{0x00000000ec3033e8}> (0x00000000ec3033e8) 
thrown [./open/src/hotspot/share/prims/jni.cpp, line 578]
Event: 3.122 Thread 0x000001d4e1b29370 Exception <a 'java/lang/NoSuchMethodError'{0x00000000eb0a7e40}: 'int java.lang.invoke.DirectMethodHandle$Holder.invokeStaticInit(java.lang.Object, java.lang.Object, java.lang.Object)'> (0x00000000eb0a7e40) 
thrown [./open/src/hotspot/share/interpreter/linkResolver.cpp, line 782]
Event: 3.135 Thread 0x000001d4e1b29370 Exception <a 'java/lang/IncompatibleClassChangeError'{0x00000000eb119090}: Found class java.lang.Object, but interface was expected> (0x00000000eb119090) 
thrown [./open/src/hotspot/share/interpreter/linkResolver.cpp, line 848]
Event: 4.003 Thread 0x000001d4e1b29370 Exception <a 'java/lang/ClassNotFoundException'{0x00000000eb794410}: com/sun/org/apache/xerces/internal/impl/msg/spi/DOMMessagesProvider> (0x00000000eb794410) 
thrown [./open/src/hotspot/share/classfile/systemDictionary.cpp, line 295]
Event: 4.008 Thread 0x000001d4e1b29370 Exception <a 'java/lang/ClassNotFoundException'{0x00000000eb7abec8}: com/sun/org/apache/xerces/internal/impl/msg/spi/XMLSerializerMessagesProvider> (0x00000000eb7abec8) 
thrown [./open/src/hotspot/share/classfile/systemDictionary.cpp, line 295]
Event: 4.010 Thread 0x000001d4e1b29370 Exception <a 'java/lang/ClassNotFoundException'{0x00000000eb7b7400}: com/sun/org/apache/xerces/internal/impl/msg/spi/XMLMessagesProvider> (0x00000000eb7b7400) 
thrown [./open/src/hotspot/share/classfile/systemDictionary.cpp, line 295]
Event: 4.229 Thread 0x000001d4e1b29370 Exception <a 'sun/nio/fs/WindowsException'{0x00000000eba2b808}> (0x00000000eba2b808) 
thrown [./open/src/hotspot/share/prims/jni.cpp, line 578]
Event: 4.362 Thread 0x000001d4e1b29370 Exception <a 'java/lang/ClassNotFoundException'{0x00000000ebd5b7a0}: com/sun/org/apache/xml/internal/serializer/spi/XMLEntitiesProvider> (0x00000000ebd5b7a0) 
thrown [./open/src/hotspot/share/classfile/systemDictionary.cpp, line 295]
Event: 4.866 Thread 0x000001d4e1b29370 Exception <a 'java/lang/NoSuchMethodError'{0x00000000eb2013c0}: 'void java.lang.invoke.DirectMethodHandle$Holder.invokeSpecial(java.lang.Object, java.lang.Object, java.lang.Object, int)'> (0x00000000eb2013c0) 
thrown [./open/src/hotspot/share/interpreter/linkResolver.cpp, line 782]
Event: 4.982 Thread 0x000001d4e1b29370 Exception <a 'java/lang/NoSuchMethodError'{0x00000000eb4db570}: static Lorg/eclipse/m2e/core/internal/lifecyclemapping/model/PluginExecutionMetadata;.<clinit>()V> (0x00000000eb4db570) 
thrown [./open/src/hotspot/share/prims/jni.cpp, line 1204]
Event: 4.988 Thread 0x000001d4e1b29370 Exception <a 'java/lang/NoSuchMethodError'{0x00000000eb520a58}: static Lorg/eclipse/m2e/core/internal/lifecyclemapping/model/PluginExecutionFilter;.<clinit>()V> (0x00000000eb520a58) 
thrown [./open/src/hotspot/share/prims/jni.cpp, line 1204]
Event: 5.111 Thread 0x000001d4e1b29370 Exception <a 'java/io/FileNotFoundException'{0x00000000eb98cc88}> (0x00000000eb98cc88) 
thrown [./open/src/hotspot/share/prims/jni.cpp, line 578]
Event: 5.136 Thread 0x000001d4e1b29370 Exception <a 'java/io/FileNotFoundException'{0x00000000eb9f8628}> (0x00000000eb9f8628) 
thrown [./open/src/hotspot/share/prims/jni.cpp, line 578]
Event: 5.152 Thread 0x000001d4e1b29370 Exception <a 'java/io/FileNotFoundException'{0x00000000eba5d7c0}> (0x00000000eba5d7c0) 
thrown [./open/src/hotspot/share/prims/jni.cpp, line 578]
Event: 5.319 Thread 0x000001d4e1b29370 Implicit null exception at 0x000001d4d49fbe47 to 0x000001d4d49fcb04
Event: 5.724 Thread 0x000001d4c33f73b0 Exception <a 'java/lang/NoSuchMethodError'{0x00000000eb346380}: 'java.lang.Object java.lang.invoke.DirectMethodHandle$Holder.newInvokeSpecial(java.lang.Object, java.lang.Object, java.lang.Object, java.lang.Object, java.lang.Object)'> (0x00000000eb346380) 
thrown [./open/src/hotspot/share/interpreter/linkResolver.cpp, line 782]

Events (20 events):
Event: 5.743 loading class java/text/MessageFormat
Event: 5.744 loading class java/text/MessageFormat done
Event: 5.745 loading class java/text/MessageFormat$Field
Event: 5.745 loading class java/text/MessageFormat$Field done
Event: 5.754 Thread 0x000001d4e1ae05a0 Thread added: 0x000001d4e1ae05a0
Event: 5.778 loading class sun/reflect/generics/repository/FieldRepository
Event: 5.778 loading class sun/reflect/generics/repository/FieldRepository done
Event: 5.784 loading class jdk/internal/reflect/UnsafeQualifiedIntegerFieldAccessorImpl
Event: 5.784 loading class jdk/internal/reflect/UnsafeQualifiedIntegerFieldAccessorImpl done
Event: 5.833 loading class jdk/internal/reflect/UnsafeBooleanFieldAccessorImpl
Event: 5.833 loading class jdk/internal/reflect/UnsafeBooleanFieldAccessorImpl done
Event: 5.842 Thread 0x000001d4e2415010 Thread added: 0x000001d4e2415010
Event: 5.887 loading class java/util/concurrent/CancellationException
Event: 5.887 loading class java/util/concurrent/CancellationException done
Event: 5.907 Thread 0x000001d4e1ae3a90 Thread added: 0x000001d4e1ae3a90
Event: 5.917 loading class java/io/InvalidObjectException
Event: 5.917 loading class java/io/InvalidObjectException done
Event: 5.918 Executing VM operation: CollectForMetadataAllocation
Event: 5.918 Executing VM operation: CollectForMetadataAllocation done
Event: 5.918 Executing VM operation: HandshakeAllThreads


Dynamic libraries:
0x00007ff743290000 - 0x00007ff74329f000 	C:\Program Files\Java\jdk-15.0.1\bin\java.exe
0x00007ffdc4830000 - 0x00007ffdc4a25000 	C:\WINDOWS\SYSTEM32\ntdll.dll
0x00007ffdc4590000 - 0x00007ffdc464d000 	C:\WINDOWS\System32\KERNEL32.DLL
0x00007ffdc2180000 - 0x00007ffdc2449000 	C:\WINDOWS\System32\KERNELBASE.dll
0x00007ffdc2530000 - 0x00007ffdc2630000 	C:\WINDOWS\System32\ucrtbase.dll
0x00007ffda4c70000 - 0x00007ffda4c89000 	C:\Program Files\Java\jdk-15.0.1\bin\VCRUNTIME140.dll
0x00007ffdb1b30000 - 0x00007ffdb1b48000 	C:\Program Files\Java\jdk-15.0.1\bin\jli.dll
0x00007ffdc3430000 - 0x00007ffdc34dc000 	C:\WINDOWS\System32\ADVAPI32.dll
0x00007ffdc3710000 - 0x00007ffdc37ae000 	C:\WINDOWS\System32\msvcrt.dll
0x00007ffdc2f40000 - 0x00007ffdc2fdb000 	C:\WINDOWS\System32\sechost.dll
0x00007ffdc35e0000 - 0x00007ffdc370a000 	C:\WINDOWS\System32\RPCRT4.dll
0x00007ffdc4650000 - 0x00007ffdc47f0000 	C:\WINDOWS\System32\USER32.dll
0x00007ffda4ec0000 - 0x00007ffda515a000 	C:\WINDOWS\WinSxS\amd64_microsoft.windows.common-controls_6595b64144ccf1df_6.0.19041.1110_none_60b5254171f9507e\COMCTL32.dll
0x00007ffdc2500000 - 0x00007ffdc2522000 	C:\WINDOWS\System32\win32u.dll
0x00007ffdc37b0000 - 0x00007ffdc37da000 	C:\WINDOWS\System32\GDI32.dll
0x00007ffdc26d0000 - 0x00007ffdc27db000 	C:\WINDOWS\System32\gdi32full.dll
0x00007ffdc2630000 - 0x00007ffdc26cd000 	C:\WINDOWS\System32\msvcp_win.dll
0x00007ffdb9520000 - 0x00007ffdb952a000 	C:\WINDOWS\SYSTEM32\VERSION.dll
0x00007ffdc2fe0000 - 0x00007ffdc3010000 	C:\WINDOWS\System32\IMM32.DLL
0x00007ffdbd050000 - 0x00007ffdbd05c000 	C:\Program Files\Java\jdk-15.0.1\bin\vcruntime140_1.dll
0x00007ffd7b360000 - 0x00007ffd7b3f1000 	C:\Program Files\Java\jdk-15.0.1\bin\msvcp140.dll
0x00007ffd64970000 - 0x00007ffd654ce000 	C:\Program Files\Java\jdk-15.0.1\bin\server\jvm.dll
0x00007ffdc3420000 - 0x00007ffdc3428000 	C:\WINDOWS\System32\PSAPI.DLL
0x00007ffdb7060000 - 0x00007ffdb7087000 	C:\WINDOWS\SYSTEM32\WINMM.dll
0x00007ffdbd970000 - 0x00007ffdbd979000 	C:\WINDOWS\SYSTEM32\WSOCK32.dll
0x00007ffdc2e70000 - 0x00007ffdc2edb000 	C:\WINDOWS\System32\WS2_32.dll
0x00007ffdc0840000 - 0x00007ffdc0852000 	C:\WINDOWS\SYSTEM32\kernel.appcore.dll
0x00007ffdbcbd0000 - 0x00007ffdbcbda000 	C:\Program Files\Java\jdk-15.0.1\bin\jimage.dll
0x00007ffdbfca0000 - 0x00007ffdbfe84000 	C:\WINDOWS\SYSTEM32\DBGHELP.DLL
0x00007ffdb94d0000 - 0x00007ffdb94fc000 	C:\WINDOWS\SYSTEM32\dbgcore.DLL
0x00007ffdc20f0000 - 0x00007ffdc2173000 	C:\WINDOWS\System32\bcryptPrimitives.dll
0x00007ffdbac90000 - 0x00007ffdbac9e000 	C:\Program Files\Java\jdk-15.0.1\bin\instrument.dll
0x00007ffd8b270000 - 0x00007ffd8b295000 	C:\Program Files\Java\jdk-15.0.1\bin\java.dll
0x00007ffdc3d30000 - 0x00007ffdc446f000 	C:\WINDOWS\System32\SHELL32.dll
0x00007ffdbfe90000 - 0x00007ffdc0620000 	C:\WINDOWS\SYSTEM32\windows.storage.dll
0x00007ffdc38e0000 - 0x00007ffdc3c35000 	C:\WINDOWS\System32\combase.dll
0x00007ffdc1950000 - 0x00007ffdc197c000 	C:\WINDOWS\SYSTEM32\Wldp.dll
0x00007ffdc2890000 - 0x00007ffdc293e000 	C:\WINDOWS\System32\SHCORE.dll
0x00007ffdc3c40000 - 0x00007ffdc3c95000 	C:\WINDOWS\System32\shlwapi.dll
0x00007ffdc1ea0000 - 0x00007ffdc1ebf000 	C:\WINDOWS\SYSTEM32\profapi.dll
0x00007ffd8d210000 - 0x00007ffd8d228000 	C:\Program Files\Java\jdk-15.0.1\bin\zip.dll
0x00007ffd9fda0000 - 0x00007ffd9fdb9000 	C:\Program Files\Java\jdk-15.0.1\bin\net.dll
0x00007ffdbbf80000 - 0x00007ffdbc088000 	C:\WINDOWS\SYSTEM32\WINHTTP.dll
0x00007ffdc16b0000 - 0x00007ffdc171a000 	C:\WINDOWS\system32\mswsock.dll
0x00007ffd8dcf0000 - 0x00007ffd8dd02000 	C:\Program Files\Java\jdk-15.0.1\bin\nio.dll
0x00007ffdbc370000 - 0x00007ffdbc380000 	C:\Program Files\Java\jdk-15.0.1\bin\verify.dll
0x00007ffdc18b0000 - 0x00007ffdc18c8000 	C:\WINDOWS\SYSTEM32\CRYPTSP.dll
0x00007ffdc0fd0000 - 0x00007ffdc1004000 	C:\WINDOWS\system32\rsaenh.dll
0x00007ffdc20c0000 - 0x00007ffdc20e7000 	C:\WINDOWS\System32\bcrypt.dll
0x00007ffdc1e20000 - 0x00007ffdc1e4e000 	C:\WINDOWS\SYSTEM32\USERENV.dll
0x00007ffdc18a0000 - 0x00007ffdc18ac000 	C:\WINDOWS\SYSTEM32\CRYPTBASE.dll
0x00007ffdc13a0000 - 0x00007ffdc13db000 	C:\WINDOWS\SYSTEM32\IPHLPAPI.DLL
0x00007ffdc35d0000 - 0x00007ffdc35d8000 	C:\WINDOWS\System32\NSI.dll
0x00007ffdba740000 - 0x00007ffdba757000 	C:\WINDOWS\SYSTEM32\dhcpcsvc6.DLL
0x00007ffdbb160000 - 0x00007ffdbb17d000 	C:\WINDOWS\SYSTEM32\dhcpcsvc.DLL
0x00007ffdc13e0000 - 0x00007ffdc14ac000 	C:\WINDOWS\SYSTEM32\DNSAPI.dll
0x00007ffd895d0000 - 0x00007ffd8960e000 	C:\Users\ADMIN\AppData\Roaming\Code\User\globalStorage\redhat.java\0.81.0\config_win\org.eclipse.equinox.launcher\org.eclipse.equinox.launcher.win32.win32.x86_64_1.2.300.v20210622-1446\eclipse_11503.dll
0x00007ffd8d130000 - 0x00007ffd8d141000 	C:\Users\ADMIN\AppData\Roaming\Code\User\globalStorage\redhat.java\0.81.0\config_win\org.eclipse.osgi\22\0\.cp\jWinHttp-1.0.0.dll
0x00007ffdc32f0000 - 0x00007ffdc341a000 	C:\WINDOWS\System32\ole32.dll

dbghelp: loaded successfully - version: 4.0.5 - missing functions: none
symbol engine: initialized successfully - sym options: 0x614 - pdb path: .;C:\Program Files\Java\jdk-15.0.1\bin;C:\WINDOWS\SYSTEM32;C:\WINDOWS\WinSxS\amd64_microsoft.windows.common-controls_6595b64144ccf1df_6.0.19041.1110_none_60b5254171f9507e;C:\Program Files\Java\jdk-15.0.1\bin\server;C:\Users\ADMIN\AppData\Roaming\Code\User\globalStorage\redhat.java\0.81.0\config_win\org.eclipse.equinox.launcher\org.eclipse.equinox.launcher.win32.win32.x86_64_1.2.300.v20210622-1446;C:\Users\ADMIN\AppData\Roaming\Code\User\globalStorage\redhat.java\0.81.0\config_win\org.eclipse.osgi\22\0\.cp

VM Arguments:
jvm_args: --add-modules=ALL-SYSTEM --add-opens=java.base/java.util=ALL-UNNAMED --add-opens=java.base/java.lang=ALL-UNNAMED -Declipse.application=org.eclipse.jdt.ls.core.id1 -Dosgi.bundles.defaultStartLevel=4 -Declipse.product=org.eclipse.jdt.ls.core.product -Dfile.encoding=utf8 -DwatchParentProcess=false -XX:+UseParallelGC -XX:GCTimeRatio=4 -XX:AdaptiveSizePolicyWeight=90 -Dsun.zip.disableMemoryMapping=true -Xmx1G -Xms100m -javaagent:c:\Users\ADMIN\.vscode\extensions\gabrielbb.vscode-lombok-1.0.1\server\lombok.jar 
java_command: c:\Users\ADMIN\.vscode\extensions\redhat.java-0.81.0\server\plugins\org.eclipse.equinox.launcher_1.6.200.v20210416-2027.jar -configuration c:\Users\ADMIN\AppData\Roaming\Code\User\globalStorage\redhat.java\0.81.0\config_win -data c:\Users\ADMIN\AppData\Roaming\Code\User\workspaceStorage\2096a02ef39fdbcbc7abb9b74ce8bc2e\redhat.java\jdt_ws
java_class_path (initial): c:\Users\ADMIN\.vscode\extensions\redhat.java-0.81.0\server\plugins\org.eclipse.equinox.launcher_1.6.200.v20210416-2027.jar
Launcher Type: SUN_STANDARD

[Global flags]
    uintx AdaptiveSizePolicyWeight                 = 90                                        {product} {command line}
     intx CICompilerCount                          = 4                                         {product} {ergonomic}
    uintx GCTimeRatio                              = 4                                         {product} {command line}
   size_t InitialHeapSize                          = 104857600                                 {product} {command line}
   size_t MaxHeapSize                              = 1073741824                                {product} {command line}
   size_t MaxNewSize                               = 357564416                                 {product} {ergonomic}
   size_t MinHeapDeltaBytes                        = 524288                                    {product} {ergonomic}
   size_t MinHeapSize                              = 104857600                                 {product} {command line}
   size_t NewSize                                  = 34603008                                  {product} {ergonomic}
    uintx NonNMethodCodeHeapSize                   = 5839372                                {pd product} {ergonomic}
    uintx NonProfiledCodeHeapSize                  = 122909434                              {pd product} {ergonomic}
   size_t OldSize                                  = 70254592                                  {product} {ergonomic}
    uintx ProfiledCodeHeapSize                     = 122909434                              {pd product} {ergonomic}
    uintx ReservedCodeCacheSize                    = 251658240                              {pd product} {ergonomic}
     bool SegmentedCodeCache                       = true                                      {product} {ergonomic}
   size_t SoftMaxHeapSize                          = 1073741824                             {manageable} {ergonomic}
     bool UseCompressedClassPointers               = true                                 {lp64_product} {ergonomic}
     bool UseCompressedOops                        = true                                 {lp64_product} {ergonomic}
     bool UseLargePagesIndividualAllocation        = false                                  {pd product} {ergonomic}
     bool UseParallelGC                            = true                                      {product} {command line}

Logging:
Log output configuration:
 #0: stdout all=warning uptime,level,tags
 #1: stderr all=off uptime,level,tags

Environment Variables:
JAVA_HOME=C:\Program Files\Java\jdk-15.0.1
CLASSPATH=.;.;.;%CLASSPATH%;%JUNIT_HOME%\junit-4.jar;D:\junit-4.jar\junit-4.jar;D:\junit-4.jar\junit-4.jar
PATH=C:\Program Files\Java\jdk-15.0.1\bin;C:\Program Files\Common Files\Oracle\Java\javapath;C:\Program Files\Python38\Scripts\;C:\Program Files\Python38\;C:\WINDOWS\system32;C:\WINDOWS;C:\WINDOWS\System32\Wbem;C:\WINDOWS\System32\WindowsPowerShell\v1.0\;C:\WINDOWS\System32\OpenSSH\;C:\Program Files\Intel\WiFi\bin\;C:\Program Files\Common Files\Intel\WirelessCommon\;C:\Program Files\Microsoft SQL Server\Client SDK\ODBC\170\Tools\Binn\;C:\Program Files (x86)\Microsoft SQL Server\150\Tools\Binn\;C:\Program Files\Microsoft SQL Server\150\Tools\Binn\;C:\Program Files\Microsoft SQL Server\150\DTS\Binn\;C:\Program Files (x86)\Microsoft SQL Server\150\DTS\Binn\;C:\Program Files\Azure Data Studio\bin;C:\Program Files\nodejs\;C:\Program Files\Git\cmd;C:\Users\ADMIN\AppData\Local\Programs\Python\Python39\Scripts\;C:\Users\ADMIN\AppData\Local\Programs\Python\Python39\;C:\Users\ADMIN\AppData\Local\Microsoft\WindowsApps;C:\Program Files\JetBrains\IntelliJ IDEA Community Edition 2020.1.1\bin;;C:\Program Files\Azure Data Studio\bin;C:\Users\ADMIN\AppData\Local\Programs\Microsoft VS Code\bin;C:\Users\ADMIN\AppData\Roaming\npm;
USERNAME=AHop
OS=Windows_NT
PROCESSOR_IDENTIFIER=AMD64 Family 23 Model 17 Stepping 0, AuthenticAMD



---------------  S Y S T E M  ---------------

OS:
 Windows 10 , 64 bit Build 19041 (10.0.19041.1151)
OS uptime: 0 days 16:33 hours

CPU: total 8 (initial active 8) (8 cores per cpu, 2 threads per core) family 23 model 17 stepping 0 microcode 0x0, cmov, cx8, fxsr, mmx, sse, sse2, sse3, ssse3, sse4.1, sse4.2, popcnt, vzeroupper, avx, avx2, aes, clmul, 3dnowpref, lzcnt, sse4a, ht, tsc, tscinvbit, tscinv, bmi1, bmi2, adx, sha, fma, clflush, clflushopt

Memory: 4k page, system-wide physical 7116M (366M free)
TotalPageFile size 11212M (AvailPageFile size 0M)
current process WorkingSet (physical memory assigned to process): 147M, peak: 149M
current process commit charge ("private bytes"): 253M, peak: 261M

vm_info: Java HotSpot(TM) 64-Bit Server VM (15.0.1+9-18) for windows-amd64 JRE (15.0.1+9-18), built on Sep 15 2020 14:43:54 by "mach5one" with unknown MS VC++:1925

END.
