#
# There is insufficient memory for the Java Runtime Environment to continue.
# Native memory allocation (malloc) failed to allocate 306784 bytes for Chunk::new
# Possible reasons:
#   The system is out of physical RAM or swap space
#   The process is running with CompressedOops enabled, and the Java Heap may be blocking the growth of the native heap
# Possible solutions:
#   Reduce memory load on the system
#   Increase physical memory or swap space
#   Check if swap backing store is full
#   Decrease Java heap size (-Xmx/-Xms)
#   Decrease number of Java threads
#   Decrease Java thread stack sizes (-Xss)
#   Set larger code cache with -XX:ReservedCodeCacheSize=
#   JVM is running with Unscaled Compressed Oops mode in which the Java heap is
#     placed in the first 4GB address space. The Java Heap base address is the
#     maximum limit for the native heap growth. Please use -XX:HeapBaseMinAddress
#     to set the Java Heap base and to place the Java Heap above 4GB virtual address.
# This output file may be truncated or incomplete.
#
#  Out of Memory Error (./open/src/hotspot/share/memory/arena.cpp:195), pid=9096, tid=756
#
# JRE version: Java(TM) SE Runtime Environment (15.0.1+9) (build 15.0.1+9-18)
# Java VM: Java HotSpot(TM) 64-Bit Server VM (15.0.1+9-18, mixed mode, sharing, tiered, compressed oops, parallel gc, windows-amd64)
# No core dump will be written. Minidumps are not enabled by default on client versions of Windows
#

---------------  S U M M A R Y ------------

Command Line: --add-modules=ALL-SYSTEM --add-opens=java.base/java.util=ALL-UNNAMED --add-opens=java.base/java.lang=ALL-UNNAMED -Declipse.application=org.eclipse.jdt.ls.core.id1 -Dosgi.bundles.defaultStartLevel=4 -Declipse.product=org.eclipse.jdt.ls.core.product -Dfile.encoding=utf8 -DwatchParentProcess=false -XX:+UseParallelGC -XX:GCTimeRatio=4 -XX:AdaptiveSizePolicyWeight=90 -Dsun.zip.disableMemoryMapping=true -Xmx1G -Xms100m -javaagent:c:\Users\ADMIN\.vscode\extensions\gabrielbb.vscode-lombok-1.0.1\server\lombok.jar c:\Users\ADMIN\.vscode\extensions\redhat.java-0.80.0\server\plugins\org.eclipse.equinox.launcher_1.6.200.v20210416-2027.jar -configuration c:\Users\ADMIN\AppData\Roaming\Code\User\globalStorage\redhat.java\0.80.0\config_ss_win -data c:\Users\ADMIN\AppData\Roaming\Code\User\workspaceStorage\2096a02ef39fdbcbc7abb9b74ce8bc2e\redhat.java\ss_ws

Host: AMD Ryzen 5 2500U with Radeon Vega Mobile Gfx  , 8 cores, 6G,  Windows 10 , 64 bit Build 19041 (10.0.19041.1023)
Time: Mon Aug  2 21:17:13 2021 SE Asia Standard Time elapsed time: 0.457937 seconds (0d 0h 0m 0s)

---------------  T H R E A D  ---------------

Current thread (0x000001e06edf66b0):  JavaThread "C2 CompilerThread0" daemon [_thread_in_native, id=756, stack(0x00000065a9f00000,0x00000065aa000000)]


Current CompileTask:
C2:    458  605       4       lombok.patcher.scripts.MethodLevelPatchScript::patch (21 bytes)

Stack: [0x00000065a9f00000,0x00000065aa000000]
Native frames: (J=compiled Java code, j=interpreted, Vv=VM code, C=native code)
V  [jvm.dll+0x62ae9a]
V  [jvm.dll+0x781389]
V  [jvm.dll+0x782ae3]
V  [jvm.dll+0x783143]
V  [jvm.dll+0x216265]
V  [jvm.dll+0x97efa]
V  [jvm.dll+0x985dc]
V  [jvm.dll+0x32e525]
V  [jvm.dll+0x2f78aa]
V  [jvm.dll+0x2f6c6a]
V  [jvm.dll+0x1ea645]
V  [jvm.dll+0x1e98ae]
V  [jvm.dll+0x1784c7]
V  [jvm.dll+0x1f9165]
V  [jvm.dll+0x1f720c]
V  [jvm.dll+0x74485d]
V  [jvm.dll+0x73d65a]
V  [jvm.dll+0x629c56]
C  [ucrtbase.dll+0x21bb2]
C  [KERNEL32.DLL+0x17034]
C  [ntdll.dll+0x52651]


---------------  P R O C E S S  ---------------

Threads class SMR info:
_java_thread_list=0x000001e07ae8e4e0, length=13, elements={
0x000001e06ed37850, 0x000001e07abb1b00, 0x000001e06edeffc0, 0x000001e06edf2fe0,
0x000001e06edf38a0, 0x000001e06edf5170, 0x000001e06edf66b0, 0x000001e06edf7a40,
0x000001e06edfa660, 0x000001e06edd5ea0, 0x000001e07acc9680, 0x000001e07ae39c70,
0x000001e07af18690
}

Java Threads: ( => current thread )
  0x000001e06ed37850 JavaThread "main" [_thread_in_Java, id=21132, stack(0x00000065a9700000,0x00000065a9800000)]
  0x000001e07abb1b00 JavaThread "Reference Handler" daemon [_thread_blocked, id=20108, stack(0x00000065a9a00000,0x00000065a9b00000)]
  0x000001e06edeffc0 JavaThread "Finalizer" daemon [_thread_blocked, id=14808, stack(0x00000065a9b00000,0x00000065a9c00000)]
  0x000001e06edf2fe0 JavaThread "Signal Dispatcher" daemon [_thread_blocked, id=21032, stack(0x00000065a9c00000,0x00000065a9d00000)]
  0x000001e06edf38a0 JavaThread "Attach Listener" daemon [_thread_blocked, id=2744, stack(0x00000065a9d00000,0x00000065a9e00000)]
  0x000001e06edf5170 JavaThread "Service Thread" daemon [_thread_blocked, id=17296, stack(0x00000065a9e00000,0x00000065a9f00000)]
=>0x000001e06edf66b0 JavaThread "C2 CompilerThread0" daemon [_thread_in_native, id=756, stack(0x00000065a9f00000,0x00000065aa000000)]
  0x000001e06edf7a40 JavaThread "C1 CompilerThread0" daemon [_thread_blocked, id=1796, stack(0x00000065aa000000,0x00000065aa100000)]
  0x000001e06edfa660 JavaThread "Sweeper thread" daemon [_thread_blocked, id=19508, stack(0x00000065aa100000,0x00000065aa200000)]
  0x000001e06edd5ea0 JavaThread "Common-Cleaner" daemon [_thread_blocked, id=19484, stack(0x00000065aa200000,0x00000065aa300000)]
  0x000001e07acc9680 JavaThread "C2 CompilerThread1" daemon [_thread_in_native, id=6320, stack(0x00000065aa300000,0x00000065aa400000)]
  0x000001e07ae39c70 JavaThread "Notification Thread" daemon [_thread_blocked, id=19968, stack(0x00000065aa400000,0x00000065aa500000)]
  0x000001e07af18690 JavaThread "C2 CompilerThread2" daemon [_thread_in_native, id=9880, stack(0x00000065aa600000,0x00000065aa700000)]

Other Threads:
  0x000001e0799546c0 VMThread "VM Thread" [stack: 0x00000065a9900000,0x00000065a9a00000] [id=20752]
  0x000001e07ae3a140 WatcherThread [stack: 0x00000065aa500000,0x00000065aa600000] [id=20444]
  0x000001e06ed4c880 GCTaskThread "GC Thread#0" [stack: 0x00000065a9800000,0x00000065a9900000] [id=19464]

Threads with active compile tasks:
C2 CompilerThread0      638  605       4       lombok.patcher.scripts.MethodLevelPatchScript::patch (21 bytes)
C2 CompilerThread1      638  713       4       sun.security.provider.SHA2::implCompress0 (322 bytes)
C2 CompilerThread2      638  776   !   4       java.util.jar.Attributes::read (530 bytes)

VM state: not at safepoint (normal execution)

VM Mutex/Monitor currently owned by a thread: None

Heap address: 0x00000000c0000000, size: 1024 MB, Compressed Oops mode: 32-bit
CDS archive(s) mapped at: [0x0000000800000000-0x0000000800b50000-0x0000000800b50000), size 11862016, SharedBaseAddress: 0x0000000800000000, ArchiveRelocationMode: 0.
Compressed class space mapped at: 0x0000000800b50000-0x0000000840b50000, size: 1073741824
Narrow klass base: 0x0000000800000000, Narrow klass shift: 3, Narrow klass range: 0x100000000

GC Precious Log:
 CPUs: 8 total, 8 available
 Memory: 7116M
 Large Page Support: Disabled
 NUMA Support: Disabled
 Compressed Oops: Enabled (32-bit)
 Heap Min Capacity: 100M
 Heap Initial Capacity: 100M
 Heap Max Capacity: 1G
 Pre-touch: Disabled
 Parallel Workers: 8

Heap:
 PSYoungGen      total 29696K, used 23066K [0x00000000eab00000, 0x00000000ecc00000, 0x0000000100000000)
  eden space 25600K, 90% used [0x00000000eab00000,0x00000000ec186a10,0x00000000ec400000)
  from space 4096K, 0% used [0x00000000ec800000,0x00000000ec800000,0x00000000ecc00000)
  to   space 4096K, 0% used [0x00000000ec400000,0x00000000ec400000,0x00000000ec800000)
 ParOldGen       total 68608K, used 0K [0x00000000c0000000, 0x00000000c4300000, 0x00000000eab00000)
  object space 68608K, 0% used [0x00000000c0000000,0x00000000c0000000,0x00000000c4300000)
 Metaspace       used 3777K, capacity 5185K, committed 5376K, reserved 1056768K
  class space    used 358K, capacity 478K, committed 512K, reserved 1048576K

Card table byte_map: [0x000001e06e710000,0x000001e06e920000] _byte_map_base: 0x000001e06e110000

Marking Bits: (ParMarkBitMap*) 0x00007ff88930c0f0
 Begin Bits: [0x000001e076f70000, 0x000001e077f70000)
 End Bits:   [0x000001e077f70000, 0x000001e078f70000)

Polling page: 0x000001e06cd50000

Metaspace:

Usage:
  Non-class:      4.60 MB capacity,     3.34 MB ( 73%) used,     1.26 MB ( 27%) free+waste,     1.69 KB ( <1%) overhead. 
      Class:    478.00 KB capacity,   358.05 KB ( 75%) used,   118.63 KB ( 25%) free+waste,     1.31 KB ( <1%) overhead. 
       Both:      5.06 MB capacity,     3.69 MB ( 73%) used,     1.37 MB ( 27%) free+waste,     3.00 KB ( <1%) overhead. 

Virtual space:
  Non-class space:        8.00 MB reserved,       4.75 MB ( 59%) committed 
      Class space:        1.00 GB reserved,     512.00 KB ( <1%) committed 
             Both:        1.01 GB reserved,       5.25 MB ( <1%) committed 

Chunk freelists:
   Non-Class:  29.00 KB
       Class:  2.00 KB
        Both:  31.00 KB

MaxMetaspaceSize: 17179869184.00 GB
CompressedClassSpaceSize: 1.00 GB

CodeHeap 'non-profiled nmethods': size=120000Kb used=276Kb max_used=276Kb free=119723Kb
 bounds [0x000001e007ad0000, 0x000001e007d40000, 0x000001e00f000000]
CodeHeap 'profiled nmethods': size=120000Kb used=1184Kb max_used=1184Kb free=118815Kb
 bounds [0x000001e0005a0000, 0x000001e000810000, 0x000001e007ad0000]
CodeHeap 'non-nmethods': size=5760Kb used=1134Kb max_used=1150Kb free=4625Kb
 bounds [0x000001e000000000, 0x000001e000270000, 0x000001e0005a0000]
 total_blobs=1169 nmethods=783 adapters=301
 compilation: enabled
              stopped_count=0, restarted_count=0
 full_count=0

Compilation events (20 events):
Event: 0.436 Thread 0x000001e06edf7a40 nmethod 638 0x000001e000677310 code [0x000001e000677540, 0x000001e0006780a8]
Event: 0.441 Thread 0x000001e06edf7a40  639       3       java.lang.StringUTF16::compress (20 bytes)
Event: 0.442 Thread 0x000001e06edf7a40 nmethod 639 0x000001e000678310 code [0x000001e0006784c0, 0x000001e0006786e8]
Event: 0.442 Thread 0x000001e06edf7a40  640       3       java.util.Properties::loadConvert (544 bytes)
Event: 0.444 Thread 0x000001e06edf7a40 nmethod 640 0x000001e000678790 code [0x000001e000678a80, 0x000001e000679e78]
Event: 0.444 Thread 0x000001e06edf7a40  641 %     3       java.util.Properties$LineReader::readLine @ 53 (584 bytes)
Event: 0.447 Thread 0x000001e06edf7a40 nmethod 641% 0x000001e00067a490 code [0x000001e00067a840, 0x000001e00067d478]
Event: 0.447 Thread 0x000001e06edf7a40  644       3       java.util.StringTokenizer::scanToken (179 bytes)
Event: 0.449 Thread 0x000001e06edf7a40 nmethod 644 0x000001e00067e190 code [0x000001e00067e500, 0x000001e00067faf8]
Event: 0.449 Thread 0x000001e06edf7a40  645       3       java.util.StringTokenizer::skipDelimiters (116 bytes)
Event: 0.450 Thread 0x000001e06edf7a40 nmethod 645 0x000001e000680310 code [0x000001e0006805c0, 0x000001e0006812e8]
Event: 0.450 Thread 0x000001e06edf7a40  646       3       java.util.StringTokenizer::hasMoreTokens (29 bytes)
Event: 0.451 Thread 0x000001e06edf7a40 nmethod 646 0x000001e000681810 code [0x000001e0006819c0, 0x000001e000681b68]
Event: 0.451 Thread 0x000001e06edf7a40  647       3       java.util.StringTokenizer::nextToken (92 bytes)
Event: 0.451 Thread 0x000001e06edf7a40 nmethod 647 0x000001e000681c10 code [0x000001e000681de0, 0x000001e0006820f8]
Event: 0.451 Thread 0x000001e06edf7a40  642       3       java.lang.String::rangeCheck (9 bytes)
Event: 0.451 Thread 0x000001e06edf7a40 nmethod 642 0x000001e000682290 code [0x000001e000682440, 0x000001e000682568]
Event: 0.451 Thread 0x000001e06edf7a40  643       3       java.util.concurrent.ConcurrentHashMap$BaseIterator::hasNext (13 bytes)
Event: 0.451 Thread 0x000001e06edf7a40 nmethod 643 0x000001e000682610 code [0x000001e0006827a0, 0x000001e0006828f8]
Event: 0.452 Thread 0x000001e06edf7a40  648       3       java.lang.StringBuilder::<init> (6 bytes)

GC Heap History (0 events):
No events

Deoptimization events (20 events):
Event: 0.297 Thread 0x000001e06ed37850 DEOPT PACKING pc=0x000001e0005cf044 sp=0x00000065a97fc450
Event: 0.297 Thread 0x000001e06ed37850 DEOPT UNPACKING pc=0x000001e00004e23f sp=0x00000065a97fb910 mode 0
Event: 0.298 Thread 0x000001e06ed37850 DEOPT PACKING pc=0x000001e0005cf044 sp=0x00000065a97fb500
Event: 0.298 Thread 0x000001e06ed37850 DEOPT UNPACKING pc=0x000001e00004e23f sp=0x00000065a97fa9c0 mode 0
Event: 0.307 Thread 0x000001e06ed37850 Uncommon trap: trap_request=0xffffff45 fr.pc=0x000001e007af091c relative=0x000000000000061c
Event: 0.307 Thread 0x000001e06ed37850 Uncommon trap: reason=unstable_if action=reinterpret pc=0x000001e007af091c method=java.util.HashMap.putVal(ILjava/lang/Object;Ljava/lang/Object;ZZ)Ljava/lang/Object; @ 181 c2
Event: 0.307 Thread 0x000001e06ed37850 DEOPT PACKING pc=0x000001e007af091c sp=0x00000065a97fdbe0
Event: 0.307 Thread 0x000001e06ed37850 DEOPT UNPACKING pc=0x000001e00004e42f sp=0x00000065a97fdaf8 mode 2
Event: 0.346 Thread 0x000001e06ed37850 Uncommon trap: trap_request=0xffffff45 fr.pc=0x000001e007ae523c relative=0x00000000000000bc
Event: 0.346 Thread 0x000001e06ed37850 Uncommon trap: reason=unstable_if action=reinterpret pc=0x000001e007ae523c method=java.net.URI.match(CJJ)Z @ 45 c2
Event: 0.346 Thread 0x000001e06ed37850 DEOPT PACKING pc=0x000001e007ae523c sp=0x00000065a97fc7c0
Event: 0.346 Thread 0x000001e06ed37850 DEOPT UNPACKING pc=0x000001e00004e42f sp=0x00000065a97fc748 mode 2
Event: 0.352 Thread 0x000001e06ed37850 Uncommon trap: trap_request=0xffffff45 fr.pc=0x000001e007af71fc relative=0x000000000000061c
Event: 0.352 Thread 0x000001e06ed37850 Uncommon trap: reason=unstable_if action=reinterpret pc=0x000001e007af71fc method=java.lang.String.replace(Ljava/lang/CharSequence;Ljava/lang/CharSequence;)Ljava/lang/String; @ 48 c2
Event: 0.352 Thread 0x000001e06ed37850 DEOPT PACKING pc=0x000001e007af71fc sp=0x00000065a97fd410
Event: 0.352 Thread 0x000001e06ed37850 DEOPT UNPACKING pc=0x000001e00004e42f sp=0x00000065a97fd390 mode 2
Event: 0.356 Thread 0x000001e06ed37850 Uncommon trap: trap_request=0xffffff45 fr.pc=0x000001e007adec1c relative=0x000000000000063c
Event: 0.356 Thread 0x000001e06ed37850 Uncommon trap: reason=unstable_if action=reinterpret pc=0x000001e007adec1c method=java.util.HashMap.putVal(ILjava/lang/Object;Ljava/lang/Object;ZZ)Ljava/lang/Object; @ 181 c2
Event: 0.356 Thread 0x000001e06ed37850 DEOPT PACKING pc=0x000001e007adec1c sp=0x00000065a97fc7e0
Event: 0.356 Thread 0x000001e06ed37850 DEOPT UNPACKING pc=0x000001e00004e42f sp=0x00000065a97fc750 mode 2

Classes unloaded (0 events):
No events

Classes redefined (0 events):
No events

Internal exceptions (11 events):
Event: 0.069 Thread 0x000001e06ed37850 Exception <a 'java/lang/NoSuchMethodError'{0x00000000eac3a800}: 'void java.lang.invoke.DirectMethodHandle$Holder.invokeStatic(java.lang.Object, java.lang.Object, java.lang.Object)'> (0x00000000eac3a800) 
thrown [./open/src/hotspot/share/interpreter/linkResolver.cpp, line 782]
Event: 0.203 Thread 0x000001e06ed37850 Exception <a 'java/lang/reflect/InvocationTargetException'{0x00000000eaf39da0}> (0x00000000eaf39da0) 
thrown [./open/src/hotspot/share/runtime/reflection.cpp, line 1157]
Event: 0.302 Thread 0x000001e06ed37850 Exception <a 'java/lang/NoSuchMethodError'{0x00000000eb2cbbf0}: 'void java.lang.invoke.DirectMethodHandle$Holder.invokeStatic(java.lang.Object, java.lang.Object)'> (0x00000000eb2cbbf0) 
thrown [./open/src/hotspot/share/interpreter/linkResolver.cpp, line 782]
Event: 0.303 Thread 0x000001e06ed37850 Exception <a 'java/lang/NoSuchMethodError'{0x00000000eb2cf6d8}: 'void java.lang.invoke.DirectMethodHandle$Holder.invokeStaticInit(java.lang.Object, java.lang.Object)'> (0x00000000eb2cf6d8) 
thrown [./open/src/hotspot/share/interpreter/linkResolver.cpp, line 782]
Event: 0.422 Thread 0x000001e06ed37850 Exception <a 'java/lang/NoSuchMethodError'{0x00000000eb86c6e0}: 'void java.lang.invoke.DirectMethodHandle$Holder.invokeSpecial(java.lang.Object, java.lang.Object, java.lang.Object)'> (0x00000000eb86c6e0) 
thrown [./open/src/hotspot/share/interpreter/linkResolver.cpp, line 782]
Event: 0.431 Thread 0x000001e06ed37850 Exception <a 'java/lang/ClassNotFoundException'{0x00000000eb893ac8}: sun/net/www/protocol/c/Handler> (0x00000000eb893ac8) 
thrown [./open/src/hotspot/share/classfile/systemDictionary.cpp, line 295]
Event: 0.437 Thread 0x000001e06ed37850 Exception <a 'java/io/FileNotFoundException'{0x00000000eb8ac058}> (0x00000000eb8ac058) 
thrown [./open/src/hotspot/share/prims/jni.cpp, line 578]
Event: 0.438 Thread 0x000001e06ed37850 Exception <a 'java/io/FileNotFoundException'{0x00000000eb8accf8}> (0x00000000eb8accf8) 
thrown [./open/src/hotspot/share/prims/jni.cpp, line 578]
Event: 0.438 Thread 0x000001e06ed37850 Exception <a 'java/io/FileNotFoundException'{0x00000000eb8ad978}> (0x00000000eb8ad978) 
thrown [./open/src/hotspot/share/prims/jni.cpp, line 578]
Event: 0.439 Thread 0x000001e06ed37850 Exception <a 'java/io/FileNotFoundException'{0x00000000eb8ae5d0}> (0x00000000eb8ae5d0) 
thrown [./open/src/hotspot/share/prims/jni.cpp, line 578]
Event: 0.449 Thread 0x000001e06ed37850 Exception <a 'java/io/FileNotFoundException'{0x00000000eb8fbdf8}> (0x00000000eb8fbdf8) 
thrown [./open/src/hotspot/share/prims/jni.cpp, line 578]

Events (20 events):
Event: 0.421 loading class java/net/URL$2
Event: 0.421 loading class java/net/URL$2 done
Event: 0.421 loading class java/net/URL$1
Event: 0.421 loading class java/net/URL$1 done
Event: 0.421 loading class java/net/spi/URLStreamHandlerProvider
Event: 0.421 loading class java/net/spi/URLStreamHandlerProvider done
Event: 0.439 loading class java/net/URLConnection$1
Event: 0.439 loading class java/net/FileNameMap
Event: 0.439 loading class java/net/FileNameMap done
Event: 0.439 loading class java/net/URLConnection$1 done
Event: 0.439 loading class sun/net/www/MimeTable
Event: 0.439 loading class sun/net/www/MimeTable done
Event: 0.439 loading class sun/net/www/MimeTable$1
Event: 0.440 loading class sun/net/www/MimeTable$1 done
Event: 0.440 loading class sun/net/www/MimeTable$DefaultInstanceHolder
Event: 0.440 loading class sun/net/www/MimeTable$DefaultInstanceHolder done
Event: 0.440 loading class sun/net/www/MimeTable$DefaultInstanceHolder$1
Event: 0.440 loading class sun/net/www/MimeTable$DefaultInstanceHolder$1 done
Event: 0.445 loading class sun/net/www/MimeEntry
Event: 0.445 loading class sun/net/www/MimeEntry done


Dynamic libraries:
0x00007ff6a2230000 - 0x00007ff6a223f000 	C:\Program Files\Java\jdk-15.0.1\bin\java.exe
0x00007ff8d2390000 - 0x00007ff8d2585000 	C:\WINDOWS\SYSTEM32\ntdll.dll
0x00007ff8d1d20000 - 0x00007ff8d1ddd000 	C:\WINDOWS\System32\KERNEL32.DLL
0x00007ff8d0090000 - 0x00007ff8d0359000 	C:\WINDOWS\System32\KERNELBASE.dll
0x00007ff8cff90000 - 0x00007ff8d0090000 	C:\WINDOWS\System32\ucrtbase.dll
0x00007ff8ca980000 - 0x00007ff8ca998000 	C:\Program Files\Java\jdk-15.0.1\bin\jli.dll
0x00007ff8c4d30000 - 0x00007ff8c4d49000 	C:\Program Files\Java\jdk-15.0.1\bin\VCRUNTIME140.dll
0x00007ff8d05e0000 - 0x00007ff8d068c000 	C:\WINDOWS\System32\ADVAPI32.dll
0x00007ff8d0e20000 - 0x00007ff8d0ebe000 	C:\WINDOWS\System32\msvcrt.dll
0x00007ff8d1de0000 - 0x00007ff8d1e7b000 	C:\WINDOWS\System32\sechost.dll
0x00007ff8d1b40000 - 0x00007ff8d1c6a000 	C:\WINDOWS\System32\RPCRT4.dll
0x00007ff8d1700000 - 0x00007ff8d18a0000 	C:\WINDOWS\System32\USER32.dll
0x00007ff8cfad0000 - 0x00007ff8cfaf2000 	C:\WINDOWS\System32\win32u.dll
0x00007ff8d0ec0000 - 0x00007ff8d0eea000 	C:\WINDOWS\System32\GDI32.dll
0x00007ff8cfc40000 - 0x00007ff8cfd4b000 	C:\WINDOWS\System32\gdi32full.dll
0x00007ff8d0360000 - 0x00007ff8d03fd000 	C:\WINDOWS\System32\msvcp_win.dll
0x00007ff8b4940000 - 0x00007ff8b4bda000 	C:\WINDOWS\WinSxS\amd64_microsoft.windows.common-controls_6595b64144ccf1df_6.0.19041.1110_none_60b5254171f9507e\COMCTL32.dll
0x00007ff8c99a0000 - 0x00007ff8c99aa000 	C:\WINDOWS\SYSTEM32\VERSION.dll
0x00007ff8d0550000 - 0x00007ff8d0580000 	C:\WINDOWS\System32\IMM32.DLL
0x00007ff8cb1b0000 - 0x00007ff8cb1bc000 	C:\Program Files\Java\jdk-15.0.1\bin\vcruntime140_1.dll
0x00007ff88b630000 - 0x00007ff88b6c1000 	C:\Program Files\Java\jdk-15.0.1\bin\msvcp140.dll
0x00007ff888870000 - 0x00007ff8893ce000 	C:\Program Files\Java\jdk-15.0.1\bin\server\jvm.dll
0x00007ff8d22c0000 - 0x00007ff8d22c8000 	C:\WINDOWS\System32\PSAPI.DLL
0x00007ff8c6870000 - 0x00007ff8c6897000 	C:\WINDOWS\SYSTEM32\WINMM.dll
0x00007ff8cb140000 - 0x00007ff8cb149000 	C:\WINDOWS\SYSTEM32\WSOCK32.dll
0x00007ff8d0410000 - 0x00007ff8d047b000 	C:\WINDOWS\System32\WS2_32.dll
0x00007ff8cda00000 - 0x00007ff8cda12000 	C:\WINDOWS\SYSTEM32\kernel.appcore.dll
0x00007ff8cada0000 - 0x00007ff8cadaa000 	C:\Program Files\Java\jdk-15.0.1\bin\jimage.dll
0x00007ff8c9030000 - 0x00007ff8c9214000 	C:\WINDOWS\SYSTEM32\DBGHELP.DLL
0x00007ff8c8fc0000 - 0x00007ff8c8fec000 	C:\WINDOWS\SYSTEM32\dbgcore.DLL
0x00007ff8cfbb0000 - 0x00007ff8cfc33000 	C:\WINDOWS\System32\bcryptPrimitives.dll
0x00007ff8cba60000 - 0x00007ff8cba6e000 	C:\Program Files\Java\jdk-15.0.1\bin\instrument.dll
0x00007ff8c4c10000 - 0x00007ff8c4c35000 	C:\Program Files\Java\jdk-15.0.1\bin\java.dll
0x00007ff8d0fb0000 - 0x00007ff8d16ef000 	C:\WINDOWS\System32\SHELL32.dll
0x00007ff8cdc00000 - 0x00007ff8ce391000 	C:\WINDOWS\SYSTEM32\windows.storage.dll
0x00007ff8d1e80000 - 0x00007ff8d21d5000 	C:\WINDOWS\System32\combase.dll
0x00007ff8cf470000 - 0x00007ff8cf49c000 	C:\WINDOWS\SYSTEM32\Wldp.dll
0x00007ff8d0690000 - 0x00007ff8d073e000 	C:\WINDOWS\System32\SHCORE.dll
0x00007ff8d0ef0000 - 0x00007ff8d0f45000 	C:\WINDOWS\System32\shlwapi.dll
0x00007ff8cfa10000 - 0x00007ff8cfa2f000 	C:\WINDOWS\SYSTEM32\profapi.dll
0x00007ff8c47a0000 - 0x00007ff8c47b8000 	C:\Program Files\Java\jdk-15.0.1\bin\zip.dll
0x00007ff8c4ba0000 - 0x00007ff8c4bb9000 	C:\Program Files\Java\jdk-15.0.1\bin\net.dll
0x00007ff8c2420000 - 0x00007ff8c252a000 	C:\WINDOWS\SYSTEM32\WINHTTP.dll
0x00007ff8cf1d0000 - 0x00007ff8cf23a000 	C:\WINDOWS\system32\mswsock.dll
0x00007ff8c47c0000 - 0x00007ff8c47d2000 	C:\Program Files\Java\jdk-15.0.1\bin\nio.dll
0x00007ff8c4e80000 - 0x00007ff8c4e90000 	C:\Program Files\Java\jdk-15.0.1\bin\verify.dll

dbghelp: loaded successfully - version: 4.0.5 - missing functions: none
symbol engine: initialized successfully - sym options: 0x614 - pdb path: .;C:\Program Files\Java\jdk-15.0.1\bin;C:\WINDOWS\SYSTEM32;C:\WINDOWS\WinSxS\amd64_microsoft.windows.common-controls_6595b64144ccf1df_6.0.19041.1110_none_60b5254171f9507e;C:\Program Files\Java\jdk-15.0.1\bin\server

VM Arguments:
jvm_args: --add-modules=ALL-SYSTEM --add-opens=java.base/java.util=ALL-UNNAMED --add-opens=java.base/java.lang=ALL-UNNAMED -Declipse.application=org.eclipse.jdt.ls.core.id1 -Dosgi.bundles.defaultStartLevel=4 -Declipse.product=org.eclipse.jdt.ls.core.product -Dfile.encoding=utf8 -DwatchParentProcess=false -XX:+UseParallelGC -XX:GCTimeRatio=4 -XX:AdaptiveSizePolicyWeight=90 -Dsun.zip.disableMemoryMapping=true -Xmx1G -Xms100m -javaagent:c:\Users\ADMIN\.vscode\extensions\gabrielbb.vscode-lombok-1.0.1\server\lombok.jar 
java_command: c:\Users\ADMIN\.vscode\extensions\redhat.java-0.80.0\server\plugins\org.eclipse.equinox.launcher_1.6.200.v20210416-2027.jar -configuration c:\Users\ADMIN\AppData\Roaming\Code\User\globalStorage\redhat.java\0.80.0\config_ss_win -data c:\Users\ADMIN\AppData\Roaming\Code\User\workspaceStorage\2096a02ef39fdbcbc7abb9b74ce8bc2e\redhat.java\ss_ws
java_class_path (initial): c:\Users\ADMIN\.vscode\extensions\redhat.java-0.80.0\server\plugins\org.eclipse.equinox.launcher_1.6.200.v20210416-2027.jar
Launcher Type: SUN_STANDARD

[Global flags]
    uintx AdaptiveSizePolicyWeight                 = 90                                        {product} {command line}
     intx CICompilerCount                          = 4                                         {product} {ergonomic}
    uintx GCTimeRatio                              = 4                                         {product} {command line}
   size_t InitialHeapSize                          = 104857600                                 {product} {command line}
   size_t MaxHeapSize                              = 1073741824                                {product} {command line}
   size_t MaxNewSize                               = 357564416                                 {product} {ergonomic}
   size_t MinHeapDeltaBytes                        = 524288                                    {product} {ergonomic}
   size_t MinHeapSize                              = 104857600                                 {product} {command line}
   size_t NewSize                                  = 34603008                                  {product} {ergonomic}
    uintx NonNMethodCodeHeapSize                   = 5839372                                {pd product} {ergonomic}
    uintx NonProfiledCodeHeapSize                  = 122909434                              {pd product} {ergonomic}
   size_t OldSize                                  = 70254592                                  {product} {ergonomic}
    uintx ProfiledCodeHeapSize                     = 122909434                              {pd product} {ergonomic}
    uintx ReservedCodeCacheSize                    = 251658240                              {pd product} {ergonomic}
     bool SegmentedCodeCache                       = true                                      {product} {ergonomic}
   size_t SoftMaxHeapSize                          = 1073741824                             {manageable} {ergonomic}
     bool UseCompressedClassPointers               = true                                 {lp64_product} {ergonomic}
     bool UseCompressedOops                        = true                                 {lp64_product} {ergonomic}
     bool UseLargePagesIndividualAllocation        = false                                  {pd product} {ergonomic}
     bool UseParallelGC                            = true                                      {product} {command line}

Logging:
Log output configuration:
 #0: stdout all=warning uptime,level,tags
 #1: stderr all=off uptime,level,tags

Environment Variables:
JAVA_HOME=C:\Program Files\Java\jdk-15.0.1
CLASSPATH=.;.;.;%CLASSPATH%;%JUNIT_HOME%\junit-4.jar;D:\junit-4.jar\junit-4.jar;D:\junit-4.jar\junit-4.jar
PATH=C:\Program Files\Java\jdk-15.0.1\bin;C:\Program Files\Common Files\Oracle\Java\javapath;C:\Program Files\Python38\Scripts\;C:\Program Files\Python38\;C:\WINDOWS\system32;C:\WINDOWS;C:\WINDOWS\System32\Wbem;C:\WINDOWS\System32\WindowsPowerShell\v1.0\;C:\WINDOWS\System32\OpenSSH\;C:\Program Files\Intel\WiFi\bin\;C:\Program Files\Common Files\Intel\WirelessCommon\;C:\Program Files\Microsoft SQL Server\Client SDK\ODBC\170\Tools\Binn\;C:\Program Files (x86)\Microsoft SQL Server\150\Tools\Binn\;C:\Program Files\Microsoft SQL Server\150\Tools\Binn\;C:\Program Files\Microsoft SQL Server\150\DTS\Binn\;C:\Program Files (x86)\Microsoft SQL Server\150\DTS\Binn\;C:\Program Files\Azure Data Studio\bin;C:\Program Files\nodejs\;C:\Program Files\Git\cmd;C:\Users\ADMIN\AppData\Local\Programs\Python\Python39\Scripts\;C:\Users\ADMIN\AppData\Local\Programs\Python\Python39\;C:\Users\ADMIN\AppData\Local\Microsoft\WindowsApps;C:\Program Files\JetBrains\IntelliJ IDEA Community Edition 2020.1.1\bin;;C:\Program Files\Azure Data Studio\bin;C:\Users\ADMIN\AppData\Local\Programs\Microsoft VS Code\bin;C:\Users\ADMIN\AppData\Roaming\npm;
USERNAME=AHop
OS=Windows_NT
PROCESSOR_IDENTIFIER=AMD64 Family 23 Model 17 Stepping 0, AuthenticAMD



---------------  S Y S T E M  ---------------

OS:
 Windows 10 , 64 bit Build 19041 (10.0.19041.1023)
OS uptime: 2 days 12:20 hours

CPU: total 8 (initial active 8) (8 cores per cpu, 2 threads per core) family 23 model 17 stepping 0 microcode 0x0, cmov, cx8, fxsr, mmx, sse, sse2, sse3, ssse3, sse4.1, sse4.2, popcnt, vzeroupper, avx, avx2, aes, clmul, 3dnowpref, lzcnt, sse4a, ht, tsc, tscinvbit, tscinv, bmi1, bmi2, adx, sha, fma, clflush, clflushopt

Memory: 4k page, system-wide physical 7116M (834M free)
TotalPageFile size 11212M (AvailPageFile size 20M)
current process WorkingSet (physical memory assigned to process): 66M, peak: 66M
current process commit charge ("private bytes"): 203M, peak: 203M

vm_info: Java HotSpot(TM) 64-Bit Server VM (15.0.1+9-18) for windows-amd64 JRE (15.0.1+9-18), built on Sep 15 2020 14:43:54 by "mach5one" with unknown MS VC++:1925

END.
