#
# There is insufficient memory for the Java Runtime Environment to continue.
# Native memory allocation (malloc) failed to allocate 77136 bytes for Chunk::new
# Possible reasons:
#   The system is out of physical RAM or swap space
#   The process is running with CompressedOops enabled, and the Java Heap may be blocking the growth of the native heap
# Possible solutions:
#   Reduce memory load on the system
#   Increase physical memory or swap space
#   Check if swap backing store is full
#   Decrease Java heap size (-Xmx/-Xms)
#   Decrease number of Java threads
#   Decrease Java thread stack sizes (-Xss)
#   Set larger code cache with -XX:ReservedCodeCacheSize=
#   JVM is running with Unscaled Compressed Oops mode in which the Java heap is
#     placed in the first 4GB address space. The Java Heap base address is the
#     maximum limit for the native heap growth. Please use -XX:HeapBaseMinAddress
#     to set the Java Heap base and to place the Java Heap above 4GB virtual address.
# This output file may be truncated or incomplete.
#
#  Out of Memory Error (./open/src/hotspot/share/memory/arena.cpp:195), pid=8536, tid=1944
#
# JRE version: Java(TM) SE Runtime Environment (15.0.1+9) (build 15.0.1+9-18)
# Java VM: Java HotSpot(TM) 64-Bit Server VM (15.0.1+9-18, mixed mode, sharing, tiered, compressed oops, parallel gc, windows-amd64)
# No core dump will be written. Minidumps are not enabled by default on client versions of Windows
#

---------------  S U M M A R Y ------------

Command Line: --add-modules=ALL-SYSTEM --add-opens=java.base/java.util=ALL-UNNAMED --add-opens=java.base/java.lang=ALL-UNNAMED -Declipse.application=org.eclipse.jdt.ls.core.id1 -Dosgi.bundles.defaultStartLevel=4 -Declipse.product=org.eclipse.jdt.ls.core.product -Dfile.encoding=utf8 -DwatchParentProcess=false -XX:+UseParallelGC -XX:GCTimeRatio=4 -XX:AdaptiveSizePolicyWeight=90 -Dsun.zip.disableMemoryMapping=true -Xmx1G -Xms100m -javaagent:c:\Users\ADMIN\.vscode\extensions\gabrielbb.vscode-lombok-1.0.1\server\lombok.jar c:\Users\ADMIN\.vscode\extensions\redhat.java-0.81.0\server\plugins\org.eclipse.equinox.launcher_1.6.200.v20210416-2027.jar -configuration c:\Users\ADMIN\AppData\Roaming\Code\User\globalStorage\redhat.java\0.81.0\config_ss_win -data c:\Users\ADMIN\AppData\Roaming\Code\User\workspaceStorage\2096a02ef39fdbcbc7abb9b74ce8bc2e\redhat.java\ss_ws

Host: AMD Ryzen 5 2500U with Radeon Vega Mobile Gfx  , 8 cores, 6G,  Windows 10 , 64 bit Build 19041 (10.0.19041.1151)
Time: Sat Aug 21 14:43:47 2021 SE Asia Standard Time elapsed time: 0.129724 seconds (0d 0h 0m 0s)

---------------  T H R E A D  ---------------

Current thread (0x000001f610db65a0):  JavaThread "C2 CompilerThread0" daemon [_thread_in_native, id=1944, stack(0x000000674ae00000,0x000000674af00000)]


Current CompileTask:
C2:    129  148       4       java.util.HashMap::putVal (300 bytes)

Stack: [0x000000674ae00000,0x000000674af00000]
Native frames: (J=compiled Java code, j=interpreted, Vv=VM code, C=native code)
V  [jvm.dll+0x62ae9a]
V  [jvm.dll+0x781389]
V  [jvm.dll+0x782ae3]
V  [jvm.dll+0x783143]
V  [jvm.dll+0x216265]
V  [jvm.dll+0x97efa]
V  [jvm.dll+0x985dc]
V  [jvm.dll+0x27a1bf]
V  [jvm.dll+0x5408d4]
V  [jvm.dll+0x1f2c14]
V  [jvm.dll+0x1ebf33]
V  [jvm.dll+0x1e97a7]
V  [jvm.dll+0x1784c7]
V  [jvm.dll+0x1f9165]
V  [jvm.dll+0x1f720c]
V  [jvm.dll+0x74485d]
V  [jvm.dll+0x73d65a]
V  [jvm.dll+0x629c56]
C  [ucrtbase.dll+0x21bb2]
C  [KERNEL32.DLL+0x17034]
C  [ntdll.dll+0x52651]


---------------  P R O C E S S  ---------------

Threads class SMR info:
_java_thread_list=0x000001f62ea813b0, length=10, elements={
0x000001f610cfc7f0, 0x000001f62c864f70, 0x000001f62c865f40, 0x000001f610db24f0,
0x000001f610db2db0, 0x000001f610db4f20, 0x000001f610db65a0, 0x000001f610dbce70,
0x000001f610dcc710, 0x000001f62ea843c0
}

Java Threads: ( => current thread )
  0x000001f610cfc7f0 JavaThread "main" [_thread_in_vm, id=9192, stack(0x000000674a600000,0x000000674a700000)]
  0x000001f62c864f70 JavaThread "Reference Handler" daemon [_thread_blocked, id=7304, stack(0x000000674a900000,0x000000674aa00000)]
  0x000001f62c865f40 JavaThread "Finalizer" daemon [_thread_blocked, id=2188, stack(0x000000674aa00000,0x000000674ab00000)]
  0x000001f610db24f0 JavaThread "Signal Dispatcher" daemon [_thread_blocked, id=7124, stack(0x000000674ab00000,0x000000674ac00000)]
  0x000001f610db2db0 JavaThread "Attach Listener" daemon [_thread_blocked, id=4576, stack(0x000000674ac00000,0x000000674ad00000)]
  0x000001f610db4f20 JavaThread "Service Thread" daemon [_thread_blocked, id=7620, stack(0x000000674ad00000,0x000000674ae00000)]
=>0x000001f610db65a0 JavaThread "C2 CompilerThread0" daemon [_thread_in_native, id=1944, stack(0x000000674ae00000,0x000000674af00000)]
  0x000001f610dbce70 JavaThread "C1 CompilerThread0" daemon [_thread_blocked, id=9552, stack(0x000000674af00000,0x000000674b000000)]
  0x000001f610dcc710 JavaThread "Sweeper thread" daemon [_thread_blocked, id=2892, stack(0x000000674b000000,0x000000674b100000)]
  0x000001f62ea843c0 JavaThread "Common-Cleaner" daemon [_thread_blocked, id=4644, stack(0x000000674b100000,0x000000674b200000)]

Other Threads:
  0x000001f62c8649d0 VMThread "VM Thread" [stack: 0x000000674a800000,0x000000674a900000] [id=10908]
  0x000001f610d10970 GCTaskThread "GC Thread#0" [stack: 0x000000674a700000,0x000000674a800000] [id=12120]

Threads with active compile tasks:
C2 CompilerThread0      219  148       4       java.util.HashMap::putVal (300 bytes)

VM state: not at safepoint (normal execution)

VM Mutex/Monitor currently owned by a thread:  ([mutex/lock_event])
[0x000001f610cf58e0] Module_lock - owner thread: 0x000001f610cfc7f0

Heap address: 0x00000000c0000000, size: 1024 MB, Compressed Oops mode: 32-bit
CDS archive(s) mapped at: [0x0000000800000000-0x0000000800b50000-0x0000000800b50000), size 11862016, SharedBaseAddress: 0x0000000800000000, ArchiveRelocationMode: 0.
Compressed class space mapped at: 0x0000000800b50000-0x0000000840b50000, size: 1073741824
Narrow klass base: 0x0000000800000000, Narrow klass shift: 3, Narrow klass range: 0x100000000

GC Precious Log:
 CPUs: 8 total, 8 available
 Memory: 7116M
 Large Page Support: Disabled
 NUMA Support: Disabled
 Compressed Oops: Enabled (32-bit)
 Heap Min Capacity: 100M
 Heap Initial Capacity: 100M
 Heap Max Capacity: 1G
 Pre-touch: Disabled
 Parallel Workers: 8

Heap:
 PSYoungGen      total 29696K, used 2048K [0x00000000eab00000, 0x00000000ecc00000, 0x0000000100000000)
  eden space 25600K, 8% used [0x00000000eab00000,0x00000000ead000b8,0x00000000ec400000)
  from space 4096K, 0% used [0x00000000ec800000,0x00000000ec800000,0x00000000ecc00000)
  to   space 4096K, 0% used [0x00000000ec400000,0x00000000ec400000,0x00000000ec800000)
 ParOldGen       total 68608K, used 0K [0x00000000c0000000, 0x00000000c4300000, 0x00000000eab00000)
  object space 68608K, 0% used [0x00000000c0000000,0x00000000c0000000,0x00000000c4300000)
 Metaspace       used 332K, capacity 4486K, committed 4864K, reserved 1056768K
  class space    used 27K, capacity 386K, committed 512K, reserved 1048576K

Card table byte_map: [0x000001f6298f0000,0x000001f629b00000] _byte_map_base: 0x000001f6292f0000

Marking Bits: (ParMarkBitMap*) 0x00007ffd6540c0f0
 Begin Bits: [0x000001f629c60000, 0x000001f62ac60000)
 End Bits:   [0x000001f62ac60000, 0x000001f62bc60000)

Polling page: 0x000001f610dd0000

Metaspace:

Usage:
  Non-class:      4.00 MB capacity,   305.84 KB (  7%) used,     3.70 MB ( 93%) free+waste,   320 bytes ( <1%) overhead. 
      Class:    386.00 KB capacity,    27.01 KB (  7%) used,   358.80 KB ( 93%) free+waste,   192 bytes ( <1%) overhead. 
       Both:      4.38 MB capacity,   332.84 KB (  7%) used,     4.06 MB ( 93%) free+waste,   512 bytes ( <1%) overhead. 

Virtual space:
  Non-class space:        8.00 MB reserved,       4.25 MB ( 53%) committed 
      Class space:        1.00 GB reserved,     512.00 KB ( <1%) committed 
             Both:        1.01 GB reserved,       4.75 MB ( <1%) committed 

Chunk freelists:
   Non-Class:  0 bytes
       Class:  0 bytes
        Both:  0 bytes

MaxMetaspaceSize: 17179869184.00 GB
CompressedClassSpaceSize: 1.00 GB

CodeHeap 'non-profiled nmethods': size=120000Kb used=49Kb max_used=49Kb free=119950Kb
 bounds [0x000001f6221d0000, 0x000001f622440000, 0x000001f629700000]
CodeHeap 'profiled nmethods': size=120000Kb used=189Kb max_used=189Kb free=119811Kb
 bounds [0x000001f61aca0000, 0x000001f61af10000, 0x000001f6221d0000]
CodeHeap 'non-nmethods': size=5760Kb used=1081Kb max_used=1095Kb free=4678Kb
 bounds [0x000001f61a700000, 0x000001f61a970000, 0x000001f61aca0000]
 total_blobs=489 nmethods=173 adapters=231
 compilation: enabled
              stopped_count=0, restarted_count=0
 full_count=0

Compilation events (20 events):
Event: 0.120 Thread 0x000001f610dbce70 nmethod 141 0x000001f61acc7f10 code [0x000001f61acc80a0, 0x000001f61acc81f8]
Event: 0.120 Thread 0x000001f610dbce70  139       1       java.lang.module.ModuleDescriptor::exports (5 bytes)
Event: 0.120 Thread 0x000001f610dbce70 nmethod 139 0x000001f6221d9710 code [0x000001f6221d98a0, 0x000001f6221d9958]
Event: 0.120 Thread 0x000001f610dbce70  142       3       java.lang.StringLatin1::newString (24 bytes)
Event: 0.120 Thread 0x000001f610db65a0  144       4       java.util.ImmutableCollections$SetN$SetNIterator::next (90 bytes)
Event: 0.120 Thread 0x000001f610dbce70 nmethod 142 0x000001f61acc8290 code [0x000001f61acc8440, 0x000001f61acc8708]
Event: 0.120 Thread 0x000001f610dbce70  143       3       java.util.Arrays::copyOfRange (64 bytes)
Event: 0.121 Thread 0x000001f610dbce70 nmethod 143 0x000001f61acc8810 code [0x000001f61acc8a80, 0x000001f61acc9398]
Event: 0.121 Thread 0x000001f610dbce70  140       1       java.lang.module.ModuleDescriptor::provides (5 bytes)
Event: 0.121 Thread 0x000001f610dbce70 nmethod 140 0x000001f6221d9a10 code [0x000001f6221d9ba0, 0x000001f6221d9c58]
Event: 0.121 Thread 0x000001f610dbce70  118       1       java.lang.module.ModuleDescriptor::requires (5 bytes)
Event: 0.121 Thread 0x000001f610dbce70 nmethod 118 0x000001f6221d9d10 code [0x000001f6221d9ea0, 0x000001f6221d9f58]
Event: 0.121 Thread 0x000001f610dbce70  145       1       java.lang.module.ModuleDescriptor::uses (5 bytes)
Event: 0.121 Thread 0x000001f610dbce70 nmethod 145 0x000001f6221da010 code [0x000001f6221da1a0, 0x000001f6221da258]
Event: 0.122 Thread 0x000001f610db65a0 nmethod 144 0x000001f6221da310 code [0x000001f6221da4a0, 0x000001f6221da598]
Event: 0.122 Thread 0x000001f610db65a0  146       4       java.util.ImmutableCollections$SetN$SetNIterator::hasNext (13 bytes)
Event: 0.123 Thread 0x000001f610db65a0 nmethod 146 0x000001f6221da710 code [0x000001f6221da880, 0x000001f6221da8f8]
Event: 0.125 Thread 0x000001f610db65a0  147       4       java.lang.module.ModuleDescriptor$Exports::isQualified (18 bytes)
Event: 0.126 Thread 0x000001f610db65a0 nmethod 147 0x000001f6221daa10 code [0x000001f6221daba0, 0x000001f6221dac58]
Event: 0.126 Thread 0x000001f610db65a0  148       4       java.util.HashMap::putVal (300 bytes)

GC Heap History (0 events):
No events

Deoptimization events (0 events):
No events

Classes unloaded (0 events):
No events

Classes redefined (0 events):
No events

Internal exceptions (1 events):
Event: 0.105 Thread 0x000001f610cfc7f0 Exception <a 'java/lang/NoSuchMethodError'{0x00000000eac3a800}: 'void java.lang.invoke.DirectMethodHandle$Holder.invokeStatic(java.lang.Object, java.lang.Object, java.lang.Object)'> (0x00000000eac3a800) 
thrown [./open/src/hotspot/share/interpreter/linkResolver.cpp, line 782]

Events (15 events):
Event: 0.013 Loaded shared library C:\Program Files\Java\jdk-15.0.1\bin\java.dll
Event: 0.027 Thread 0x000001f610cfc7f0 Thread added: 0x000001f610cfc7f0
Event: 0.032 Thread 0x000001f62c864f70 Thread added: 0x000001f62c864f70
Event: 0.032 Thread 0x000001f62c865f40 Thread added: 0x000001f62c865f40
Event: 0.048 loading class sun/nio/cs/UTF_8$Encoder
Event: 0.048 loading class sun/nio/cs/UTF_8$Encoder done
Event: 0.051 Thread 0x000001f610db24f0 Thread added: 0x000001f610db24f0
Event: 0.051 Thread 0x000001f610db2db0 Thread added: 0x000001f610db2db0
Event: 0.051 Thread 0x000001f610db4f20 Thread added: 0x000001f610db4f20
Event: 0.051 Thread 0x000001f610db65a0 Thread added: 0x000001f610db65a0
Event: 0.052 Thread 0x000001f610dbce70 Thread added: 0x000001f610dbce70
Event: 0.053 Thread 0x000001f610dcc710 Thread added: 0x000001f610dcc710
Event: 0.089 Thread 0x000001f62ea843c0 Thread added: 0x000001f62ea843c0
Event: 0.110 Executing VM operation: HandshakeAllThreads
Event: 0.110 Executing VM operation: HandshakeAllThreads done


Dynamic libraries:
0x00007ff743290000 - 0x00007ff74329f000 	C:\Program Files\Java\jdk-15.0.1\bin\java.exe
0x00007ffdc4830000 - 0x00007ffdc4a25000 	C:\WINDOWS\SYSTEM32\ntdll.dll
0x00007ffdc4590000 - 0x00007ffdc464d000 	C:\WINDOWS\System32\KERNEL32.DLL
0x00007ffdc2180000 - 0x00007ffdc2449000 	C:\WINDOWS\System32\KERNELBASE.dll
0x00007ffdc2530000 - 0x00007ffdc2630000 	C:\WINDOWS\System32\ucrtbase.dll
0x00007ffda4c70000 - 0x00007ffda4c89000 	C:\Program Files\Java\jdk-15.0.1\bin\VCRUNTIME140.dll
0x00007ffdb1b30000 - 0x00007ffdb1b48000 	C:\Program Files\Java\jdk-15.0.1\bin\jli.dll
0x00007ffdc3430000 - 0x00007ffdc34dc000 	C:\WINDOWS\System32\ADVAPI32.dll
0x00007ffdc3710000 - 0x00007ffdc37ae000 	C:\WINDOWS\System32\msvcrt.dll
0x00007ffdc2f40000 - 0x00007ffdc2fdb000 	C:\WINDOWS\System32\sechost.dll
0x00007ffdc35e0000 - 0x00007ffdc370a000 	C:\WINDOWS\System32\RPCRT4.dll
0x00007ffdc4650000 - 0x00007ffdc47f0000 	C:\WINDOWS\System32\USER32.dll
0x00007ffdc2500000 - 0x00007ffdc2522000 	C:\WINDOWS\System32\win32u.dll
0x00007ffdc37b0000 - 0x00007ffdc37da000 	C:\WINDOWS\System32\GDI32.dll
0x00007ffda4ec0000 - 0x00007ffda515a000 	C:\WINDOWS\WinSxS\amd64_microsoft.windows.common-controls_6595b64144ccf1df_6.0.19041.1110_none_60b5254171f9507e\COMCTL32.dll
0x00007ffdc26d0000 - 0x00007ffdc27db000 	C:\WINDOWS\System32\gdi32full.dll
0x00007ffdc2630000 - 0x00007ffdc26cd000 	C:\WINDOWS\System32\msvcp_win.dll
0x00007ffdb9520000 - 0x00007ffdb952a000 	C:\WINDOWS\SYSTEM32\VERSION.dll
0x00007ffdc2fe0000 - 0x00007ffdc3010000 	C:\WINDOWS\System32\IMM32.DLL
0x00007ffdbd050000 - 0x00007ffdbd05c000 	C:\Program Files\Java\jdk-15.0.1\bin\vcruntime140_1.dll
0x00007ffd7b360000 - 0x00007ffd7b3f1000 	C:\Program Files\Java\jdk-15.0.1\bin\msvcp140.dll
0x00007ffd64970000 - 0x00007ffd654ce000 	C:\Program Files\Java\jdk-15.0.1\bin\server\jvm.dll
0x00007ffdc3420000 - 0x00007ffdc3428000 	C:\WINDOWS\System32\PSAPI.DLL
0x00007ffdbd970000 - 0x00007ffdbd979000 	C:\WINDOWS\SYSTEM32\WSOCK32.dll
0x00007ffdc2e70000 - 0x00007ffdc2edb000 	C:\WINDOWS\System32\WS2_32.dll
0x00007ffdb7060000 - 0x00007ffdb7087000 	C:\WINDOWS\SYSTEM32\WINMM.dll
0x00007ffdc0840000 - 0x00007ffdc0852000 	C:\WINDOWS\SYSTEM32\kernel.appcore.dll
0x00007ffdbcbd0000 - 0x00007ffdbcbda000 	C:\Program Files\Java\jdk-15.0.1\bin\jimage.dll
0x00007ffdbfca0000 - 0x00007ffdbfe84000 	C:\WINDOWS\SYSTEM32\DBGHELP.DLL
0x00007ffdb94d0000 - 0x00007ffdb94fc000 	C:\WINDOWS\SYSTEM32\dbgcore.DLL
0x00007ffdc20f0000 - 0x00007ffdc2173000 	C:\WINDOWS\System32\bcryptPrimitives.dll
0x00007ffdbac90000 - 0x00007ffdbac9e000 	C:\Program Files\Java\jdk-15.0.1\bin\instrument.dll
0x00007ffd8b270000 - 0x00007ffd8b295000 	C:\Program Files\Java\jdk-15.0.1\bin\java.dll
0x00007ffdc3d30000 - 0x00007ffdc446f000 	C:\WINDOWS\System32\SHELL32.dll
0x00007ffdbfe90000 - 0x00007ffdc0620000 	C:\WINDOWS\SYSTEM32\windows.storage.dll
0x00007ffdc38e0000 - 0x00007ffdc3c35000 	C:\WINDOWS\System32\combase.dll
0x00007ffdc1950000 - 0x00007ffdc197c000 	C:\WINDOWS\SYSTEM32\Wldp.dll
0x00007ffdc2890000 - 0x00007ffdc293e000 	C:\WINDOWS\System32\SHCORE.dll
0x00007ffdc3c40000 - 0x00007ffdc3c95000 	C:\WINDOWS\System32\shlwapi.dll
0x00007ffdc1ea0000 - 0x00007ffdc1ebf000 	C:\WINDOWS\SYSTEM32\profapi.dll

dbghelp: loaded successfully - version: 4.0.5 - missing functions: none
symbol engine: initialized successfully - sym options: 0x614 - pdb path: .;C:\Program Files\Java\jdk-15.0.1\bin;C:\WINDOWS\SYSTEM32;C:\WINDOWS\WinSxS\amd64_microsoft.windows.common-controls_6595b64144ccf1df_6.0.19041.1110_none_60b5254171f9507e;C:\Program Files\Java\jdk-15.0.1\bin\server

VM Arguments:
jvm_args: --add-modules=ALL-SYSTEM --add-opens=java.base/java.util=ALL-UNNAMED --add-opens=java.base/java.lang=ALL-UNNAMED -Declipse.application=org.eclipse.jdt.ls.core.id1 -Dosgi.bundles.defaultStartLevel=4 -Declipse.product=org.eclipse.jdt.ls.core.product -Dfile.encoding=utf8 -DwatchParentProcess=false -XX:+UseParallelGC -XX:GCTimeRatio=4 -XX:AdaptiveSizePolicyWeight=90 -Dsun.zip.disableMemoryMapping=true -Xmx1G -Xms100m -javaagent:c:\Users\ADMIN\.vscode\extensions\gabrielbb.vscode-lombok-1.0.1\server\lombok.jar 
java_command: c:\Users\ADMIN\.vscode\extensions\redhat.java-0.81.0\server\plugins\org.eclipse.equinox.launcher_1.6.200.v20210416-2027.jar -configuration c:\Users\ADMIN\AppData\Roaming\Code\User\globalStorage\redhat.java\0.81.0\config_ss_win -data c:\Users\ADMIN\AppData\Roaming\Code\User\workspaceStorage\2096a02ef39fdbcbc7abb9b74ce8bc2e\redhat.java\ss_ws
java_class_path (initial): c:\Users\ADMIN\.vscode\extensions\redhat.java-0.81.0\server\plugins\org.eclipse.equinox.launcher_1.6.200.v20210416-2027.jar
Launcher Type: SUN_STANDARD

[Global flags]
    uintx AdaptiveSizePolicyWeight                 = 90                                        {product} {command line}
     intx CICompilerCount                          = 4                                         {product} {ergonomic}
    uintx GCTimeRatio                              = 4                                         {product} {command line}
   size_t InitialHeapSize                          = 104857600                                 {product} {command line}
   size_t MaxHeapSize                              = 1073741824                                {product} {command line}
   size_t MaxNewSize                               = 357564416                                 {product} {ergonomic}
   size_t MinHeapDeltaBytes                        = 524288                                    {product} {ergonomic}
   size_t MinHeapSize                              = 104857600                                 {product} {command line}
   size_t NewSize                                  = 34603008                                  {product} {ergonomic}
    uintx NonNMethodCodeHeapSize                   = 5839372                                {pd product} {ergonomic}
    uintx NonProfiledCodeHeapSize                  = 122909434                              {pd product} {ergonomic}
   size_t OldSize                                  = 70254592                                  {product} {ergonomic}
    uintx ProfiledCodeHeapSize                     = 122909434                              {pd product} {ergonomic}
    uintx ReservedCodeCacheSize                    = 251658240                              {pd product} {ergonomic}
     bool SegmentedCodeCache                       = true                                      {product} {ergonomic}
   size_t SoftMaxHeapSize                          = 1073741824                             {manageable} {ergonomic}
     bool UseCompressedClassPointers               = true                                 {lp64_product} {ergonomic}
     bool UseCompressedOops                        = true                                 {lp64_product} {ergonomic}
     bool UseLargePagesIndividualAllocation        = false                                  {pd product} {ergonomic}
     bool UseParallelGC                            = true                                      {product} {command line}

Logging:
Log output configuration:
 #0: stdout all=warning uptime,level,tags
 #1: stderr all=off uptime,level,tags

Environment Variables:
JAVA_HOME=C:\Program Files\Java\jdk-15.0.1
CLASSPATH=.;.;.;%CLASSPATH%;%JUNIT_HOME%\junit-4.jar;D:\junit-4.jar\junit-4.jar;D:\junit-4.jar\junit-4.jar
PATH=C:\Program Files\Java\jdk-15.0.1\bin;C:\Program Files\Common Files\Oracle\Java\javapath;C:\Program Files\Python38\Scripts\;C:\Program Files\Python38\;C:\WINDOWS\system32;C:\WINDOWS;C:\WINDOWS\System32\Wbem;C:\WINDOWS\System32\WindowsPowerShell\v1.0\;C:\WINDOWS\System32\OpenSSH\;C:\Program Files\Intel\WiFi\bin\;C:\Program Files\Common Files\Intel\WirelessCommon\;C:\Program Files\Microsoft SQL Server\Client SDK\ODBC\170\Tools\Binn\;C:\Program Files (x86)\Microsoft SQL Server\150\Tools\Binn\;C:\Program Files\Microsoft SQL Server\150\Tools\Binn\;C:\Program Files\Microsoft SQL Server\150\DTS\Binn\;C:\Program Files (x86)\Microsoft SQL Server\150\DTS\Binn\;C:\Program Files\Azure Data Studio\bin;C:\Program Files\nodejs\;C:\Program Files\Git\cmd;C:\Users\ADMIN\AppData\Local\Programs\Python\Python39\Scripts\;C:\Users\ADMIN\AppData\Local\Programs\Python\Python39\;C:\Users\ADMIN\AppData\Local\Microsoft\WindowsApps;C:\Program Files\JetBrains\IntelliJ IDEA Community Edition 2020.1.1\bin;;C:\Program Files\Azure Data Studio\bin;C:\Users\ADMIN\AppData\Local\Programs\Microsoft VS Code\bin;C:\Users\ADMIN\AppData\Roaming\npm;
USERNAME=AHop
OS=Windows_NT
PROCESSOR_IDENTIFIER=AMD64 Family 23 Model 17 Stepping 0, AuthenticAMD



---------------  S Y S T E M  ---------------

OS:
 Windows 10 , 64 bit Build 19041 (10.0.19041.1151)
OS uptime: 0 days 16:33 hours

CPU: total 8 (initial active 8) (8 cores per cpu, 2 threads per core) family 23 model 17 stepping 0 microcode 0x0, cmov, cx8, fxsr, mmx, sse, sse2, sse3, ssse3, sse4.1, sse4.2, popcnt, vzeroupper, avx, avx2, aes, clmul, 3dnowpref, lzcnt, sse4a, ht, tsc, tscinvbit, tscinv, bmi1, bmi2, adx, sha, fma, clflush, clflushopt

Memory: 4k page, system-wide physical 7116M (368M free)
TotalPageFile size 11212M (AvailPageFile size 0M)
current process WorkingSet (physical memory assigned to process): 27M, peak: 27M
current process commit charge ("private bytes"): 194M, peak: 194M

vm_info: Java HotSpot(TM) 64-Bit Server VM (15.0.1+9-18) for windows-amd64 JRE (15.0.1+9-18), built on Sep 15 2020 14:43:54 by "mach5one" with unknown MS VC++:1925

END.
