#
# There is insufficient memory for the Java Runtime Environment to continue.
# Native memory allocation (malloc) failed to allocate 528048 bytes for Chunk::new
# Possible reasons:
#   The system is out of physical RAM or swap space
#   The process is running with CompressedOops enabled, and the Java Heap may be blocking the growth of the native heap
# Possible solutions:
#   Reduce memory load on the system
#   Increase physical memory or swap space
#   Check if swap backing store is full
#   Decrease Java heap size (-Xmx/-Xms)
#   Decrease number of Java threads
#   Decrease Java thread stack sizes (-Xss)
#   Set larger code cache with -XX:ReservedCodeCacheSize=
#   JVM is running with Unscaled Compressed Oops mode in which the Java heap is
#     placed in the first 4GB address space. The Java Heap base address is the
#     maximum limit for the native heap growth. Please use -XX:HeapBaseMinAddress
#     to set the Java Heap base and to place the Java Heap above 4GB virtual address.
# This output file may be truncated or incomplete.
#
#  Out of Memory Error (./open/src/hotspot/share/memory/arena.cpp:195), pid=5760, tid=12044
#
# JRE version: Java(TM) SE Runtime Environment (15.0.1+9) (build 15.0.1+9-18)
# Java VM: Java HotSpot(TM) 64-Bit Server VM (15.0.1+9-18, mixed mode, sharing, tiered, compressed oops, parallel gc, windows-amd64)
# No core dump will be written. Minidumps are not enabled by default on client versions of Windows
#

---------------  S U M M A R Y ------------

Command Line: --add-modules=ALL-SYSTEM --add-opens=java.base/java.util=ALL-UNNAMED --add-opens=java.base/java.lang=ALL-UNNAMED -Declipse.application=org.eclipse.jdt.ls.core.id1 -Dosgi.bundles.defaultStartLevel=4 -Declipse.product=org.eclipse.jdt.ls.core.product -Dfile.encoding=utf8 -DwatchParentProcess=false -XX:+UseParallelGC -XX:GCTimeRatio=4 -XX:AdaptiveSizePolicyWeight=90 -Dsun.zip.disableMemoryMapping=true -Xmx1G -Xms100m -javaagent:c:\Users\ADMIN\.vscode\extensions\gabrielbb.vscode-lombok-1.0.1\server\lombok.jar c:\Users\ADMIN\.vscode\extensions\redhat.java-0.81.0\server\plugins\org.eclipse.equinox.launcher_1.6.200.v20210416-2027.jar -configuration c:\Users\ADMIN\AppData\Roaming\Code\User\globalStorage\redhat.java\0.81.0\config_ss_win -data c:\Users\ADMIN\AppData\Roaming\Code\User\workspaceStorage\2096a02ef39fdbcbc7abb9b74ce8bc2e\redhat.java\ss_ws

Host: AMD Ryzen 5 2500U with Radeon Vega Mobile Gfx  , 8 cores, 6G,  Windows 10 , 64 bit Build 19041 (10.0.19041.1151)
Time: Thu Aug 19 17:15:19 2021 SE Asia Standard Time elapsed time: 1.844135 seconds (0d 0h 0m 1s)

---------------  T H R E A D  ---------------

Current thread (0x0000029271cd53a0):  JavaThread "C2 CompilerThread1" daemon [_thread_in_native, id=12044, stack(0x000000971a300000,0x000000971a400000)]


Current CompileTask:
C2:   1844 1493       4       java.io.WinNTFileSystem::normalize (143 bytes)

Stack: [0x000000971a300000,0x000000971a400000]
Native frames: (J=compiled Java code, j=interpreted, Vv=VM code, C=native code)
V  [jvm.dll+0x62ae9a]
V  [jvm.dll+0x781389]
V  [jvm.dll+0x782ae3]
V  [jvm.dll+0x783143]
V  [jvm.dll+0x216265]
V  [jvm.dll+0x97efa]
V  [jvm.dll+0x985dc]
V  [jvm.dll+0x32e525]
V  [jvm.dll+0x18e0ea]
V  [jvm.dll+0x1ea762]
V  [jvm.dll+0x1e98ae]
V  [jvm.dll+0x1784c7]
V  [jvm.dll+0x1f9165]
V  [jvm.dll+0x1f720c]
V  [jvm.dll+0x74485d]
V  [jvm.dll+0x73d65a]
V  [jvm.dll+0x629c56]
C  [ucrtbase.dll+0x21bb2]
C  [KERNEL32.DLL+0x17034]
C  [ntdll.dll+0x52651]


---------------  P R O C E S S  ---------------

Threads class SMR info:
_java_thread_list=0x0000029273a0bfb0, length=17, elements={
0x0000029254dfacd0, 0x0000029270964f50, 0x0000029270967c00, 0x0000029254eb39c0,
0x0000029254eb4280, 0x0000029254eb5c50, 0x0000029254eb8950, 0x0000029254eb9540,
0x0000029254ebd580, 0x0000029271cab000, 0x0000029271cd53a0, 0x0000029271e603c0,
0x0000029272fa38e0, 0x000002927319dfd0, 0x00000292738d29f0, 0x00000292730b9bb0,
0x0000029273a18d00
}

Java Threads: ( => current thread )
  0x0000029254dfacd0 JavaThread "main" [_thread_blocked, id=13492, stack(0x0000009719700000,0x0000009719800000)]
  0x0000029270964f50 JavaThread "Reference Handler" daemon [_thread_blocked, id=12336, stack(0x0000009719a00000,0x0000009719b00000)]
  0x0000029270967c00 JavaThread "Finalizer" daemon [_thread_blocked, id=9928, stack(0x0000009719b00000,0x0000009719c00000)]
  0x0000029254eb39c0 JavaThread "Signal Dispatcher" daemon [_thread_blocked, id=5032, stack(0x0000009719c00000,0x0000009719d00000)]
  0x0000029254eb4280 JavaThread "Attach Listener" daemon [_thread_blocked, id=2000, stack(0x0000009719d00000,0x0000009719e00000)]
  0x0000029254eb5c50 JavaThread "Service Thread" daemon [_thread_blocked, id=10324, stack(0x0000009719e00000,0x0000009719f00000)]
  0x0000029254eb8950 JavaThread "C2 CompilerThread0" daemon [_thread_blocked, id=1844, stack(0x0000009719f00000,0x000000971a000000)]
  0x0000029254eb9540 JavaThread "C1 CompilerThread0" daemon [_thread_blocked, id=11436, stack(0x000000971a000000,0x000000971a100000)]
  0x0000029254ebd580 JavaThread "Sweeper thread" daemon [_thread_blocked, id=11968, stack(0x000000971a100000,0x000000971a200000)]
  0x0000029271cab000 JavaThread "Common-Cleaner" daemon [_thread_blocked, id=10704, stack(0x000000971a200000,0x000000971a300000)]
=>0x0000029271cd53a0 JavaThread "C2 CompilerThread1" daemon [_thread_in_native, id=12044, stack(0x000000971a300000,0x000000971a400000)]
  0x0000029271e603c0 JavaThread "Notification Thread" daemon [_thread_blocked, id=6028, stack(0x000000971a400000,0x000000971a500000)]
  0x0000029272fa38e0 JavaThread "Active Thread: Equinox Container: ddc11e35-9623-4f4f-a544-89cab6251dc1" [_thread_blocked, id=10136, stack(0x000000971a700000,0x000000971a800000)]
  0x000002927319dfd0 JavaThread "Framework Event Dispatcher: Equinox Container: ddc11e35-9623-4f4f-a544-89cab6251dc1" daemon [_thread_blocked, id=4420, stack(0x000000971a800000,0x000000971a900000)]
  0x00000292738d29f0 JavaThread "Start Level: Equinox Container: ddc11e35-9623-4f4f-a544-89cab6251dc1" daemon [_thread_in_Java, id=12956, stack(0x000000971a900000,0x000000971aa00000)]
  0x00000292730b9bb0 JavaThread "SCR Component Actor" daemon [_thread_blocked, id=1176, stack(0x000000971aa00000,0x000000971ab00000)]
  0x0000029273a18d00 JavaThread "Timer-0" daemon [_thread_blocked, id=12628, stack(0x000000971ad00000,0x000000971ae00000)]

Other Threads:
  0x00000292709649d0 VMThread "VM Thread" [stack: 0x0000009719900000,0x0000009719a00000] [id=4932]
  0x0000029271e61890 WatcherThread [stack: 0x000000971a500000,0x000000971a600000] [id=9908]
  0x0000029254e13a50 GCTaskThread "GC Thread#0" [stack: 0x0000009719800000,0x0000009719900000] [id=11404]
  0x0000029271d2f5b0 GCTaskThread "GC Thread#1" [stack: 0x000000971a600000,0x000000971a700000] [id=8840]
  0x0000029271d32580 GCTaskThread "GC Thread#2" [stack: 0x000000971ab00000,0x000000971ac00000] [id=12416]
  0x0000029271d328b0 GCTaskThread "GC Thread#3" [stack: 0x000000971ac00000,0x000000971ad00000] [id=5284]

Threads with active compile tasks:
C2 CompilerThread1     2033 1493       4       java.io.WinNTFileSystem::normalize (143 bytes)

VM state: not at safepoint (normal execution)

VM Mutex/Monitor currently owned by a thread: None

Heap address: 0x00000000c0000000, size: 1024 MB, Compressed Oops mode: 32-bit
CDS archive(s) mapped at: [0x0000000800000000-0x0000000800b50000-0x0000000800b50000), size 11862016, SharedBaseAddress: 0x0000000800000000, ArchiveRelocationMode: 0.
Compressed class space mapped at: 0x0000000800b50000-0x0000000840b50000, size: 1073741824
Narrow klass base: 0x0000000800000000, Narrow klass shift: 3, Narrow klass range: 0x100000000

GC Precious Log:
 CPUs: 8 total, 8 available
 Memory: 7116M
 Large Page Support: Disabled
 NUMA Support: Disabled
 Compressed Oops: Enabled (32-bit)
 Heap Min Capacity: 100M
 Heap Initial Capacity: 100M
 Heap Max Capacity: 1G
 Pre-touch: Disabled
 Parallel Workers: 8

Heap:
 PSYoungGen      total 29696K, used 20496K [0x00000000eab00000, 0x00000000ecc00000, 0x0000000100000000)
  eden space 25600K, 64% used [0x00000000eab00000,0x00000000ebb053c8,0x00000000ec400000)
  from space 4096K, 99% used [0x00000000ec800000,0x00000000ecbfecb8,0x00000000ecc00000)
  to   space 4096K, 0% used [0x00000000ec400000,0x00000000ec400000,0x00000000ec800000)
 ParOldGen       total 68608K, used 336K [0x00000000c0000000, 0x00000000c4300000, 0x00000000eab00000)
  object space 68608K, 0% used [0x00000000c0000000,0x00000000c0054000,0x00000000c4300000)
 Metaspace       used 12040K, capacity 12889K, committed 13056K, reserved 1060864K
  class space    used 1177K, capacity 1485K, committed 1536K, reserved 1048576K

Card table byte_map: [0x000002926d9f0000,0x000002926dc00000] _byte_map_base: 0x000002926d3f0000

Marking Bits: (ParMarkBitMap*) 0x00007ffab037c0f0
 Begin Bits: [0x000002926dd60000, 0x000002926ed60000)
 End Bits:   [0x000002926ed60000, 0x000002926fd60000)

Polling page: 0x0000029254ed0000

Metaspace:

Usage:
  Non-class:     11.14 MB capacity,    10.62 MB ( 95%) used,   515.38 KB (  5%) free+waste,    17.31 KB ( <1%) overhead. 
      Class:      1.45 MB capacity,     1.15 MB ( 79%) used,   298.45 KB ( 20%) free+waste,     9.00 KB ( <1%) overhead. 
       Both:     12.59 MB capacity,    11.77 MB ( 93%) used,   813.82 KB (  6%) free+waste,    26.31 KB ( <1%) overhead. 

Virtual space:
  Non-class space:       12.00 MB reserved,      11.25 MB ( 94%) committed 
      Class space:        1.00 GB reserved,       1.50 MB ( <1%) committed 
             Both:        1.01 GB reserved,      12.75 MB (  1%) committed 

Chunk freelists:
   Non-Class:  52.00 KB
       Class:  19.00 KB
        Both:  71.00 KB

MaxMetaspaceSize: 17179869184.00 GB
CompressedClassSpaceSize: 1.00 GB

CodeHeap 'non-profiled nmethods': size=120000Kb used=705Kb max_used=705Kb free=119295Kb
 bounds [0x00000292662d0000, 0x0000029266540000, 0x000002926d800000]
CodeHeap 'profiled nmethods': size=120000Kb used=3643Kb max_used=3643Kb free=116357Kb
 bounds [0x000002925eda0000, 0x000002925f130000, 0x00000292662d0000]
CodeHeap 'non-nmethods': size=5760Kb used=1185Kb max_used=1201Kb free=4574Kb
 bounds [0x000002925e800000, 0x000002925ea70000, 0x000002925eda0000]
 total_blobs=2400 nmethods=1949 adapters=365
 compilation: enabled
              stopped_count=0, restarted_count=0
 full_count=0

Compilation events (20 events):
Event: 1.597 Thread 0x0000029254eb9540 nmethod 1539 0x000002925f058a10 code [0x000002925f058bc0, 0x000002925f058dc8]
Event: 1.597 Thread 0x0000029254eb9540 1540       3       jdk.internal.org.objectweb.asm.Frame::getLocal (46 bytes)
Event: 1.598 Thread 0x0000029254eb9540 nmethod 1540 0x000002925f058f10 code [0x000002925f0590a0, 0x000002925f059298]
Event: 1.598 Thread 0x0000029254eb9540 1543       3       java.lang.invoke.LambdaForm::parameter (52 bytes)
Event: 1.598 Thread 0x0000029254eb9540 nmethod 1543 0x000002925f059390 code [0x000002925f059520, 0x000002925f059678]
Event: 1.598 Thread 0x0000029254eb9540 1544       3       java.lang.invoke.LambdaForm::internArgument (85 bytes)
Event: 1.598 Thread 0x0000029254eb9540 nmethod 1544 0x000002925f059790 code [0x000002925f059960, 0x000002925f059c88]
Event: 1.598 Thread 0x0000029254eb9540 1545       3       sun.invoke.util.VerifyType::isNullConversion (157 bytes)
Event: 1.599 Thread 0x0000029254eb8950 nmethod 1519 0x0000029266359f90 code [0x000002926635a120, 0x000002926635a678]
Event: 1.600 Thread 0x0000029254eb8950 1512       4       java.lang.System::getSecurityManager (12 bytes)
Event: 1.600 Thread 0x0000029254eb9540 nmethod 1545 0x000002925f059e90 code [0x000002925f05a180, 0x000002925f05b668]
Event: 1.600 Thread 0x0000029254eb9540 1546       3       java.util.Collections::emptyList (4 bytes)
Event: 1.600 Thread 0x0000029254eb9540 nmethod 1546 0x000002925f05bb10 code [0x000002925f05bca0, 0x000002925f05bd98]
Event: 1.600 Thread 0x0000029254eb9540 1547       3       java.lang.reflect.Modifier::isFinal (13 bytes)
Event: 1.600 Thread 0x0000029254eb8950 nmethod 1512 0x000002926635aa10 code [0x000002926635ab80, 0x000002926635abd8]
Event: 1.600 Thread 0x0000029254eb8950 1511       4       jdk.internal.org.objectweb.asm.ClassReader::readUnsignedShort (26 bytes)
Event: 1.600 Thread 0x0000029254eb9540 nmethod 1547 0x000002925f05be10 code [0x000002925f05bfa0, 0x000002925f05c0d8]
Event: 1.601 Thread 0x0000029254eb9540 1548       3       java.lang.Character::codePointAt (51 bytes)
Event: 1.601 Thread 0x0000029254eb8950 nmethod 1511 0x000002926635ad10 code [0x000002926635ae80, 0x000002926635af58]
Event: 1.602 Thread 0x0000029254eb9540 nmethod 1548 0x000002925f05c190 code [0x000002925f05c380, 0x000002925f05c9e8]

GC Heap History (2 events):
Event: 0.851 GC heap before
{Heap before GC invocations=1 (full 0):
 PSYoungGen      total 29696K, used 25600K [0x00000000eab00000, 0x00000000ecc00000, 0x0000000100000000)
  eden space 25600K, 100% used [0x00000000eab00000,0x00000000ec400000,0x00000000ec400000)
  from space 4096K, 0% used [0x00000000ec800000,0x00000000ec800000,0x00000000ecc00000)
  to   space 4096K, 0% used [0x00000000ec400000,0x00000000ec400000,0x00000000ec800000)
 ParOldGen       total 68608K, used 0K [0x00000000c0000000, 0x00000000c4300000, 0x00000000eab00000)
  object space 68608K, 0% used [0x00000000c0000000,0x00000000c0000000,0x00000000c4300000)
 Metaspace       used 4397K, capacity 5613K, committed 5760K, reserved 1056768K
  class space    used 415K, capacity 514K, committed 640K, reserved 1048576K
}
Event: 0.859 GC heap after
{Heap after GC invocations=1 (full 0):
 PSYoungGen      total 29696K, used 2939K [0x00000000eab00000, 0x00000000ecc00000, 0x0000000100000000)
  eden space 25600K, 0% used [0x00000000eab00000,0x00000000eab00000,0x00000000ec400000)
  from space 4096K, 71% used [0x00000000ec400000,0x00000000ec6decb8,0x00000000ec800000)
  to   space 4096K, 0% used [0x00000000ec800000,0x00000000ec800000,0x00000000ecc00000)
 ParOldGen       total 68608K, used 8K [0x00000000c0000000, 0x00000000c4300000, 0x00000000eab00000)
  object space 68608K, 0% used [0x00000000c0000000,0x00000000c0002000,0x00000000c4300000)
 Metaspace       used 4397K, capacity 5613K, committed 5760K, reserved 1056768K
  class space    used 415K, capacity 514K, committed 640K, reserved 1048576K
}

Deoptimization events (20 events):
Event: 1.157 Thread 0x0000029254dfacd0 Uncommon trap: trap_request=0xffffff45 fr.pc=0x00000292662fd690 relative=0x0000000000000070
Event: 1.157 Thread 0x0000029254dfacd0 Uncommon trap: reason=unstable_if action=reinterpret pc=0x00000292662fd690 method=lombok.patcher.scripts.MethodLevelPatchScript.patch(Ljava/lang/String;[BLlombok/patcher/TransplantMapper;)[B @ 8 c2
Event: 1.157 Thread 0x0000029254dfacd0 DEOPT PACKING pc=0x00000292662fd690 sp=0x00000097197f8590
Event: 1.157 Thread 0x0000029254dfacd0 DEOPT UNPACKING pc=0x000002925e84e42f sp=0x00000097197f8520 mode 2
Event: 1.267 Thread 0x0000029254dfacd0 Uncommon trap: trap_request=0xffffff45 fr.pc=0x0000029266336538 relative=0x0000000000000538
Event: 1.267 Thread 0x0000029254dfacd0 Uncommon trap: reason=unstable_if action=reinterpret pc=0x0000029266336538 method=lombok.patcher.ScriptManager$OurClassFileTransformer.transform(Ljava/lang/ClassLoader;Ljava/lang/String;Ljava/lang/Class;Ljava/security/ProtectionDomain;[B)[B @ 126 c2
Event: 1.267 Thread 0x0000029254dfacd0 DEOPT PACKING pc=0x0000029266336538 sp=0x00000097197f85d0
Event: 1.267 Thread 0x0000029254dfacd0 DEOPT UNPACKING pc=0x000002925e84e42f sp=0x00000097197f8560 mode 2
Event: 1.267 Thread 0x0000029254dfacd0 Uncommon trap: trap_request=0xffffff45 fr.pc=0x000002926632f798 relative=0x00000000000002d8
Event: 1.267 Thread 0x0000029254dfacd0 Uncommon trap: reason=unstable_if action=reinterpret pc=0x000002926632f798 method=lombok.patcher.scripts.AddFieldScript.patch(Ljava/lang/String;[BLlombok/patcher/TransplantMapper;)[B @ 32 c2
Event: 1.267 Thread 0x0000029254dfacd0 DEOPT PACKING pc=0x000002926632f798 sp=0x00000097197f8500
Event: 1.267 Thread 0x0000029254dfacd0 DEOPT UNPACKING pc=0x000002925e84e42f sp=0x00000097197f84d0 mode 2
Event: 1.381 Thread 0x0000029254dfacd0 DEOPT PACKING pc=0x000002925efab74e sp=0x00000097197f8540
Event: 1.381 Thread 0x0000029254dfacd0 DEOPT UNPACKING pc=0x000002925e84e23f sp=0x00000097197f7a30 mode 0
Event: 1.506 Thread 0x0000029254dfacd0 DEOPT PACKING pc=0x000002925efab74e sp=0x00000097197f7ba0
Event: 1.506 Thread 0x0000029254dfacd0 DEOPT UNPACKING pc=0x000002925e84e23f sp=0x00000097197f7090 mode 0
Event: 1.586 Thread 0x000002927319dfd0 Uncommon trap: trap_request=0xffffff45 fr.pc=0x000002926631ae68 relative=0x0000000000000128
Event: 1.586 Thread 0x000002927319dfd0 Uncommon trap: reason=unstable_if action=reinterpret pc=0x000002926631ae68 method=java.lang.ThreadLocal.get()Ljava/lang/Object; @ 11 c2
Event: 1.587 Thread 0x000002927319dfd0 DEOPT PACKING pc=0x000002926631ae68 sp=0x000000971a8febd0
Event: 1.587 Thread 0x000002927319dfd0 DEOPT UNPACKING pc=0x000002925e84e42f sp=0x000000971a8feb70 mode 2

Classes unloaded (0 events):
No events

Classes redefined (0 events):
No events

Internal exceptions (20 events):
Event: 0.755 Thread 0x0000029254dfacd0 Exception <a 'java/lang/ClassNotFoundException'{0x00000000ec1d4b28}: sun/net/www/protocol/c/Handler> (0x00000000ec1d4b28) 
thrown [./open/src/hotspot/share/classfile/systemDictionary.cpp, line 295]
Event: 0.767 Thread 0x0000029254dfacd0 Exception <a 'java/io/FileNotFoundException'{0x00000000ec1f3270}> (0x00000000ec1f3270) 
thrown [./open/src/hotspot/share/prims/jni.cpp, line 578]
Event: 0.801 Thread 0x0000029254dfacd0 Exception <a 'java/lang/NoSuchMethodError'{0x00000000ec2c31f0}: 'int java.lang.invoke.DirectMethodHandle$Holder.invokeStatic(java.lang.Object, java.lang.Object, java.lang.Object, int)'> (0x00000000ec2c31f0) 
thrown [./open/src/hotspot/share/interpreter/linkResolver.cpp, line 782]
Event: 0.802 Thread 0x0000029254dfacd0 Exception <a 'java/lang/NoSuchMethodError'{0x00000000ec2c6ea0}: 'int java.lang.invoke.DirectMethodHandle$Holder.invokeStaticInit(java.lang.Object, java.lang.Object, java.lang.Object, int)'> (0x00000000ec2c6ea0) 
thrown [./open/src/hotspot/share/interpreter/linkResolver.cpp, line 782]
Event: 0.825 Thread 0x0000029254dfacd0 Implicit null exception at 0x000002926632018c to 0x00000292663203c8
Event: 0.825 Thread 0x0000029254dfacd0 Implicit null exception at 0x000002926630e90e to 0x000002926630eb50
Event: 0.905 Thread 0x0000029254dfacd0 Exception <a 'java/lang/NoSuchMethodError'{0x00000000eacaf740}: 'int java.lang.invoke.DirectMethodHandle$Holder.invokeStaticInit(java.lang.Object, java.lang.Object, java.lang.Object, java.lang.Object)'> (0x00000000eacaf740) 
thrown [./open/src/hotspot/share/interpreter/linkResolver.cpp, line 782]
Event: 0.909 Thread 0x0000029254dfacd0 Exception <a 'java/lang/NoSuchMethodError'{0x00000000eacba7b8}: 'java.lang.Object java.lang.invoke.DirectMethodHandle$Holder.invokeInterface(java.lang.Object, java.lang.Object)'> (0x00000000eacba7b8) 
thrown [./open/src/hotspot/share/interpreter/linkResolver.cpp, line 782]
Event: 0.910 Thread 0x0000029254dfacd0 Exception <a 'java/lang/IncompatibleClassChangeError'{0x00000000eacbe1b0}: Found class java.lang.Object, but interface was expected> (0x00000000eacbe1b0) 
thrown [./open/src/hotspot/share/interpreter/linkResolver.cpp, line 848]
Event: 0.912 Thread 0x0000029254dfacd0 Exception <a 'java/lang/NoSuchMethodError'{0x00000000eacc9b60}: 'int java.lang.invoke.DirectMethodHandle$Holder.invokeStaticInit(java.lang.Object, java.lang.Object)'> (0x00000000eacc9b60) 
thrown [./open/src/hotspot/share/interpreter/linkResolver.cpp, line 782]
Event: 0.955 Thread 0x0000029254dfacd0 Exception <a 'java/lang/NoSuchMethodError'{0x00000000eadb0690}: 'java.lang.Object java.lang.invoke.DirectMethodHandle$Holder.invokeStaticInit(java.lang.Object, int, int, int, int)'> (0x00000000eadb0690) 
thrown [./open/src/hotspot/share/interpreter/linkResolver.cpp, line 782]
Event: 1.027 Thread 0x0000029254dfacd0 Exception <a 'java/lang/NoSuchMethodError'{0x00000000eaf07180}: 'java.lang.Object java.lang.invoke.DirectMethodHandle$Holder.invokeStaticInit(java.lang.Object, java.lang.Object, int, int, int, int)'> (0x00000000eaf07180) 
thrown [./open/src/hotspot/share/interpreter/linkResolver.cpp, line 782]
Event: 1.094 Thread 0x0000029254dfacd0 Exception <a 'java/lang/NoSuchMethodError'{0x00000000eb0b6ee0}: 'void java.lang.invoke.DirectMethodHandle$Holder.invokeInterface(java.lang.Object, java.lang.Object)'> (0x00000000eb0b6ee0) 
thrown [./open/src/hotspot/share/interpreter/linkResolver.cpp, line 782]
Event: 1.106 Thread 0x0000029254dfacd0 Exception <a 'java/lang/NoSuchMethodError'{0x00000000eb114350}: 'java.lang.Object java.lang.invoke.DirectMethodHandle$Holder.newInvokeSpecial(java.lang.Object, int, java.lang.Object, java.lang.Object)'> (0x00000000eb114350) 
thrown [./open/src/hotspot/share/interpreter/linkResolver.cpp, line 782]
Event: 1.302 Thread 0x0000029254dfacd0 Exception <a 'java/lang/NoSuchMethodError'{0x00000000eb6c4f88}: 'void java.lang.invoke.DirectMethodHandle$Holder.invokeStatic(java.lang.Object, java.lang.Object, java.lang.Object, java.lang.Object)'> (0x00000000eb6c4f88) 
thrown [./open/src/hotspot/share/interpreter/linkResolver.cpp, line 782]
Event: 1.336 Thread 0x0000029254dfacd0 Exception <a 'java/lang/NoSuchMethodError'{0x00000000eb7f9148}: 'java.lang.Object java.lang.invoke.Invokers$Holder.invokeExact_MT(java.lang.Object, java.lang.Object, java.lang.Object, java.lang.Object, java.lang.Object, java.lang.Object)'> (0x00000000eb7f9148) 
thrown [./open/src/hotspot/share/interpreter/linkResolver.cpp, line 782]
Event: 1.425 Thread 0x0000029254dfacd0 Exception <a 'java/lang/NoSuchMethodError'{0x00000000ebb546c0}: 'java.lang.Object java.lang.invoke.DirectMethodHandle$Holder.newInvokeSpecial(java.lang.Object, int, java.lang.Object)'> (0x00000000ebb546c0) 
thrown [./open/src/hotspot/share/interpreter/linkResolver.cpp, line 782]
Event: 1.586 Thread 0x000002927319dfd0 Implicit null exception at 0x000002926631ad8b to 0x000002926631ae54
Event: 1.591 Thread 0x0000029254dfacd0 Exception <a 'java/lang/UnsatisfiedLinkError'{0x00000000ec018c48}: 'void org.eclipse.equinox.launcher.JNIBridge._update_splash()'> (0x00000000ec018c48) 
thrown [./open/src/hotspot/share/prims/nativeLookup.cpp, line 530]
Event: 1.598 Thread 0x00000292738d29f0 Exception <a 'java/lang/NoSuchMethodError'{0x00000000ec09bd50}: 'java.lang.Object java.lang.invoke.Invokers$Holder.linkToTargetMethod(java.lang.Object, java.lang.Object, java.lang.Object, int, java.lang.Object)'> (0x00000000ec09bd50) 
thrown [./open/src/hotspot/share/interpreter/linkResolver.cpp, line 782]

Events (20 events):
Event: 1.515 loading class java/util/LinkedList$ListItr done
Event: 1.526 loading class sun/nio/fs/WindowsChannelFactory
Event: 1.526 loading class sun/nio/fs/WindowsChannelFactory done
Event: 1.526 loading class sun/nio/fs/WindowsChannelFactory$1
Event: 1.527 loading class sun/nio/fs/WindowsChannelFactory$1 done
Event: 1.527 loading class sun/nio/fs/WindowsChannelFactory$Flags
Event: 1.527 loading class sun/nio/fs/WindowsChannelFactory$Flags done
Event: 1.527 loading class sun/nio/ch/FileChannelImpl$Closer
Event: 1.527 loading class sun/nio/ch/FileChannelImpl$Closer done
Event: 1.582 Thread 0x000002927319dfd0 Thread added: 0x000002927319dfd0
Event: 1.591 Thread 0x00000292738d29f0 Thread added: 0x00000292738d29f0
Event: 1.593 Loaded shared library C:\Users\ADMIN\AppData\Roaming\Code\User\globalStorage\redhat.java\0.81.0\config_ss_win\org.eclipse.equinox.launcher\org.eclipse.equinox.launcher.win32.win32.x86_64_1.2.300.v20210622-1446\eclipse_11503.dll
Event: 1.594 loading class java/util/concurrent/locks/AbstractQueuedSynchronizer$SharedNode
Event: 1.594 loading class java/util/concurrent/locks/AbstractQueuedSynchronizer$SharedNode done
Event: 1.594 loading class java/util/concurrent/locks/AbstractQueuedSynchronizer$ExclusiveNode
Event: 1.594 loading class java/util/concurrent/locks/AbstractQueuedSynchronizer$ExclusiveNode done
Event: 1.594 loading class java/util/concurrent/CountDownLatch
Event: 1.594 loading class java/util/concurrent/CountDownLatch done
Event: 1.595 loading class java/util/concurrent/CountDownLatch$Sync
Event: 1.595 loading class java/util/concurrent/CountDownLatch$Sync done


Dynamic libraries:
0x00007ff7bfb00000 - 0x00007ff7bfb0f000 	C:\Program Files\Java\jdk-15.0.1\bin\java.exe
0x00007ffafb0b0000 - 0x00007ffafb2a5000 	C:\WINDOWS\SYSTEM32\ntdll.dll
0x00007ffafaca0000 - 0x00007ffafad5d000 	C:\WINDOWS\System32\KERNEL32.DLL
0x00007ffaf8890000 - 0x00007ffaf8b59000 	C:\WINDOWS\System32\KERNELBASE.dll
0x00007ffaf9010000 - 0x00007ffaf9110000 	C:\WINDOWS\System32\ucrtbase.dll
0x00007ffac95f0000 - 0x00007ffac9608000 	C:\Program Files\Java\jdk-15.0.1\bin\jli.dll
0x00007ffac9610000 - 0x00007ffac9629000 	C:\Program Files\Java\jdk-15.0.1\bin\VCRUNTIME140.dll
0x00007ffafa300000 - 0x00007ffafa3ac000 	C:\WINDOWS\System32\ADVAPI32.dll
0x00007ffaf9190000 - 0x00007ffaf922e000 	C:\WINDOWS\System32\msvcrt.dll
0x00007ffafa3c0000 - 0x00007ffafa45b000 	C:\WINDOWS\System32\sechost.dll
0x00007ffaf9bb0000 - 0x00007ffaf9cda000 	C:\WINDOWS\System32\RPCRT4.dll
0x00007ffafa160000 - 0x00007ffafa300000 	C:\WINDOWS\System32\USER32.dll
0x00007ffaf8d20000 - 0x00007ffaf8d42000 	C:\WINDOWS\System32\win32u.dll
0x00007ffafa500000 - 0x00007ffafa52a000 	C:\WINDOWS\System32\GDI32.dll
0x00007ffadce70000 - 0x00007ffadd10a000 	C:\WINDOWS\WinSxS\amd64_microsoft.windows.common-controls_6595b64144ccf1df_6.0.19041.1110_none_60b5254171f9507e\COMCTL32.dll
0x00007ffaf8c10000 - 0x00007ffaf8d1b000 	C:\WINDOWS\System32\gdi32full.dll
0x00007ffaf8d50000 - 0x00007ffaf8ded000 	C:\WINDOWS\System32\msvcp_win.dll
0x00007ffaf20c0000 - 0x00007ffaf20ca000 	C:\WINDOWS\SYSTEM32\VERSION.dll
0x00007ffafadc0000 - 0x00007ffafadf0000 	C:\WINDOWS\System32\IMM32.DLL
0x00007ffaca6c0000 - 0x00007ffaca6cc000 	C:\Program Files\Java\jdk-15.0.1\bin\vcruntime140_1.dll
0x00007ffab0440000 - 0x00007ffab04d1000 	C:\Program Files\Java\jdk-15.0.1\bin\msvcp140.dll
0x00007ffaaf8e0000 - 0x00007ffab043e000 	C:\Program Files\Java\jdk-15.0.1\bin\server\jvm.dll
0x00007ffafadf0000 - 0x00007ffafadf8000 	C:\WINDOWS\System32\PSAPI.DLL
0x00007ffac9460000 - 0x00007ffac9469000 	C:\WINDOWS\SYSTEM32\WSOCK32.dll
0x00007ffafae00000 - 0x00007ffafae6b000 	C:\WINDOWS\System32\WS2_32.dll
0x00007ffaef660000 - 0x00007ffaef687000 	C:\WINDOWS\SYSTEM32\WINMM.dll
0x00007ffaf66f0000 - 0x00007ffaf6702000 	C:\WINDOWS\SYSTEM32\kernel.appcore.dll
0x00007ffac9990000 - 0x00007ffac999a000 	C:\Program Files\Java\jdk-15.0.1\bin\jimage.dll
0x00007ffaf1a70000 - 0x00007ffaf1c54000 	C:\WINDOWS\SYSTEM32\DBGHELP.DLL
0x00007ffaf1df0000 - 0x00007ffaf1e1c000 	C:\WINDOWS\SYSTEM32\dbgcore.DLL
0x00007ffaf8f80000 - 0x00007ffaf9003000 	C:\WINDOWS\System32\bcryptPrimitives.dll
0x00007ffac8fc0000 - 0x00007ffac8fce000 	C:\Program Files\Java\jdk-15.0.1\bin\instrument.dll
0x00007ffac9580000 - 0x00007ffac95a5000 	C:\Program Files\Java\jdk-15.0.1\bin\java.dll
0x00007ffaf9470000 - 0x00007ffaf9baf000 	C:\WINDOWS\System32\SHELL32.dll
0x00007ffaf68f0000 - 0x00007ffaf7080000 	C:\WINDOWS\SYSTEM32\windows.storage.dll
0x00007ffafa6c0000 - 0x00007ffafaa15000 	C:\WINDOWS\System32\combase.dll
0x00007ffaf81d0000 - 0x00007ffaf81fc000 	C:\WINDOWS\SYSTEM32\Wldp.dll
0x00007ffafaa20000 - 0x00007ffafaace000 	C:\WINDOWS\System32\SHCORE.dll
0x00007ffafa660000 - 0x00007ffafa6b5000 	C:\WINDOWS\System32\shlwapi.dll
0x00007ffaf8720000 - 0x00007ffaf873f000 	C:\WINDOWS\SYSTEM32\profapi.dll
0x00007ffac8fd0000 - 0x00007ffac8fe8000 	C:\Program Files\Java\jdk-15.0.1\bin\zip.dll
0x00007ffac9400000 - 0x00007ffac9419000 	C:\Program Files\Java\jdk-15.0.1\bin\net.dll
0x00007ffaeb0d0000 - 0x00007ffaeb1d8000 	C:\WINDOWS\SYSTEM32\WINHTTP.dll
0x00007ffaf7f30000 - 0x00007ffaf7f9a000 	C:\WINDOWS\system32\mswsock.dll
0x00007ffac8ac0000 - 0x00007ffac8ad2000 	C:\Program Files\Java\jdk-15.0.1\bin\nio.dll
0x00007ffad8250000 - 0x00007ffad8260000 	C:\Program Files\Java\jdk-15.0.1\bin\verify.dll
0x00007ffaf8120000 - 0x00007ffaf8138000 	C:\WINDOWS\SYSTEM32\CRYPTSP.dll
0x00007ffaf7850000 - 0x00007ffaf7884000 	C:\WINDOWS\system32\rsaenh.dll
0x00007ffaf8df0000 - 0x00007ffaf8e17000 	C:\WINDOWS\System32\bcrypt.dll
0x00007ffaf86e0000 - 0x00007ffaf870e000 	C:\WINDOWS\SYSTEM32\USERENV.dll
0x00007ffaf8140000 - 0x00007ffaf814c000 	C:\WINDOWS\SYSTEM32\CRYPTBASE.dll
0x00007ffaf7bc0000 - 0x00007ffaf7bfb000 	C:\WINDOWS\SYSTEM32\IPHLPAPI.DLL
0x00007ffafa3b0000 - 0x00007ffafa3b8000 	C:\WINDOWS\System32\NSI.dll
0x00007ffaf2a50000 - 0x00007ffaf2a67000 	C:\WINDOWS\SYSTEM32\dhcpcsvc6.DLL
0x00007ffaf2d60000 - 0x00007ffaf2d7d000 	C:\WINDOWS\SYSTEM32\dhcpcsvc.DLL
0x00007ffaf7c60000 - 0x00007ffaf7d2c000 	C:\WINDOWS\SYSTEM32\DNSAPI.dll
0x00007ffac8e20000 - 0x00007ffac8e5e000 	C:\Users\ADMIN\AppData\Roaming\Code\User\globalStorage\redhat.java\0.81.0\config_ss_win\org.eclipse.equinox.launcher\org.eclipse.equinox.launcher.win32.win32.x86_64_1.2.300.v20210622-1446\eclipse_11503.dll

dbghelp: loaded successfully - version: 4.0.5 - missing functions: none
symbol engine: initialized successfully - sym options: 0x614 - pdb path: .;C:\Program Files\Java\jdk-15.0.1\bin;C:\WINDOWS\SYSTEM32;C:\WINDOWS\WinSxS\amd64_microsoft.windows.common-controls_6595b64144ccf1df_6.0.19041.1110_none_60b5254171f9507e;C:\Program Files\Java\jdk-15.0.1\bin\server;C:\Users\ADMIN\AppData\Roaming\Code\User\globalStorage\redhat.java\0.81.0\config_ss_win\org.eclipse.equinox.launcher\org.eclipse.equinox.launcher.win32.win32.x86_64_1.2.300.v20210622-1446

VM Arguments:
jvm_args: --add-modules=ALL-SYSTEM --add-opens=java.base/java.util=ALL-UNNAMED --add-opens=java.base/java.lang=ALL-UNNAMED -Declipse.application=org.eclipse.jdt.ls.core.id1 -Dosgi.bundles.defaultStartLevel=4 -Declipse.product=org.eclipse.jdt.ls.core.product -Dfile.encoding=utf8 -DwatchParentProcess=false -XX:+UseParallelGC -XX:GCTimeRatio=4 -XX:AdaptiveSizePolicyWeight=90 -Dsun.zip.disableMemoryMapping=true -Xmx1G -Xms100m -javaagent:c:\Users\ADMIN\.vscode\extensions\gabrielbb.vscode-lombok-1.0.1\server\lombok.jar 
java_command: c:\Users\ADMIN\.vscode\extensions\redhat.java-0.81.0\server\plugins\org.eclipse.equinox.launcher_1.6.200.v20210416-2027.jar -configuration c:\Users\ADMIN\AppData\Roaming\Code\User\globalStorage\redhat.java\0.81.0\config_ss_win -data c:\Users\ADMIN\AppData\Roaming\Code\User\workspaceStorage\2096a02ef39fdbcbc7abb9b74ce8bc2e\redhat.java\ss_ws
java_class_path (initial): c:\Users\ADMIN\.vscode\extensions\redhat.java-0.81.0\server\plugins\org.eclipse.equinox.launcher_1.6.200.v20210416-2027.jar
Launcher Type: SUN_STANDARD

[Global flags]
    uintx AdaptiveSizePolicyWeight                 = 90                                        {product} {command line}
     intx CICompilerCount                          = 4                                         {product} {ergonomic}
    uintx GCTimeRatio                              = 4                                         {product} {command line}
   size_t InitialHeapSize                          = 104857600                                 {product} {command line}
   size_t MaxHeapSize                              = 1073741824                                {product} {command line}
   size_t MaxNewSize                               = 357564416                                 {product} {ergonomic}
   size_t MinHeapDeltaBytes                        = 524288                                    {product} {ergonomic}
   size_t MinHeapSize                              = 104857600                                 {product} {command line}
   size_t NewSize                                  = 34603008                                  {product} {ergonomic}
    uintx NonNMethodCodeHeapSize                   = 5839372                                {pd product} {ergonomic}
    uintx NonProfiledCodeHeapSize                  = 122909434                              {pd product} {ergonomic}
   size_t OldSize                                  = 70254592                                  {product} {ergonomic}
    uintx ProfiledCodeHeapSize                     = 122909434                              {pd product} {ergonomic}
    uintx ReservedCodeCacheSize                    = 251658240                              {pd product} {ergonomic}
     bool SegmentedCodeCache                       = true                                      {product} {ergonomic}
   size_t SoftMaxHeapSize                          = 1073741824                             {manageable} {ergonomic}
     bool UseCompressedClassPointers               = true                                 {lp64_product} {ergonomic}
     bool UseCompressedOops                        = true                                 {lp64_product} {ergonomic}
     bool UseLargePagesIndividualAllocation        = false                                  {pd product} {ergonomic}
     bool UseParallelGC                            = true                                      {product} {command line}

Logging:
Log output configuration:
 #0: stdout all=warning uptime,level,tags
 #1: stderr all=off uptime,level,tags

Environment Variables:
JAVA_HOME=C:\Program Files\Java\jdk-15.0.1
CLASSPATH=.;.;.;%CLASSPATH%;%JUNIT_HOME%\junit-4.jar;D:\junit-4.jar\junit-4.jar;D:\junit-4.jar\junit-4.jar
PATH=C:\Program Files\Java\jdk-15.0.1\bin;C:\Program Files\Common Files\Oracle\Java\javapath;C:\Program Files\Python38\Scripts\;C:\Program Files\Python38\;C:\WINDOWS\system32;C:\WINDOWS;C:\WINDOWS\System32\Wbem;C:\WINDOWS\System32\WindowsPowerShell\v1.0\;C:\WINDOWS\System32\OpenSSH\;C:\Program Files\Intel\WiFi\bin\;C:\Program Files\Common Files\Intel\WirelessCommon\;C:\Program Files\Microsoft SQL Server\Client SDK\ODBC\170\Tools\Binn\;C:\Program Files (x86)\Microsoft SQL Server\150\Tools\Binn\;C:\Program Files\Microsoft SQL Server\150\Tools\Binn\;C:\Program Files\Microsoft SQL Server\150\DTS\Binn\;C:\Program Files (x86)\Microsoft SQL Server\150\DTS\Binn\;C:\Program Files\Azure Data Studio\bin;C:\Program Files\nodejs\;C:\Program Files\Git\cmd;C:\Users\ADMIN\AppData\Local\Programs\Python\Python39\Scripts\;C:\Users\ADMIN\AppData\Local\Programs\Python\Python39\;C:\Users\ADMIN\AppData\Local\Microsoft\WindowsApps;C:\Program Files\JetBrains\IntelliJ IDEA Community Edition 2020.1.1\bin;;C:\Program Files\Azure Data Studio\bin;C:\Users\ADMIN\AppData\Local\Programs\Microsoft VS Code\bin;C:\Users\ADMIN\AppData\Roaming\npm;
USERNAME=AHop
OS=Windows_NT
PROCESSOR_IDENTIFIER=AMD64 Family 23 Model 17 Stepping 0, AuthenticAMD



---------------  S Y S T E M  ---------------

OS:
 Windows 10 , 64 bit Build 19041 (10.0.19041.1151)
OS uptime: 0 days 1:56 hours

CPU: total 8 (initial active 8) (8 cores per cpu, 2 threads per core) family 23 model 17 stepping 0 microcode 0x0, cmov, cx8, fxsr, mmx, sse, sse2, sse3, ssse3, sse4.1, sse4.2, popcnt, vzeroupper, avx, avx2, aes, clmul, 3dnowpref, lzcnt, sse4a, ht, tsc, tscinvbit, tscinv, bmi1, bmi2, adx, sha, fma, clflush, clflushopt

Memory: 4k page, system-wide physical 7116M (330M free)
TotalPageFile size 11212M (AvailPageFile size 13M)
current process WorkingSet (physical memory assigned to process): 95M, peak: 95M
current process commit charge ("private bytes"): 218M, peak: 218M

vm_info: Java HotSpot(TM) 64-Bit Server VM (15.0.1+9-18) for windows-amd64 JRE (15.0.1+9-18), built on Sep 15 2020 14:43:54 by "mach5one" with unknown MS VC++:1925

END.
