#
# There is insufficient memory for the Java Runtime Environment to continue.
# Native memory allocation (malloc) failed to allocate 1355856 bytes for Chunk::new
# Possible reasons:
#   The system is out of physical RAM or swap space
#   The process is running with CompressedOops enabled, and the Java Heap may be blocking the growth of the native heap
# Possible solutions:
#   Reduce memory load on the system
#   Increase physical memory or swap space
#   Check if swap backing store is full
#   Decrease Java heap size (-Xmx/-Xms)
#   Decrease number of Java threads
#   Decrease Java thread stack sizes (-Xss)
#   Set larger code cache with -XX:ReservedCodeCacheSize=
#   JVM is running with Unscaled Compressed Oops mode in which the Java heap is
#     placed in the first 4GB address space. The Java Heap base address is the
#     maximum limit for the native heap growth. Please use -XX:HeapBaseMinAddress
#     to set the Java Heap base and to place the Java Heap above 4GB virtual address.
# This output file may be truncated or incomplete.
#
#  Out of Memory Error (./open/src/hotspot/share/memory/arena.cpp:195), pid=10204, tid=6344
#
# JRE version: Java(TM) SE Runtime Environment (15.0.1+9) (build 15.0.1+9-18)
# Java VM: Java HotSpot(TM) 64-Bit Server VM (15.0.1+9-18, mixed mode, sharing, tiered, compressed oops, parallel gc, windows-amd64)
# No core dump will be written. Minidumps are not enabled by default on client versions of Windows
#

---------------  S U M M A R Y ------------

Command Line: --add-modules=ALL-SYSTEM --add-opens=java.base/java.util=ALL-UNNAMED --add-opens=java.base/java.lang=ALL-UNNAMED -Declipse.application=org.eclipse.jdt.ls.core.id1 -Dosgi.bundles.defaultStartLevel=4 -Declipse.product=org.eclipse.jdt.ls.core.product -Dfile.encoding=utf8 -DwatchParentProcess=false -XX:+UseParallelGC -XX:GCTimeRatio=4 -XX:AdaptiveSizePolicyWeight=90 -Dsun.zip.disableMemoryMapping=true -Xmx1G -Xms100m -javaagent:c:\Users\ADMIN\.vscode\extensions\gabrielbb.vscode-lombok-1.0.1\server\lombok.jar c:\Users\ADMIN\.vscode\extensions\redhat.java-0.81.0\server\plugins\org.eclipse.equinox.launcher_1.6.200.v20210416-2027.jar -configuration c:\Users\ADMIN\AppData\Roaming\Code\User\globalStorage\redhat.java\0.81.0\config_win -data c:\Users\ADMIN\AppData\Roaming\Code\User\workspaceStorage\2096a02ef39fdbcbc7abb9b74ce8bc2e\redhat.java\jdt_ws

Host: AMD Ryzen 5 2500U with Radeon Vega Mobile Gfx  , 8 cores, 6G,  Windows 10 , 64 bit Build 19041 (10.0.19041.1151)
Time: Sat Aug 21 09:44:57 2021 SE Asia Standard Time elapsed time: 7.672688 seconds (0d 0h 0m 7s)

---------------  T H R E A D  ---------------

Current thread (0x000002cee052a220):  JavaThread "C2 CompilerThread1" daemon [_thread_in_native, id=6344, stack(0x000000dc4b800000,0x000000dc4b900000)]


Current CompileTask:
C2:   7673 3708       4       jdk.internal.org.objectweb.asm.Frame::execute (2305 bytes)

Stack: [0x000000dc4b800000,0x000000dc4b900000]
Native frames: (J=compiled Java code, j=interpreted, Vv=VM code, C=native code)
V  [jvm.dll+0x62ae9a]
V  [jvm.dll+0x781389]
V  [jvm.dll+0x782ae3]
V  [jvm.dll+0x783143]
V  [jvm.dll+0x216265]
V  [jvm.dll+0x97efa]
V  [jvm.dll+0x985dc]
V  [jvm.dll+0x32e4c8]
V  [jvm.dll+0x2f78aa]
V  [jvm.dll+0x2f6c6a]
V  [jvm.dll+0x1ea645]
V  [jvm.dll+0x1e98ae]
V  [jvm.dll+0x1784c7]
V  [jvm.dll+0x1f9165]
V  [jvm.dll+0x1f720c]
V  [jvm.dll+0x74485d]
V  [jvm.dll+0x73d65a]
V  [jvm.dll+0x629c56]
C  [ucrtbase.dll+0x21bb2]
C  [KERNEL32.DLL+0x17034]
C  [ntdll.dll+0x52651]


---------------  P R O C E S S  ---------------

Threads class SMR info:
_java_thread_list=0x000002cede38f240, length=24, elements={
0x000002cec0f67ee0, 0x000002cec101e810, 0x000002cec1021300, 0x000002cec1021fd0,
0x000002cec1022990, 0x000002cec1024360, 0x000002cec1027110, 0x000002cec1028bd0,
0x000002cedbe2c6c0, 0x000002cedbe598b0, 0x000002cedc00fac0, 0x000002cedce79540,
0x000002cedda546b0, 0x000002cedd4c9720, 0x000002ceddede6c0, 0x000002cedd4c0590,
0x000002ceddc32450, 0x000002ceddef2fb0, 0x000002ceddf17fa0, 0x000002ceddf16c60,
0x000002ceddf14f80, 0x000002cee052a220, 0x000002ceddf16790, 0x000002ceddf18940
}

Java Threads: ( => current thread )
  0x000002cec0f67ee0 JavaThread "main" [_thread_blocked, id=360, stack(0x000000dc49a00000,0x000000dc49b00000)]
  0x000002cec101e810 JavaThread "Reference Handler" daemon [_thread_blocked, id=896, stack(0x000000dc49d00000,0x000000dc49e00000)]
  0x000002cec1021300 JavaThread "Finalizer" daemon [_thread_blocked, id=7640, stack(0x000000dc49e00000,0x000000dc49f00000)]
  0x000002cec1021fd0 JavaThread "Signal Dispatcher" daemon [_thread_blocked, id=12088, stack(0x000000dc49f00000,0x000000dc4a000000)]
  0x000002cec1022990 JavaThread "Attach Listener" daemon [_thread_blocked, id=10412, stack(0x000000dc4a000000,0x000000dc4a100000)]
  0x000002cec1024360 JavaThread "Service Thread" daemon [_thread_blocked, id=7568, stack(0x000000dc4a100000,0x000000dc4a200000)]
  0x000002cec1027110 JavaThread "C2 CompilerThread0" daemon [_thread_in_native, id=13168, stack(0x000000dc4a200000,0x000000dc4a300000)]
  0x000002cec1028bd0 JavaThread "C1 CompilerThread0" daemon [_thread_blocked, id=4264, stack(0x000000dc4a300000,0x000000dc4a400000)]
  0x000002cedbe2c6c0 JavaThread "Sweeper thread" daemon [_thread_blocked, id=8688, stack(0x000000dc4a400000,0x000000dc4a500000)]
  0x000002cedbe598b0 JavaThread "Common-Cleaner" daemon [_thread_blocked, id=2820, stack(0x000000dc4a500000,0x000000dc4a600000)]
  0x000002cedc00fac0 JavaThread "Notification Thread" daemon [_thread_blocked, id=9428, stack(0x000000dc4a600000,0x000000dc4a700000)]
  0x000002cedce79540 JavaThread "Active Thread: Equinox Container: 4b61140f-8c87-4bbf-b855-0fe65f9e28d2" [_thread_blocked, id=12352, stack(0x000000dc4aa00000,0x000000dc4ab00000)]
  0x000002cedda546b0 JavaThread "Framework Event Dispatcher: Equinox Container: 4b61140f-8c87-4bbf-b855-0fe65f9e28d2" daemon [_thread_blocked, id=12692, stack(0x000000dc4ab00000,0x000000dc4ac00000)]
  0x000002cedd4c9720 JavaThread "Start Level: Equinox Container: 4b61140f-8c87-4bbf-b855-0fe65f9e28d2" daemon [_thread_blocked, id=1244, stack(0x000000dc4ac00000,0x000000dc4ad00000)]
  0x000002ceddede6c0 JavaThread "SCR Component Actor" daemon [_thread_blocked, id=10800, stack(0x000000dc4ad00000,0x000000dc4ae00000)]
  0x000002cedd4c0590 JavaThread "Timer-0" daemon [_thread_blocked, id=11208, stack(0x000000dc4b000000,0x000000dc4b100000)]
  0x000002ceddc32450 JavaThread "Worker-JM" [_thread_blocked, id=3864, stack(0x000000dc4b100000,0x000000dc4b200000)]
  0x000002ceddef2fb0 JavaThread "Worker-0" [_thread_blocked, id=11072, stack(0x000000dc4b400000,0x000000dc4b500000)]
  0x000002ceddf17fa0 JavaThread "Worker-1: Register Watchers" [_thread_in_Java, id=12428, stack(0x000000dc4b500000,0x000000dc4b600000)]
  0x000002ceddf16c60 JavaThread "Java indexing" daemon [_thread_blocked, id=2828, stack(0x000000dc4b300000,0x000000dc4b400000)]
  0x000002ceddf14f80 JavaThread "logback configurator timer" daemon [_thread_blocked, id=5948, stack(0x000000dc4b900000,0x000000dc4ba00000)]
=>0x000002cee052a220 JavaThread "C2 CompilerThread1" daemon [_thread_in_native, id=6344, stack(0x000000dc4b800000,0x000000dc4b900000)]
  0x000002ceddf16790 JavaThread "pool-2-thread-1" [_thread_in_native, id=11160, stack(0x000000dc4ba00000,0x000000dc4bb00000)]
  0x000002ceddf18940 JavaThread "Worker-2" [_thread_blocked, id=9100, stack(0x000000dc4bb00000,0x000000dc4bc00000)]

Other Threads:
  0x000002cedbdd0c20 VMThread "VM Thread" [stack: 0x000000dc49c00000,0x000000dc49d00000] [id=1552]
  0x000002cedc0156b0 WatcherThread [stack: 0x000000dc4a700000,0x000000dc4a800000] [id=6404]
  0x000002cec0f80e30 GCTaskThread "GC Thread#0" [stack: 0x000000dc49b00000,0x000000dc49c00000] [id=12984]
  0x000002cedbf701c0 GCTaskThread "GC Thread#1" [stack: 0x000000dc4a900000,0x000000dc4aa00000] [id=8536]
  0x000002cedbf724d0 GCTaskThread "GC Thread#2" [stack: 0x000000dc4ae00000,0x000000dc4af00000] [id=11444]
  0x000002cedbf72800 GCTaskThread "GC Thread#3" [stack: 0x000000dc4af00000,0x000000dc4b000000] [id=872]
  0x000002cedda8eaf0 GCTaskThread "GC Thread#4" [stack: 0x000000dc4a800000,0x000000dc4a900000] [id=6376]
  0x000002cedda8ee20 GCTaskThread "GC Thread#5" [stack: 0x000000dc4b200000,0x000000dc4b300000] [id=1984]
  0x000002cedda8f7b0 GCTaskThread "GC Thread#6" [stack: 0x000000dc4b600000,0x000000dc4b700000] [id=9120]
  0x000002cedda8fae0 GCTaskThread "GC Thread#7" [stack: 0x000000dc4b700000,0x000000dc4b800000] [id=7512]

Threads with active compile tasks:
C2 CompilerThread0     7732 3289       4       org.eclipse.osgi.internal.loader.classpath.ClasspathManager::findLocalClassImpl (55 bytes)
C2 CompilerThread1     7732 3708       4       jdk.internal.org.objectweb.asm.Frame::execute (2305 bytes)

VM state: not at safepoint (normal execution)

VM Mutex/Monitor currently owned by a thread: None

Heap address: 0x00000000c0000000, size: 1024 MB, Compressed Oops mode: 32-bit
CDS archive(s) mapped at: [0x0000000800000000-0x0000000800b50000-0x0000000800b50000), size 11862016, SharedBaseAddress: 0x0000000800000000, ArchiveRelocationMode: 0.
Compressed class space mapped at: 0x0000000800b50000-0x0000000840b50000, size: 1073741824
Narrow klass base: 0x0000000800000000, Narrow klass shift: 3, Narrow klass range: 0x100000000

GC Precious Log:
 CPUs: 8 total, 8 available
 Memory: 7116M
 Large Page Support: Disabled
 NUMA Support: Disabled
 Compressed Oops: Enabled (32-bit)
 Heap Min Capacity: 100M
 Heap Initial Capacity: 100M
 Heap Max Capacity: 1G
 Pre-touch: Disabled
 Parallel Workers: 8

Heap:
 PSYoungGen      total 24576K, used 16798K [0x00000000eab00000, 0x00000000ec780000, 0x0000000100000000)
  eden space 23552K, 67% used [0x00000000eab00000,0x00000000eba8fa28,0x00000000ec200000)
  from space 1024K, 84% used [0x00000000ec680000,0x00000000ec758000,0x00000000ec780000)
  to   space 2048K, 0% used [0x00000000ec380000,0x00000000ec380000,0x00000000ec580000)
 ParOldGen       total 68608K, used 14900K [0x00000000c0000000, 0x00000000c4300000, 0x00000000eab00000)
  object space 68608K, 21% used [0x00000000c0000000,0x00000000c0e8d240,0x00000000c4300000)
 Metaspace       used 38054K, capacity 40269K, committed 40408K, reserved 1085440K
  class space    used 4048K, capacity 4852K, committed 4864K, reserved 1048576K

Card table byte_map: [0x000002cec0950000,0x000002cec0b60000] _byte_map_base: 0x000002cec0350000

Marking Bits: (ParMarkBitMap*) 0x00007ffd73cec0f0
 Begin Bits: [0x000002ced81a0000, 0x000002ced91a0000)
 End Bits:   [0x000002ced91a0000, 0x000002ceda1a0000)

Polling page: 0x000002cec0740000

Metaspace:

Usage:
  Non-class:     34.59 MB capacity,    33.21 MB ( 96%) used,     1.32 MB (  4%) free+waste,    53.94 KB ( <1%) overhead. 
      Class:      4.74 MB capacity,     3.95 MB ( 83%) used,   778.48 KB ( 16%) free+waste,    25.38 KB ( <1%) overhead. 
       Both:     39.33 MB capacity,    37.16 MB ( 95%) used,     2.09 MB (  5%) free+waste,    79.31 KB ( <1%) overhead. 

Virtual space:
  Non-class space:       36.00 MB reserved,      34.71 MB ( 96%) committed 
      Class space:        1.00 GB reserved,       4.75 MB ( <1%) committed 
             Both:        1.04 GB reserved,      39.46 MB (  4%) committed 

Chunk freelists:
   Non-Class:  63.00 KB
       Class:  12.00 KB
        Both:  75.00 KB

MaxMetaspaceSize: 17179869184.00 GB
CompressedClassSpaceSize: 1.00 GB

CodeHeap 'non-profiled nmethods': size=120000Kb used=1716Kb max_used=1716Kb free=118283Kb
 bounds [0x000002ced0c70000, 0x000002ced0ee0000, 0x000002ced81a0000]
CodeHeap 'profiled nmethods': size=120000Kb used=7849Kb max_used=7849Kb free=112150Kb
 bounds [0x000002cec9740000, 0x000002cec9ef0000, 0x000002ced0c70000]
CodeHeap 'non-nmethods': size=5760Kb used=1275Kb max_used=1338Kb free=4484Kb
 bounds [0x000002cec91a0000, 0x000002cec9410000, 0x000002cec9740000]
 total_blobs=4430 nmethods=3871 adapters=472
 compilation: enabled
              stopped_count=0, restarted_count=0
 full_count=0

Compilation events (20 events):
Event: 7.647 Thread 0x000002cec1028bd0 3842   !   3       com.google.common.cache.LocalCache$LoadingValueReference::loadFuture (125 bytes)
Event: 7.648 Thread 0x000002cec1028bd0 nmethod 3842 0x000002cec9ecf310 code [0x000002cec9ecf600, 0x000002cec9ed0538]
Event: 7.648 Thread 0x000002cec1028bd0 3844   !   3       com.google.common.cache.LocalCache$Segment::getAndRecordStats (153 bytes)
Event: 7.650 Thread 0x000002cec1028bd0 nmethod 3844 0x000002cec9ed0d90 code [0x000002cec9ed1100, 0x000002cec9ed2278]
Event: 7.650 Thread 0x000002cec1028bd0 3849       3       com.google.common.cache.LocalCache$LoadingValueReference::<init> (34 bytes)
Event: 7.651 Thread 0x000002cec1028bd0 nmethod 3849 0x000002cec9ed2d10 code [0x000002cec9ed2f20, 0x000002cec9ed3618]
Event: 7.651 Thread 0x000002cec1028bd0 3850       3       com.google.common.cache.LocalCache$Segment::newEntry (18 bytes)
Event: 7.651 Thread 0x000002cec1028bd0 nmethod 3850 0x000002cec9ed3890 code [0x000002cec9ed3a60, 0x000002cec9ed3dd8]
Event: 7.651 Thread 0x000002cec1028bd0 3846       3       java.lang.reflect.Field::setAccessible (21 bytes)
Event: 7.652 Thread 0x000002cec1028bd0 nmethod 3846 0x000002cec9ed3f90 code [0x000002cec9ed4180, 0x000002cec9ed4768]
Event: 7.652 Thread 0x000002cec1028bd0 3852       3       com.google.inject.internal.FailableCache::get (38 bytes)
Event: 7.652 Thread 0x000002cec1028bd0 nmethod 3852 0x000002cec9ed4990 code [0x000002cec9ed4bc0, 0x000002cec9ed5408]
Event: 7.652 Thread 0x000002cec1028bd0 3851       3       com.google.inject.internal.State$1::blacklist (1 bytes)
Event: 7.653 Thread 0x000002cec1028bd0 nmethod 3851 0x000002cec9ed5790 code [0x000002cec9ed5920, 0x000002cec9ed5a18]
Event: 7.653 Thread 0x000002cec1028bd0 3847       3       java.lang.reflect.Field::checkCanSetAccessible (10 bytes)
Event: 7.653 Thread 0x000002cec1028bd0 nmethod 3847 0x000002cec9ed5a90 code [0x000002cec9ed5c40, 0x000002cec9ed5dc8]
Event: 7.653 Thread 0x000002cec1028bd0 3853       3       com.google.inject.internal.Scoping::scope (47 bytes)
Event: 7.654 Thread 0x000002cec1028bd0 nmethod 3853 0x000002cec9ed5e90 code [0x000002cec9ed6100, 0x000002cec9ed6ea8]
Event: 7.654 Thread 0x000002cec1028bd0 3854       3       com.google.inject.internal.Scoping::isNoScope (16 bytes)
Event: 7.654 Thread 0x000002cec1028bd0 nmethod 3854 0x000002cec9ed7390 code [0x000002cec9ed7540, 0x000002cec9ed7768]

GC Heap History (20 events):
Event: 3.242 GC heap before
{Heap before GC invocations=3 (full 0):
 PSYoungGen      total 29696K, used 29661K [0x00000000eab00000, 0x00000000ecc00000, 0x0000000100000000)
  eden space 25600K, 99% used [0x00000000eab00000,0x00000000ec3fb208,0x00000000ec400000)
  from space 4096K, 99% used [0x00000000ec800000,0x00000000ecbfc3d8,0x00000000ecc00000)
  to   space 4096K, 0% used [0x00000000ec400000,0x00000000ec400000,0x00000000ec800000)
 ParOldGen       total 68608K, used 1200K [0x00000000c0000000, 0x00000000c4300000, 0x00000000eab00000)
  object space 68608K, 1% used [0x00000000c0000000,0x00000000c012c360,0x00000000c4300000)
 Metaspace       used 13561K, capacity 14545K, committed 14720K, reserved 1062912K
  class space    used 1326K, capacity 1628K, committed 1664K, reserved 1048576K
}
Event: 3.250 GC heap after
{Heap after GC invocations=3 (full 0):
 PSYoungGen      total 29696K, used 4080K [0x00000000eab00000, 0x00000000ecc00000, 0x0000000100000000)
  eden space 25600K, 0% used [0x00000000eab00000,0x00000000eab00000,0x00000000ec400000)
  from space 4096K, 99% used [0x00000000ec400000,0x00000000ec7fc2f0,0x00000000ec800000)
  to   space 4096K, 0% used [0x00000000ec800000,0x00000000ec800000,0x00000000ecc00000)
 ParOldGen       total 68608K, used 3268K [0x00000000c0000000, 0x00000000c4300000, 0x00000000eab00000)
  object space 68608K, 4% used [0x00000000c0000000,0x00000000c03311e8,0x00000000c4300000)
 Metaspace       used 13561K, capacity 14545K, committed 14720K, reserved 1062912K
  class space    used 1326K, capacity 1628K, committed 1664K, reserved 1048576K
}
Event: 3.709 GC heap before
{Heap before GC invocations=4 (full 0):
 PSYoungGen      total 29696K, used 29680K [0x00000000eab00000, 0x00000000ecc00000, 0x0000000100000000)
  eden space 25600K, 100% used [0x00000000eab00000,0x00000000ec400000,0x00000000ec400000)
  from space 4096K, 99% used [0x00000000ec400000,0x00000000ec7fc2f0,0x00000000ec800000)
  to   space 4096K, 0% used [0x00000000ec800000,0x00000000ec800000,0x00000000ecc00000)
 ParOldGen       total 68608K, used 3268K [0x00000000c0000000, 0x00000000c4300000, 0x00000000eab00000)
  object space 68608K, 4% used [0x00000000c0000000,0x00000000c03311e8,0x00000000c4300000)
 Metaspace       used 17593K, capacity 18722K, committed 18944K, reserved 1067008K
  class space    used 1628K, capacity 2039K, committed 2048K, reserved 1048576K
}
Event: 3.717 GC heap after
{Heap after GC invocations=4 (full 0):
 PSYoungGen      total 29696K, used 4064K [0x00000000eab00000, 0x00000000ecc00000, 0x0000000100000000)
  eden space 25600K, 0% used [0x00000000eab00000,0x00000000eab00000,0x00000000ec400000)
  from space 4096K, 99% used [0x00000000ec800000,0x00000000ecbf8280,0x00000000ecc00000)
  to   space 4096K, 0% used [0x00000000ec400000,0x00000000ec400000,0x00000000ec800000)
 ParOldGen       total 68608K, used 4468K [0x00000000c0000000, 0x00000000c4300000, 0x00000000eab00000)
  object space 68608K, 6% used [0x00000000c0000000,0x00000000c045d160,0x00000000c4300000)
 Metaspace       used 17593K, capacity 18722K, committed 18944K, reserved 1067008K
  class space    used 1628K, capacity 2039K, committed 2048K, reserved 1048576K
}
Event: 3.955 GC heap before
{Heap before GC invocations=5 (full 0):
 PSYoungGen      total 29696K, used 18109K [0x00000000eab00000, 0x00000000ecc00000, 0x0000000100000000)
  eden space 25600K, 54% used [0x00000000eab00000,0x00000000eb8b7290,0x00000000ec400000)
  from space 4096K, 99% used [0x00000000ec800000,0x00000000ecbf8280,0x00000000ecc00000)
  to   space 4096K, 0% used [0x00000000ec400000,0x00000000ec400000,0x00000000ec800000)
 ParOldGen       total 68608K, used 4468K [0x00000000c0000000, 0x00000000c4300000, 0x00000000eab00000)
  object space 68608K, 6% used [0x00000000c0000000,0x00000000c045d160,0x00000000c4300000)
 Metaspace       used 20039K, capacity 21162K, committed 21248K, reserved 1069056K
  class space    used 1839K, capacity 2235K, committed 2304K, reserved 1048576K
}
Event: 3.959 GC heap after
{Heap after GC invocations=5 (full 0):
 PSYoungGen      total 29696K, used 4071K [0x00000000eab00000, 0x00000000ece00000, 0x0000000100000000)
  eden space 25600K, 0% used [0x00000000eab00000,0x00000000eab00000,0x00000000ec400000)
  from space 4096K, 99% used [0x00000000ec400000,0x00000000ec7f9d68,0x00000000ec800000)
  to   space 5120K, 0% used [0x00000000ec900000,0x00000000ec900000,0x00000000ece00000)
 ParOldGen       total 68608K, used 4915K [0x00000000c0000000, 0x00000000c4300000, 0x00000000eab00000)
  object space 68608K, 7% used [0x00000000c0000000,0x00000000c04ccd10,0x00000000c4300000)
 Metaspace       used 20039K, capacity 21162K, committed 21248K, reserved 1069056K
  class space    used 1839K, capacity 2235K, committed 2304K, reserved 1048576K
}
Event: 3.959 GC heap before
{Heap before GC invocations=6 (full 1):
 PSYoungGen      total 29696K, used 4071K [0x00000000eab00000, 0x00000000ece00000, 0x0000000100000000)
  eden space 25600K, 0% used [0x00000000eab00000,0x00000000eab00000,0x00000000ec400000)
  from space 4096K, 99% used [0x00000000ec400000,0x00000000ec7f9d68,0x00000000ec800000)
  to   space 5120K, 0% used [0x00000000ec900000,0x00000000ec900000,0x00000000ece00000)
 ParOldGen       total 68608K, used 4915K [0x00000000c0000000, 0x00000000c4300000, 0x00000000eab00000)
  object space 68608K, 7% used [0x00000000c0000000,0x00000000c04ccd10,0x00000000c4300000)
 Metaspace       used 20039K, capacity 21162K, committed 21248K, reserved 1069056K
  class space    used 1839K, capacity 2235K, committed 2304K, reserved 1048576K
}
Event: 3.989 GC heap after
{Heap after GC invocations=6 (full 1):
 PSYoungGen      total 29696K, used 0K [0x00000000eab00000, 0x00000000ece00000, 0x0000000100000000)
  eden space 25600K, 0% used [0x00000000eab00000,0x00000000eab00000,0x00000000ec400000)
  from space 4096K, 0% used [0x00000000ec400000,0x00000000ec400000,0x00000000ec800000)
  to   space 5120K, 0% used [0x00000000ec900000,0x00000000ec900000,0x00000000ece00000)
 ParOldGen       total 68608K, used 8670K [0x00000000c0000000, 0x00000000c4300000, 0x00000000eab00000)
  object space 68608K, 12% used [0x00000000c0000000,0x00000000c0877918,0x00000000c4300000)
 Metaspace       used 20039K, capacity 21162K, committed 21248K, reserved 1069056K
  class space    used 1839K, capacity 2235K, committed 2304K, reserved 1048576K
}
Event: 4.757 GC heap before
{Heap before GC invocations=7 (full 1):
 PSYoungGen      total 29696K, used 25600K [0x00000000eab00000, 0x00000000ece00000, 0x0000000100000000)
  eden space 25600K, 100% used [0x00000000eab00000,0x00000000ec400000,0x00000000ec400000)
  from space 4096K, 0% used [0x00000000ec400000,0x00000000ec400000,0x00000000ec800000)
  to   space 5120K, 0% used [0x00000000ec900000,0x00000000ec900000,0x00000000ece00000)
 ParOldGen       total 68608K, used 8670K [0x00000000c0000000, 0x00000000c4300000, 0x00000000eab00000)
  object space 68608K, 12% used [0x00000000c0000000,0x00000000c0877918,0x00000000c4300000)
 Metaspace       used 22949K, capacity 24201K, committed 24448K, reserved 1071104K
  class space    used 2107K, capacity 2569K, committed 2688K, reserved 1048576K
}
Event: 4.760 GC heap after
{Heap after GC invocations=7 (full 1):
 PSYoungGen      total 28160K, used 2749K [0x00000000eab00000, 0x00000000ecc00000, 0x0000000100000000)
  eden space 25088K, 0% used [0x00000000eab00000,0x00000000eab00000,0x00000000ec380000)
  from space 3072K, 89% used [0x00000000ec900000,0x00000000ecbaf780,0x00000000ecc00000)
  to   space 3584K, 0% used [0x00000000ec500000,0x00000000ec500000,0x00000000ec880000)
 ParOldGen       total 68608K, used 8678K [0x00000000c0000000, 0x00000000c4300000, 0x00000000eab00000)
  object space 68608K, 12% used [0x00000000c0000000,0x00000000c0879918,0x00000000c4300000)
 Metaspace       used 22949K, capacity 24201K, committed 24448K, reserved 1071104K
  class space    used 2107K, capacity 2569K, committed 2688K, reserved 1048576K
}
Event: 5.590 GC heap before
{Heap before GC invocations=8 (full 1):
 PSYoungGen      total 28160K, used 27837K [0x00000000eab00000, 0x00000000ecc00000, 0x0000000100000000)
  eden space 25088K, 100% used [0x00000000eab00000,0x00000000ec380000,0x00000000ec380000)
  from space 3072K, 89% used [0x00000000ec900000,0x00000000ecbaf780,0x00000000ecc00000)
  to   space 3584K, 0% used [0x00000000ec500000,0x00000000ec500000,0x00000000ec880000)
 ParOldGen       total 68608K, used 8678K [0x00000000c0000000, 0x00000000c4300000, 0x00000000eab00000)
  object space 68608K, 12% used [0x00000000c0000000,0x00000000c0879918,0x00000000c4300000)
 Metaspace       used 27068K, capacity 28928K, committed 29184K, reserved 1075200K
  class space    used 2639K, capacity 3294K, committed 3328K, reserved 1048576K
}
Event: 5.594 GC heap after
{Heap after GC invocations=8 (full 1):
 PSYoungGen      total 28160K, used 3555K [0x00000000eab00000, 0x00000000ecd00000, 0x0000000100000000)
  eden space 24576K, 0% used [0x00000000eab00000,0x00000000eab00000,0x00000000ec300000)
  from space 3584K, 99% used [0x00000000ec500000,0x00000000ec878e98,0x00000000ec880000)
  to   space 4608K, 0% used [0x00000000ec880000,0x00000000ec880000,0x00000000ecd00000)
 ParOldGen       total 68608K, used 9454K [0x00000000c0000000, 0x00000000c4300000, 0x00000000eab00000)
  object space 68608K, 13% used [0x00000000c0000000,0x00000000c093b968,0x00000000c4300000)
 Metaspace       used 27068K, capacity 28928K, committed 29184K, reserved 1075200K
  class space    used 2639K, capacity 3294K, committed 3328K, reserved 1048576K
}
Event: 6.146 GC heap before
{Heap before GC invocations=9 (full 1):
 PSYoungGen      total 28160K, used 28131K [0x00000000eab00000, 0x00000000ecd00000, 0x0000000100000000)
  eden space 24576K, 100% used [0x00000000eab00000,0x00000000ec300000,0x00000000ec300000)
  from space 3584K, 99% used [0x00000000ec500000,0x00000000ec878e98,0x00000000ec880000)
  to   space 4608K, 0% used [0x00000000ec880000,0x00000000ec880000,0x00000000ecd00000)
 ParOldGen       total 68608K, used 9454K [0x00000000c0000000, 0x00000000c4300000, 0x00000000eab00000)
  object space 68608K, 13% used [0x00000000c0000000,0x00000000c093b968,0x00000000c4300000)
 Metaspace       used 30795K, capacity 32957K, committed 33152K, reserved 1079296K
  class space    used 3115K, capacity 3871K, committed 3968K, reserved 1048576K
}
Event: 6.152 GC heap after
{Heap after GC invocations=9 (full 1):
 PSYoungGen      total 28672K, used 4579K [0x00000000eab00000, 0x00000000ece80000, 0x0000000100000000)
  eden space 24064K, 0% used [0x00000000eab00000,0x00000000eab00000,0x00000000ec280000)
  from space 4608K, 99% used [0x00000000ec880000,0x00000000eccf8c78,0x00000000ecd00000)
  to   space 6144K, 0% used [0x00000000ec280000,0x00000000ec280000,0x00000000ec880000)
 ParOldGen       total 68608K, used 10380K [0x00000000c0000000, 0x00000000c4300000, 0x00000000eab00000)
  object space 68608K, 15% used [0x00000000c0000000,0x00000000c0a23018,0x00000000c4300000)
 Metaspace       used 30795K, capacity 32957K, committed 33152K, reserved 1079296K
  class space    used 3115K, capacity 3871K, committed 3968K, reserved 1048576K
}
Event: 6.769 GC heap before
{Heap before GC invocations=10 (full 1):
 PSYoungGen      total 28672K, used 21147K [0x00000000eab00000, 0x00000000ece80000, 0x0000000100000000)
  eden space 24064K, 68% used [0x00000000eab00000,0x00000000ebb2e198,0x00000000ec280000)
  from space 4608K, 99% used [0x00000000ec880000,0x00000000eccf8c78,0x00000000ecd00000)
  to   space 6144K, 0% used [0x00000000ec280000,0x00000000ec280000,0x00000000ec880000)
 ParOldGen       total 68608K, used 10380K [0x00000000c0000000, 0x00000000c4300000, 0x00000000eab00000)
  object space 68608K, 15% used [0x00000000c0000000,0x00000000c0a23018,0x00000000c4300000)
 Metaspace       used 33249K, capacity 35347K, committed 35416K, reserved 1081344K
  class space    used 3428K, capacity 4196K, committed 4224K, reserved 1048576K
}
Event: 6.773 GC heap after
{Heap after GC invocations=10 (full 1):
 PSYoungGen      total 27648K, used 3252K [0x00000000eab00000, 0x00000000eca80000, 0x0000000100000000)
  eden space 24064K, 0% used [0x00000000eab00000,0x00000000eab00000,0x00000000ec280000)
  from space 3584K, 90% used [0x00000000ec280000,0x00000000ec5ad158,0x00000000ec600000)
  to   space 4096K, 0% used [0x00000000ec680000,0x00000000ec680000,0x00000000eca80000)
 ParOldGen       total 68608K, used 12144K [0x00000000c0000000, 0x00000000c4300000, 0x00000000eab00000)
  object space 68608K, 17% used [0x00000000c0000000,0x00000000c0bdc260,0x00000000c4300000)
 Metaspace       used 33249K, capacity 35347K, committed 35416K, reserved 1081344K
  class space    used 3428K, capacity 4196K, committed 4224K, reserved 1048576K
}
Event: 6.773 GC heap before
{Heap before GC invocations=11 (full 2):
 PSYoungGen      total 27648K, used 3252K [0x00000000eab00000, 0x00000000eca80000, 0x0000000100000000)
  eden space 24064K, 0% used [0x00000000eab00000,0x00000000eab00000,0x00000000ec280000)
  from space 3584K, 90% used [0x00000000ec280000,0x00000000ec5ad158,0x00000000ec600000)
  to   space 4096K, 0% used [0x00000000ec680000,0x00000000ec680000,0x00000000eca80000)
 ParOldGen       total 68608K, used 12144K [0x00000000c0000000, 0x00000000c4300000, 0x00000000eab00000)
  object space 68608K, 17% used [0x00000000c0000000,0x00000000c0bdc260,0x00000000c4300000)
 Metaspace       used 33249K, capacity 35347K, committed 35416K, reserved 1081344K
  class space    used 3428K, capacity 4196K, committed 4224K, reserved 1048576K
}
Event: 6.810 GC heap after
{Heap after GC invocations=11 (full 2):
 PSYoungGen      total 27648K, used 0K [0x00000000eab00000, 0x00000000eca80000, 0x0000000100000000)
  eden space 24064K, 0% used [0x00000000eab00000,0x00000000eab00000,0x00000000ec280000)
  from space 3584K, 0% used [0x00000000ec280000,0x00000000ec280000,0x00000000ec600000)
  to   space 4096K, 0% used [0x00000000ec680000,0x00000000ec680000,0x00000000eca80000)
 ParOldGen       total 68608K, used 14892K [0x00000000c0000000, 0x00000000c4300000, 0x00000000eab00000)
  object space 68608K, 21% used [0x00000000c0000000,0x00000000c0e8b240,0x00000000c4300000)
 Metaspace       used 33249K, capacity 35347K, committed 35416K, reserved 1081344K
  class space    used 3428K, capacity 4196K, committed 4224K, reserved 1048576K
}
Event: 7.280 GC heap before
{Heap before GC invocations=12 (full 2):
 PSYoungGen      total 27648K, used 24055K [0x00000000eab00000, 0x00000000eca80000, 0x0000000100000000)
  eden space 24064K, 99% used [0x00000000eab00000,0x00000000ec27ddf8,0x00000000ec280000)
  from space 3584K, 0% used [0x00000000ec280000,0x00000000ec280000,0x00000000ec600000)
  to   space 4096K, 0% used [0x00000000ec680000,0x00000000ec680000,0x00000000eca80000)
 ParOldGen       total 68608K, used 14892K [0x00000000c0000000, 0x00000000c4300000, 0x00000000eab00000)
  object space 68608K, 21% used [0x00000000c0000000,0x00000000c0e8b240,0x00000000c4300000)
 Metaspace       used 35696K, capacity 37879K, committed 38104K, reserved 1083392K
  class space    used 3753K, capacity 4529K, committed 4608K, reserved 1048576K
}
Event: 7.283 GC heap after
{Heap after GC invocations=12 (full 2):
 PSYoungGen      total 24576K, used 864K [0x00000000eab00000, 0x00000000ec780000, 0x0000000100000000)
  eden space 23552K, 0% used [0x00000000eab00000,0x00000000eab00000,0x00000000ec200000)
  from space 1024K, 84% used [0x00000000ec680000,0x00000000ec758000,0x00000000ec780000)
  to   space 2048K, 0% used [0x00000000ec380000,0x00000000ec380000,0x00000000ec580000)
 ParOldGen       total 68608K, used 14900K [0x00000000c0000000, 0x00000000c4300000, 0x00000000eab00000)
  object space 68608K, 21% used [0x00000000c0000000,0x00000000c0e8d240,0x00000000c4300000)
 Metaspace       used 35696K, capacity 37879K, committed 38104K, reserved 1083392K
  class space    used 3753K, capacity 4529K, committed 4608K, reserved 1048576K
}

Deoptimization events (20 events):
Event: 7.036 Thread 0x000002ceddf17fa0 DEOPT PACKING pc=0x000002cec9e3918e sp=0x000000dc4b5fe300
Event: 7.036 Thread 0x000002ceddf17fa0 DEOPT UNPACKING pc=0x000002cec91ee23f sp=0x000000dc4b5fd758 mode 0
Event: 7.040 Thread 0x000002ceddf17fa0 DEOPT PACKING pc=0x000002cec9e3918e sp=0x000000dc4b5fe180
Event: 7.040 Thread 0x000002ceddf17fa0 DEOPT UNPACKING pc=0x000002cec91ee23f sp=0x000000dc4b5fd5d8 mode 0
Event: 7.048 Thread 0x000002ceddf17fa0 DEOPT PACKING pc=0x000002cec9e3918e sp=0x000000dc4b5fe300
Event: 7.048 Thread 0x000002ceddf17fa0 DEOPT UNPACKING pc=0x000002cec91ee23f sp=0x000000dc4b5fd758 mode 0
Event: 7.053 Thread 0x000002ceddf17fa0 DEOPT PACKING pc=0x000002cec9e3918e sp=0x000000dc4b5fe180
Event: 7.053 Thread 0x000002ceddf17fa0 DEOPT UNPACKING pc=0x000002cec91ee23f sp=0x000000dc4b5fd5d8 mode 0
Event: 7.059 Thread 0x000002ceddf17fa0 DEOPT PACKING pc=0x000002cec9e3918e sp=0x000000dc4b5fe180
Event: 7.059 Thread 0x000002ceddf17fa0 DEOPT UNPACKING pc=0x000002cec91ee23f sp=0x000000dc4b5fd5d8 mode 0
Event: 7.072 Thread 0x000002ceddf17fa0 DEOPT PACKING pc=0x000002cec9e3918e sp=0x000000dc4b5fe2a0
Event: 7.072 Thread 0x000002ceddf17fa0 DEOPT UNPACKING pc=0x000002cec91ee23f sp=0x000000dc4b5fd6f8 mode 0
Event: 7.075 Thread 0x000002ceddf17fa0 DEOPT PACKING pc=0x000002cec9e3918e sp=0x000000dc4b5fe180
Event: 7.075 Thread 0x000002ceddf17fa0 DEOPT UNPACKING pc=0x000002cec91ee23f sp=0x000000dc4b5fd5d8 mode 0
Event: 7.082 Thread 0x000002ceddf17fa0 DEOPT PACKING pc=0x000002cec9e3918e sp=0x000000dc4b5fe180
Event: 7.082 Thread 0x000002ceddf17fa0 DEOPT UNPACKING pc=0x000002cec91ee23f sp=0x000000dc4b5fd5d8 mode 0
Event: 7.089 Thread 0x000002ceddf17fa0 Uncommon trap: trap_request=0xffffffc6 fr.pc=0x000002ced0ddde44 relative=0x0000000000000924
Event: 7.089 Thread 0x000002ceddf17fa0 Uncommon trap: reason=bimorphic_or_optimized_type_check action=maybe_recompile pc=0x000002ced0ddde44 method=java.util.HashMap.putVal(ILjava/lang/Object;Ljava/lang/Object;ZZ)Ljava/lang/Object; @ 203 c2
Event: 7.089 Thread 0x000002ceddf17fa0 DEOPT PACKING pc=0x000002ced0ddde44 sp=0x000000dc4b5fe690
Event: 7.089 Thread 0x000002ceddf17fa0 DEOPT UNPACKING pc=0x000002cec91ee42f sp=0x000000dc4b5fe600 mode 2

Classes unloaded (0 events):
No events

Classes redefined (0 events):
No events

Internal exceptions (20 events):
Event: 3.057 Thread 0x000002cedd4c9720 Exception <a 'java/lang/NoSuchMethodError'{0x00000000ebdb5918}: 'void java.lang.invoke.DirectMethodHandle$Holder.invokeInterface(java.lang.Object, java.lang.Object, java.lang.Object)'> (0x00000000ebdb5918) 
thrown [./open/src/hotspot/share/interpreter/linkResolver.cpp, line 782]
Event: 3.200 Thread 0x000002cedd4c9720 Exception <a 'java/io/FileNotFoundException'{0x00000000ec233418}> (0x00000000ec233418) 
thrown [./open/src/hotspot/share/prims/jni.cpp, line 578]
Event: 3.411 Thread 0x000002cedd4c9720 Exception <a 'java/lang/NoSuchMethodError'{0x00000000eafe20a0}: 'int java.lang.invoke.DirectMethodHandle$Holder.invokeStaticInit(java.lang.Object, java.lang.Object, java.lang.Object)'> (0x00000000eafe20a0) 
thrown [./open/src/hotspot/share/interpreter/linkResolver.cpp, line 782]
Event: 3.422 Thread 0x000002cedd4c9720 Exception <a 'java/lang/IncompatibleClassChangeError'{0x00000000eb053100}: Found class java.lang.Object, but interface was expected> (0x00000000eb053100) 
thrown [./open/src/hotspot/share/interpreter/linkResolver.cpp, line 848]
Event: 4.150 Thread 0x000002cedd4c9720 Exception <a 'java/lang/ClassNotFoundException'{0x00000000eb60e430}: com/sun/org/apache/xerces/internal/impl/msg/spi/DOMMessagesProvider> (0x00000000eb60e430) 
thrown [./open/src/hotspot/share/classfile/systemDictionary.cpp, line 295]
Event: 4.154 Thread 0x000002cedd4c9720 Exception <a 'java/lang/ClassNotFoundException'{0x00000000eb626138}: com/sun/org/apache/xerces/internal/impl/msg/spi/XMLSerializerMessagesProvider> (0x00000000eb626138) 
thrown [./open/src/hotspot/share/classfile/systemDictionary.cpp, line 295]
Event: 4.156 Thread 0x000002cedd4c9720 Exception <a 'java/lang/ClassNotFoundException'{0x00000000eb631670}: com/sun/org/apache/xerces/internal/impl/msg/spi/XMLMessagesProvider> (0x00000000eb631670) 
thrown [./open/src/hotspot/share/classfile/systemDictionary.cpp, line 295]
Event: 4.375 Thread 0x000002cedd4c9720 Exception <a 'sun/nio/fs/WindowsException'{0x00000000eba78680}> (0x00000000eba78680) 
thrown [./open/src/hotspot/share/prims/jni.cpp, line 578]
Event: 4.509 Thread 0x000002cedd4c9720 Exception <a 'java/lang/ClassNotFoundException'{0x00000000ebda7e68}: com/sun/org/apache/xml/internal/serializer/spi/XMLEntitiesProvider> (0x00000000ebda7e68) 
thrown [./open/src/hotspot/share/classfile/systemDictionary.cpp, line 295]
Event: 4.971 Thread 0x000002cedd4c9720 Exception <a 'java/lang/NoSuchMethodError'{0x00000000eb24fc90}: 'void java.lang.invoke.DirectMethodHandle$Holder.invokeSpecial(java.lang.Object, java.lang.Object, java.lang.Object, int)'> (0x00000000eb24fc90) 
thrown [./open/src/hotspot/share/interpreter/linkResolver.cpp, line 782]
Event: 5.071 Thread 0x000002cedd4c9720 Exception <a 'java/lang/NoSuchMethodError'{0x00000000eb529b90}: static Lorg/eclipse/m2e/core/internal/lifecyclemapping/model/PluginExecutionMetadata;.<clinit>()V> (0x00000000eb529b90) 
thrown [./open/src/hotspot/share/prims/jni.cpp, line 1204]
Event: 5.078 Thread 0x000002cedd4c9720 Exception <a 'java/lang/NoSuchMethodError'{0x00000000eb56ea90}: static Lorg/eclipse/m2e/core/internal/lifecyclemapping/model/PluginExecutionFilter;.<clinit>()V> (0x00000000eb56ea90) 
thrown [./open/src/hotspot/share/prims/jni.cpp, line 1204]
Event: 5.188 Thread 0x000002cedd4c9720 Exception <a 'java/io/FileNotFoundException'{0x00000000eb9da820}> (0x00000000eb9da820) 
thrown [./open/src/hotspot/share/prims/jni.cpp, line 578]
Event: 5.210 Thread 0x000002cedd4c9720 Exception <a 'java/io/FileNotFoundException'{0x00000000eba45fe0}> (0x00000000eba45fe0) 
thrown [./open/src/hotspot/share/prims/jni.cpp, line 578]
Event: 5.223 Thread 0x000002cedd4c9720 Exception <a 'java/io/FileNotFoundException'{0x00000000ebaab188}> (0x00000000ebaab188) 
thrown [./open/src/hotspot/share/prims/jni.cpp, line 578]
Event: 5.495 Thread 0x000002cedd4c9720 Implicit null exception at 0x000002ced0d600c7 to 0x000002ced0d60d34
Event: 5.792 Thread 0x000002cec0f67ee0 Exception <a 'java/lang/NoSuchMethodError'{0x00000000eb3b5a30}: 'java.lang.Object java.lang.invoke.DirectMethodHandle$Holder.newInvokeSpecial(java.lang.Object, java.lang.Object, java.lang.Object, java.lang.Object, java.lang.Object)'> (0x00000000eb3b5a30) 
thrown [./open/src/hotspot/share/interpreter/linkResolver.cpp, line 782]
Event: 5.987 Thread 0x000002ceddf17fa0 Exception <a 'java/lang/NoSuchMethodError'{0x00000000ebb76828}: 'org.slf4j.impl.StaticMDCBinder org.slf4j.impl.StaticMDCBinder.getSingleton()'> (0x00000000ebb76828) 
thrown [./open/src/hotspot/share/interpreter/linkResolver.cpp, line 782]
Event: 6.002 Thread 0x000002ceddf16790 Exception <a 'java/io/FileNotFoundException'{0x00000000ebc40bf8}> (0x00000000ebc40bf8) 
thrown [./open/src/hotspot/share/prims/jni.cpp, line 578]
Event: 6.129 Thread 0x000002ceddf16790 Exception <a 'java/lang/NoSuchMethodError'{0x00000000ec1f08d8}: 'void java.lang.invoke.DirectMethodHandle$Holder.invokeStatic(java.lang.Object, java.lang.Object, java.lang.Object, java.lang.Object, java.lang.Object, java.lang.Object)'> (0x00000000ec1f08d8) 
thrown [./open/src/hotspot/share/interpreter/linkResolver.cpp, line 782]

Events (20 events):
Event: 6.817 loading class jdk/internal/access/foreign/MemorySegmentProxy
Event: 6.817 loading class jdk/internal/access/foreign/MemorySegmentProxy done
Event: 7.125 Executing VM operation: HandshakeAllThreads
Event: 7.126 Executing VM operation: HandshakeAllThreads done
Event: 7.194 loading class java/util/concurrent/CompletionService
Event: 7.194 loading class java/util/concurrent/CompletionService done
Event: 7.280 Executing VM operation: ParallelGCFailedAllocation
Event: 7.287 Executing VM operation: ParallelGCFailedAllocation done
Event: 7.374 loading class sun/reflect/generics/scope/ConstructorScope
Event: 7.374 loading class sun/reflect/generics/scope/ConstructorScope done
Event: 7.374 loading class sun/reflect/generics/tree/VoidDescriptor
Event: 7.375 loading class sun/reflect/generics/tree/VoidDescriptor done
Event: 7.423 loading class javax/net/ssl/SSLSocketFactory
Event: 7.423 loading class javax/net/SocketFactory
Event: 7.424 loading class javax/net/SocketFactory done
Event: 7.424 loading class javax/net/ssl/SSLSocketFactory done
Event: 7.520 Executing VM operation: HandshakeAllThreads
Event: 7.520 Executing VM operation: HandshakeAllThreads done
Event: 7.525 Executing VM operation: HandshakeAllThreads
Event: 7.525 Executing VM operation: HandshakeAllThreads done


Dynamic libraries:
0x00007ff641cf0000 - 0x00007ff641cff000 	C:\Program Files\Java\jdk-15.0.1\bin\java.exe
0x00007ffdc4830000 - 0x00007ffdc4a25000 	C:\WINDOWS\SYSTEM32\ntdll.dll
0x00007ffdc4590000 - 0x00007ffdc464d000 	C:\WINDOWS\System32\KERNEL32.DLL
0x00007ffdc2180000 - 0x00007ffdc2449000 	C:\WINDOWS\System32\KERNELBASE.dll
0x00007ffdc2530000 - 0x00007ffdc2630000 	C:\WINDOWS\System32\ucrtbase.dll
0x00007ffdb5070000 - 0x00007ffdb5088000 	C:\Program Files\Java\jdk-15.0.1\bin\jli.dll
0x00007ffdc3430000 - 0x00007ffdc34dc000 	C:\WINDOWS\System32\ADVAPI32.dll
0x00007ffdc3710000 - 0x00007ffdc37ae000 	C:\WINDOWS\System32\msvcrt.dll
0x00007ffdc2f40000 - 0x00007ffdc2fdb000 	C:\WINDOWS\System32\sechost.dll
0x00007ffdc35e0000 - 0x00007ffdc370a000 	C:\WINDOWS\System32\RPCRT4.dll
0x00007ffdb4d90000 - 0x00007ffdb4da9000 	C:\Program Files\Java\jdk-15.0.1\bin\VCRUNTIME140.dll
0x00007ffdc4650000 - 0x00007ffdc47f0000 	C:\WINDOWS\System32\USER32.dll
0x00007ffdc2500000 - 0x00007ffdc2522000 	C:\WINDOWS\System32\win32u.dll
0x00007ffdc37b0000 - 0x00007ffdc37da000 	C:\WINDOWS\System32\GDI32.dll
0x00007ffda4ec0000 - 0x00007ffda515a000 	C:\WINDOWS\WinSxS\amd64_microsoft.windows.common-controls_6595b64144ccf1df_6.0.19041.1110_none_60b5254171f9507e\COMCTL32.dll
0x00007ffdc26d0000 - 0x00007ffdc27db000 	C:\WINDOWS\System32\gdi32full.dll
0x00007ffdc2630000 - 0x00007ffdc26cd000 	C:\WINDOWS\System32\msvcp_win.dll
0x00007ffdb9520000 - 0x00007ffdb952a000 	C:\WINDOWS\SYSTEM32\VERSION.dll
0x00007ffdc2fe0000 - 0x00007ffdc3010000 	C:\WINDOWS\System32\IMM32.DLL
0x00007ffdbae50000 - 0x00007ffdbae5c000 	C:\Program Files\Java\jdk-15.0.1\bin\vcruntime140_1.dll
0x00007ffd84d90000 - 0x00007ffd84e21000 	C:\Program Files\Java\jdk-15.0.1\bin\msvcp140.dll
0x00007ffd73250000 - 0x00007ffd73dae000 	C:\Program Files\Java\jdk-15.0.1\bin\server\jvm.dll
0x00007ffdc3420000 - 0x00007ffdc3428000 	C:\WINDOWS\System32\PSAPI.DLL
0x00007ffdbd9e0000 - 0x00007ffdbd9e9000 	C:\WINDOWS\SYSTEM32\WSOCK32.dll
0x00007ffdc2e70000 - 0x00007ffdc2edb000 	C:\WINDOWS\System32\WS2_32.dll
0x00007ffdb7060000 - 0x00007ffdb7087000 	C:\WINDOWS\SYSTEM32\WINMM.dll
0x00007ffdc0840000 - 0x00007ffdc0852000 	C:\WINDOWS\SYSTEM32\kernel.appcore.dll
0x00007ffdbaa30000 - 0x00007ffdbaa3a000 	C:\Program Files\Java\jdk-15.0.1\bin\jimage.dll
0x00007ffdbfca0000 - 0x00007ffdbfe84000 	C:\WINDOWS\SYSTEM32\DBGHELP.DLL
0x00007ffdb94d0000 - 0x00007ffdb94fc000 	C:\WINDOWS\SYSTEM32\dbgcore.DLL
0x00007ffdc20f0000 - 0x00007ffdc2173000 	C:\WINDOWS\System32\bcryptPrimitives.dll
0x00007ffdb5060000 - 0x00007ffdb506e000 	C:\Program Files\Java\jdk-15.0.1\bin\instrument.dll
0x00007ffdb1bb0000 - 0x00007ffdb1bd5000 	C:\Program Files\Java\jdk-15.0.1\bin\java.dll
0x00007ffdc3d30000 - 0x00007ffdc446f000 	C:\WINDOWS\System32\SHELL32.dll
0x00007ffdbfe90000 - 0x00007ffdc0620000 	C:\WINDOWS\SYSTEM32\windows.storage.dll
0x00007ffdc38e0000 - 0x00007ffdc3c35000 	C:\WINDOWS\System32\combase.dll
0x00007ffdc1950000 - 0x00007ffdc197c000 	C:\WINDOWS\SYSTEM32\Wldp.dll
0x00007ffdc2890000 - 0x00007ffdc293e000 	C:\WINDOWS\System32\SHCORE.dll
0x00007ffdc3c40000 - 0x00007ffdc3c95000 	C:\WINDOWS\System32\shlwapi.dll
0x00007ffdc1ea0000 - 0x00007ffdc1ebf000 	C:\WINDOWS\SYSTEM32\profapi.dll
0x00007ffdb19b0000 - 0x00007ffdb19c8000 	C:\Program Files\Java\jdk-15.0.1\bin\zip.dll
0x00007ffdb4cd0000 - 0x00007ffdb4ce9000 	C:\Program Files\Java\jdk-15.0.1\bin\net.dll
0x00007ffdbbf80000 - 0x00007ffdbc088000 	C:\WINDOWS\SYSTEM32\WINHTTP.dll
0x00007ffdc16b0000 - 0x00007ffdc171a000 	C:\WINDOWS\system32\mswsock.dll
0x00007ffdb2a00000 - 0x00007ffdb2a12000 	C:\Program Files\Java\jdk-15.0.1\bin\nio.dll
0x00007ffdba7c0000 - 0x00007ffdba7d0000 	C:\Program Files\Java\jdk-15.0.1\bin\verify.dll
0x00007ffdc18b0000 - 0x00007ffdc18c8000 	C:\WINDOWS\SYSTEM32\CRYPTSP.dll
0x00007ffdc0fd0000 - 0x00007ffdc1004000 	C:\WINDOWS\system32\rsaenh.dll
0x00007ffdc20c0000 - 0x00007ffdc20e7000 	C:\WINDOWS\System32\bcrypt.dll
0x00007ffdc1e20000 - 0x00007ffdc1e4e000 	C:\WINDOWS\SYSTEM32\USERENV.dll
0x00007ffdc18a0000 - 0x00007ffdc18ac000 	C:\WINDOWS\SYSTEM32\CRYPTBASE.dll
0x00007ffdc13a0000 - 0x00007ffdc13db000 	C:\WINDOWS\SYSTEM32\IPHLPAPI.DLL
0x00007ffdc35d0000 - 0x00007ffdc35d8000 	C:\WINDOWS\System32\NSI.dll
0x00007ffdba740000 - 0x00007ffdba757000 	C:\WINDOWS\SYSTEM32\dhcpcsvc6.DLL
0x00007ffdbb160000 - 0x00007ffdbb17d000 	C:\WINDOWS\SYSTEM32\dhcpcsvc.DLL
0x00007ffdc13e0000 - 0x00007ffdc14ac000 	C:\WINDOWS\SYSTEM32\DNSAPI.dll
0x00007ffd8d750000 - 0x00007ffd8d78e000 	C:\Users\ADMIN\AppData\Roaming\Code\User\globalStorage\redhat.java\0.81.0\config_win\org.eclipse.equinox.launcher\org.eclipse.equinox.launcher.win32.win32.x86_64_1.2.300.v20210622-1446\eclipse_11503.dll
0x00007ffd9ff30000 - 0x00007ffd9ff41000 	C:\Users\ADMIN\AppData\Roaming\Code\User\globalStorage\redhat.java\0.81.0\config_win\org.eclipse.osgi\22\0\.cp\jWinHttp-1.0.0.dll
0x00007ffdc32f0000 - 0x00007ffdc341a000 	C:\WINDOWS\System32\ole32.dll

dbghelp: loaded successfully - version: 4.0.5 - missing functions: none
symbol engine: initialized successfully - sym options: 0x614 - pdb path: .;C:\Program Files\Java\jdk-15.0.1\bin;C:\WINDOWS\SYSTEM32;C:\WINDOWS\WinSxS\amd64_microsoft.windows.common-controls_6595b64144ccf1df_6.0.19041.1110_none_60b5254171f9507e;C:\Program Files\Java\jdk-15.0.1\bin\server;C:\Users\ADMIN\AppData\Roaming\Code\User\globalStorage\redhat.java\0.81.0\config_win\org.eclipse.equinox.launcher\org.eclipse.equinox.launcher.win32.win32.x86_64_1.2.300.v20210622-1446;C:\Users\ADMIN\AppData\Roaming\Code\User\globalStorage\redhat.java\0.81.0\config_win\org.eclipse.osgi\22\0\.cp

VM Arguments:
jvm_args: --add-modules=ALL-SYSTEM --add-opens=java.base/java.util=ALL-UNNAMED --add-opens=java.base/java.lang=ALL-UNNAMED -Declipse.application=org.eclipse.jdt.ls.core.id1 -Dosgi.bundles.defaultStartLevel=4 -Declipse.product=org.eclipse.jdt.ls.core.product -Dfile.encoding=utf8 -DwatchParentProcess=false -XX:+UseParallelGC -XX:GCTimeRatio=4 -XX:AdaptiveSizePolicyWeight=90 -Dsun.zip.disableMemoryMapping=true -Xmx1G -Xms100m -javaagent:c:\Users\ADMIN\.vscode\extensions\gabrielbb.vscode-lombok-1.0.1\server\lombok.jar 
java_command: c:\Users\ADMIN\.vscode\extensions\redhat.java-0.81.0\server\plugins\org.eclipse.equinox.launcher_1.6.200.v20210416-2027.jar -configuration c:\Users\ADMIN\AppData\Roaming\Code\User\globalStorage\redhat.java\0.81.0\config_win -data c:\Users\ADMIN\AppData\Roaming\Code\User\workspaceStorage\2096a02ef39fdbcbc7abb9b74ce8bc2e\redhat.java\jdt_ws
java_class_path (initial): c:\Users\ADMIN\.vscode\extensions\redhat.java-0.81.0\server\plugins\org.eclipse.equinox.launcher_1.6.200.v20210416-2027.jar
Launcher Type: SUN_STANDARD

[Global flags]
    uintx AdaptiveSizePolicyWeight                 = 90                                        {product} {command line}
     intx CICompilerCount                          = 4                                         {product} {ergonomic}
    uintx GCTimeRatio                              = 4                                         {product} {command line}
   size_t InitialHeapSize                          = 104857600                                 {product} {command line}
   size_t MaxHeapSize                              = 1073741824                                {product} {command line}
   size_t MaxNewSize                               = 357564416                                 {product} {ergonomic}
   size_t MinHeapDeltaBytes                        = 524288                                    {product} {ergonomic}
   size_t MinHeapSize                              = 104857600                                 {product} {command line}
   size_t NewSize                                  = 34603008                                  {product} {ergonomic}
    uintx NonNMethodCodeHeapSize                   = 5839372                                {pd product} {ergonomic}
    uintx NonProfiledCodeHeapSize                  = 122909434                              {pd product} {ergonomic}
   size_t OldSize                                  = 70254592                                  {product} {ergonomic}
    uintx ProfiledCodeHeapSize                     = 122909434                              {pd product} {ergonomic}
    uintx ReservedCodeCacheSize                    = 251658240                              {pd product} {ergonomic}
     bool SegmentedCodeCache                       = true                                      {product} {ergonomic}
   size_t SoftMaxHeapSize                          = 1073741824                             {manageable} {ergonomic}
     bool UseCompressedClassPointers               = true                                 {lp64_product} {ergonomic}
     bool UseCompressedOops                        = true                                 {lp64_product} {ergonomic}
     bool UseLargePagesIndividualAllocation        = false                                  {pd product} {ergonomic}
     bool UseParallelGC                            = true                                      {product} {command line}

Logging:
Log output configuration:
 #0: stdout all=warning uptime,level,tags
 #1: stderr all=off uptime,level,tags

Environment Variables:
JAVA_HOME=C:\Program Files\Java\jdk-15.0.1
CLASSPATH=.;.;.;%CLASSPATH%;%JUNIT_HOME%\junit-4.jar;D:\junit-4.jar\junit-4.jar;D:\junit-4.jar\junit-4.jar
PATH=C:\Program Files\Java\jdk-15.0.1\bin;C:\Program Files\Common Files\Oracle\Java\javapath;C:\Program Files\Python38\Scripts\;C:\Program Files\Python38\;C:\WINDOWS\system32;C:\WINDOWS;C:\WINDOWS\System32\Wbem;C:\WINDOWS\System32\WindowsPowerShell\v1.0\;C:\WINDOWS\System32\OpenSSH\;C:\Program Files\Intel\WiFi\bin\;C:\Program Files\Common Files\Intel\WirelessCommon\;C:\Program Files\Microsoft SQL Server\Client SDK\ODBC\170\Tools\Binn\;C:\Program Files (x86)\Microsoft SQL Server\150\Tools\Binn\;C:\Program Files\Microsoft SQL Server\150\Tools\Binn\;C:\Program Files\Microsoft SQL Server\150\DTS\Binn\;C:\Program Files (x86)\Microsoft SQL Server\150\DTS\Binn\;C:\Program Files\Azure Data Studio\bin;C:\Program Files\nodejs\;C:\Program Files\Git\cmd;C:\Users\ADMIN\AppData\Local\Programs\Python\Python39\Scripts\;C:\Users\ADMIN\AppData\Local\Programs\Python\Python39\;C:\Users\ADMIN\AppData\Local\Microsoft\WindowsApps;C:\Program Files\JetBrains\IntelliJ IDEA Community Edition 2020.1.1\bin;;C:\Program Files\Azure Data Studio\bin;C:\Users\ADMIN\AppData\Local\Programs\Microsoft VS Code\bin;C:\Users\ADMIN\AppData\Roaming\npm;
USERNAME=AHop
OS=Windows_NT
PROCESSOR_IDENTIFIER=AMD64 Family 23 Model 17 Stepping 0, AuthenticAMD



---------------  S Y S T E M  ---------------

OS:
 Windows 10 , 64 bit Build 19041 (10.0.19041.1151)
OS uptime: 0 days 11:34 hours

CPU: total 8 (initial active 8) (8 cores per cpu, 2 threads per core) family 23 model 17 stepping 0 microcode 0x0, cmov, cx8, fxsr, mmx, sse, sse2, sse3, ssse3, sse4.1, sse4.2, popcnt, vzeroupper, avx, avx2, aes, clmul, 3dnowpref, lzcnt, sse4a, ht, tsc, tscinvbit, tscinv, bmi1, bmi2, adx, sha, fma, clflush, clflushopt

Memory: 4k page, system-wide physical 7116M (283M free)
TotalPageFile size 11212M (AvailPageFile size 6M)
current process WorkingSet (physical memory assigned to process): 201M, peak: 206M
current process commit charge ("private bytes"): 311M, peak: 315M

vm_info: Java HotSpot(TM) 64-Bit Server VM (15.0.1+9-18) for windows-amd64 JRE (15.0.1+9-18), built on Sep 15 2020 14:43:54 by "mach5one" with unknown MS VC++:1925

END.
